total lines 1000
[mole055:1007446:0:1007446] Caught signal 8 (Floating point exception: integer divide by zero)
==== backtrace (tid:1007446) ====
 0 0x000000000003e730 __GI___sigaction()  :0
 1 0x0000000000401708 main()  ???:0
 2 0x00000000000295d0 __libc_start_call_main()  ???:0
 3 0x0000000000029680 __libc_start_main_alias_2()  :0
 4 0x0000000000401175 _start()  ???:0
=================================
[mole055:1007446] *** Process received signal ***
[mole055:1007446] Signal: Floating point exception (8)
[mole055:1007446] Signal code:  (-6)
[mole055:1007446] Failing at address: 0x1447000f5f56
[mole055:1007446] [ 0] /lib64/libc.so.6(+0x3e730)[0x7f0790a3e730]
[mole055:1007446] [ 1] ./mpi/mpi-imp[0x401708]
[mole055:1007446] [ 2] /lib64/libc.so.6(+0x295d0)[0x7f0790a295d0]
[mole055:1007446] [ 3] /lib64/libc.so.6(__libc_start_main+0x80)[0x7f0790a29680]
[mole055:1007446] [ 4] ./mpi/mpi-imp[0x401175]
[mole055:1007446] *** End of error message ***
--------------------------------------------------------------------------
Primary job  terminated normally, but 1 process returned
a non-zero exit code. Per user-direction, the job has been aborted.
--------------------------------------------------------------------------
--------------------------------------------------------------------------
mpirun noticed that process rank 0 with PID 1007446 on node mole055 exited on signal 8 (Floating point exception).
--------------------------------------------------------------------------
total lines 1000
[mole055:1007488:0:1007488] Caught signal 8 (Floating point exception: integer divide by zero)
==== backtrace (tid:1007488) ====
 0 0x000000000003e730 __GI___sigaction()  :0
 1 0x0000000000401708 main()  ???:0
 2 0x00000000000295d0 __libc_start_call_main()  ???:0
 3 0x0000000000029680 __libc_start_main_alias_2()  :0
 4 0x0000000000401175 _start()  ???:0
=================================
[mole055:1007488] *** Process received signal ***
[mole055:1007488] Signal: Floating point exception (8)
[mole055:1007488] Signal code:  (-6)
[mole055:1007488] Failing at address: 0x1447000f5f80
[mole055:1007488] [ 0] /lib64/libc.so.6(+0x3e730)[0x7f0f7763e730]
[mole055:1007488] [ 1] ./mpi/mpi-imp[0x401708]
[mole055:1007488] [ 2] /lib64/libc.so.6(+0x295d0)[0x7f0f776295d0]
[mole055:1007488] [ 3] /lib64/libc.so.6(__libc_start_main+0x80)[0x7f0f77629680]
[mole055:1007488] [ 4] ./mpi/mpi-imp[0x401175]
[mole055:1007488] *** End of error message ***
--------------------------------------------------------------------------
Primary job  terminated normally, but 1 process returned
a non-zero exit code. Per user-direction, the job has been aborted.
--------------------------------------------------------------------------
--------------------------------------------------------------------------
mpirun noticed that process rank 0 with PID 1007488 on node mole055 exited on signal 8 (Floating point exception).
--------------------------------------------------------------------------
total lines 1000
[mole055:1007523:0:1007523] Caught signal 8 (Floating point exception: integer divide by zero)
==== backtrace (tid:1007523) ====
 0 0x000000000003e730 __GI___sigaction()  :0
 1 0x0000000000401708 main()  ???:0
 2 0x00000000000295d0 __libc_start_call_main()  ???:0
 3 0x0000000000029680 __libc_start_main_alias_2()  :0
 4 0x0000000000401175 _start()  ???:0
=================================
[mole055:1007523] *** Process received signal ***
[mole055:1007523] Signal: Floating point exception (8)
[mole055:1007523] Signal code:  (-6)
[mole055:1007523] Failing at address: 0x1447000f5fa3
[mole055:1007523] [ 0] /lib64/libc.so.6(+0x3e730)[0x7fee4023e730]
[mole055:1007523] [ 1] ./mpi/mpi-imp[0x401708]
[mole055:1007523] [ 2] /lib64/libc.so.6(+0x295d0)[0x7fee402295d0]
[mole055:1007523] [ 3] /lib64/libc.so.6(__libc_start_main+0x80)[0x7fee40229680]
[mole055:1007523] [ 4] ./mpi/mpi-imp[0x401175]
[mole055:1007523] *** End of error message ***
--------------------------------------------------------------------------
Primary job  terminated normally, but 1 process returned
a non-zero exit code. Per user-direction, the job has been aborted.
--------------------------------------------------------------------------
--------------------------------------------------------------------------
mpirun noticed that process rank 0 with PID 1007523 on node mole055 exited on signal 8 (Floating point exception).
--------------------------------------------------------------------------
total lines 1000
[mole055:1007552:0:1007552] Caught signal 8 (Floating point exception: integer divide by zero)
==== backtrace (tid:1007552) ====
 0 0x000000000003e730 __GI___sigaction()  :0
 1 0x0000000000401708 main()  ???:0
 2 0x00000000000295d0 __libc_start_call_main()  ???:0
 3 0x0000000000029680 __libc_start_main_alias_2()  :0
 4 0x0000000000401175 _start()  ???:0
=================================
[mole055:1007552] *** Process received signal ***
[mole055:1007552] Signal: Floating point exception (8)
[mole055:1007552] Signal code:  (-6)
[mole055:1007552] Failing at address: 0x1447000f5fc0
[mole055:1007552] [ 0] /lib64/libc.so.6(+0x3e730)[0x7f8f8323e730]
[mole055:1007552] [ 1] ./mpi/mpi-imp[0x401708]
[mole055:1007552] [ 2] /lib64/libc.so.6(+0x295d0)[0x7f8f832295d0]
[mole055:1007552] [ 3] /lib64/libc.so.6(__libc_start_main+0x80)[0x7f8f83229680]
[mole055:1007552] [ 4] ./mpi/mpi-imp[0x401175]
[mole055:1007552] *** End of error message ***
--------------------------------------------------------------------------
Primary job  terminated normally, but 1 process returned
a non-zero exit code. Per user-direction, the job has been aborted.
--------------------------------------------------------------------------
--------------------------------------------------------------------------
mpirun noticed that process rank 0 with PID 1007552 on node mole055 exited on signal 8 (Floating point exception).
--------------------------------------------------------------------------
total lines 1000
[mole055:1007579:0:1007579] Caught signal 8 (Floating point exception: integer divide by zero)
==== backtrace (tid:1007579) ====
 0 0x000000000003e730 __GI___sigaction()  :0
 1 0x0000000000401708 main()  ???:0
 2 0x00000000000295d0 __libc_start_call_main()  ???:0
 3 0x0000000000029680 __libc_start_main_alias_2()  :0
 4 0x0000000000401175 _start()  ???:0
=================================
[mole055:1007579] *** Process received signal ***
[mole055:1007579] Signal: Floating point exception (8)
[mole055:1007579] Signal code:  (-6)
[mole055:1007579] Failing at address: 0x1447000f5fdb
[mole055:1007579] [ 0] /lib64/libc.so.6(+0x3e730)[0x7fbbe343e730]
[mole055:1007579] [ 1] ./mpi/mpi-imp[0x401708]
[mole055:1007579] [ 2] /lib64/libc.so.6(+0x295d0)[0x7fbbe34295d0]
[mole055:1007579] [ 3] /lib64/libc.so.6(__libc_start_main+0x80)[0x7fbbe3429680]
[mole055:1007579] [ 4] ./mpi/mpi-imp[0x401175]
[mole055:1007579] *** End of error message ***
--------------------------------------------------------------------------
Primary job  terminated normally, but 1 process returned
a non-zero exit code. Per user-direction, the job has been aborted.
--------------------------------------------------------------------------
--------------------------------------------------------------------------
mpirun noticed that process rank 0 with PID 1007579 on node mole055 exited on signal 8 (Floating point exception).
--------------------------------------------------------------------------
