
The following have been reloaded with a version change:
  1) FFTW.MPI/3.3.10-gompi-2022a => FFTW.MPI/3.3.10-gompi-2023b
  2) FFTW/3.3.10-GCC-11.3.0 => FFTW/3.3.10-GCC-13.2.0
  3) FlexiBLAS/3.2.0-GCC-11.3.0 => FlexiBLAS/3.3.1-GCC-13.2.0
  4) GCC/11.3.0 => GCC/13.2.0
  5) GCCcore/11.3.0 => GCCcore/13.2.0
  6) OpenBLAS/0.3.20-GCC-11.3.0 => OpenBLAS/0.3.24-GCC-13.2.0
  7) OpenMPI/4.1.4-GCC-11.3.0 => OpenMPI/4.1.6-GCC-13.2.0
  8) PMIx/4.1.2-GCCcore-11.3.0 => PMIx/4.2.6-GCCcore-13.2.0
  9) ScaLAPACK/2.2.0-gompi-2022a-fb => ScaLAPACK/2.2.0-gompi-2023b-fb
 10) UCC/1.0.0-GCCcore-11.3.0 => UCC/1.2.0-GCCcore-13.2.0
 11) UCX/1.12.1-GCCcore-11.3.0 => UCX/1.15.0-GCCcore-13.2.0
 12) XZ/5.2.5-GCCcore-11.3.0 => XZ/5.4.4-GCCcore-13.2.0
 13) binutils/2.38-GCCcore-11.3.0 => binutils/2.40-GCCcore-13.2.0
 14) foss/2022a => foss/2023b
 15) gompi/2022a => gompi/2023b
 16) hwloc/2.7.1-GCCcore-11.3.0 => hwloc/2.9.2-GCCcore-13.2.0
 17) libevent/2.1.12-GCCcore-11.3.0 => libevent/2.1.12-GCCcore-13.2.0
 18) libfabric/1.15.1-GCCcore-11.3.0 => libfabric/1.19.0-GCCcore-13.2.0
 19) libpciaccess/0.16-GCCcore-11.3.0 => libpciaccess/0.17-GCCcore-13.2.0
 20) libxml2/2.9.13-GCCcore-11.3.0 => libxml2/2.11.5-GCCcore-13.2.0
 21) numactl/2.0.14-GCCcore-11.3.0 => numactl/2.0.16-GCCcore-13.2.0
 22) zlib/1.2.12-GCCcore-11.3.0 => zlib/1.2.13-GCCcore-13.2.0

[mole041:2184629:0:2184629] Caught signal 11 (Segmentation fault: address not mapped to object at address (nil))
[mole041:2184630:0:2184630] Caught signal 11 (Segmentation fault: address not mapped to object at address (nil))
[mole041:2184631:0:2184631] Caught signal 11 (Segmentation fault: address not mapped to object at address (nil))
my id is 2
my id is 3
my id is 0
done, my id is 0
my id is 1
my id is 5
my id is 7
[mole044:246236:0:246236] Caught signal 11 (Segmentation fault: address not mapped to object at address (nil))
[mole044:246234:0:246234] Caught signal 11 (Segmentation fault: address not mapped to object at address (nil))
my id is 6
my id is 4
[mole044:246233:0:246233] Caught signal 11 (Segmentation fault: address not mapped to object at address (nil))
[mole044:246235:0:246235] Caught signal 11 (Segmentation fault: address not mapped to object at address (nil))
==== backtrace (tid: 246234) ====
 0 0x000000000003e730 __GI___sigaction()  :0
 1 0x0000000000401330 kernel()  ???:0
 2 0x0000000000401536 main()  ???:0
 3 0x00000000000295d0 __libc_start_call_main()  ???:0
 4 0x0000000000029680 __libc_start_main_alias_2()  :0
 5 0x0000000000401155 _start()  ???:0
=================================
[mole044:246234] *** Process received signal ***
[mole044:246234] Signal: Segmentation fault (11)
[mole044:246234] Signal code:  (-6)
[mole044:246234] Failing at address: 0x12500003c1da
[mole044:246234] [ 0] /lib64/libc.so.6(+0x3e730)[0x7f587b43e730]
[mole044:246234] [ 1] /homes/sekabanj/CIS_520_P4/mpi_version[0x401330]
[mole044:246234] [ 2] /homes/sekabanj/CIS_520_P4/mpi_version[0x401536]
[mole044:246234] [ 3] /lib64/libc.so.6(+0x295d0)[0x7f587b4295d0]
[mole044:246234] [ 4] /lib64/libc.so.6(__libc_start_main+0x80)[0x7f587b429680]
[mole044:246234] [ 5] /homes/sekabanj/CIS_520_P4/mpi_version[0x401155]
[mole044:246234] *** End of error message ***
==== backtrace (tid: 246233) ====
 0 0x000000000003e730 __GI___sigaction()  :0
 1 0x0000000000401330 kernel()  ???:0
 2 0x0000000000401536 main()  ???:0
 3 0x00000000000295d0 __libc_start_call_main()  ???:0
 4 0x0000000000029680 __libc_start_main_alias_2()  :0
 5 0x0000000000401155 _start()  ???:0
=================================
[mole044:246233] *** Process received signal ***
[mole044:246233] Signal: Segmentation fault (11)
[mole044:246233] Signal code:  (-6)
[mole044:246233] Failing at address: 0x12500003c1d9
[mole044:246233] [ 0] /lib64/libc.so.6(+0x3e730)[0x7f780343e730]
[mole044:246233] [ 1] /homes/sekabanj/CIS_520_P4/mpi_version[0x401330]
[mole044:246233] [ 2] /homes/sekabanj/CIS_520_P4/mpi_version[0x401536]
[mole044:246233] [ 3] /lib64/libc.so.6(+0x295d0)[0x7f78034295d0]
[mole044:246233] [ 4] /lib64/libc.so.6(__libc_start_main+0x80)[0x7f7803429680]
[mole044:246233] [ 5] /homes/sekabanj/CIS_520_P4/mpi_version[0x401155]
[mole044:246233] *** End of error message ***
==== backtrace (tid: 246236) ====
 0 0x000000000003e730 __GI___sigaction()  :0
 1 0x0000000000401330 kernel()  ???:0
 2 0x0000000000401536 main()  ???:0
 3 0x00000000000295d0 __libc_start_call_main()  ???:0
 4 0x0000000000029680 __libc_start_main_alias_2()  :0
 5 0x0000000000401155 _start()  ???:0
=================================
[mole044:246236] *** Process received signal ***
[mole044:246236] Signal: Segmentation fault (11)
[mole044:246236] Signal code:  (-6)
[mole044:246236] Failing at address: 0x12500003c1dc
[mole044:246236] [ 0] /lib64/libc.so.6(+0x3e730)[0x7f2d47c3e730]
[mole044:246236] [ 1] /homes/sekabanj/CIS_520_P4/mpi_version[0x401330]
[mole044:246236] [ 2] /homes/sekabanj/CIS_520_P4/mpi_version[0x401536]
[mole044:246236] [ 3] /lib64/libc.so.6(+0x295d0)[0x7f2d47c295d0]
[mole044:246236] [ 4] /lib64/libc.so.6(__libc_start_main+0x80)[0x7f2d47c29680]
[mole044:246236] [ 5] /homes/sekabanj/CIS_520_P4/mpi_version[0x401155]
[mole044:246236] *** End of error message ***
==== backtrace (tid: 246235) ====
 0 0x000000000003e730 __GI___sigaction()  :0
 1 0x0000000000401330 kernel()  ???:0
 2 0x0000000000401536 main()  ???:0
 3 0x00000000000295d0 __libc_start_call_main()  ???:0
 4 0x0000000000029680 __libc_start_main_alias_2()  :0
 5 0x0000000000401155 _start()  ???:0
=================================
[mole044:246235] *** Process received signal ***
[mole044:246235] Signal: Segmentation fault (11)
[mole044:246235] Signal code:  (-6)
[mole044:246235] Failing at address: 0x12500003c1db
[mole044:246235] [ 0] /lib64/libc.so.6(+0x3e730)[0x7f298a63e730]
[mole044:246235] [ 1] /homes/sekabanj/CIS_520_P4/mpi_version[0x401330]
[mole044:246235] [ 2] /homes/sekabanj/CIS_520_P4/mpi_version[0x401536]
[mole044:246235] [ 3] /lib64/libc.so.6(+0x295d0)[0x7f298a6295d0]
[mole044:246235] [ 4] /lib64/libc.so.6(__libc_start_main+0x80)[0x7f298a629680]
[mole044:246235] [ 5] /homes/sekabanj/CIS_520_P4/mpi_version[0x401155]
[mole044:246235] *** End of error message ***
==== backtrace (tid:2184630) ====
 0 0x000000000003e730 __GI___sigaction()  :0
 1 0x0000000000401330 kernel()  ???:0
 2 0x0000000000401536 main()  ???:0
 3 0x00000000000295d0 __libc_start_call_main()  ???:0
 4 0x0000000000029680 __libc_start_main_alias_2()  :0
 5 0x0000000000401155 _start()  ???:0
=================================
[mole041:2184630] *** Process received signal ***
[mole041:2184630] Signal: Segmentation fault (11)
[mole041:2184630] Signal code:  (-6)
[mole041:2184630] Failing at address: 0x1250002155b6
[mole041:2184630] [ 0] /lib64/libc.so.6(+0x3e730)[0x7fcc3063e730]
[mole041:2184630] [ 1] /homes/sekabanj/CIS_520_P4/mpi_version[0x401330]
[mole041:2184630] [ 2] /homes/sekabanj/CIS_520_P4/mpi_version[0x401536]
[mole041:2184630] [ 3] /lib64/libc.so.6(+0x295d0)[0x7fcc306295d0]
[mole041:2184630] [ 4] /lib64/libc.so.6(__libc_start_main+0x80)[0x7fcc30629680]
[mole041:2184630] [ 5] /homes/sekabanj/CIS_520_P4/mpi_version[0x401155]
[mole041:2184630] *** End of error message ***
==== backtrace (tid:2184629) ====
 0 0x000000000003e730 __GI___sigaction()  :0
 1 0x0000000000401330 kernel()  ???:0
 2 0x0000000000401536 main()  ???:0
 3 0x00000000000295d0 __libc_start_call_main()  ???:0
 4 0x0000000000029680 __libc_start_main_alias_2()  :0
 5 0x0000000000401155 _start()  ???:0
=================================
[mole041:2184629] *** Process received signal ***
[mole041:2184629] Signal: Segmentation fault (11)
[mole041:2184629] Signal code:  (-6)
[mole041:2184629] Failing at address: 0x1250002155b5
[mole041:2184629] [ 0] /lib64/libc.so.6(+0x3e730)[0x7f251403e730]
[mole041:2184629] [ 1] /homes/sekabanj/CIS_520_P4/mpi_version[0x401330]
[mole041:2184629] [ 2] /homes/sekabanj/CIS_520_P4/mpi_version[0x401536]
[mole041:2184629] [ 3] /lib64/libc.so.6(+0x295d0)[0x7f25140295d0]
[mole041:2184629] [ 4] /lib64/libc.so.6(__libc_start_main+0x80)[0x7f2514029680]
[mole041:2184629] [ 5] /homes/sekabanj/CIS_520_P4/mpi_version[0x401155]
[mole041:2184629] *** End of error message ***
--------------------------------------------------------------------------
Primary job  terminated normally, but 1 process returned
a non-zero exit code. Per user-direction, the job has been aborted.
--------------------------------------------------------------------------
==== backtrace (tid:2184631) ====
 0 0x000000000003e730 __GI___sigaction()  :0
 1 0x0000000000401330 kernel()  ???:0
 2 0x0000000000401536 main()  ???:0
 3 0x00000000000295d0 __libc_start_call_main()  ???:0
 4 0x0000000000029680 __libc_start_main_alias_2()  :0
 5 0x0000000000401155 _start()  ???:0
=================================
[mole041:2184631] *** Process received signal ***
[mole041:2184631] Signal: Segmentation fault (11)
[mole041:2184631] Signal code:  (-6)
[mole041:2184631] Failing at address: 0x1250002155b7
[mole041:2184631] [ 0] /lib64/libc.so.6(+0x3e730)[0x7f8ac4c3e730]
[mole041:2184631] [ 1] /homes/sekabanj/CIS_520_P4/mpi_version[0x401330]
[mole041:2184631] [ 2] /homes/sekabanj/CIS_520_P4/mpi_version[0x401536]
[mole041:2184631] [ 3] /lib64/libc.so.6(+0x295d0)[0x7f8ac4c295d0]
[mole041:2184631] [ 4] /lib64/libc.so.6(__libc_start_main+0x80)[0x7f8ac4c29680]
[mole041:2184631] [ 5] /homes/sekabanj/CIS_520_P4/mpi_version[0x401155]
[mole041:2184631] *** End of error message ***
--------------------------------------------------------------------------
mpirun noticed that process rank 4 with PID 246233 on node mole044 exited on signal 11 (Segmentation fault).
--------------------------------------------------------------------------
