my id is 6
start Pos +i 300
start Pos +i 301
start Pos +i 302
start Pos +i 303
start Pos +i 304
start Pos +i 305
start Pos +i 306
start Pos +i 307
start Pos +i 308
start Pos +i 309
start Pos +i 310
start Pos +i 311
start Pos +i 312
start Pos +i 313
start Pos +i 314
start Pos +i 315
start Pos +i 316
start Pos +i 317
start Pos +i 318
start Pos +i 319
start Pos +i 320
start Pos +i 321
start Pos +i 322
start Pos +i 323
start Pos +i 324
start Pos +i 325
start Pos +i 326
start Pos +i 327
start Pos +i 328
start Pos +i 329
start Pos +i 330
start Pos +i 331
start Pos +i 332
start Pos +i 333
start Pos +i 334
start Pos +i 335
start Pos +i 336
start Pos +i 337
start Pos +i 338
start Pos +i 339
start Pos +i 340
start Pos +i 341
start Pos +i 342
start Pos +i 343
start Pos +i 344
start Pos +i 345
start Pos +i 346
start Pos +i 347
start Pos +i 348
start Pos +i 349
my id is 7
start Pos +i 350
start Pos +i 351
start Pos +i 352
start Pos +i 353
start Pos +i 354
start Pos +i 355
start Pos +i 356
start Pos +i 357
start Pos +i 358
start Pos +i 359
start Pos +i 360
start Pos +i 361
start Pos +i 362
start Pos +i 363
start Pos +i 364
start Pos +i 365
start Pos +i 366
start Pos +i 367
start Pos +i 368
start Pos +i 369
start Pos +i 370
start Pos +i 371
start Pos +i 372
start Pos +i 373
start Pos +i 374
start Pos +i 375
start Pos +i 376
start Pos +i 377
start Pos +i 378
start Pos +i 379
start Pos +i 380
start Pos +i 381
start Pos +i 382
start Pos +i 383
start Pos +i 384
start Pos +i 385
start Pos +i 386
start Pos +i 387
start Pos +i 388
start Pos +i 389
start Pos +i 390
start Pos +i 391
start Pos +i 392
start Pos +i 393
start Pos +i 394
start Pos +i 395
start Pos +i 396
start Pos +i 397
start Pos +i 398
start Pos +i 399
my id is 8
start Pos +i 400
start Pos +i 401
start Pos +i 402
start Pos +i 403
start Pos +i 404
start Pos +i 405
start Pos +i 406
start Pos +i 407
start Pos +i 408
start Pos +i 409
start Pos +i 410
start Pos +i 411
start Pos +i 412
start Pos +i 413
start Pos +i 414
start Pos +i 415
start Pos +i 416
start Pos +i 417
start Pos +i 418
start Pos +i 419
start Pos +i 420
start Pos +i 421
start Pos +i 422
start Pos +i 423
start Pos +i 424
start Pos +i 425
start Pos +i 426
start Pos +i 427
start Pos +i 428
start Pos +i 429
start Pos +i 430
start Pos +i 431
start Pos +i 432
start Pos +i 433
start Pos +i 434
start Pos +i 435
start Pos +i 436
start Pos +i 437
start Pos +i 438
start Pos +i 439
start Pos +i 440
start Pos +i 441
start Pos +i 442
start Pos +i 443
start Pos +i 444
start Pos +i 445
start Pos +i 446
start Pos +i 447
start Pos +i 448
start Pos +i 449
my id is 9
start Pos +i 450
start Pos +i 451
start Pos +i 452
start Pos +i 453
start Pos +i 454
start Pos +i 455
start Pos +i 456
start Pos +i 457
start Pos +i 458
start Pos +i 459
start Pos +i 460
start Pos +i 461
start Pos +i 462
start Pos +i 463
start Pos +i 464
start Pos +i 465
start Pos +i 466
start Pos +i 467
start Pos +i 468
start Pos +i 469
start Pos +i 470
start Pos +i 471
start Pos +i 472
start Pos +i 473
start Pos +i 474
start Pos +i 475
start Pos +i 476
start Pos +i 477
start Pos +i 478
start Pos +i 479
start Pos +i 480
start Pos +i 481
start Pos +i 482
start Pos +i 483
start Pos +i 484
start Pos +i 485
start Pos +i 486
start Pos +i 487
start Pos +i 488
start Pos +i 489
start Pos +i 490
start Pos +i 491
start Pos +i 492
start Pos +i 493
start Pos +i 494
start Pos +i 495
start Pos +i 496
start Pos +i 497
start Pos +i 498
start Pos +i 499
my id is 10
start Pos +i 500
start Pos +i 501
start Pos +i 502
start Pos +i 503
start Pos +i 504
start Pos +i 505
start Pos +i 506
start Pos +i 507
start Pos +i 508
start Pos +i 509
start Pos +i 510
start Pos +i 511
start Pos +i 512
start Pos +i 513
start Pos +i 514
start Pos +i 515
start Pos +i 516
start Pos +i 517
start Pos +i 518
start Pos +i 519
start Pos +i 520
start Pos +i 521
start Pos +i 522
start Pos +i 523
start Pos +i 524
start Pos +i 525
start Pos +i 526
start Pos +i 527
start Pos +i 528
start Pos +i 529
start Pos +i 530
start Pos +i 531
start Pos +i 532
start Pos +i 533
start Pos +i 534
start Pos +i 535
start Pos +i 536
start Pos +i 537
start Pos +i 538
start Pos +i 539
start Pos +i 540
start Pos +i 541
start Pos +i 542
start Pos +i 543
start Pos +i 544
start Pos +i 545
start Pos +i 546
start Pos +i 547
start Pos +i 548
start Pos +i 549
my id is 11
start Pos +i 550
start Pos +i 551
start Pos +i 552
start Pos +i 553
start Pos +i 554
start Pos +i 555
start Pos +i 556
start Pos +i 557
start Pos +i 558
start Pos +i 559
start Pos +i 560
start Pos +i 561
start Pos +i 562
start Pos +i 563
start Pos +i 564
start Pos +i 565
start Pos +i 566
start Pos +i 567
start Pos +i 568
start Pos +i 569
start Pos +i 570
start Pos +i 571
start Pos +i 572
start Pos +i 573
start Pos +i 574
start Pos +i 575
start Pos +i 576
start Pos +i 577
start Pos +i 578
start Pos +i 579
start Pos +i 580
start Pos +i 581
start Pos +i 582
start Pos +i 583
start Pos +i 584
start Pos +i 585
start Pos +i 586
start Pos +i 587
start Pos +i 588
start Pos +i 589
start Pos +i 590
start Pos +i 591
start Pos +i 592
start Pos +i 593
start Pos +i 594
start Pos +i 595
start Pos +i 596
start Pos +i 597
start Pos +i 598
start Pos +i 599
my id is 12
start Pos +i 600
start Pos +i 601
start Pos +i 602
start Pos +i 603
start Pos +i 604
start Pos +i 605
start Pos +i 606
start Pos +i 607
start Pos +i 608
start Pos +i 609
start Pos +i 610
start Pos +i 611
start Pos +i 612
start Pos +i 613
start Pos +i 614
start Pos +i 615
start Pos +i 616
start Pos +i 617
start Pos +i 618
start Pos +i 619
start Pos +i 620
start Pos +i 621
start Pos +i 622
start Pos +i 623
start Pos +i 624
start Pos +i 625
start Pos +i 626
start Pos +i 627
start Pos +i 628
start Pos +i 629
start Pos +i 630
start Pos +i 631
start Pos +i 632
start Pos +i 633
start Pos +i 634
start Pos +i 635
start Pos +i 636
start Pos +i 637
start Pos +i 638
start Pos +i 639
start Pos +i 640
start Pos +i 641
start Pos +i 642
start Pos +i 643
start Pos +i 644
start Pos +i 645
start Pos +i 646
start Pos +i 647
start Pos +i 648
start Pos +i 649
my id is 13
start Pos +i 650
start Pos +i 651
start Pos +i 652
start Pos +i 653
start Pos +i 654
start Pos +i 655
start Pos +i 656
start Pos +i 657
start Pos +i 658
start Pos +i 659
start Pos +i 660
start Pos +i 661
start Pos +i 662
start Pos +i 663
start Pos +i 664
start Pos +i 665
start Pos +i 666
start Pos +i 667
start Pos +i 668
start Pos +i 669
start Pos +i 670
start Pos +i 671
start Pos +i 672
start Pos +i 673
start Pos +i 674
start Pos +i 675
start Pos +i 676
start Pos +i 677
start Pos +i 678
start Pos +i 679
start Pos +i 680
start Pos +i 681
start Pos +i 682
start Pos +i 683
start Pos +i 684
start Pos +i 685
start Pos +i 686
start Pos +i 687
start Pos +i 688
start Pos +i 689
start Pos +i 690
start Pos +i 691
start Pos +i 692
start Pos +i 693
start Pos +i 694
start Pos +i 695
start Pos +i 696
start Pos +i 697
start Pos +i 698
start Pos +i 699
my id is 14
start Pos +i 700
start Pos +i 701
start Pos +i 702
start Pos +i 703
start Pos +i 704
start Pos +i 705
start Pos +i 706
start Pos +i 707
start Pos +i 708
start Pos +i 709
start Pos +i 710
start Pos +i 711
start Pos +i 712
start Pos +i 713
start Pos +i 714
start Pos +i 715
start Pos +i 716
start Pos +i 717
start Pos +i 718
start Pos +i 719
start Pos +i 720
start Pos +i 721
start Pos +i 722
start Pos +i 723
start Pos +i 724
start Pos +i 725
start Pos +i 726
start Pos +i 727
start Pos +i 728
start Pos +i 729
start Pos +i 730
start Pos +i 731
start Pos +i 732
start Pos +i 733
start Pos +i 734
start Pos +i 735
start Pos +i 736
start Pos +i 737
start Pos +i 738
start Pos +i 739
start Pos +i 740
start Pos +i 741
start Pos +i 742
start Pos +i 743
start Pos +i 744
start Pos +i 745
start Pos +i 746
start Pos +i 747
start Pos +i 748
start Pos +i 749
my id is 15
start Pos +i 750
start Pos +i 751
start Pos +i 752
start Pos +i 753
start Pos +i 754
start Pos +i 755
start Pos +i 756
start Pos +i 757
start Pos +i 758
start Pos +i 759
start Pos +i 760
start Pos +i 761
start Pos +i 762
start Pos +i 763
start Pos +i 764
start Pos +i 765
start Pos +i 766
start Pos +i 767
start Pos +i 768
start Pos +i 769
start Pos +i 770
start Pos +i 771
start Pos +i 772
start Pos +i 773
start Pos +i 774
start Pos +i 775
start Pos +i 776
start Pos +i 777
start Pos +i 778
start Pos +i 779
start Pos +i 780
start Pos +i 781
start Pos +i 782
start Pos +i 783
start Pos +i 784
start Pos +i 785
start Pos +i 786
start Pos +i 787
start Pos +i 788
start Pos +i 789
start Pos +i 790
start Pos +i 791
start Pos +i 792
start Pos +i 793
start Pos +i 794
start Pos +i 795
start Pos +i 796
start Pos +i 797
start Pos +i 798
start Pos +i 799
my id is 16
start Pos +i 800
start Pos +i 801
start Pos +i 802
start Pos +i 803
start Pos +i 804
start Pos +i 805
start Pos +i 806
start Pos +i 807
start Pos +i 808
start Pos +i 809
start Pos +i 810
start Pos +i 811
start Pos +i 812
start Pos +i 813
start Pos +i 814
start Pos +i 815
start Pos +i 816
start Pos +i 817
start Pos +i 818
start Pos +i 819
start Pos +i 820
start Pos +i 821
start Pos +i 822
start Pos +i 823
start Pos +i 824
start Pos +i 825
start Pos +i 826
start Pos +i 827
start Pos +i 828
start Pos +i 829
start Pos +i 830
start Pos +i 831
start Pos +i 832
start Pos +i 833
start Pos +i 834
start Pos +i 835
start Pos +i 836
start Pos +i 837
start Pos +i 838
start Pos +i 839
start Pos +i 840
start Pos +i 841
start Pos +i 842
start Pos +i 843
start Pos +i 844
start Pos +i 845
start Pos +i 846
start Pos +i 847
start Pos +i 848
start Pos +i 849
my id is 5
start Pos +i 250
start Pos +i 251
start Pos +i 252
start Pos +i 253
start Pos +i 254
start Pos +i 255
start Pos +i 256
start Pos +i 257
start Pos +i 258
start Pos +i 259
start Pos +i 260
start Pos +i 261
start Pos +i 262
start Pos +i 263
start Pos +i 264
start Pos +i 265
start Pos +i 266
start Pos +i 267
start Pos +i 268
start Pos +i 269
start Pos +i 270
start Pos +i 271
start Pos +i 272
start Pos +i 273
start Pos +i 274
start Pos +i 275
start Pos +i 276
start Pos +i 277
start Pos +i 278
start Pos +i 279
start Pos +i 280
start Pos +i 281
start Pos +i 282
start Pos +i 283
start Pos +i 284
start Pos +i 285
start Pos +i 286
start Pos +i 287
start Pos +i 288
start Pos +i 289
start Pos +i 290
start Pos +i 291
start Pos +i 292
start Pos +i 293
start Pos +i 294
start Pos +i 295
start Pos +i 296
start Pos +i 297
start Pos +i 298
start Pos +i 299
my id is 17
my id is 18
start Pos +i 900
start Pos +i 901
start Pos +i 902
start Pos +i 903
start Pos +i 904
start Pos +i 905
start Pos +i 906
start Pos +i 907
start Pos +i 908
start Pos +i 909
start Pos +i 910
start Pos +i 911
start Pos +i 912
start Pos +i 913
start Pos +i 914
start Pos +i 915
start Pos +i 916
start Pos +i 917
start Pos +i 918
start Pos +i 919
start Pos +i 920
start Pos +i 921
start Pos +i 922
start Pos +i 923
start Pos +i 924
start Pos +i 925
start Pos +i 926
start Pos +i 927
start Pos +i 928
start Pos +i 929
start Pos +i 930
start Pos +i 931
start Pos +i 932
start Pos +i 933
start Pos +i 934
start Pos +i 935
start Pos +i 936
start Pos +i 937
start Pos +i 938
start Pos +i 939
start Pos +i 940
start Pos +i 941
start Pos +i 942
start Pos +i 943
start Pos +i 944
start Pos +i 945
start Pos +i 946
start Pos +i 947
start Pos +i 948
start Pos +i 949
my id is 19
start Pos +i 950
start Pos +i 951
start Pos +i 952
start Pos +i 953
start Pos +i 954
start Pos +i 955
start Pos +i 956
start Pos +i 957
start Pos +i 958
start Pos +i 959
start Pos +i 960
start Pos +i 961
start Pos +i 962
start Pos +i 963
start Pos +i 964
start Pos +i 965
start Pos +i 966
start Pos +i 967
start Pos +i 968
start Pos +i 969
start Pos +i 970
start Pos +i 971
start Pos +i 972
start Pos +i 973
start Pos +i 974
start Pos +i 975
start Pos +i 976
start Pos +i 977
start Pos +i 978
start Pos +i 979
start Pos +i 980
start Pos +i 981
start Pos +i 982
start Pos +i 983
start Pos +i 984
start Pos +i 985
start Pos +i 986
start Pos +i 987
start Pos +i 988
start Pos +i 989
start Pos +i 990
start Pos +i 991
start Pos +i 992
start Pos +i 993
start Pos +i 994
start Pos +i 995
start Pos +i 996
start Pos +i 997
start Pos +i 998
start Pos +i 999
start Pos +i 850
start Pos +i 851
start Pos +i 852
start Pos +i 853
start Pos +i 854
start Pos +i 855
start Pos +i 856
start Pos +i 857
start Pos +i 858
start Pos +i 859
start Pos +i 860
start Pos +i 861
start Pos +i 862
start Pos +i 863
start Pos +i 864
start Pos +i 865
start Pos +i 866
start Pos +i 867
start Pos +i 868
start Pos +i 869
start Pos +i 870
start Pos +i 871
start Pos +i 872
start Pos +i 873
start Pos +i 874
start Pos +i 875
start Pos +i 876
start Pos +i 877
start Pos +i 878
start Pos +i 879
start Pos +i 880
start Pos +i 881
start Pos +i 882
start Pos +i 883
start Pos +i 884
start Pos +i 885
start Pos +i 886
start Pos +i 887
start Pos +i 888
start Pos +i 889
start Pos +i 890
start Pos +i 891
start Pos +i 892
start Pos +i 893
start Pos +i 894
start Pos +i 895
start Pos +i 896
start Pos +i 897
start Pos +i 898
start Pos +i 899
my id is 4
start Pos +i 200
start Pos +i 201
start Pos +i 202
start Pos +i 203
start Pos +i 204
start Pos +i 205
start Pos +i 206
start Pos +i 207
start Pos +i 208
start Pos +i 209
start Pos +i 210
start Pos +i 211
start Pos +i 212
start Pos +i 213
start Pos +i 214
start Pos +i 215
start Pos +i 216
start Pos +i 217
start Pos +i 218
start Pos +i 219
start Pos +i 220
start Pos +i 221
start Pos +i 222
start Pos +i 223
start Pos +i 224
start Pos +i 225
start Pos +i 226
start Pos +i 227
start Pos +i 228
start Pos +i 229
start Pos +i 230
start Pos +i 231
start Pos +i 232
start Pos +i 233
start Pos +i 234
start Pos +i 235
start Pos +i 236
start Pos +i 237
start Pos +i 238
start Pos +i 239
start Pos +i 240
start Pos +i 241
start Pos +i 242
start Pos +i 243
start Pos +i 244
start Pos +i 245
start Pos +i 246
start Pos +i 247
start Pos +i 248
start Pos +i 249
my id is 3
start Pos +i 150
start Pos +i 151
start Pos +i 152
start Pos +i 153
start Pos +i 154
start Pos +i 155
start Pos +i 156
start Pos +i 157
start Pos +i 158
start Pos +i 159
start Pos +i 160
start Pos +i 161
start Pos +i 162
start Pos +i 163
start Pos +i 164
start Pos +i 165
start Pos +i 166
start Pos +i 167
start Pos +i 168
start Pos +i 169
start Pos +i 170
start Pos +i 171
start Pos +i 172
start Pos +i 173
start Pos +i 174
start Pos +i 175
start Pos +i 176
start Pos +i 177
start Pos +i 178
start Pos +i 179
start Pos +i 180
start Pos +i 181
start Pos +i 182
start Pos +i 183
start Pos +i 184
start Pos +i 185
start Pos +i 186
start Pos +i 187
start Pos +i 188
start Pos +i 189
start Pos +i 190
start Pos +i 191
start Pos +i 192
start Pos +i 193
start Pos +i 194
start Pos +i 195
start Pos +i 196
start Pos +i 197
start Pos +i 198
start Pos +i 199
my id is 2
start Pos +i 100
start Pos +i 101
start Pos +i 102
start Pos +i 103
start Pos +i 104
start Pos +i 105
start Pos +i 106
start Pos +i 107
start Pos +i 108
start Pos +i 109
start Pos +i 110
start Pos +i 111
start Pos +i 112
start Pos +i 113
start Pos +i 114
start Pos +i 115
start Pos +i 116
start Pos +i 117
start Pos +i 118
start Pos +i 119
start Pos +i 120
start Pos +i 121
start Pos +i 122
start Pos +i 123
start Pos +i 124
start Pos +i 125
start Pos +i 126
start Pos +i 127
start Pos +i 128
start Pos +i 129
start Pos +i 130
start Pos +i 131
start Pos +i 132
start Pos +i 133
start Pos +i 134
start Pos +i 135
start Pos +i 136
start Pos +i 137
start Pos +i 138
start Pos +i 139
start Pos +i 140
start Pos +i 141
start Pos +i 142
start Pos +i 143
start Pos +i 144
start Pos +i 145
start Pos +i 146
start Pos +i 147
start Pos +i 148
start Pos +i 149
my id is 1
start Pos +i 50
start Pos +i 51
start Pos +i 52
start Pos +i 53
start Pos +i 54
start Pos +i 55
start Pos +i 56
start Pos +i 57
start Pos +i 58
start Pos +i 59
start Pos +i 60
start Pos +i 61
start Pos +i 62
start Pos +i 63
start Pos +i 64
start Pos +i 65
start Pos +i 66
start Pos +i 67
start Pos +i 68
start Pos +i 69
start Pos +i 70
start Pos +i 71
start Pos +i 72
start Pos +i 73
start Pos +i 74
start Pos +i 75
start Pos +i 76
start Pos +i 77
start Pos +i 78
start Pos +i 79
start Pos +i 80
start Pos +i 81
start Pos +i 82
start Pos +i 83
start Pos +i 84
start Pos +i 85
start Pos +i 86
start Pos +i 87
start Pos +i 88
start Pos +i 89
start Pos +i 90
start Pos +i 91
start Pos +i 92
start Pos +i 93
start Pos +i 94
start Pos +i 95
start Pos +i 96
start Pos +i 97
start Pos +i 98
start Pos +i 99
my id is 0
start Pos +i 0
start Pos +i 1
start Pos +i 2
start Pos +i 3
start Pos +i 4
start Pos +i 5
start Pos +i 6
start Pos +i 7
start Pos +i 8
start Pos +i 9
start Pos +i 10
start Pos +i 11
start Pos +i 12
start Pos +i 13
start Pos +i 14
start Pos +i 15
start Pos +i 16
start Pos +i 17
start Pos +i 18
start Pos +i 19
start Pos +i 20
start Pos +i 21
start Pos +i 22
start Pos +i 23
start Pos +i 24
start Pos +i 25
start Pos +i 26
start Pos +i 27
start Pos +i 28
start Pos +i 29
start Pos +i 30
start Pos +i 31
start Pos +i 32
start Pos +i 33
start Pos +i 34
start Pos +i 35
start Pos +i 36
start Pos +i 37
start Pos +i 38
start Pos +i 39
start Pos +i 40
start Pos +i 41
start Pos +i 42
start Pos +i 43
start Pos +i 44
start Pos +i 45
start Pos +i 46
start Pos +i 47
start Pos +i 48
start Pos +i 49
count 1000Line 0: 125
Line 1: 125
Line 2: 125
Line 3: 125
Line 4: 125
Line 5: 125
Line 6: 125
Line 7: 125
Line 8: 125
Line 9: 124
Line 10: 125
Line 11: 125
Line 12: 125
Line 13: 126
Line 14: 125
Line 15: 125
Line 16: 125
Line 17: 125
Line 18: 125
Line 19: 125
Line 20: 125
Line 21: 125
Line 22: 125
Line 23: 125
Line 24: 125
Line 25: 124
Line 26: 125
Line 27: 125
Line 28: 125
Line 29: 125
Line 30: 125
Line 31: 125
Line 32: 125
Line 33: 125
Line 34: 125
Line 35: 125
Line 36: 125
Line 37: 125
Line 38: 125
Line 39: 125
Line 40: 125
Line 41: 125
Line 42: 125
Line 43: 125
Line 44: 125
Line 45: 125
Line 46: 125
Line 47: 125
Line 48: 125
Line 49: 125
Line 50: 125
Line 51: 125
Line 52: 122
Line 53: 125
Line 54: 125
Line 55: 125
Line 56: 125
Line 57: 125
Line 58: 125
Line 59: 125
Line 60: 125
Line 61: 125
Line 62: 125
Line 63: 125
Line 64: 125
Line 65: 125
Line 66: 125
Line 67: 125
Line 68: 125
Line 69: 125
Line 70: 124
Line 71: 125
Line 72: 125
Line 73: 125
Line 74: 125
Line 75: 125
Line 76: 125
Line 77: 125
Line 78: 125
Line 79: 125
Line 80: 125
Line 81: 125
Line 82: 125
Line 83: 125
Line 84: 125
Line 85: 125
Line 86: 125
Line 87: 125
Line 88: 125
Line 89: 125
Line 90: 125
Line 91: 125
Line 92: 125
Line 93: 125
Line 94: 125
Line 95: 125
Line 96: 125
Line 97: 122
Line 98: 125
Line 99: 125
Line 100: 125
Line 101: 125
Line 102: 125
Line 103: 125
Line 104: 125
Line 105: 125
Line 106: 125
Line 107: 125
Line 108: 125
Line 109: 125
Line 110: 125
Line 111: 125
Line 112: 125
Line 113: 125
Line 114: 125
Line 115: 125
Line 116: 125
Line 117: 125
Line 118: 121
Line 119: 125
Line 120: 125
Line 121: 125
Line 122: 125
Line 123: 125
Line 124: 125
Line 125: 125
Line 126: 125
Line 127: 125
Line 128: 125
Line 129: 125
Line 130: 125
Line 131: 125
Line 132: 125
Line 133: 125
Line 134: 125
Line 135: 125
Line 136: 125
Line 137: 125
Line 138: 125
Line 139: 125
Line 140: 125
Line 141: 125
Line 142: 125
Line 143: 125
Line 144: 125
Line 145: 125
Line 146: 125
Line 147: 125
Line 148: 125
Line 149: 125
Line 150: 125
Line 151: 125
Line 152: 125
Line 153: 125
Line 154: 125
Line 155: 125
Line 156: 125
Line 157: 125
Line 158: 125
Line 159: 125
Line 160: 125
Line 161: 125
Line 162: 125
Line 163: 125
Line 164: 125
Line 165: 126
Line 166: 125
Line 167: 125
Line 168: 125
Line 169: 125
Line 170: 125
Line 171: 125
Line 172: 125
Line 173: 125
Line 174: 125
Line 175: 125
Line 176: 125
Line 177: 125
Line 178: 125
Line 179: 124
Line 180: 125
Line 181: 125
Line 182: 125
Line 183: 125
Line 184: 125
Line 185: 125
Line 186: 125
Line 187: 125
Line 188: 124
Line 189: 125
Line 190: 125
Line 191: 125
Line 192: 125
Line 193: 125
Line 194: 125
Line 195: 125
Line 196: 125
Line 197: 124
Line 198: 125
Line 199: 125
Line 200: 125
Line 201: 125
Line 202: 125
Line 203: 125
Line 204: 125
Line 205: 125
Line 206: 125
Line 207: 125
Line 208: 125
Line 209: 125
Line 210: 125
Line 211: 125
Line 212: 125
Line 213: 125
Line 214: 125
Line 215: 125
Line 216: 125
Line 217: 125
Line 218: 125
Line 219: 125
Line 220: 124
Line 221: 125
Line 222: 125
Line 223: 125
Line 224: 125
Line 225: 125
Line 226: 125
Line 227: 125
Line 228: 125
Line 229: 125
Line 230: 125
Line 231: 125
Line 232: 125
Line 233: 125
Line 234: 125
Line 235: 125
Line 236: 125
Line 237: 125
Line 238: 125
Line 239: 125
Line 240: 125
Line 241: 125
Line 242: 125
Line 243: 125
Line 244: 125
Line 245: 125
Line 246: 125
Line 247: 125
Line 248: 125
Line 249: 125
Line 250: 125
Line 251: 125
Line 252: 125
Line 253: 125
Line 254: 125
Line 255: 125
Line 256: 125
Line 257: 125
Line 258: 125
Line 259: 124
Line 260: 125
Line 261: 125
Line 262: 125
Line 263: 125
Line 264: 125
Line 265: 125
Line 266: 125
Line 267: 125
Line 268: 125
Line 269: 125
Line 270: 125
Line 271: 125
Line 272: 125
Line 273: 124
Line 274: 125
Line 275: 125
Line 276: 125
Line 277: 125
Line 278: 125
Line 279: 125
Line 280: 124
Line 281: 125
Line 282: 125
Line 283: 122
Line 284: 124
Line 285: 125
Line 286: 125
Line 287: 125
Line 288: 125
Line 289: 125
Line 290: 125
Line 291: 125
Line 292: 125
Line 293: 125
Line 294: 125
Line 295: 125
Line 296: 125
Line 297: 125
Line 298: 125
Line 299: 125
Line 300: 125
Line 301: 125
Line 302: 122
Line 303: 125
Line 304: 125
Line 305: 125
Line 306: 125
Line 307: 125
Line 308: 125
Line 309: 125
Line 310: 125
Line 311: 125
Line 312: 125
Line 313: 126
Line 314: 125
Line 315: 125
Line 316: 125
Line 317: 125
Line 318: 125
Line 319: 125
Line 320: 125
Line 321: 125
Line 322: 125
Line 323: 125
Line 324: 124
Line 325: 125
Line 326: 125
Line 327: 124
Line 328: 125
Line 329: 125
Line 330: 125
Line 331: 125
Line 332: 125
Line 333: 125
Line 334: 125
Line 335: 125
Line 336: 125
Line 337: 125
Line 338: 125
Line 339: 125
Line 340: 125
Line 341: 125
Line 342: 125
Line 343: 125
Line 344: 125
Line 345: 125
Line 346: 125
Line 347: 125
Line 348: 122
Line 349: 125
Line 350: 125
Line 351: 125
Line 352: 125
Line 353: 125
Line 354: 125
Line 355: 125
Line 356: 125
Line 357: 125
Line 358: 125
Line 359: 125
Line 360: 125
Line 361: 125
Line 362: 125
Line 363: 125
Line 364: 124
Line 365: 125
Line 366: 125
Line 367: 125
Line 368: 125
Line 369: 125
Line 370: 125
Line 371: 125
Line 372: 125
Line 373: 125
Line 374: 125
Line 375: 125
Line 376: 125
Line 377: 125
Line 378: 125
Line 379: 124
Line 380: 126
Line 381: 125
Line 382: 126
Line 383: 125
Line 384: 125
Line 385: 125
Line 386: 125
Line 387: 125
Line 388: 125
Line 389: 124
Line 390: 124
Line 391: 125
Line 392: 124
Line 393: 125
Line 394: 125
Line 395: 125
Line 396: 125
Line 397: 125
Line 398: 125
Line 399: 125
Line 400: 125
Line 401: 125
Line 402: 125
Line 403: 125
Line 404: 125
Line 405: 125
Line 406: 125
Line 407: 125
Line 408: 125
Line 409: 125
Line 410: 125
Line 411: 125
Line 412: 124
Line 413: 124
Line 414: 124
Line 415: 125
Line 416: 125
Line 417: 125
Line 418: 125
Line 419: 125
Line 420: 125
Line 421: 125
Line 422: 125
Line 423: 125
Line 424: 125
Line 425: 125
Line 426: 125
Line 427: 125
Line 428: 125
Line 429: 125
Line 430: 125
Line 431: 125
Line 432: 125
Line 433: 125
Line 434: 125
Line 435: 125
Line 436: 125
Line 437: 126
Line 438: 125
Line 439: 125
Line 440: 125
Line 441: 125
Line 442: 125
Line 443: 125
Line 444: 125
Line 445: 125
Line 446: 125
Line 447: 125
Line 448: 125
Line 449: 125
Line 450: 125
Line 451: 125
Line 452: 125
Line 453: 125
Line 454: 125
Line 455: 125
Line 456: 125
Line 457: 125
Line 458: 125
Line 459: 124
Line 460: 125
Line 461: 125
Line 462: 125
Line 463: 125
Line 464: 125
Line 465: 125
Line 466: 125
Line 467: 125
Line 468: 125
Line 469: 125
Line 470: 125
Line 471: 125
Line 472: 125
Line 473: 125
Line 474: 125
Line 475: 125
Line 476: 125
Line 477: 125
Line 478: 125
Line 479: 125
Line 480: 125
Line 481: 125
Line 482: 125
Line 483: 124
Line 484: 125
Line 485: 125
Line 486: 125
Line 487: 125
Line 488: 125
Line 489: 125
Line 490: 125
Line 491: 125
Line 492: 125
Line 493: 125
Line 494: 125
Line 495: 125
Line 496: 126
Line 497: 126
Line 498: 125
Line 499: 125
Line 500: 125
Line 501: 121
Line 502: 125
Line 503: 125
Line 504: 125
Line 505: 125
Line 506: 125
Line 507: 125
Line 508: 125
Line 509: 125
Line 510: 125
Line 511: 125
Line 512: 125
Line 513: 125
Line 514: 125
Line 515: 125
Line 516: 125
Line 517: 125
Line 518: 125
Line 519: 125
Line 520: 124
Line 521: 125
Line 522: 125
Line 523: 125
Line 524: 125
Line 525: 125
Line 526: 125
Line 527: 125
Line 528: 125
Line 529: 125
Line 530: 125
Line 531: 125
Line 532: 125
Line 533: 125
Line 534: 125
Line 535: 125
Line 536: 125
Line 537: 125
Line 538: 125
Line 539: 125
Line 540: 125
Line 541: 125
Line 542: 125
Line 543: 125
Line 544: 125
Line 545: 125
Line 546: 125
Line 547: 125
Line 548: 125
Line 549: 125
Line 550: 125
Line 551: 125
Line 552: 125
Line 553: 125
Line 554: 125
Line 555: 125
Line 556: 125
Line 557: 125
Line 558: 125
Line 559: 125
Line 560: 125
Line 561: 125
Line 562: 125
Line 563: 125
Line 564: 125
Line 565: 125
Line 566: 125
Line 567: 125
Line 568: 124
Line 569: 125
Line 570: 125
Line 571: 125
Line 572: 125
Line 573: 125
Line 574: 124
Line 575: 125
Line 576: 125
Line 577: 125
Line 578: 125
Line 579: 125
Line 580: 125
Line 581: 125
Line 582: 125
Line 583: 125
Line 584: 125
Line 585: 126
Line 586: 125
Line 587: 125
Line 588: 125
Line 589: 125
Line 590: 125
Line 591: 126
Line 592: 125
Line 593: 125
Line 594: 125
Line 595: 124
Line 596: 125
Line 597: 125
Line 598: 125
Line 599: 125
Line 600: 125
Line 601: 124
Line 602: 125
Line 603: 125
Line 604: 125
Line 605: 125
Line 606: 125
Line 607: 125
Line 608: 125
Line 609: 125
Line 610: 125
Line 611: 125
Line 612: 125
Line 613: 125
Line 614: 125
Line 615: 125
Line 616: 125
Line 617: 125
Line 618: 125
Line 619: 125
Line 620: 125
Line 621: 125
Line 622: 125
Line 623: 125
Line 624: 125
Line 625: 125
Line 626: 125
Line 627: 125
Line 628: 125
Line 629: 125
Line 630: 125
Line 631: 125
Line 632: 125
Line 633: 125
Line 634: 125
Line 635: 125
Line 636: 125
Line 637: 125
Line 638: 125
Line 639: 125
Line 640: 125
Line 641: 125
Line 642: 125
Line 643: 124
Line 644: 125
Line 645: 125
Line 646: 125
Line 647: 125
Line 648: 125
Line 649: 125
Line 650: 125
Line 651: 125
Line 652: 125
Line 653: 125
Line 654: 125
Line 655: 125
Line 656: 125
Line 657: 125
Line 658: 125
Line 659: 125
Line 660: 125
Line 661: 125
Line 662: 125
Line 663: 125
Line 664: 125
Line 665: 125
Line 666: 125
Line 667: 125
Line 668: 125
Line 669: 125
Line 670: 125
Line 671: 125
Line 672: 125
Line 673: 125
Line 674: 125
Line 675: 125
Line 676: 124
Line 677: 125
Line 678: 125
Line 679: 125
Line 680: 125
Line 681: 125
Line 682: 125
Line 683: 125
Line 684: 125
Line 685: 125
Line 686: 125
Line 687: 125
Line 688: 125
Line 689: 125
Line 690: 125
Line 691: 125
Line 692: 124
Line 693: 125
Line 694: 125
Line 695: 125
Line 696: 124
Line 697: 125
Line 698: 125
Line 699: 125
Line 700: 125
Line 701: 125
Line 702: 125
Line 703: 125
Line 704: 125
Line 705: 125
Line 706: 125
Line 707: 125
Line 708: 125
Line 709: 125
Line 710: 125
Line 711: 125
Line 712: 125
Line 713: 125
Line 714: 125
Line 715: 125
Line 716: 125
Line 717: 125
Line 718: 125
Line 719: 125
Line 720: 125
Line 721: 125
Line 722: 125
Line 723: 125
Line 724: 125
Line 725: 125
Line 726: 125
Line 727: 125
Line 728: 125
Line 729: 125
Line 730: 125
Line 731: 125
Line 732: 125
Line 733: 125
Line 734: 125
Line 735: 125
Line 736: 125
Line 737: 125
Line 738: 125
Line 739: 125
Line 740: 125
Line 741: 125
Line 742: 125
Line 743: 125
Line 744: 125
Line 745: 125
Line 746: 125
Line 747: 125
Line 748: 125
Line 749: 125
Line 750: 125
Line 751: 125
Line 752: 124
Line 753: 125
Line 754: 125
Line 755: 124
Line 756: 125
Line 757: 125
Line 758: 125
Line 759: 125
Line 760: 125
Line 761: 125
Line 762: 125
Line 763: 125
Line 764: 125
Line 765: 124
Line 766: 125
Line 767: 126
Line 768: 125
Line 769: 125
Line 770: 125
Line 771: 125
Line 772: 125
Line 773: 125
Line 774: 125
Line 775: 124
Line 776: 125
Line 777: 124
Line 778: 125
Line 779: 125
Line 780: 125
Line 781: 125
Line 782: 125
Line 783: 125
Line 784: 125
Line 785: 125
Line 786: 125
Line 787: 125
Line 788: 125
Line 789: 125
Line 790: 125
Line 791: 125
Line 792: 125
Line 793: 125
Line 794: 125
Line 795: 125
Line 796: 125
Line 797: 125
Line 798: 125
Line 799: 125
Line 800: 124
Line 801: 126
Line 802: 125
Line 803: 125
Line 804: 125
Line 805: 125
Line 806: 125
Line 807: 125
Line 808: 125
Line 809: 124
Line 810: 125
Line 811: 125
Line 812: 125
Line 813: 125
Line 814: 126
Line 815: 125
Line 816: 125
Line 817: 125
Line 818: 125
Line 819: 125
Line 820: 125
Line 821: 125
Line 822: 125
Line 823: 125
Line 824: 125
Line 825: 125
Line 826: 125
Line 827: 125
Line 828: 124
Line 829: 125
Line 830: 125
Line 831: 125
Line 832: 125
Line 833: 125
Line 834: 124
Line 835: 125
Line 836: 125
Line 837: 126
Line 838: 125
Line 839: 125
Line 840: 125
Line 841: 125
Line 842: 125
Line 843: 125
Line 844: 125
Line 845: 124
Line 846: 125
Line 847: 125
Line 848: 125
Line 849: 126
Line 850: 125
Line 851: 125
Line 852: 125
Line 853: 125
Line 854: 125
Line 855: 124
Line 856: 125
Line 857: 125
Line 858: 125
Line 859: 125
Line 860: 125
Line 861: 125
Line 862: 125
Line 863: 125
Line 864: 125
Line 865: 125
Line 866: 125
Line 867: 125
Line 868: 125
Line 869: 125
Line 870: 125
Line 871: 125
Line 872: 125
Line 873: 125
Line 874: 125
Line 875: 125
Line 876: 125
Line 877: 125
Line 878: 125
Line 879: 125
Line 880: 125
Line 881: 125
Line 882: 125
Line 883: 125
Line 884: 124
Line 885: 125
Line 886: 125
Line 887: 125
Line 888: 125
Line 889: 125
Line 890: 125
Line 891: 125
Line 892: 125
Line 893: 125
Line 894: 125
Line 895: 125
Line 896: 125
Line 897: 125
Line 898: 125
Line 899: 125
Line 900: 125
Line 901: 125
Line 902: 125
Line 903: 125
Line 904: 125
Line 905: 125
Line 906: 125
Line 907: 125
Line 908: 125
Line 909: 125
Line 910: 125
Line 911: 125
Line 912: 125
Line 913: 125
Line 914: 124
Line 915: 124
Line 916: 125
Line 917: 125
Line 918: 125
Line 919: 124
Line 920: 125
Line 921: 125
Line 922: 125
Line 923: 125
Line 924: 125
Line 925: 125
Line 926: 125
Line 927: 125
Line 928: 125
Line 929: 125
Line 930: 125
Line 931: 125
Line 932: 125
Line 933: 125
Line 934: 125
Line 935: 125
Line 936: 125
Line 937: 125
Line 938: 125
Line 939: 125
Line 940: 125
Line 941: 125
Line 942: 125
Line 943: 125
Line 944: 125
Line 945: 125
Line 946: 125
Line 947: 125
Line 948: 125
Line 949: 125
Line 950: 125
Line 951: 125
Line 952: 125
Line 953: 125
Line 954: 125
Line 955: 125
Line 956: 125
Line 957: 125
Line 958: 125
Line 959: 125
Line 960: 125
Line 961: 125
Line 962: 125
Line 963: 125
Line 964: 125
Line 965: 125
Line 966: 125
Line 967: 125
Line 968: 125
Line 969: 125
Line 970: 125
Line 971: 124
Line 972: 126
Line 973: 124
Line 974: 125
Line 975: 125
Line 976: 125
Line 977: 125
Line 978: 125
Line 979: 125
Line 980: 125
Line 981: 125
Line 982: 125
Line 983: 125
Line 984: 125
Line 985: 125
Line 986: 125
Line 987: 124
Line 988: 125
Line 989: 125
Line 990: 125
Line 991: 125
Line 992: 125
Line 993: 125
Line 994: 125
Line 995: 125
Line 996: 125
Line 997: 125
Line 998: 125
Line 999: 125
my id is 25
start Pos +i 1250
start Pos +i 1251
start Pos +i 1252
start Pos +i 1253
start Pos +i 1254
start Pos +i 1255
start Pos +i 1256
start Pos +i 1257
start Pos +i 1258
start Pos +i 1259
start Pos +i 1260
start Pos +i 1261
start Pos +i 1262
start Pos +i 1263
start Pos +i 1264
start Pos +i 1265
start Pos +i 1266
start Pos +i 1267
start Pos +i 1268
start Pos +i 1269
start Pos +i 1270
start Pos +i 1271
start Pos +i 1272
start Pos +i 1273
start Pos +i 1274
start Pos +i 1275
start Pos +i 1276
start Pos +i 1277
start Pos +i 1278
start Pos +i 1279
start Pos +i 1280
start Pos +i 1281
start Pos +i 1282
start Pos +i 1283
start Pos +i 1284
start Pos +i 1285
start Pos +i 1286
start Pos +i 1287
start Pos +i 1288
start Pos +i 1289
start Pos +i 1290
start Pos +i 1291
start Pos +i 1292
start Pos +i 1293
start Pos +i 1294
start Pos +i 1295
start Pos +i 1296
start Pos +i 1297
start Pos +i 1298
start Pos +i 1299
my id is 26
start Pos +i 1300
start Pos +i 1301
start Pos +i 1302
start Pos +i 1303
start Pos +i 1304
start Pos +i 1305
start Pos +i 1306
start Pos +i 1307
start Pos +i 1308
start Pos +i 1309
start Pos +i 1310
start Pos +i 1311
start Pos +i 1312
start Pos +i 1313
start Pos +i 1314
start Pos +i 1315
start Pos +i 1316
start Pos +i 1317
start Pos +i 1318
start Pos +i 1319
start Pos +i 1320
start Pos +i 1321
start Pos +i 1322
start Pos +i 1323
start Pos +i 1324
start Pos +i 1325
start Pos +i 1326
start Pos +i 1327
start Pos +i 1328
start Pos +i 1329
start Pos +i 1330
start Pos +i 1331
start Pos +i 1332
start Pos +i 1333
start Pos +i 1334
start Pos +i 1335
start Pos +i 1336
start Pos +i 1337
start Pos +i 1338
start Pos +i 1339
start Pos +i 1340
start Pos +i 1341
start Pos +i 1342
start Pos +i 1343
start Pos +i 1344
start Pos +i 1345
start Pos +i 1346
start Pos +i 1347
start Pos +i 1348
start Pos +i 1349
my id is 27
start Pos +i 1350
start Pos +i 1351
start Pos +i 1352
start Pos +i 1353
start Pos +i 1354
start Pos +i 1355
start Pos +i 1356
start Pos +i 1357
start Pos +i 1358
start Pos +i 1359
start Pos +i 1360
start Pos +i 1361
start Pos +i 1362
start Pos +i 1363
start Pos +i 1364
start Pos +i 1365
start Pos +i 1366
start Pos +i 1367
start Pos +i 1368
start Pos +i 1369
start Pos +i 1370
start Pos +i 1371
start Pos +i 1372
start Pos +i 1373
start Pos +i 1374
start Pos +i 1375
start Pos +i 1376
start Pos +i 1377
start Pos +i 1378
start Pos +i 1379
start Pos +i 1380
start Pos +i 1381
start Pos +i 1382
start Pos +i 1383
start Pos +i 1384
start Pos +i 1385
start Pos +i 1386
start Pos +i 1387
start Pos +i 1388
start Pos +i 1389
start Pos +i 1390
start Pos +i 1391
start Pos +i 1392
start Pos +i 1393
start Pos +i 1394
start Pos +i 1395
start Pos +i 1396
start Pos +i 1397
start Pos +i 1398
start Pos +i 1399
my id is 28
start Pos +i 1400
start Pos +i 1401
start Pos +i 1402
start Pos +i 1403
start Pos +i 1404
start Pos +i 1405
start Pos +i 1406
start Pos +i 1407
start Pos +i 1408
start Pos +i 1409
start Pos +i 1410
start Pos +i 1411
start Pos +i 1412
start Pos +i 1413
start Pos +i 1414
start Pos +i 1415
start Pos +i 1416
start Pos +i 1417
start Pos +i 1418
start Pos +i 1419
start Pos +i 1420
start Pos +i 1421
start Pos +i 1422
start Pos +i 1423
start Pos +i 1424
start Pos +i 1425
start Pos +i 1426
start Pos +i 1427
start Pos +i 1428
start Pos +i 1429
start Pos +i 1430
start Pos +i 1431
start Pos +i 1432
start Pos +i 1433
start Pos +i 1434
start Pos +i 1435
start Pos +i 1436
start Pos +i 1437
start Pos +i 1438
start Pos +i 1439
start Pos +i 1440
start Pos +i 1441
start Pos +i 1442
start Pos +i 1443
start Pos +i 1444
start Pos +i 1445
start Pos +i 1446
start Pos +i 1447
start Pos +i 1448
start Pos +i 1449
my id is 29
start Pos +i 1450
start Pos +i 1451
start Pos +i 1452
start Pos +i 1453
start Pos +i 1454
start Pos +i 1455
start Pos +i 1456
start Pos +i 1457
start Pos +i 1458
start Pos +i 1459
start Pos +i 1460
start Pos +i 1461
start Pos +i 1462
start Pos +i 1463
start Pos +i 1464
start Pos +i 1465
start Pos +i 1466
start Pos +i 1467
start Pos +i 1468
start Pos +i 1469
start Pos +i 1470
start Pos +i 1471
start Pos +i 1472
start Pos +i 1473
start Pos +i 1474
start Pos +i 1475
start Pos +i 1476
start Pos +i 1477
start Pos +i 1478
start Pos +i 1479
start Pos +i 1480
start Pos +i 1481
start Pos +i 1482
start Pos +i 1483
start Pos +i 1484
start Pos +i 1485
start Pos +i 1486
start Pos +i 1487
start Pos +i 1488
start Pos +i 1489
start Pos +i 1490
start Pos +i 1491
start Pos +i 1492
start Pos +i 1493
start Pos +i 1494
start Pos +i 1495
start Pos +i 1496
start Pos +i 1497
start Pos +i 1498
start Pos +i 1499
my id is 30
start Pos +i 1500
start Pos +i 1501
start Pos +i 1502
start Pos +i 1503
start Pos +i 1504
start Pos +i 1505
start Pos +i 1506
start Pos +i 1507
start Pos +i 1508
start Pos +i 1509
start Pos +i 1510
start Pos +i 1511
start Pos +i 1512
start Pos +i 1513
start Pos +i 1514
start Pos +i 1515
start Pos +i 1516
start Pos +i 1517
start Pos +i 1518
start Pos +i 1519
start Pos +i 1520
start Pos +i 1521
start Pos +i 1522
start Pos +i 1523
start Pos +i 1524
start Pos +i 1525
start Pos +i 1526
start Pos +i 1527
start Pos +i 1528
start Pos +i 1529
start Pos +i 1530
start Pos +i 1531
start Pos +i 1532
start Pos +i 1533
start Pos +i 1534
start Pos +i 1535
start Pos +i 1536
start Pos +i 1537
start Pos +i 1538
start Pos +i 1539
start Pos +i 1540
start Pos +i 1541
start Pos +i 1542
start Pos +i 1543
start Pos +i 1544
start Pos +i 1545
start Pos +i 1546
start Pos +i 1547
start Pos +i 1548
start Pos +i 1549
my id is 31
start Pos +i 1550
start Pos +i 1551
start Pos +i 1552
start Pos +i 1553
start Pos +i 1554
start Pos +i 1555
start Pos +i 1556
start Pos +i 1557
start Pos +i 1558
start Pos +i 1559
start Pos +i 1560
start Pos +i 1561
start Pos +i 1562
start Pos +i 1563
start Pos +i 1564
start Pos +i 1565
start Pos +i 1566
start Pos +i 1567
start Pos +i 1568
start Pos +i 1569
start Pos +i 1570
start Pos +i 1571
start Pos +i 1572
start Pos +i 1573
start Pos +i 1574
start Pos +i 1575
start Pos +i 1576
start Pos +i 1577
start Pos +i 1578
start Pos +i 1579
start Pos +i 1580
start Pos +i 1581
start Pos +i 1582
start Pos +i 1583
start Pos +i 1584
start Pos +i 1585
start Pos +i 1586
start Pos +i 1587
start Pos +i 1588
start Pos +i 1589
start Pos +i 1590
start Pos +i 1591
start Pos +i 1592
start Pos +i 1593
start Pos +i 1594
start Pos +i 1595
start Pos +i 1596
start Pos +i 1597
start Pos +i 1598
start Pos +i 1599
my id is 32
start Pos +i 1600
start Pos +i 1601
start Pos +i 1602
start Pos +i 1603
start Pos +i 1604
start Pos +i 1605
start Pos +i 1606
start Pos +i 1607
start Pos +i 1608
start Pos +i 1609
start Pos +i 1610
start Pos +i 1611
start Pos +i 1612
start Pos +i 1613
start Pos +i 1614
start Pos +i 1615
start Pos +i 1616
start Pos +i 1617
start Pos +i 1618
start Pos +i 1619
start Pos +i 1620
start Pos +i 1621
start Pos +i 1622
start Pos +i 1623
start Pos +i 1624
start Pos +i 1625
start Pos +i 1626
start Pos +i 1627
start Pos +i 1628
start Pos +i 1629
start Pos +i 1630
start Pos +i 1631
start Pos +i 1632
start Pos +i 1633
start Pos +i 1634
start Pos +i 1635
start Pos +i 1636
start Pos +i 1637
start Pos +i 1638
start Pos +i 1639
start Pos +i 1640
start Pos +i 1641
start Pos +i 1642
start Pos +i 1643
start Pos +i 1644
start Pos +i 1645
start Pos +i 1646
start Pos +i 1647
start Pos +i 1648
start Pos +i 1649
my id is 33
start Pos +i 1650
start Pos +i 1651
start Pos +i 1652
start Pos +i 1653
start Pos +i 1654
start Pos +i 1655
start Pos +i 1656
start Pos +i 1657
start Pos +i 1658
start Pos +i 1659
start Pos +i 1660
start Pos +i 1661
start Pos +i 1662
start Pos +i 1663
start Pos +i 1664
start Pos +i 1665
start Pos +i 1666
start Pos +i 1667
start Pos +i 1668
start Pos +i 1669
start Pos +i 1670
start Pos +i 1671
start Pos +i 1672
start Pos +i 1673
start Pos +i 1674
start Pos +i 1675
start Pos +i 1676
start Pos +i 1677
start Pos +i 1678
start Pos +i 1679
start Pos +i 1680
start Pos +i 1681
start Pos +i 1682
start Pos +i 1683
start Pos +i 1684
start Pos +i 1685
start Pos +i 1686
start Pos +i 1687
start Pos +i 1688
start Pos +i 1689
start Pos +i 1690
start Pos +i 1691
start Pos +i 1692
start Pos +i 1693
start Pos +i 1694
start Pos +i 1695
start Pos +i 1696
start Pos +i 1697
start Pos +i 1698
start Pos +i 1699
my id is 34
start Pos +i 1700
start Pos +i 1701
start Pos +i 1702
start Pos +i 1703
start Pos +i 1704
start Pos +i 1705
start Pos +i 1706
start Pos +i 1707
start Pos +i 1708
start Pos +i 1709
start Pos +i 1710
start Pos +i 1711
start Pos +i 1712
start Pos +i 1713
start Pos +i 1714
start Pos +i 1715
start Pos +i 1716
start Pos +i 1717
start Pos +i 1718
start Pos +i 1719
start Pos +i 1720
start Pos +i 1721
start Pos +i 1722
start Pos +i 1723
start Pos +i 1724
start Pos +i 1725
start Pos +i 1726
start Pos +i 1727
start Pos +i 1728
start Pos +i 1729
start Pos +i 1730
start Pos +i 1731
start Pos +i 1732
start Pos +i 1733
start Pos +i 1734
start Pos +i 1735
start Pos +i 1736
start Pos +i 1737
start Pos +i 1738
start Pos +i 1739
start Pos +i 1740
start Pos +i 1741
start Pos +i 1742
start Pos +i 1743
start Pos +i 1744
start Pos +i 1745
start Pos +i 1746
start Pos +i 1747
start Pos +i 1748
start Pos +i 1749
my id is 35
start Pos +i 1750
start Pos +i 1751
start Pos +i 1752
start Pos +i 1753
start Pos +i 1754
start Pos +i 1755
start Pos +i 1756
start Pos +i 1757
start Pos +i 1758
start Pos +i 1759
start Pos +i 1760
start Pos +i 1761
start Pos +i 1762
start Pos +i 1763
start Pos +i 1764
start Pos +i 1765
start Pos +i 1766
start Pos +i 1767
start Pos +i 1768
start Pos +i 1769
start Pos +i 1770
start Pos +i 1771
start Pos +i 1772
start Pos +i 1773
start Pos +i 1774
start Pos +i 1775
start Pos +i 1776
start Pos +i 1777
start Pos +i 1778
start Pos +i 1779
start Pos +i 1780
start Pos +i 1781
start Pos +i 1782
start Pos +i 1783
start Pos +i 1784
start Pos +i 1785
start Pos +i 1786
start Pos +i 1787
start Pos +i 1788
start Pos +i 1789
start Pos +i 1790
start Pos +i 1791
start Pos +i 1792
start Pos +i 1793
start Pos +i 1794
start Pos +i 1795
start Pos +i 1796
start Pos +i 1797
start Pos +i 1798
start Pos +i 1799
my id is 36
start Pos +i 1800
start Pos +i 1801
start Pos +i 1802
start Pos +i 1803
start Pos +i 1804
start Pos +i 1805
start Pos +i 1806
start Pos +i 1807
start Pos +i 1808
start Pos +i 1809
start Pos +i 1810
start Pos +i 1811
start Pos +i 1812
start Pos +i 1813
start Pos +i 1814
start Pos +i 1815
start Pos +i 1816
start Pos +i 1817
start Pos +i 1818
start Pos +i 1819
start Pos +i 1820
start Pos +i 1821
start Pos +i 1822
start Pos +i 1823
start Pos +i 1824
start Pos +i 1825
start Pos +i 1826
start Pos +i 1827
start Pos +i 1828
start Pos +i 1829
start Pos +i 1830
start Pos +i 1831
start Pos +i 1832
start Pos +i 1833
start Pos +i 1834
start Pos +i 1835
start Pos +i 1836
start Pos +i 1837
start Pos +i 1838
start Pos +i 1839
start Pos +i 1840
start Pos +i 1841
start Pos +i 1842
start Pos +i 1843
start Pos +i 1844
start Pos +i 1845
start Pos +i 1846
start Pos +i 1847
start Pos +i 1848
start Pos +i 1849
my id is 37
start Pos +i 1850
start Pos +i 1851
start Pos +i 1852
start Pos +i 1853
start Pos +i 1854
start Pos +i 1855
start Pos +i 1856
start Pos +i 1857
start Pos +i 1858
start Pos +i 1859
start Pos +i 1860
start Pos +i 1861
start Pos +i 1862
start Pos +i 1863
start Pos +i 1864
start Pos +i 1865
start Pos +i 1866
start Pos +i 1867
start Pos +i 1868
start Pos +i 1869
start Pos +i 1870
start Pos +i 1871
start Pos +i 1872
start Pos +i 1873
start Pos +i 1874
start Pos +i 1875
start Pos +i 1876
start Pos +i 1877
start Pos +i 1878
start Pos +i 1879
start Pos +i 1880
start Pos +i 1881
start Pos +i 1882
start Pos +i 1883
start Pos +i 1884
start Pos +i 1885
start Pos +i 1886
start Pos +i 1887
start Pos +i 1888
start Pos +i 1889
start Pos +i 1890
start Pos +i 1891
start Pos +i 1892
start Pos +i 1893
start Pos +i 1894
start Pos +i 1895
start Pos +i 1896
start Pos +i 1897
start Pos +i 1898
start Pos +i 1899
my id is 38
start Pos +i 1900
start Pos +i 1901
start Pos +i 1902
start Pos +i 1903
start Pos +i 1904
start Pos +i 1905
start Pos +i 1906
start Pos +i 1907
start Pos +i 1908
start Pos +i 1909
start Pos +i 1910
start Pos +i 1911
start Pos +i 1912
start Pos +i 1913
start Pos +i 1914
start Pos +i 1915
start Pos +i 1916
start Pos +i 1917
start Pos +i 1918
start Pos +i 1919
start Pos +i 1920
start Pos +i 1921
start Pos +i 1922
start Pos +i 1923
start Pos +i 1924
start Pos +i 1925
start Pos +i 1926
start Pos +i 1927
start Pos +i 1928
start Pos +i 1929
start Pos +i 1930
start Pos +i 1931
start Pos +i 1932
start Pos +i 1933
start Pos +i 1934
start Pos +i 1935
start Pos +i 1936
start Pos +i 1937
start Pos +i 1938
start Pos +i 1939
start Pos +i 1940
start Pos +i 1941
start Pos +i 1942
start Pos +i 1943
start Pos +i 1944
start Pos +i 1945
start Pos +i 1946
start Pos +i 1947
start Pos +i 1948
start Pos +i 1949
my id is 39
start Pos +i 1950
start Pos +i 1951
start Pos +i 1952
start Pos +i 1953
start Pos +i 1954
start Pos +i 1955
start Pos +i 1956
start Pos +i 1957
start Pos +i 1958
start Pos +i 1959
start Pos +i 1960
start Pos +i 1961
start Pos +i 1962
start Pos +i 1963
start Pos +i 1964
start Pos +i 1965
start Pos +i 1966
start Pos +i 1967
start Pos +i 1968
start Pos +i 1969
start Pos +i 1970
start Pos +i 1971
start Pos +i 1972
start Pos +i 1973
start Pos +i 1974
start Pos +i 1975
start Pos +i 1976
start Pos +i 1977
start Pos +i 1978
start Pos +i 1979
start Pos +i 1980
start Pos +i 1981
start Pos +i 1982
start Pos +i 1983
start Pos +i 1984
start Pos +i 1985
start Pos +i 1986
start Pos +i 1987
start Pos +i 1988
start Pos +i 1989
start Pos +i 1990
start Pos +i 1991
start Pos +i 1992
start Pos +i 1993
start Pos +i 1994
start Pos +i 1995
start Pos +i 1996
start Pos +i 1997
start Pos +i 1998
start Pos +i 1999
my id is 24
start Pos +i 1200
start Pos +i 1201
start Pos +i 1202
start Pos +i 1203
start Pos +i 1204
start Pos +i 1205
start Pos +i 1206
start Pos +i 1207
start Pos +i 1208
start Pos +i 1209
start Pos +i 1210
start Pos +i 1211
start Pos +i 1212
start Pos +i 1213
start Pos +i 1214
start Pos +i 1215
start Pos +i 1216
start Pos +i 1217
start Pos +i 1218
start Pos +i 1219
start Pos +i 1220
start Pos +i 1221
start Pos +i 1222
start Pos +i 1223
start Pos +i 1224
start Pos +i 1225
start Pos +i 1226
start Pos +i 1227
start Pos +i 1228
start Pos +i 1229
start Pos +i 1230
start Pos +i 1231
start Pos +i 1232
start Pos +i 1233
start Pos +i 1234
start Pos +i 1235
start Pos +i 1236
start Pos +i 1237
start Pos +i 1238
start Pos +i 1239
start Pos +i 1240
start Pos +i 1241
start Pos +i 1242
start Pos +i 1243
start Pos +i 1244
start Pos +i 1245
start Pos +i 1246
start Pos +i 1247
start Pos +i 1248
start Pos +i 1249
my id is 23
start Pos +i 1150
start Pos +i 1151
start Pos +i 1152
start Pos +i 1153
start Pos +i 1154
start Pos +i 1155
start Pos +i 1156
start Pos +i 1157
start Pos +i 1158
start Pos +i 1159
start Pos +i 1160
start Pos +i 1161
start Pos +i 1162
start Pos +i 1163
start Pos +i 1164
start Pos +i 1165
start Pos +i 1166
start Pos +i 1167
start Pos +i 1168
start Pos +i 1169
start Pos +i 1170
start Pos +i 1171
start Pos +i 1172
start Pos +i 1173
start Pos +i 1174
start Pos +i 1175
start Pos +i 1176
start Pos +i 1177
start Pos +i 1178
start Pos +i 1179
start Pos +i 1180
start Pos +i 1181
start Pos +i 1182
start Pos +i 1183
start Pos +i 1184
start Pos +i 1185
start Pos +i 1186
start Pos +i 1187
start Pos +i 1188
start Pos +i 1189
start Pos +i 1190
start Pos +i 1191
start Pos +i 1192
start Pos +i 1193
start Pos +i 1194
start Pos +i 1195
start Pos +i 1196
start Pos +i 1197
start Pos +i 1198
start Pos +i 1199
my id is 22
start Pos +i 1100
start Pos +i 1101
start Pos +i 1102
start Pos +i 1103
start Pos +i 1104
start Pos +i 1105
start Pos +i 1106
start Pos +i 1107
start Pos +i 1108
start Pos +i 1109
start Pos +i 1110
start Pos +i 1111
start Pos +i 1112
start Pos +i 1113
start Pos +i 1114
start Pos +i 1115
start Pos +i 1116
start Pos +i 1117
start Pos +i 1118
start Pos +i 1119
start Pos +i 1120
start Pos +i 1121
start Pos +i 1122
start Pos +i 1123
start Pos +i 1124
start Pos +i 1125
start Pos +i 1126
start Pos +i 1127
start Pos +i 1128
start Pos +i 1129
start Pos +i 1130
start Pos +i 1131
start Pos +i 1132
start Pos +i 1133
start Pos +i 1134
start Pos +i 1135
start Pos +i 1136
start Pos +i 1137
start Pos +i 1138
start Pos +i 1139
start Pos +i 1140
start Pos +i 1141
start Pos +i 1142
start Pos +i 1143
start Pos +i 1144
start Pos +i 1145
start Pos +i 1146
start Pos +i 1147
start Pos +i 1148
start Pos +i 1149
my id is 21
start Pos +i 1050
start Pos +i 1051
start Pos +i 1052
start Pos +i 1053
start Pos +i 1054
start Pos +i 1055
start Pos +i 1056
start Pos +i 1057
start Pos +i 1058
start Pos +i 1059
start Pos +i 1060
start Pos +i 1061
start Pos +i 1062
start Pos +i 1063
start Pos +i 1064
start Pos +i 1065
start Pos +i 1066
start Pos +i 1067
start Pos +i 1068
start Pos +i 1069
start Pos +i 1070
start Pos +i 1071
start Pos +i 1072
start Pos +i 1073
start Pos +i 1074
start Pos +i 1075
start Pos +i 1076
start Pos +i 1077
start Pos +i 1078
start Pos +i 1079
start Pos +i 1080
start Pos +i 1081
start Pos +i 1082
start Pos +i 1083
start Pos +i 1084
start Pos +i 1085
start Pos +i 1086
start Pos +i 1087
start Pos +i 1088
start Pos +i 1089
start Pos +i 1090
start Pos +i 1091
start Pos +i 1092
start Pos +i 1093
start Pos +i 1094
start Pos +i 1095
start Pos +i 1096
start Pos +i 1097
start Pos +i 1098
start Pos +i 1099
my id is 20
start Pos +i 1000
start Pos +i 1001
start Pos +i 1002
start Pos +i 1003
start Pos +i 1004
start Pos +i 1005
start Pos +i 1006
start Pos +i 1007
start Pos +i 1008
start Pos +i 1009
start Pos +i 1010
start Pos +i 1011
start Pos +i 1012
start Pos +i 1013
start Pos +i 1014
start Pos +i 1015
start Pos +i 1016
start Pos +i 1017
start Pos +i 1018
start Pos +i 1019
start Pos +i 1020
start Pos +i 1021
start Pos +i 1022
start Pos +i 1023
start Pos +i 1024
start Pos +i 1025
start Pos +i 1026
start Pos +i 1027
start Pos +i 1028
start Pos +i 1029
start Pos +i 1030
start Pos +i 1031
start Pos +i 1032
start Pos +i 1033
start Pos +i 1034
start Pos +i 1035
start Pos +i 1036
start Pos +i 1037
start Pos +i 1038
start Pos +i 1039
start Pos +i 1040
start Pos +i 1041
start Pos +i 1042
start Pos +i 1043
start Pos +i 1044
start Pos +i 1045
start Pos +i 1046
start Pos +i 1047
start Pos +i 1048
start Pos +i 1049
count 1000Line 1000: 0
Line 1001: 0
Line 1002: 0
Line 1003: 0
Line 1004: 0
Line 1005: 0
Line 1006: 0
Line 1007: 0
Line 1008: 0
Line 1009: 0
Line 1010: 0
Line 1011: 0
Line 1012: 0
Line 1013: 0
Line 1014: 0
Line 1015: 0
Line 1016: 0
Line 1017: 0
Line 1018: 0
Line 1019: 0
Line 1020: 0
Line 1021: 0
Line 1022: 0
Line 1023: 0
Line 1024: 0
Line 1025: 0
Line 1026: 0
Line 1027: 0
Line 1028: 0
Line 1029: 0
Line 1030: 0
Line 1031: 0
Line 1032: 0
Line 1033: 0
Line 1034: 0
Line 1035: 0
Line 1036: 0
Line 1037: 0
Line 1038: 0
Line 1039: 0
Line 1040: 0
Line 1041: 0
Line 1042: 0
Line 1043: 0
Line 1044: 0
Line 1045: 0
Line 1046: 0
Line 1047: 0
Line 1048: 0
Line 1049: 0
Line 1050: 0
Line 1051: 0
Line 1052: 0
Line 1053: 0
Line 1054: 0
Line 1055: 0
Line 1056: 0
Line 1057: 0
Line 1058: 0
Line 1059: 0
Line 1060: 0
Line 1061: 0
Line 1062: 0
Line 1063: 0
Line 1064: 0
Line 1065: 0
Line 1066: 0
Line 1067: 0
Line 1068: 0
Line 1069: 0
Line 1070: 0
Line 1071: 0
Line 1072: 0
Line 1073: 0
Line 1074: 0
Line 1075: 0
Line 1076: 0
Line 1077: 0
Line 1078: 0
Line 1079: 0
Line 1080: 0
Line 1081: 0
Line 1082: 0
Line 1083: 0
Line 1084: 0
Line 1085: 0
Line 1086: 0
Line 1087: 0
Line 1088: 0
Line 1089: 0
Line 1090: 0
Line 1091: 0
Line 1092: 0
Line 1093: 0
Line 1094: 0
Line 1095: 0
Line 1096: 0
Line 1097: 0
Line 1098: 0
Line 1099: 0
Line 1100: 0
Line 1101: 0
Line 1102: 0
Line 1103: 0
Line 1104: 0
Line 1105: 0
Line 1106: 0
Line 1107: 0
Line 1108: 0
Line 1109: 0
Line 1110: 0
Line 1111: 0
Line 1112: 0
Line 1113: 0
Line 1114: 0
Line 1115: 0
Line 1116: 0
Line 1117: 0
Line 1118: 0
Line 1119: 0
Line 1120: 0
Line 1121: 0
Line 1122: 0
Line 1123: 0
Line 1124: 0
Line 1125: 0
Line 1126: 0
Line 1127: 0
Line 1128: 0
Line 1129: 0
Line 1130: 0
Line 1131: 0
Line 1132: 0
Line 1133: 0
Line 1134: 0
Line 1135: 0
Line 1136: 0
Line 1137: 0
Line 1138: 0
Line 1139: 0
Line 1140: 0
Line 1141: 0
Line 1142: 0
Line 1143: 0
Line 1144: 0
Line 1145: 0
Line 1146: 0
Line 1147: 0
Line 1148: 0
Line 1149: 0
Line 1150: 0
Line 1151: 0
Line 1152: 0
Line 1153: 0
Line 1154: 0
Line 1155: 0
Line 1156: 0
Line 1157: 0
Line 1158: 0
Line 1159: 0
Line 1160: 0
Line 1161: 0
Line 1162: 0
Line 1163: 0
Line 1164: 0
Line 1165: 0
Line 1166: 0
Line 1167: 0
Line 1168: 0
Line 1169: 0
Line 1170: 0
Line 1171: 0
Line 1172: 0
Line 1173: 0
Line 1174: 0
Line 1175: 0
Line 1176: 0
Line 1177: 0
Line 1178: 0
Line 1179: 0
Line 1180: 0
Line 1181: 0
Line 1182: 0
Line 1183: 0
Line 1184: 0
Line 1185: 0
Line 1186: 0
Line 1187: 0
Line 1188: 0
Line 1189: 0
Line 1190: 0
Line 1191: 0
Line 1192: 0
Line 1193: 0
Line 1194: 0
Line 1195: 0
Line 1196: 0
Line 1197: 0
Line 1198: 0
Line 1199: 0
Line 1200: 0
Line 1201: 0
Line 1202: 0
Line 1203: 0
Line 1204: 0
Line 1205: 0
Line 1206: 0
Line 1207: 0
Line 1208: 0
Line 1209: 0
Line 1210: 0
Line 1211: 0
Line 1212: 0
Line 1213: 0
Line 1214: 0
Line 1215: 0
Line 1216: 0
Line 1217: 0
Line 1218: 0
Line 1219: 0
Line 1220: 0
Line 1221: 0
Line 1222: 0
Line 1223: 0
Line 1224: 0
Line 1225: 0
Line 1226: 0
Line 1227: 0
Line 1228: 0
Line 1229: 0
Line 1230: 0
Line 1231: 0
Line 1232: 0
Line 1233: 0
Line 1234: 0
Line 1235: 0
Line 1236: 0
Line 1237: 0
Line 1238: 0
Line 1239: 0
Line 1240: 0
Line 1241: 0
Line 1242: 0
Line 1243: 0
Line 1244: 0
Line 1245: 0
Line 1246: 0
Line 1247: 0
Line 1248: 0
Line 1249: 0
Line 1250: 0
Line 1251: 0
Line 1252: 0
Line 1253: 0
Line 1254: 0
Line 1255: 0
Line 1256: 0
Line 1257: 0
Line 1258: 0
Line 1259: 0
Line 1260: 0
Line 1261: 0
Line 1262: 0
Line 1263: 0
Line 1264: 0
Line 1265: 0
Line 1266: 0
Line 1267: 0
Line 1268: 0
Line 1269: 0
Line 1270: 0
Line 1271: 0
Line 1272: 0
Line 1273: 0
Line 1274: 0
Line 1275: 0
Line 1276: 0
Line 1277: 0
Line 1278: 0
Line 1279: 0
Line 1280: 0
Line 1281: 0
Line 1282: 0
Line 1283: 0
Line 1284: 0
Line 1285: 0
Line 1286: 0
Line 1287: 0
Line 1288: 0
Line 1289: 0
Line 1290: 0
Line 1291: 0
Line 1292: 0
Line 1293: 0
Line 1294: 0
Line 1295: 0
Line 1296: 0
Line 1297: 0
Line 1298: 0
Line 1299: 0
Line 1300: 0
Line 1301: 0
Line 1302: 0
Line 1303: 0
Line 1304: 0
Line 1305: 0
Line 1306: 0
Line 1307: 0
Line 1308: 0
Line 1309: 0
Line 1310: 0
Line 1311: 0
Line 1312: 0
Line 1313: 0
Line 1314: 0
Line 1315: 0
Line 1316: 0
Line 1317: 0
Line 1318: 0
Line 1319: 0
Line 1320: 0
Line 1321: 0
Line 1322: 0
Line 1323: 0
Line 1324: 0
Line 1325: 0
Line 1326: 0
Line 1327: 0
Line 1328: 0
Line 1329: 0
Line 1330: 0
Line 1331: 0
Line 1332: 0
Line 1333: 0
Line 1334: 0
Line 1335: 0
Line 1336: 0
Line 1337: 0
Line 1338: 0
Line 1339: 0
Line 1340: 0
Line 1341: 0
Line 1342: 0
Line 1343: 0
Line 1344: 0
Line 1345: 0
Line 1346: 0
Line 1347: 0
Line 1348: 0
Line 1349: 0
Line 1350: 0
Line 1351: 0
Line 1352: 0
Line 1353: 0
Line 1354: 0
Line 1355: 0
Line 1356: 0
Line 1357: 0
Line 1358: 0
Line 1359: 0
Line 1360: 0
Line 1361: 0
Line 1362: 0
Line 1363: 0
Line 1364: 0
Line 1365: 0
Line 1366: 0
Line 1367: 0
Line 1368: 0
Line 1369: 0
Line 1370: 0
Line 1371: 0
Line 1372: 0
Line 1373: 0
Line 1374: 0
Line 1375: 0
Line 1376: 0
Line 1377: 0
Line 1378: 0
Line 1379: 0
Line 1380: 0
Line 1381: 0
Line 1382: 0
Line 1383: 0
Line 1384: 0
Line 1385: 0
Line 1386: 0
Line 1387: 0
Line 1388: 0
Line 1389: 0
Line 1390: 0
Line 1391: 0
Line 1392: 0
Line 1393: 0
Line 1394: 0
Line 1395: 0
Line 1396: 0
Line 1397: 0
Line 1398: 0
Line 1399: 0
Line 1400: 0
Line 1401: 0
Line 1402: 0
Line 1403: 0
Line 1404: 0
Line 1405: 0
Line 1406: 0
Line 1407: 0
Line 1408: 0
Line 1409: 0
Line 1410: 0
Line 1411: 0
Line 1412: 0
Line 1413: 0
Line 1414: 0
Line 1415: 0
Line 1416: 0
Line 1417: 0
Line 1418: 0
Line 1419: 0
Line 1420: 0
Line 1421: 0
Line 1422: 0
Line 1423: 0
Line 1424: 0
Line 1425: 0
Line 1426: 0
Line 1427: 0
Line 1428: 0
Line 1429: 0
Line 1430: 0
Line 1431: 0
Line 1432: 0
Line 1433: 0
Line 1434: 0
Line 1435: 0
Line 1436: 0
Line 1437: 0
Line 1438: 0
Line 1439: 0
Line 1440: 0
Line 1441: 0
Line 1442: 0
Line 1443: 0
Line 1444: 0
Line 1445: 0
Line 1446: 0
Line 1447: 0
Line 1448: 0
Line 1449: 0
Line 1450: 0
Line 1451: 0
Line 1452: 0
Line 1453: 0
Line 1454: 0
Line 1455: 0
Line 1456: 0
Line 1457: 0
Line 1458: 0
Line 1459: 0
Line 1460: 0
Line 1461: 0
Line 1462: 0
Line 1463: 0
Line 1464: 0
Line 1465: 0
Line 1466: 0
Line 1467: 0
Line 1468: 0
Line 1469: 0
Line 1470: 0
Line 1471: 0
Line 1472: 0
Line 1473: 0
Line 1474: 0
Line 1475: 0
Line 1476: 0
Line 1477: 0
Line 1478: 0
Line 1479: 0
Line 1480: 0
Line 1481: 0
Line 1482: 0
Line 1483: 0
Line 1484: 0
Line 1485: 0
Line 1486: 0
Line 1487: 0
Line 1488: 0
Line 1489: 0
Line 1490: 0
Line 1491: 0
Line 1492: 0
Line 1493: 0
Line 1494: 0
Line 1495: 0
Line 1496: 0
Line 1497: 0
Line 1498: 0
Line 1499: 0
Line 1500: 0
Line 1501: 0
Line 1502: 0
Line 1503: 0
Line 1504: 0
Line 1505: 0
Line 1506: 0
Line 1507: 0
Line 1508: 0
Line 1509: 0
Line 1510: 0
Line 1511: 0
Line 1512: 0
Line 1513: 0
Line 1514: 0
Line 1515: 0
Line 1516: 0
Line 1517: 0
Line 1518: 0
Line 1519: 0
Line 1520: 0
Line 1521: 0
Line 1522: 0
Line 1523: 0
Line 1524: 0
Line 1525: 0
Line 1526: 0
Line 1527: 0
Line 1528: 0
Line 1529: 0
Line 1530: 0
Line 1531: 0
Line 1532: 0
Line 1533: 0
Line 1534: 0
Line 1535: 0
Line 1536: 0
Line 1537: 0
Line 1538: 0
Line 1539: 0
Line 1540: 0
Line 1541: 0
Line 1542: 0
Line 1543: 0
Line 1544: 0
Line 1545: 0
Line 1546: 0
Line 1547: 0
Line 1548: 0
Line 1549: 0
Line 1550: 0
Line 1551: 0
Line 1552: 0
Line 1553: 0
Line 1554: 0
Line 1555: 0
Line 1556: 0
Line 1557: 0
Line 1558: 0
Line 1559: 0
Line 1560: 0
Line 1561: 0
Line 1562: 0
Line 1563: 0
Line 1564: 0
Line 1565: 0
Line 1566: 0
Line 1567: 0
Line 1568: 0
Line 1569: 0
Line 1570: 0
Line 1571: 0
Line 1572: 0
Line 1573: 0
Line 1574: 0
Line 1575: 0
Line 1576: 0
Line 1577: 0
Line 1578: 0
Line 1579: 0
Line 1580: 0
Line 1581: 0
Line 1582: 0
Line 1583: 0
Line 1584: 0
Line 1585: 0
Line 1586: 0
Line 1587: 0
Line 1588: 0
Line 1589: 0
Line 1590: 0
Line 1591: 0
Line 1592: 0
Line 1593: 0
Line 1594: 0
Line 1595: 0
Line 1596: 0
Line 1597: 0
Line 1598: 0
Line 1599: 0
Line 1600: 0
Line 1601: 0
Line 1602: 0
Line 1603: 0
Line 1604: 0
Line 1605: 0
Line 1606: 0
Line 1607: 0
Line 1608: 0
Line 1609: 0
Line 1610: 0
Line 1611: 0
Line 1612: 0
Line 1613: 0
Line 1614: 0
Line 1615: 0
Line 1616: 0
Line 1617: 0
Line 1618: 0
Line 1619: 0
Line 1620: 0
L/var/spool/slurm/d/job21462643/slurm_script: line 12: 3304266 Segmentation fault      (core dumped) /homes/sekabanj/CIS_520_P4/pthreads
