
The following have been reloaded with a version change:
  1) FFTW.MPI/3.3.10-gompi-2022a => FFTW.MPI/3.3.10-gompi-2023b
  2) FFTW/3.3.10-GCC-11.3.0 => FFTW/3.3.10-GCC-13.2.0
  3) FlexiBLAS/3.2.0-GCC-11.3.0 => FlexiBLAS/3.3.1-GCC-13.2.0
  4) GCC/11.3.0 => GCC/13.2.0
  5) GCCcore/11.3.0 => GCCcore/13.2.0
  6) OpenBLAS/0.3.20-GCC-11.3.0 => OpenBLAS/0.3.24-GCC-13.2.0
  7) OpenMPI/4.1.4-GCC-11.3.0 => OpenMPI/4.1.6-GCC-13.2.0
  8) PMIx/4.1.2-GCCcore-11.3.0 => PMIx/4.2.6-GCCcore-13.2.0
  9) ScaLAPACK/2.2.0-gompi-2022a-fb => ScaLAPACK/2.2.0-gompi-2023b-fb
 10) UCC/1.0.0-GCCcore-11.3.0 => UCC/1.2.0-GCCcore-13.2.0
 11) UCX/1.12.1-GCCcore-11.3.0 => UCX/1.15.0-GCCcore-13.2.0
 12) XZ/5.2.5-GCCcore-11.3.0 => XZ/5.4.4-GCCcore-13.2.0
 13) binutils/2.38-GCCcore-11.3.0 => binutils/2.40-GCCcore-13.2.0
 14) foss/2022a => foss/2023b
 15) gompi/2022a => gompi/2023b
 16) hwloc/2.7.1-GCCcore-11.3.0 => hwloc/2.9.2-GCCcore-13.2.0
 17) libevent/2.1.12-GCCcore-11.3.0 => libevent/2.1.12-GCCcore-13.2.0
 18) libfabric/1.15.1-GCCcore-11.3.0 => libfabric/1.19.0-GCCcore-13.2.0
 19) libpciaccess/0.16-GCCcore-11.3.0 => libpciaccess/0.17-GCCcore-13.2.0
 20) libxml2/2.9.13-GCCcore-11.3.0 => libxml2/2.11.5-GCCcore-13.2.0
 21) numactl/2.0.14-GCCcore-11.3.0 => numactl/2.0.16-GCCcore-13.2.0
 22) zlib/1.2.12-GCCcore-11.3.0 => zlib/1.2.13-GCCcore-13.2.0

my id is 1Process 1 finished in 0.000 s
my id is 3Process 3 finished in 0.000 s
my id is 2Process 2 finished in 0.000 s
my id is 5Process 5 finished in 0.000 s
my id is 7Process 7 finished in 0.000 s
my id is 6Process 6 finished in 0.000 s
my id is 0offset 0 count 1000
Line 0: 125
Line 1: 125
Line 2: 125
Line 3: 125
Line 4: 125
Line 5: 125
Line 6: 125
Line 7: 125
Line 8: 125
Line 9: 124
Line 10: 125
Line 11: 125
Line 12: 125
Line 13: 126
Line 14: 125
Line 15: 125
Line 16: 125
Line 17: 125
Line 18: 125
Line 19: 125
my id is 4Process 4 finished in 0.013 s
Line 20: 125
Line 21: 125
Line 22: 125
Line 23: 125
Line 24: 125
Line 25: 124
Line 26: 125
Line 27: 125
Line 28: 125
Line 29: 125
Line 30: 125
Line 31: 125
Line 32: 125
Line 33: 125
Line 34: 125
Line 35: 125
Line 36: 125
Line 37: 125
Line 38: 125
Line 39: 125
Line 40: 125
Line 41: 125
Line 42: 125
Line 43: 125
Line 44: 125
Line 45: 125
Line 46: 125
Line 47: 125
Line 48: 125
Line 49: 125
Line 50: 125
Line 51: 125
Line 52: 122
Line 53: 125
Line 54: 125
Line 55: 125
Line 56: 125
Line 57: 125
Line 58: 125
Line 59: 125
Line 60: 125
Line 61: 125
Line 62: 125
Line 63: 125
Line 64: 125
Line 65: 125
Line 66: 125
Line 67: 125
Line 68: 125
Line 69: 125
Line 70: 124
Line 71: 125
Line 72: 125
Line 73: 125
Line 74: 125
Line 75: 125
Line 76: 125
Line 77: 125
Line 78: 125
Line 79: 125
Line 80: 125
Line 81: 125
Line 82: 125
Line 83: 125
Line 84: 125
Line 85: 125
Line 86: 125
Line 87: 125
Line 88: 125
Line 89: 125
Line 90: 125
Line 91: 125
Line 92: 125
Line 93: 125
Line 94: 125
Line 95: 125
Line 96: 125
Line 97: 122
Line 98: 125
Line 99: 125
Line 100: 0
Line 101: 0
Line 102: 0
Line 103: 0
Line 104: 0
Line 105: 0
Line 106: 0
Line 107: 0
Line 108: 0
Line 109: 0
Line 110: 0
Line 111: 0
Line 112: 0
Line 113: 0
Line 114: 0
Line 115: 0
Line 116: 0
Line 117: 0
Line 118: 0
Line 119: 0
Line 120: 0
Line 121: 0
Line 122: 0
Line 123: 0
Line 124: 0
Line 125: 0
Line 126: 0
Line 127: 0
Line 128: 0
Line 129: 0
Line 130: 0
Line 131: 0
Line 132: 0
Line 133: 0
Line 134: 0
Line 135: 0
Line 136: 0
Line 137: 0
Line 138: 0
Line 139: 0
Line 140: 0
Line 141: 0
Line 142: 0
Line 143: 0
Line 144: 0
Line 145: 0
Line 146: 0
Line 147: 0
Line 148: 0
Line 149: 0
Line 150: 0
Line 151: 0
Line 152: 0
Line 153: 0
Line 154: 0
Line 155: 0
Line 156: 0
Line 157: 0
Line 158: 0
Line 159: 0
Line 160: 0
Line 161: 0
Line 162: 0
Line 163: 0
Line 164: 0
Line 165: 0
Line 166: 0
Line 167: 0
Line 168: 0
Line 169: 0
Line 170: 0
Line 171: 0
Line 172: 0
Line 173: 0
Line 174: 0
Line 175: 0
Line 176: 0
Line 177: 0
Line 178: 0
Line 179: 0
Line 180: 0
Line 181: 0
Line 182: 0
Line 183: 0
Line 184: 0
Line 185: 0
Line 186: 0
Line 187: 0
Line 188: 0
Line 189: 0
Line 190: 0
Line 191: 0
Line 192: 0
Line 193: 0
Line 194: 0
Line 195: 0
Line 196: 0
Line 197: 0
Line 198: 0
Line 199: 0
Line 200: 0
Line 201: 0
Line 202: 0
Line 203: 0
Line 204: 0
Line 205: 0
Line 206: 0
Line 207: 0
Line 208: 0
Line 209: 0
Line 210: 0
Line 211: 0
Line 212: 0
Line 213: 0
Line 214: 0
Line 215: 0
Line 216: 0
Line 217: 0
Line 218: 0
Line 219: 0
Line 220: 0
Line 221: 0
Line 222: 0
Line 223: 0
Line 224: 0
Line 225: 0
Line 226: 0
Line 227: 0
Line 228: 0
Line 229: 0
Line 230: 0
Line 231: 0
Line 232: 0
Line 233: 0
Line 234: 0
Line 235: 0
Line 236: 0
Line 237: 0
Line 238: 0
Line 239: 0
Line 240: 0
Line 241: 0
Line 242: 0
Line 243: 0
Line 244: 0
Line 245: 0
Line 246: 0
Line 247: 0
Line 248: 0
Line 249: 0
Line 250: 0
Line 251: 0
Line 252: 0
Line 253: 0
Line 254: 0
Line 255: 0
Line 256: 0
Line 257: 0
Line 258: 0
Line 259: 0
Line 260: 0
Line 261: 0
Line 262: 0
Line 263: 0
Line 264: 0
Line 265: 0
Line 266: 0
Line 267: 0
Line 268: 0
Line 269: 0
Line 270: 0
Line 271: 0
Line 272: 0
Line 273: 0
Line 274: 0
Line 275: 0
Line 276: 0
Line 277: 0
Line 278: 0
Line 279: 0
Line 280: 0
Line 281: 0
Line 282: 0
Line 283: 0
Line 284: 0
Line 285: 0
Line 286: 0
Line 287: 0
Line 288: 0
Line 289: 0
Line 290: 0
Line 291: 0
Line 292: 0
Line 293: 0
Line 294: 0
Line 295: 0
Line 296: 0
Line 297: 0
Line 298: 0
Line 299: 0
Line 300: 0
Line 301: 0
Line 302: 0
Line 303: 0
Line 304: 0
Line 305: 0
Line 306: 0
Line 307: 0
Line 308: 0
Line 309: 0
Line 310: 0
Line 311: 0
Line 312: 0
Line 313: 0
Line 314: 0
Line 315: 0
Line 316: 0
Line 317: 0
Line 318: 0
Line 319: 0
Line 320: 0
Line 321: 0
Line 322: 0
Line 323: 0
Line 324: 0
Line 325: 0
Line 326: 0
Line 327: 0
Line 328: 0
Line 329: 0
Line 330: 0
Line 331: 0
Line 332: 0
Line 333: 0
Line 334: 0
Line 335: 0
Line 336: 0
Line 337: 0
Line 338: 0
Line 339: 0
Line 340: 0
Line 341: 0
Line 342: 0
Line 343: 0
Line 344: 0
Line 345: 0
Line 346: 0
Line 347: 0
Line 348: 0
Line 349: 0
Line 350: 0
Line 351: 0
Line 352: 0
Line 353: 0
Line 354: 0
Line 355: 0
Line 356: 0
Line 357: 0
Line 358: 0
Line 359: 0
Line 360: 0
Line 361: 0
Line 362: 0
Line 363: 0
Line 364: 0
Line 365: 0
Line 366: 0
Line 367: 0
Line 368: 0
Line 369: 0
Line 370: 0
Line 371: 0
Line 372: 0
Line 373: 0
Line 374: 0
Line 375: 0
Line 376: 0
Line 377: 0
Line 378: 0
Line 379: 0
Line 380: 0
Line 381: 0
Line 382: 0
Line 383: 0
Line 384: 0
Line 385: 0
Line 386: 0
Line 387: 0
Line 388: 0
Line 389: 0
Line 390: 0
Line 391: 0
Line 392: 0
Line 393: 0
Line 394: 0
Line 395: 0
Line 396: 0
Line 397: 0
Line 398: 0
Line 399: 0
Line 400: 0
Line 401: 0
Line 402: 0
Line 403: 0
Line 404: 0
Line 405: 0
Line 406: 0
Line 407: 0
Line 408: 0
Line 409: 0
Line 410: 0
Line 411: 0
Line 412: 0
Line 413: 0
Line 414: 0
Line 415: 0
Line 416: 0
Line 417: 0
Line 418: 0
Line 419: 0
Line 420: 0
Line 421: 0
Line 422: 0
Line 423: 0
Line 424: 0
Line 425: 0
Line 426: 0
Line 427: 0
Line 428: 0
Line 429: 0
Line 430: 0
Line 431: 0
Line 432: 0
Line 433: 0
Line 434: 0
Line 435: 0
Line 436: 0
Line 437: 0
Line 438: 0
Line 439: 0
Line 440: 0
Line 441: 0
Line 442: 0
Line 443: 0
Line 444: 0
Line 445: 0
Line 446: 0
Line 447: 0
Line 448: 0
Line 449: 0
Line 450: 0
Line 451: 0
Line 452: 0
Line 453: 0
Line 454: 0
Line 455: 0
Line 456: 0
Line 457: 0
Line 458: 0
Line 459: 0
Line 460: 0
Line 461: 0
Line 462: 0
Line 463: 0
Line 464: 0
Line 465: 0
Line 466: 0
Line 467: 0
Line 468: 0
Line 469: 0
Line 470: 0
Line 471: 0
Line 472: 0
Line 473: 0
Line 474: 0
Line 475: 0
Line 476: 0
Line 477: 0
Line 478: 0
Line 479: 0
Line 480: 0
Line 481: 0
Line 482: 0
Line 483: 0
Line 484: 0
Line 485: 0
Line 486: 0
Line 487: 0
Line 488: 0
Line 489: 0
Line 490: 0
Line 491: 0
Line 492: 0
Line 493: 0
Line 494: 0
Line 495: 0
Line 496: 0
Line 497: 0
Line 498: 0
Line 499: 0
Line 500: 0
Line 501: 0
Line 502: 0
Line 503: 0
Line 504: 0
Line 505: 0
Line 506: 0
Line 507: 0
Line 508: 0
Line 509: 0
Line 510: 0
Line 511: 0
Line 512: 0
Line 513: 0
Line 514: 0
Line 515: 0
Line 516: 0
Line 517: 0
Line 518: 0
Line 519: 0
Line 520: 0
Line 521: 0
Line 522: 0
Line 523: 0
Line 524: 0
Line 525: 0
Line 526: 0
Line 527: 0
Line 528: 0
Line 529: 0
Line 530: 0
Line 531: 0
Line 532: 0
Line 533: 0
Line 534: 0
Line 535: 0
Line 536: 0
Line 537: 0
Line 538: 0
Line 539: 0
Line 540: 0
Line 541: 0
Line 542: 0
Line 543: 0
Line 544: 0
Line 545: 0
Line 546: 0
Line 547: 0
Line 548: 0
Line 549: 0
Line 550: 0
Line 551: 0
Line 552: 0
Line 553: 0
Line 554: 0
Line 555: 0
Line 556: 0
Line 557: 0
Line 558: 0
Line 559: 0
Line 560: 0
Line 561: 0
Line 562: 0
Line 563: 0
Line 564: 0
Line 565: 0
Line 566: 0
Line 567: 0
Line 568: 0
Line 569: 0
Line 570: 0
Line 571: 0
Line 572: 0
Line 573: 0
Line 574: 0
Line 575: 0
Line 576: 0
Line 577: 0
Line 578: 0
Line 579: 0
Line 580: 0
Line 581: 0
Line 582: 0
Line 583: 0
Line 584: 0
Line 585: 0
Line 586: 0
Line 587: 0
Line 588: 0
Line 589: 0
Line 590: 0
Line 591: 0
Line 592: 0
Line 593: 0
Line 594: 0
Line 595: 0
Line 596: 0
Line 597: 0
Line 598: 0
Line 599: 0
Line 600: 0
Line 601: 0
Line 602: 0
Line 603: 0
Line 604: 0
Line 605: 0
Line 606: 0
Line 607: 0
Line 608: 0
Line 609: 0
Line 610: 0
Line 611: 0
Line 612: 0
Line 613: 0
Line 614: 0
Line 615: 0
Line 616: 0
Line 617: 0
Line 618: 0
Line 619: 0
Line 620: 0
Line 621: 0
Line 622: 0
Line 623: 0
Line 624: 0
Line 625: 0
Line 626: 0
Line 627: 0
Line 628: 0
Line 629: 0
Line 630: 0
Line 631: 0
Line 632: 0
Line 633: 0
Line 634: 0
Line 635: 0
Line 636: 0
Line 637: 0
Line 638: 0
Line 639: 0
Line 640: 0
Line 641: 0
Line 642: 0
Line 643: 0
Line 644: 0
Line 645: 0
Line 646: 0
Line 647: 0
Line 648: 0
Line 649: 0
Line 650: 0
Line 651: 0
Line 652: 0
Line 653: 0
Line 654: 0
Line 655: 0
Line 656: 0
Line 657: 0
Line 658: 0
Line 659: 0
Line 660: 0
Line 661: 0
Line 662: 0
Line 663: 0
Line 664: 0
Line 665: 0
Line 666: 0
Line 667: 0
Line 668: 0
Line 669: 0
Line 670: 0
Line 671: 0
Line 672: 0
Line 673: 0
Line 674: 0
Line 675: 0
Line 676: 0
Line 677: 0
Line 678: 0
Line 679: 0
Line 680: 0
Line 681: 0
Line 682: 0
Line 683: 0
Line 684: 0
Line 685: 0
Line 686: 0
Line 687: 0
Line 688: 0
Line 689: 0
Line 690: 0
Line 691: 0
Line 692: 0
Line 693: 0
Line 694: 0
Line 695: 0
Line 696: 0
Line 697: 0
Line 698: 0
Line 699: 0
Line 700: 0
Line 701: 0
Line 702: 0
Line 703: 0
Line 704: 0
Line 705: 0
Line 706: 0
Line 707: 0
Line 708: 0
Line 709: 0
Line 710: 0
Line 711: 0
Line 712: 0
Line 713: 0
Line 714: 0
Line 715: 0
Line 716: 0
Line 717: 0
Line 718: 0
Line 719: 0
Line 720: 0
Line 721: 0
Line 722: 0
Line 723: 0
Line 724: 0
Line 725: 0
Line 726: 0
Line 727: 0
Line 728: 0
Line 729: 0
Line 730: 0
Line 731: 0
Line 732: 0
Line 733: 0
Line 734: 0
Line 735: 0
Line 736: 0
Line 737: 0
Line 738: 0
Line 739: 0
Line 740: 0
Line 741: 0
Line 742: 0
Line 743: 0
Line 744: 0
Line 745: 0
Line 746: 0
Line 747: 0
Line 748: 0
Line 749: 0
Line 750: 0
Line 751: 0
Line 752: 0
Line 753: 0
Line 754: 0
Line 755: 0
Line 756: 0
Line 757: 0
Line 758: 0
Line 759: 0
Line 760: 0
Line 761: 0
Line 762: 0
Line 763: 0
Line 764: 0
Line 765: 0
Line 766: 0
Line 767: 0
Line 768: 0
Line 769: 0
Line 770: 0
Line 771: 0
Line 772: 0
Line 773: 0
Line 774: 0
Line 775: 0
Line 776: 0
Line 777: 0
Line 778: 0
Line 779: 0
Line 780: 0
Line 781: 0
Line 782: 0
Line 783: 0
Line 784: 0
Line 785: 0
Line 786: 0
Line 787: 0
Line 788: 0
Line 789: 0
Line 790: 0
Line 791: 0
Line 792: 0
Line 793: 0
Line 794: 0
Line 795: 0
Line 796: 0
Line 797: 0
Line 798: 0
Line 799: 0
Line 800: 0
Line 801: 0
Line 802: 0
Line 803: 0
Line 804: 0
Line 805: 0
Line 806: 0
Line 807: 0
Line 808: 0
Line 809: 0
Line 810: 0
Line 811: 0
Line 812: 0
Line 813: 0
Line 814: 0
Line 815: 0
Line 816: 0
Line 817: 0
Line 818: 0
Line 819: 0
Line 820: 0
Line 821: 0
Line 822: 0
Line 823: 0
Line 824: 0
Line 825: 0
Line 826: 0
Line 827: 0
Line 828: 0
Line 829: 0
Line 830: 0
Line 831: 0
Line 832: 0
Line 833: 0
Line 834: 0
Line 835: 0
Line 836: 0
Line 837: 0
Line 838: 0
Line 839: 0
Line 840: 0
Line 841: 0
Line 842: 0
Line 843: 0
Line 844: 0
Line 845: 0
Line 846: 0
Line 847: 0
Line 848: 0
Line 849: 0
Line 850: 0
Line 851: 0
Line 852: 0
Line 853: 0
Line 854: 0
Line 855: 0
Line 856: 0
Line 857: 0
Line 858: 0
Line 859: 0
Line 860: 0
Line 861: 0
Line 862: 0
Line 863: 0
Line 864: 0
Line 865: 0
Line 866: 0
Line 867: 0
Line 868: 0
Line 869: 0
Line 870: 0
Line 871: 0
Line 872: 0
Line 873: 0
Line 874: 0
Line 875: 0
Line 876: 0
Line 877: 0
Line 878: 0
Line 879: 0
Line 880: 0
Line 881: 0
Line 882: 0
Line 883: 0
Line 884: 0
Line 885: 0
Line 886: 0
Line 887: 0
Line 888: 0
Line 889: 0
Line 890: 0
Line 891: 0
Line 892: 0
Line 893: 0
Line 894: 0
Line 895: 0
Line 896: 0
Line 897: 0
Line 898: 0
Line 899: 0
Line 900: 0
Line 901: 0
Line 902: 0
Line 903: 0
Line 904: 0
Line 905: 0
Line 906: 0
Line 907: 0
Line 908: 0
Line 909: 0
Line 910: 0
Line 911: 0
Line 912: 0
Line 913: 0
Line 914: 0
Line 915: 0
Line 916: 0
Line 917: 0
Line 918: 0
Line 919: 0
Line 920: 0
Line 921: 0
Line 922: 0
Line 923: 0
Line 924: 0
Line 925: 0
Line 926: 0
Line 927: 0
Line 928: 0
Line 929: 0
Line 930: 0
Line 931: 0
Line 932: 0
Line 933: 0
Line 934: 0
Line 935: 0
Line 936: 0
Line 937: 0
Line 938: 0
Line 939: 0
Line 940: 0
Line 941: 0
Line 942: 0
Line 943: 0
Line 944: 0
Line 945: 0
Line 946: 0
Line 947: 0
Line 948: 0
Line 949: 0
Line 950: 0
Line 951: 0
Line 952: 0
Line 953: 0
Line 954: 0
Line 955: 0
Line 956: 0
Line 957: 0
Line 958: 0
Line 959: 0
Line 960: 0
Line 961: 0
Line 962: 0
Line 963: 0
Line 964: 0
Line 965: 0
Line 966: 0
Line 967: 0
Line 968: 0
Line 969: 0
Line 970: 0
Line 971: 0
Line 972: 0
Line 973: 0
Line 974: 0
Line 975: 0
Line 976: 0
Line 977: 0
Line 978: 0
Line 979: 0
Line 980: 0
Line 981: 0
Line 982: 0
Line 983: 0
Line 984: 0
Line 985: 0
Line 986: 0
Line 987: 0
Line 988: 0
Line 989: 0
Line 990: 0
Line 991: 0
Line 992: 0
Line 993: 0
Line 994: 0
Line 995: 0
Line 996: 0
Line 997: 0
Line 998: 0
Line 999: 0
Process 0 finished in 0.012 s
