total lines 1000
[mole054:2335019:0:2335019] Caught signal 8 (Floating point exception: integer divide by zero)
==== backtrace (tid:2335019) ====
 0 0x000000000003e730 __GI___sigaction()  :0
 1 0x0000000000401708 main()  ???:0
 2 0x00000000000295d0 __libc_start_call_main()  ???:0
 3 0x0000000000029680 __libc_start_main_alias_2()  :0
 4 0x0000000000401175 _start()  ???:0
=================================
[mole054:2335019] *** Process received signal ***
[mole054:2335019] Signal: Floating point exception (8)
[mole054:2335019] Signal code:  (-6)
[mole054:2335019] Failing at address: 0x14470023a12b
[mole054:2335019] [ 0] /lib64/libc.so.6(+0x3e730)[0x7fabb1c3e730]
[mole054:2335019] [ 1] ./mpi/mpi-imp[0x401708]
[mole054:2335019] [ 2] /lib64/libc.so.6(+0x295d0)[0x7fabb1c295d0]
[mole054:2335019] [ 3] /lib64/libc.so.6(__libc_start_main+0x80)[0x7fabb1c29680]
[mole054:2335019] [ 4] ./mpi/mpi-imp[0x401175]
[mole054:2335019] *** End of error message ***
--------------------------------------------------------------------------
Primary job  terminated normally, but 1 process returned
a non-zero exit code. Per user-direction, the job has been aborted.
--------------------------------------------------------------------------
--------------------------------------------------------------------------
mpirun noticed that process rank 0 with PID 2335019 on node mole054 exited on signal 8 (Floating point exception).
--------------------------------------------------------------------------
total lines 1000
[mole054:2335044:0:2335044] Caught signal 8 (Floating point exception: integer divide by zero)
==== backtrace (tid:2335044) ====
 0 0x000000000003e730 __GI___sigaction()  :0
 1 0x0000000000401708 main()  ???:0
 2 0x00000000000295d0 __libc_start_call_main()  ???:0
 3 0x0000000000029680 __libc_start_main_alias_2()  :0
 4 0x0000000000401175 _start()  ???:0
=================================
[mole054:2335044] *** Process received signal ***
[mole054:2335044] Signal: Floating point exception (8)
[mole054:2335044] Signal code:  (-6)
[mole054:2335044] Failing at address: 0x14470023a144
[mole054:2335044] [ 0] /lib64/libc.so.6(+0x3e730)[0x7f022e43e730]
[mole054:2335044] [ 1] ./mpi/mpi-imp[0x401708]
[mole054:2335044] [ 2] /lib64/libc.so.6(+0x295d0)[0x7f022e4295d0]
[mole054:2335044] [ 3] /lib64/libc.so.6(__libc_start_main+0x80)[0x7f022e429680]
[mole054:2335044] [ 4] ./mpi/mpi-imp[0x401175]
[mole054:2335044] *** End of error message ***
--------------------------------------------------------------------------
Primary job  terminated normally, but 1 process returned
a non-zero exit code. Per user-direction, the job has been aborted.
--------------------------------------------------------------------------
--------------------------------------------------------------------------
mpirun noticed that process rank 0 with PID 2335044 on node mole054 exited on signal 8 (Floating point exception).
--------------------------------------------------------------------------
total lines 1000
[mole054:2335062:0:2335062] Caught signal 8 (Floating point exception: integer divide by zero)
==== backtrace (tid:2335062) ====
 0 0x000000000003e730 __GI___sigaction()  :0
 1 0x0000000000401708 main()  ???:0
 2 0x00000000000295d0 __libc_start_call_main()  ???:0
 3 0x0000000000029680 __libc_start_main_alias_2()  :0
 4 0x0000000000401175 _start()  ???:0
=================================
[mole054:2335062] *** Process received signal ***
[mole054:2335062] Signal: Floating point exception (8)
[mole054:2335062] Signal code:  (-6)
[mole054:2335062] Failing at address: 0x14470023a156
[mole054:2335062] [ 0] /lib64/libc.so.6(+0x3e730)[0x7f7c1083e730]
[mole054:2335062] [ 1] ./mpi/mpi-imp[0x401708]
[mole054:2335062] [ 2] /lib64/libc.so.6(+0x295d0)[0x7f7c108295d0]
[mole054:2335062] [ 3] /lib64/libc.so.6(__libc_start_main+0x80)[0x7f7c10829680]
[mole054:2335062] [ 4] ./mpi/mpi-imp[0x401175]
[mole054:2335062] *** End of error message ***
--------------------------------------------------------------------------
Primary job  terminated normally, but 1 process returned
a non-zero exit code. Per user-direction, the job has been aborted.
--------------------------------------------------------------------------
--------------------------------------------------------------------------
mpirun noticed that process rank 0 with PID 2335062 on node mole054 exited on signal 8 (Floating point exception).
--------------------------------------------------------------------------
total lines 1000
[mole054:2335076:0:2335076] Caught signal 8 (Floating point exception: integer divide by zero)
==== backtrace (tid:2335076) ====
 0 0x000000000003e730 __GI___sigaction()  :0
 1 0x0000000000401708 main()  ???:0
 2 0x00000000000295d0 __libc_start_call_main()  ???:0
 3 0x0000000000029680 __libc_start_main_alias_2()  :0
 4 0x0000000000401175 _start()  ???:0
=================================
[mole054:2335076] *** Process received signal ***
[mole054:2335076] Signal: Floating point exception (8)
[mole054:2335076] Signal code:  (-6)
[mole054:2335076] Failing at address: 0x14470023a164
[mole054:2335076] [ 0] /lib64/libc.so.6(+0x3e730)[0x7f065b23e730]
[mole054:2335076] [ 1] ./mpi/mpi-imp[0x401708]
[mole054:2335076] [ 2] /lib64/libc.so.6(+0x295d0)[0x7f065b2295d0]
[mole054:2335076] [ 3] /lib64/libc.so.6(__libc_start_main+0x80)[0x7f065b229680]
[mole054:2335076] [ 4] ./mpi/mpi-imp[0x401175]
[mole054:2335076] *** End of error message ***
--------------------------------------------------------------------------
Primary job  terminated normally, but 1 process returned
a non-zero exit code. Per user-direction, the job has been aborted.
--------------------------------------------------------------------------
--------------------------------------------------------------------------
mpirun noticed that process rank 0 with PID 2335076 on node mole054 exited on signal 8 (Floating point exception).
--------------------------------------------------------------------------
total lines 1000
[mole054:2335090:0:2335090] Caught signal 8 (Floating point exception: integer divide by zero)
==== backtrace (tid:2335090) ====
 0 0x000000000003e730 __GI___sigaction()  :0
 1 0x0000000000401708 main()  ???:0
 2 0x00000000000295d0 __libc_start_call_main()  ???:0
 3 0x0000000000029680 __libc_start_main_alias_2()  :0
 4 0x0000000000401175 _start()  ???:0
=================================
[mole054:2335090] *** Process received signal ***
[mole054:2335090] Signal: Floating point exception (8)
[mole054:2335090] Signal code:  (-6)
[mole054:2335090] Failing at address: 0x14470023a172
[mole054:2335090] [ 0] /lib64/libc.so.6(+0x3e730)[0x7ffb9803e730]
[mole054:2335090] [ 1] ./mpi/mpi-imp[0x401708]
[mole054:2335090] [ 2] /lib64/libc.so.6(+0x295d0)[0x7ffb980295d0]
[mole054:2335090] [ 3] /lib64/libc.so.6(__libc_start_main+0x80)[0x7ffb98029680]
[mole054:2335090] [ 4] ./mpi/mpi-imp[0x401175]
[mole054:2335090] *** End of error message ***
--------------------------------------------------------------------------
Primary job  terminated normally, but 1 process returned
a non-zero exit code. Per user-direction, the job has been aborted.
--------------------------------------------------------------------------
--------------------------------------------------------------------------
mpirun noticed that process rank 0 with PID 2335090 on node mole054 exited on signal 8 (Floating point exception).
--------------------------------------------------------------------------
