total lines 1000
[mole055:1007447:0:1007447] Caught signal 8 (Floating point exception: integer divide by zero)
==== backtrace (tid:1007447) ====
 0 0x000000000003e730 __GI___sigaction()  :0
 1 0x0000000000401708 main()  ???:0
 2 0x00000000000295d0 __libc_start_call_main()  ???:0
 3 0x0000000000029680 __libc_start_main_alias_2()  :0
 4 0x0000000000401175 _start()  ???:0
=================================
[mole055:1007447] *** Process received signal ***
[mole055:1007447] Signal: Floating point exception (8)
[mole055:1007447] Signal code:  (-6)
[mole055:1007447] Failing at address: 0x1447000f5f57
[mole055:1007447] [ 0] /lib64/libc.so.6(+0x3e730)[0x7fbd3fc3e730]
[mole055:1007447] [ 1] ./mpi/mpi-imp[0x401708]
[mole055:1007447] [ 2] /lib64/libc.so.6(+0x295d0)[0x7fbd3fc295d0]
[mole055:1007447] [ 3] /lib64/libc.so.6(__libc_start_main+0x80)[0x7fbd3fc29680]
[mole055:1007447] [ 4] ./mpi/mpi-imp[0x401175]
[mole055:1007447] *** End of error message ***
--------------------------------------------------------------------------
Primary job  terminated normally, but 1 process returned
a non-zero exit code. Per user-direction, the job has been aborted.
--------------------------------------------------------------------------
--------------------------------------------------------------------------
mpirun noticed that process rank 0 with PID 1007447 on node mole055 exited on signal 8 (Floating point exception).
--------------------------------------------------------------------------
total lines 1000
[mole055:1007494:0:1007494] Caught signal 8 (Floating point exception: integer divide by zero)
==== backtrace (tid:1007494) ====
 0 0x000000000003e730 __GI___sigaction()  :0
 1 0x0000000000401708 main()  ???:0
 2 0x00000000000295d0 __libc_start_call_main()  ???:0
 3 0x0000000000029680 __libc_start_main_alias_2()  :0
 4 0x0000000000401175 _start()  ???:0
=================================
[mole055:1007494] *** Process received signal ***
[mole055:1007494] Signal: Floating point exception (8)
[mole055:1007494] Signal code:  (-6)
[mole055:1007494] Failing at address: 0x1447000f5f86
[mole055:1007494] [ 0] /lib64/libc.so.6(+0x3e730)[0x7fac7f23e730]
[mole055:1007494] [ 1] ./mpi/mpi-imp[0x401708]
[mole055:1007494] [ 2] /lib64/libc.so.6(+0x295d0)[0x7fac7f2295d0]
[mole055:1007494] [ 3] /lib64/libc.so.6(__libc_start_main+0x80)[0x7fac7f229680]
[mole055:1007494] [ 4] ./mpi/mpi-imp[0x401175]
[mole055:1007494] *** End of error message ***
--------------------------------------------------------------------------
Primary job  terminated normally, but 1 process returned
a non-zero exit code. Per user-direction, the job has been aborted.
--------------------------------------------------------------------------
--------------------------------------------------------------------------
mpirun noticed that process rank 0 with PID 1007494 on node mole055 exited on signal 8 (Floating point exception).
--------------------------------------------------------------------------
total lines 1000
[mole055:1007524:0:1007524] Caught signal 8 (Floating point exception: integer divide by zero)
==== backtrace (tid:1007524) ====
 0 0x000000000003e730 __GI___sigaction()  :0
 1 0x0000000000401708 main()  ???:0
 2 0x00000000000295d0 __libc_start_call_main()  ???:0
 3 0x0000000000029680 __libc_start_main_alias_2()  :0
 4 0x0000000000401175 _start()  ???:0
=================================
[mole055:1007524] *** Process received signal ***
[mole055:1007524] Signal: Floating point exception (8)
[mole055:1007524] Signal code:  (-6)
[mole055:1007524] Failing at address: 0x1447000f5fa4
[mole055:1007524] [ 0] /lib64/libc.so.6(+0x3e730)[0x7f018de3e730]
[mole055:1007524] [ 1] ./mpi/mpi-imp[0x401708]
[mole055:1007524] [ 2] /lib64/libc.so.6(+0x295d0)[0x7f018de295d0]
[mole055:1007524] [ 3] /lib64/libc.so.6(__libc_start_main+0x80)[0x7f018de29680]
[mole055:1007524] [ 4] ./mpi/mpi-imp[0x401175]
[mole055:1007524] *** End of error message ***
--------------------------------------------------------------------------
Primary job  terminated normally, but 1 process returned
a non-zero exit code. Per user-direction, the job has been aborted.
--------------------------------------------------------------------------
--------------------------------------------------------------------------
mpirun noticed that process rank 0 with PID 1007524 on node mole055 exited on signal 8 (Floating point exception).
--------------------------------------------------------------------------
total lines 1000
[mole055:1007553:0:1007553] Caught signal 8 (Floating point exception: integer divide by zero)
==== backtrace (tid:1007553) ====
 0 0x000000000003e730 __GI___sigaction()  :0
 1 0x0000000000401708 main()  ???:0
 2 0x00000000000295d0 __libc_start_call_main()  ???:0
 3 0x0000000000029680 __libc_start_main_alias_2()  :0
 4 0x0000000000401175 _start()  ???:0
=================================
[mole055:1007553] *** Process received signal ***
[mole055:1007553] Signal: Floating point exception (8)
[mole055:1007553] Signal code:  (-6)
[mole055:1007553] Failing at address: 0x1447000f5fc1
[mole055:1007553] [ 0] /lib64/libc.so.6(+0x3e730)[0x7f6f9503e730]
[mole055:1007553] [ 1] ./mpi/mpi-imp[0x401708]
[mole055:1007553] [ 2] /lib64/libc.so.6(+0x295d0)[0x7f6f950295d0]
[mole055:1007553] [ 3] /lib64/libc.so.6(__libc_start_main+0x80)[0x7f6f95029680]
[mole055:1007553] [ 4] ./mpi/mpi-imp[0x401175]
[mole055:1007553] *** End of error message ***
--------------------------------------------------------------------------
Primary job  terminated normally, but 1 process returned
a non-zero exit code. Per user-direction, the job has been aborted.
--------------------------------------------------------------------------
--------------------------------------------------------------------------
mpirun noticed that process rank 0 with PID 1007553 on node mole055 exited on signal 8 (Floating point exception).
--------------------------------------------------------------------------
total lines 1000
[mole055:1007580:0:1007580] Caught signal 8 (Floating point exception: integer divide by zero)
==== backtrace (tid:1007580) ====
 0 0x000000000003e730 __GI___sigaction()  :0
 1 0x0000000000401708 main()  ???:0
 2 0x00000000000295d0 __libc_start_call_main()  ???:0
 3 0x0000000000029680 __libc_start_main_alias_2()  :0
 4 0x0000000000401175 _start()  ???:0
=================================
[mole055:1007580] *** Process received signal ***
[mole055:1007580] Signal: Floating point exception (8)
[mole055:1007580] Signal code:  (-6)
[mole055:1007580] Failing at address: 0x1447000f5fdc
[mole055:1007580] [ 0] /lib64/libc.so.6(+0x3e730)[0x7f4effe3e730]
[mole055:1007580] [ 1] ./mpi/mpi-imp[0x401708]
[mole055:1007580] [ 2] /lib64/libc.so.6(+0x295d0)[0x7f4effe295d0]
[mole055:1007580] [ 3] /lib64/libc.so.6(__libc_start_main+0x80)[0x7f4effe29680]
[mole055:1007580] [ 4] ./mpi/mpi-imp[0x401175]
[mole055:1007580] *** End of error message ***
--------------------------------------------------------------------------
Primary job  terminated normally, but 1 process returned
a non-zero exit code. Per user-direction, the job has been aborted.
--------------------------------------------------------------------------
--------------------------------------------------------------------------
mpirun noticed that process rank 0 with PID 1007580 on node mole055 exited on signal 8 (Floating point exception).
--------------------------------------------------------------------------
