
The following have been reloaded with a version change:
  1) FFTW.MPI/3.3.10-gompi-2022a => FFTW.MPI/3.3.10-gompi-2023b
  2) FFTW/3.3.10-GCC-11.3.0 => FFTW/3.3.10-GCC-13.2.0
  3) FlexiBLAS/3.2.0-GCC-11.3.0 => FlexiBLAS/3.3.1-GCC-13.2.0
  4) GCC/11.3.0 => GCC/13.2.0
  5) GCCcore/11.3.0 => GCCcore/13.2.0
  6) OpenBLAS/0.3.20-GCC-11.3.0 => OpenBLAS/0.3.24-GCC-13.2.0
  7) OpenMPI/4.1.4-GCC-11.3.0 => OpenMPI/4.1.6-GCC-13.2.0
  8) PMIx/4.1.2-GCCcore-11.3.0 => PMIx/4.2.6-GCCcore-13.2.0
  9) ScaLAPACK/2.2.0-gompi-2022a-fb => ScaLAPACK/2.2.0-gompi-2023b-fb
 10) UCC/1.0.0-GCCcore-11.3.0 => UCC/1.2.0-GCCcore-13.2.0
 11) UCX/1.12.1-GCCcore-11.3.0 => UCX/1.15.0-GCCcore-13.2.0
 12) XZ/5.2.5-GCCcore-11.3.0 => XZ/5.4.4-GCCcore-13.2.0
 13) binutils/2.38-GCCcore-11.3.0 => binutils/2.40-GCCcore-13.2.0
 14) foss/2022a => foss/2023b
 15) gompi/2022a => gompi/2023b
 16) hwloc/2.7.1-GCCcore-11.3.0 => hwloc/2.9.2-GCCcore-13.2.0
 17) libevent/2.1.12-GCCcore-11.3.0 => libevent/2.1.12-GCCcore-13.2.0
 18) libfabric/1.15.1-GCCcore-11.3.0 => libfabric/1.19.0-GCCcore-13.2.0
 19) libpciaccess/0.16-GCCcore-11.3.0 => libpciaccess/0.17-GCCcore-13.2.0
 20) libxml2/2.9.13-GCCcore-11.3.0 => libxml2/2.11.5-GCCcore-13.2.0
 21) numactl/2.0.14-GCCcore-11.3.0 => numactl/2.0.16-GCCcore-13.2.0
 22) zlib/1.2.12-GCCcore-11.3.0 => zlib/1.2.13-GCCcore-13.2.0


The following have been reloaded with a version change:
  1) FFTW.MPI/3.3.10-gompi-2023b => FFTW.MPI/3.3.10-gompi-2022a
  2) FFTW/3.3.10-GCC-13.2.0 => FFTW/3.3.10-GCC-11.3.0
  3) FlexiBLAS/3.3.1-GCC-13.2.0 => FlexiBLAS/3.2.0-GCC-11.3.0
  4) GCC/13.2.0 => GCC/11.3.0
  5) GCCcore/13.2.0 => GCCcore/11.3.0
  6) OpenBLAS/0.3.24-GCC-13.2.0 => OpenBLAS/0.3.20-GCC-11.3.0
  7) OpenMPI/4.1.6-GCC-13.2.0 => OpenMPI/4.1.4-GCC-11.3.0
  8) PMIx/4.2.6-GCCcore-13.2.0 => PMIx/4.1.2-GCCcore-11.3.0
  9) ScaLAPACK/2.2.0-gompi-2023b-fb => ScaLAPACK/2.2.0-gompi-2022a-fb
 10) UCC/1.2.0-GCCcore-13.2.0 => UCC/1.0.0-GCCcore-11.3.0
 11) UCX/1.15.0-GCCcore-13.2.0 => UCX/1.12.1-GCCcore-11.3.0
 12) XZ/5.4.4-GCCcore-13.2.0 => XZ/5.2.5-GCCcore-11.3.0
 13) binutils/2.40-GCCcore-13.2.0 => binutils/2.38-GCCcore-11.3.0
 14) foss/2023b => foss/2022a
 15) gompi/2023b => gompi/2022a
 16) hwloc/2.9.2-GCCcore-13.2.0 => hwloc/2.7.1-GCCcore-11.3.0
 17) libevent/2.1.12-GCCcore-13.2.0 => libevent/2.1.12-GCCcore-11.3.0
 18) libfabric/1.19.0-GCCcore-13.2.0 => libfabric/1.15.1-GCCcore-11.3.0
 19) libpciaccess/0.17-GCCcore-13.2.0 => libpciaccess/0.16-GCCcore-11.3.0
 20) libxml2/2.11.5-GCCcore-13.2.0 => libxml2/2.9.13-GCCcore-11.3.0
 21) numactl/2.0.16-GCCcore-13.2.0 => numactl/2.0.14-GCCcore-11.3.0
 22) zlib/1.2.13-GCCcore-13.2.0 => zlib/1.2.12-GCCcore-11.3.0

starting program
starting program
starting program
starting program
starting program
starting program
starting program
starting program
starting program
starting program
starting program
total lines 1000
my id is 1
my id is 2
my id is 3
finised sending my id is 1
finised sending my id is 2
finised sending my id is 3
my id is 4
my id is 5
finised sending my id is 4
my id is 6
finised sending my id is 5
my id is 7
finised sending my id is 6
my id is 8
finised sending my id is 7
my id is 9
done sending
received results
offset 0 count 100
Line 0: 125
Line 1: 125
Line 2: 125
Line 3: 125
Line 4: 125
Line 5: 125
Line 6: 125
Line 7: 125
Line 8: 125
Line 9: 124
Line 10: 125
Line 11: 125
Line 12: 125
Line 13: 126
Line 14: 125
Line 15: 125
Line 16: 125
Line 17: 125
Line 18: 125
Line 19: 125
Line 20: 125
Line 21: 125
Line 22: 125
Line 23: 125
Line 24: 125
Line 25: 124
Line 26: 125
Line 27: 125
Line 28: 125
Line 29: 125
Line 30: 125
Line 31: 125
Line 32: 125
Line 33: 125
Line 34: 125
Line 35: 125
Line 36: 125
Line 37: 125
Line 38: 125
my id is 10
Line 39: 125
Line 40: 125
Line 41: 125
Line 42: 125
Line 43: 125
Line 44: 125
Line 45: 125
Line 46: 125
Line 47: 125
Line 48: 125
Line 49: 125
Line 50: 125
Line 51: 125
Line 52: 122
Line 53: 125
Line 54: 125
Line 55: 125
Line 56: 125
Line 57: 125
Line 58: 125
Line 59: 125
Line 60: 125
Line 61: 125
Line 62: 125
Line 63: 125
Line 64: 125
Line 65: 125
Line 66: 125
Line 67: 125
Line 68: 125
Line 69: 125
Line 70: 124
Line 71: 125
Line 72: 125
Line 73: 125
Line 74: 125
Line 75: 125
Line 76: 125
Line 77: 125
Line 78: 125
Line 79: 125
finised sending my id is 8
Line 80: 125
Line 81: 125
Line 82: 125
Line 83: 125
Line 84: 125
Line 85: 125
Line 86: 125
Line 87: 125
Line 88: 125
Line 89: 125
Line 90: 125
Line 91: 125
Line 92: 125
Line 93: 125
Line 94: 125
Line 95: 125
Line 96: 125
Line 97: 122
Line 98: 125
Line 99: 125
received results
offset 100 count 100
Line 100: 125
Line 101: 125
Line 102: 125
Line 103: 125
Line 104: 125
Line 105: 125
Line 106: 125
Line 107: 125
Line 108: 125
Line 109: 125
Line 110: 125
Line 111: 125
Line 112: 125
Line 113: 125
Line 114: 125
Line 115: 125
Line 116: 125
Line 117: 125
Line 118: 121
Line 119: 125
Line 120: 125
Line 121: 125
Line 122: 125
Line 123: 125
Line 124: 125
Line 125: 125
Line 126: 125
Line 127: 125
Line 128: 125
Line 129: 125
Line 130: 125
Line 131: 125
Line 132: 125
Line 133: 125
Line 134: 125
Line 135: 125
Line 136: 125
Line 137: 125
Line 138: 125
Line 139: 125
Line 140: 125
Line 141: 125
Line 142: 125
Line 143: 125
Line 144: 125
Line 145: 125
Line 146: 125
Line 147: 125
Line 148: 125
Line 149: 125
Line 150: 125
Line 151: 125
Line 152: 125
Line 153: 125
Line 154: 125
Line 155: 125
Line 156: 125
Line 157: 125
Line 158: 125
Line 159: 125
Line 160: 125
Line 161: 125
Line 162: 125
Line 163: 125
Line 164: 125
Line 165: 126
Line 166: 125
Line 167: 125
Line 168: 125
Line 169: 125
Line 170: 125
Line 171: 125
Line 172: 125
Line 173: 125
Line 174: 125
Line 175: 125
Line 176: 125
Line 177: 125
Line 178: 125
Line 179: 124
Line 180: 125
Line 181: 125
Line 182: 125
Line 183: 125
Line 184: 125
Line 185: 125
Line 186: 125
Line 187: 125
Line 188: 124
Line 189: 125
Line 190: 125
Line 191: 125
Line 192: 125
Line 193: 125
Line 194: 125
Line 195: 125
Line 196: 125
Line 197: 124
Line 198: 125
Line 199: 125
received results
offset 200 count 100
Line 200: 125
Line 201: 125
Line 202: 125
Line 203: 125
Line 204: 125
Line 205: 125
Line 206: 125
Line 207: 125
Line 208: 125
Line 209: 125
Line 210: 125
Line 211: 125
Line 212: 125
Line 213: 125
Line 214: 125
Line 215: 125
Line 216: 125
Line 217: 125
Line 218: 125
Line 219: 125
Line 220: 124
Line 221: 125
Line 222: 125
Line 223: 125
Line 224: 125
Line 225: 125
Line 226: 125
Line 227: 125
Line 228: 125
Line 229: 125
Line 230: 125
Line 231: 125
Line 232: 125
Line 233: 125
Line 234: 125
Line 235: 125
Line 236: 125
Line 237: 125
Line 238: 125
Line 239: 125
Line 240: 125
Line 241: 125
Line 242: 125
Line 243: 125
Line 244: 125
Line 245: 125
Line 246: 125
Line 247: 125
Line 248: 125
Line 249: 125
Line 250: 125
Line 251: 125
Line 252: 125
Line 253: 125
Line 254: 125
Line 255: 125
Line 256: 125
Line 257: 125
Line 258: 125
Line 259: 124
Line 260: 125
Line 261: 125
Line 262: 125
Line 263: 125
Line 264: 125
Line 265: 125
Line 266: 125
Line 267: 125
Line 268: 125
Line 269: 125
Line 270: 125
Line 271: 125
Line 272: 125
Line 273: 124
Line 274: 125
Line 275: 125
Line 276: 125
Line 277: 125
Line 278: 125
Line 279: 125
Line 280: 124
Line 281: 125
Line 282: 125
Line 283: 122
Line 284: 124
Line 285: 125
Line 286: 125
Line 287: 125
Line 288: 125
Line 289: 125
Line 290: 125
Line 291: 125
Line 292: 125
Line 293: 125
Line 294: 125
Line 295: 125
Line 296: 125
Line 297: 125
Line 298: 125
Line 299: 125
received results
offset 300 count 100
Line 300: 125
Line 301: 125
Line 302: 122
Line 303: 125
Line 304: 125
Line 305: 125
Line 306: 125
Line 307: 125
Line 308: 125
Line 309: 125
Line 310: 125
Line 311: 125
Line 312: 125
Line 313: 126
Line 314: 125
Line 315: 125
Line 316: 125
Line 317: 125
Line 318: 125
Line 319: 125
Line 320: 125
Line 321: 125
Line 322: 125
Line 323: 125
Line 324: 124
Line 325: 125
Line 326: 125
Line 327: 124
Line 328: 125
Line 329: 125
Line 330: 125
Line 331: 125
Line 332: 125
Line 333: 125
Line 334: 125
Line 335: 125
Line 336: 125
Line 337: 125
Line 338: 125
Line 339: 125
Line 340: 125
Line 341: 125
Line 342: 125
Line 343: 125
Line 344: 125
Line 345: 125
Line 346: 125
Line 347: 125
Line 348: 122
Line 349: 125
Line 350: 125
Line 351: 125
Line 352: 125
Line 353: 125
finised sending my id is 9
Line 354: 125
Line 355: 125
Line 356: 125
Line 357: 125
Line 358: 125
Line 359: 125
Line 360: 125
Line 361: 125
Line 362: 125
Line 363: 125
Line 364: 124
Line 365: 125
Line 366: 125
Line 367: 125
Line 368: 125
Line 369: 125
Line 370: 125
Line 371: 125
Line 372: 125
Line 373: 125
Line 374: 125
Line 375: 125
Line 376: 125
Line 377: 125
Line 378: 125
Line 379: 124
Line 380: 126
Line 381: 125
Line 382: 126
Line 383: 125
Line 384: 125
Line 385: 125
Line 386: 125
Line 387: 125
Line 388: 125
Line 389: 124
Line 390: 124
Line 391: 125
Line 392: 124
Line 393: 125
Line 394: 125
Line 395: 125
Line 396: 125
Line 397: 125
Line 398: 125
Line 399: 125
received results
offset 400 count 100
Line 400: 125
Line 401: 125
Line 402: 125
Line 403: 125
Line 404: 125
Line 405: 125
Line 406: 125
Line 407: 125
Line 408: 125
Line 409: 125
Line 410: 125
Line 411: 125
Line 412: 124
Line 413: 124
Line 414: 124
Line 415: 125
Line 416: 125
Line 417: 125
Line 418: 125
Line 419: 125
Line 420: 125
Line 421: 125
Line 422: 125
Line 423: 125
Line 424: 125
Line 425: 125
Line 426: 125
Line 427: 125
Line 428: 125
Line 429: 125
Line 430: 125
Line 431: 125
Line 432: 125
Line 433: 125
Line 434: 125
Line 435: 125
Line 436: 125
Line 437: 126
Line 438: 125
Line 439: 125
Line 440: 125
Line 441: 125
Line 442: 125
Line 443: 125
Line 444: 125
Line 445: 125
Line 446: 125
Line 447: 125
Line 448: 125
Line 449: 125
Line 450: 125
Line 451: 125
Line 452: 125
Line 453: 125
Line 454: 125
Line 455: 125
Line 456: 125
Line 457: 125
Line 458: 125
Line 459: 124
Line 460: 125
Line 461: 125
Line 462: 125
Line 463: 125
Line 464: 125
Line 465: 125
Line 466: 125
Line 467: 125
Line 468: 125
Line 469: 125
Line 470: 125
Line 471: 125
Line 472: 125
Line 473: 125
Line 474: 125
Line 475: 125
Line 476: 125
Line 477: 125
Line 478: 125
Line 479: 125
Line 480: 125
Line 481: 125
Line 482: 125
Line 483: 124
Line 484: 125
Line 485: 125
Line 486: 125
Line 487: 125
Line 488: 125
Line 489: 125
Line 490: 125
Line 491: 125
Line 492: 125
Line 493: 125
Line 494: 125
Line 495: 125
Line 496: 126
Line 497: 126
Line 498: 125
Line 499: 125
received results
offset 500 count 100
Line 500: 125
Line 501: 121
Line 502: 125
Line 503: 125
Line 504: 125
Line 505: 125
Line 506: 125
Line 507: 125
Line 508: 125
Line 509: 125
Line 510: 125
Line 511: 125
Line 512: 125
Line 513: 125
Line 514: 125
Line 515: 125
Line 516: 125
Line 517: 125
Line 518: 125
Line 519: 125
Line 520: 124
Line 521: 125
Line 522: 125
Line 523: 125
Line 524: 125
Line 525: 125
Line 526: 125
Line 527: 125
Line 528: 125
Line 529: 125
Line 530: 125
Line 531: 125
Line 532: 125
Line 533: 125
Line 534: 125
Line 535: 125
Line 536: 125
Line 537: 125
Line 538: 125
Line 539: 125
Line 540: 125
Line 541: 125
Line 542: 125
Line 543: 125
Line 544: 125
Line 545: 125
Line 546: 125
Line 547: 125
Line 548: 125
Line 549: 125
Line 550: 125
Line 551: 125
Line 552: 125
Line 553: 125
Line 554: 125
Line 555: 125
Line 556: 125
Line 557: 125
Line 558: 125
Line 559: 125
Line 560: 125
Line 561: 125
finised sending my id is 10
Line 562: 125
Line 563: 125
Line 564: 125
Line 565: 125
Line 566: 125
Line 567: 125
Line 568: 124
Line 569: 125
Line 570: 125
Line 571: 125
Line 572: 125
Line 573: 125
Line 574: 124
Line 575: 125
Line 576: 125
Line 577: 125
Line 578: 125
Line 579: 125
Line 580: 125
Line 581: 125
Line 582: 125
Line 583: 125
Line 584: 125
Line 585: 126
Line 586: 125
Line 587: 125
Line 588: 125
Line 589: 125
Line 590: 125
Line 591: 126
Line 592: 125
Line 593: 125
Line 594: 125
Line 595: 124
Line 596: 125
Line 597: 125
Line 598: 125
Line 599: 125
received results
offset 600 count 100
Line 600: 125
Line 601: 124
Line 602: 125
Line 603: 125
Line 604: 125
Line 605: 125
Line 606: 125
Line 607: 125
Line 608: 125
Line 609: 125
Line 610: 125
Line 611: 125
Line 612: 125
Line 613: 125
Line 614: 125
Line 615: 125
Line 616: 125
Line 617: 125
Line 618: 125
Line 619: 125
Line 620: 125
Line 621: 125
Line 622: 125
Line 623: 125
Line 624: 125
Line 625: 125
Line 626: 125
Line 627: 125
Line 628: 125
Line 629: 125
Line 630: 125
Line 631: 125
Line 632: 125
Line 633: 125
Line 634: 125
Line 635: 125
Line 636: 125
Line 637: 125
Line 638: 125
Line 639: 125
Line 640: 125
Line 641: 125
Line 642: 125
Line 643: 124
Line 644: 125
Line 645: 125
Line 646: 125
Line 647: 125
Line 648: 125
Line 649: 125
Line 650: 125
Line 651: 125
Line 652: 125
Line 653: 125
Line 654: 125
Line 655: 125
Line 656: 125
Line 657: 125
Line 658: 125
Line 659: 125
Line 660: 125
Line 661: 125
Line 662: 125
Line 663: 125
Line 664: 125
Line 665: 125
Line 666: 125
Line 667: 125
Line 668: 125
Line 669: 125
Line 670: 125
Line 671: 125
Line 672: 125
Line 673: 125
Line 674: 125
Line 675: 125
Line 676: 124
Line 677: 125
Line 678: 125
Line 679: 125
Line 680: 125
Line 681: 125
Line 682: 125
Line 683: 125
Line 684: 125
Line 685: 125
Line 686: 125
Line 687: 125
Line 688: 125
Line 689: 125
Line 690: 125
Line 691: 125
Line 692: 124
Line 693: 125
Line 694: 125
Line 695: 125
Line 696: 124
Line 697: 125
Line 698: 125
Line 699: 125
received results
offset 700 count 100
Line 700: 125
Line 701: 125
Line 702: 125
Line 703: 125
Line 704: 125
Line 705: 125
Line 706: 125
Line 707: 125
Line 708: 125
Line 709: 125
Line 710: 125
Line 711: 125
Line 712: 125
Line 713: 125
Line 714: 125
Line 715: 125
Line 716: 125
Line 717: 125
Line 718: 125
Line 719: 125
Line 720: 125
Line 721: 125
Line 722: 125
Line 723: 125
Line 724: 125
Line 725: 125
Line 726: 125
Line 727: 125
Line 728: 125
Line 729: 125
Line 730: 125
Line 731: 125
Line 732: 125
Line 733: 125
Line 734: 125
Line 735: 125
Line 736: 125
Line 737: 125
Line 738: 125
Line 739: 125
Line 740: 125
Line 741: 125
Line 742: 125
Line 743: 125
Line 744: 125
Line 745: 125
Line 746: 125
Line 747: 125
Line 748: 125
Line 749: 125
Line 750: 125
Line 751: 125
Line 752: 124
Line 753: 125
Line 754: 125
Line 755: 124
Line 756: 125
Line 757: 125
Line 758: 125
Line 759: 125
Line 760: 125
Line 761: 125
Line 762: 125
Line 763: 125
Line 764: 125
Line 765: 124
Line 766: 125
Line 767: 126
Line 768: 125
Line 769: 125
Line 770: 125
Line 771: 125
Line 772: 125
Line 773: 125
Line 774: 125
Line 775: 124
Line 776: 125
Line 777: 124
Line 778: 125
Line 779: 125
Line 780: 125
Line 781: 125
Line 782: 125
Line 783: 125
Line 784: 125
Line 785: 125
Line 786: 125
Line 787: 125
Line 788: 125
Line 789: 125
Line 790: 125
Line 791: 125
Line 792: 125
Line 793: 125
Line 794: 125
Line 795: 125
Line 796: 125
Line 797: 125
Line 798: 125
Line 799: 125
received results
offset 800 count 100
Line 800: 124
Line 801: 126
Line 802: 125
Line 803: 125
Line 804: 125
Line 805: 125
Line 806: 125
Line 807: 125
Line 808: 125
Line 809: 124
Line 810: 125
Line 811: 125
Line 812: 125
Line 813: 125
Line 814: 126
Line 815: 125
Line 816: 125
Line 817: 125
Line 818: 125
Line 819: 125
Line 820: 125
Line 821: 125
Line 822: 125
Line 823: 125
Line 824: 125
Line 825: 125
Line 826: 125
Line 827: 125
Line 828: 124
Line 829: 125
Line 830: 125
Line 831: 125
Line 832: 125
Line 833: 125
Line 834: 124
Line 835: 125
Line 836: 125
Line 837: 126
Line 838: 125
Line 839: 125
Line 840: 125
Line 841: 125
Line 842: 125
Line 843: 125
Line 844: 125
Line 845: 124
Line 846: 125
Line 847: 125
Line 848: 125
Line 849: 126
Line 850: 125
Line 851: 125
Line 852: 125
Line 853: 125
Line 854: 125
Line 855: 124
Line 856: 125
Line 857: 125
Line 858: 125
Line 859: 125
Line 860: 125
Line 861: 125
Line 862: 125
Line 863: 125
Line 864: 125
Line 865: 125
Line 866: 125
Line 867: 125
Line 868: 125
Line 869: 125
Line 870: 125
Line 871: 125
Line 872: 125
Line 873: 125
Line 874: 125
Line 875: 125
Line 876: 125
Line 877: 125
Line 878: 125
Line 879: 125
Line 880: 125
Line 881: 125
Line 882: 125
Line 883: 125
Line 884: 124
Line 885: 125
Line 886: 125
Line 887: 125
Line 888: 125
Line 889: 125
Line 890: 125
Line 891: 125
Line 892: 125
Line 893: 125
Line 894: 125
Line 895: 125
Line 896: 125
Line 897: 125
Line 898: 125
Line 899: 125
received results
offset 900 count 100
Line 900: 125
Line 901: 125
Line 902: 125
Line 903: 125
Line 904: 125
Line 905: 125
Line 906: 125
Line 907: 125
Line 908: 125
Line 909: 125
Line 910: 125
Line 911: 125
Line 912: 125
Line 913: 125
Line 914: 124
Line 915: 124
Line 916: 125
Line 917: 125
Line 918: 125
Line 919: 124
Line 920: 125
Line 921: 125
Line 922: 125
Line 923: 125
Line 924: 125
Line 925: 125
Line 926: 125
Line 927: 125
Line 928: 125
Line 929: 125
Line 930: 125
Line 931: 125
Line 932: 125
Line 933: 125
Line 934: 125
Line 935: 125
Line 936: 125
Line 937: 125
Line 938: 125
Line 939: 125
Line 940: 125
Line 941: 125
Line 942: 125
Line 943: 125
Line 944: 125
Line 945: 125
Line 946: 125
Line 947: 125
Line 948: 125
Line 949: 125
Line 950: 125
Line 951: 125
Line 952: 125
Line 953: 125
Line 954: 125
Line 955: 125
Line 956: 125
Line 957: 125
Line 958: 125
Line 959: 125
Line 960: 125
Line 961: 125
Line 962: 125
Line 963: 125
Line 964: 125
Line 965: 125
Line 966: 125
Line 967: 125
Line 968: 125
Line 969: 125
Line 970: 125
Line 971: 124
Line 972: 126
Line 973: 124
Line 974: 125
Line 975: 125
Line 976: 125
Line 977: 125
Line 978: 125
Line 979: 125
Line 980: 125
Line 981: 125
Line 982: 125
Line 983: 125
Line 984: 125
Line 985: 125
Line 986: 125
Line 987: 124
Line 988: 125
Line 989: 125
Line 990: 125
Line 991: 125
Line 992: 125
Line 993: 125
Line 994: 125
Line 995: 125
Line 996: 125
Line 997: 125
Line 998: 125
Line 999: 125
total lines 2000
my id is 1
my id is 2
my id is 3
finised sending my id is 1
my id is 4
my id is 5
my id is 6
finised sending my id is 2
my id is 7
finised sending my id is 3
done sending
received results
offset 0 count 100
my id is 8
Line 0: 125
my id is 9
my id is 10
Line 1: 125
Line 2: 125
Line 3: 125
finised sending my id is 4
finised sending my id is 5
finised sending my id is 6
Line 4: 125
Line 5: 125
Line 6: 125
Line 7: 125
Line 8: 125
Line 9: 124
Line 10: 125
Line 11: 125
Line 12: 125
Line 13: 126
Line 14: 125
Line 15: 125
Line 16: 125
Line 17: 125
Line 18: 125
Line 19: 125
Line 20: 125
Line 21: 125
Line 22: 125
Line 23: 125
Line 24: 125
Line 25: 124
Line 26: 125
Line 27: 125
Line 28: 125
Line 29: 125
Line 30: 125
Line 31: 125
Line 32: 125
Line 33: 125
Line 34: 125
Line 35: 125
Line 36: 125
Line 37: 125
Line 38: 125
Line 39: 125
Line 40: 125
Line 41: 125
Line 42: 125
finised sending my id is 7
finised sending my id is 8
Line 43: 125
Line 44: 125
Line 45: 125
Line 46: 125
Line 47: 125
finised sending my id is 9
finised sending my id is 10
Line 48: 125
Line 49: 125
Line 50: 125
Line 51: 125
Line 52: 122
Line 53: 125
Line 54: 125
Line 55: 125
Line 56: 125
Line 57: 125
Line 58: 125
Line 59: 125
Line 60: 125
Line 61: 125
Line 62: 125
Line 63: 125
Line 64: 125
Line 65: 125
Line 66: 125
Line 67: 125
Line 68: 125
Line 69: 125
Line 70: 124
Line 71: 125
Line 72: 125
Line 73: 125
Line 74: 125
Line 75: 125
Line 76: 125
Line 77: 125
Line 78: 125
Line 79: 125
Line 80: 125
Line 81: 125
Line 82: 125
Line 83: 125
Line 84: 125
Line 85: 125
Line 86: 125
Line 87: 125
Line 88: 125
Line 89: 125
Line 90: 125
Line 91: 125
Line 92: 125
Line 93: 125
Line 94: 125
Line 95: 125
Line 96: 125
Line 97: 122
Line 98: 125
Line 99: 125
received results
offset 100 count 100
Line 100: 125
Line 101: 125
Line 102: 125
Line 103: 125
Line 104: 125
Line 105: 125
Line 106: 125
Line 107: 125
Line 108: 125
Line 109: 125
Line 110: 125
Line 111: 125
Line 112: 125
Line 113: 125
Line 114: 125
Line 115: 125
Line 116: 125
Line 117: 125
Line 118: 121
Line 119: 125
Line 120: 125
Line 121: 125
Line 122: 125
Line 123: 125
Line 124: 125
Line 125: 125
Line 126: 125
Line 127: 125
Line 128: 125
Line 129: 125
Line 130: 125
Line 131: 125
Line 132: 125
Line 133: 125
Line 134: 125
Line 135: 125
Line 136: 125
Line 137: 125
Line 138: 125
Line 139: 125
Line 140: 125
Line 141: 125
Line 142: 125
Line 143: 125
Line 144: 125
Line 145: 125
Line 146: 125
Line 147: 125
Line 148: 125
Line 149: 125
Line 150: 125
Line 151: 125
Line 152: 125
Line 153: 125
Line 154: 125
Line 155: 125
Line 156: 125
Line 157: 125
Line 158: 125
Line 159: 125
Line 160: 125
Line 161: 125
Line 162: 125
Line 163: 125
Line 164: 125
Line 165: 126
Line 166: 125
Line 167: 125
Line 168: 125
Line 169: 125
Line 170: 125
Line 171: 125
Line 172: 125
Line 173: 125
Line 174: 125
Line 175: 125
Line 176: 125
Line 177: 125
Line 178: 125
Line 179: 124
Line 180: 125
Line 181: 125
Line 182: 125
Line 183: 125
Line 184: 125
Line 185: 125
Line 186: 125
Line 187: 125
Line 188: 124
Line 189: 125
Line 190: 125
Line 191: 125
Line 192: 125
Line 193: 125
Line 194: 125
Line 195: 125
Line 196: 125
Line 197: 124
Line 198: 125
Line 199: 125
received results
offset 200 count 100
Line 200: 125
Line 201: 125
Line 202: 125
Line 203: 125
Line 204: 125
Line 205: 125
Line 206: 125
Line 207: 125
Line 208: 125
Line 209: 125
Line 210: 125
Line 211: 125
Line 212: 125
Line 213: 125
Line 214: 125
Line 215: 125
Line 216: 125
Line 217: 125
Line 218: 125
Line 219: 125
Line 220: 124
Line 221: 125
Line 222: 125
Line 223: 125
Line 224: 125
Line 225: 125
Line 226: 125
Line 227: 125
Line 228: 125
Line 229: 125
Line 230: 125
Line 231: 125
Line 232: 125
Line 233: 125
Line 234: 125
Line 235: 125
Line 236: 125
Line 237: 125
Line 238: 125
Line 239: 125
Line 240: 125
Line 241: 125
Line 242: 125
Line 243: 125
Line 244: 125
Line 245: 125
Line 246: 125
Line 247: 125
Line 248: 125
Line 249: 125
Line 250: 125
Line 251: 125
Line 252: 125
Line 253: 125
Line 254: 125
Line 255: 125
Line 256: 125
Line 257: 125
Line 258: 125
Line 259: 124
Line 260: 125
Line 261: 125
Line 262: 125
Line 263: 125
Line 264: 125
Line 265: 125
Line 266: 125
Line 267: 125
Line 268: 125
Line 269: 125
Line 270: 125
Line 271: 125
Line 272: 125
Line 273: 124
Line 274: 125
Line 275: 125
Line 276: 125
Line 277: 125
Line 278: 125
Line 279: 125
Line 280: 124
Line 281: 125
Line 282: 125
Line 283: 122
Line 284: 124
Line 285: 125
Line 286: 125
Line 287: 125
Line 288: 125
Line 289: 125
Line 290: 125
Line 291: 125
Line 292: 125
Line 293: 125
Line 294: 125
Line 295: 125
Line 296: 125
Line 297: 125
Line 298: 125
Line 299: 125
received results
offset 300 count 100
Line 300: 125
Line 301: 125
Line 302: 122
Line 303: 125
Line 304: 125
Line 305: 125
Line 306: 125
Line 307: 125
Line 308: 125
Line 309: 125
Line 310: 125
Line 311: 125
Line 312: 125
Line 313: 126
Line 314: 125
Line 315: 125
Line 316: 125
Line 317: 125
Line 318: 125
Line 319: 125
Line 320: 125
Line 321: 125
Line 322: 125
Line 323: 125
Line 324: 124
Line 325: 125
Line 326: 125
Line 327: 124
Line 328: 125
Line 329: 125
Line 330: 125
Line 331: 125
Line 332: 125
Line 333: 125
Line 334: 125
Line 335: 125
Line 336: 125
Line 337: 125
Line 338: 125
Line 339: 125
Line 340: 125
Line 341: 125
Line 342: 125
Line 343: 125
Line 344: 125
Line 345: 125
Line 346: 125
Line 347: 125
Line 348: 122
Line 349: 125
Line 350: 125
Line 351: 125
Line 352: 125
Line 353: 125
Line 354: 125
Line 355: 125
Line 356: 125
Line 357: 125
Line 358: 125
Line 359: 125
Line 360: 125
Line 361: 125
Line 362: 125
Line 363: 125
Line 364: 124
Line 365: 125
Line 366: 125
Line 367: 125
Line 368: 125
Line 369: 125
Line 370: 125
Line 371: 125
Line 372: 125
Line 373: 125
Line 374: 125
Line 375: 125
Line 376: 125
Line 377: 125
Line 378: 125
Line 379: 124
Line 380: 126
Line 381: 125
Line 382: 126
Line 383: 125
Line 384: 125
Line 385: 125
Line 386: 125
Line 387: 125
Line 388: 125
Line 389: 124
Line 390: 124
Line 391: 125
Line 392: 124
Line 393: 125
Line 394: 125
Line 395: 125
Line 396: 125
Line 397: 125
Line 398: 125
Line 399: 125
received results
offset 400 count 100
Line 400: 125
Line 401: 125
Line 402: 125
Line 403: 125
Line 404: 125
Line 405: 125
Line 406: 125
Line 407: 125
Line 408: 125
Line 409: 125
Line 410: 125
Line 411: 125
Line 412: 124
Line 413: 124
Line 414: 124
Line 415: 125
Line 416: 125
Line 417: 125
Line 418: 125
Line 419: 125
Line 420: 125
Line 421: 125
Line 422: 125
Line 423: 125
Line 424: 125
Line 425: 125
Line 426: 125
Line 427: 125
Line 428: 125
Line 429: 125
Line 430: 125
Line 431: 125
Line 432: 125
Line 433: 125
Line 434: 125
Line 435: 125
Line 436: 125
Line 437: 126
Line 438: 125
Line 439: 125
Line 440: 125
Line 441: 125
Line 442: 125
Line 443: 125
Line 444: 125
Line 445: 125
Line 446: 125
Line 447: 125
Line 448: 125
Line 449: 125
Line 450: 125
Line 451: 125
Line 452: 125
Line 453: 125
Line 454: 125
Line 455: 125
Line 456: 125
Line 457: 125
Line 458: 125
Line 459: 124
Line 460: 125
Line 461: 125
Line 462: 125
Line 463: 125
Line 464: 125
Line 465: 125
Line 466: 125
Line 467: 125
Line 468: 125
Line 469: 125
Line 470: 125
Line 471: 125
Line 472: 125
Line 473: 125
Line 474: 125
Line 475: 125
Line 476: 125
Line 477: 125
Line 478: 125
Line 479: 125
Line 480: 125
Line 481: 125
Line 482: 125
Line 483: 124
Line 484: 125
Line 485: 125
Line 486: 125
Line 487: 125
Line 488: 125
Line 489: 125
Line 490: 125
Line 491: 125
Line 492: 125
Line 493: 125
Line 494: 125
Line 495: 125
Line 496: 126
Line 497: 126
Line 498: 125
Line 499: 125
received results
offset 500 count 100
Line 500: 125
Line 501: 121
Line 502: 125
Line 503: 125
Line 504: 125
Line 505: 125
Line 506: 125
Line 507: 125
Line 508: 125
Line 509: 125
Line 510: 125
Line 511: 125
Line 512: 125
Line 513: 125
Line 514: 125
Line 515: 125
Line 516: 125
Line 517: 125
Line 518: 125
Line 519: 125
Line 520: 124
Line 521: 125
Line 522: 125
Line 523: 125
Line 524: 125
Line 525: 125
Line 526: 125
Line 527: 125
Line 528: 125
Line 529: 125
Line 530: 125
Line 531: 125
Line 532: 125
Line 533: 125
Line 534: 125
Line 535: 125
Line 536: 125
Line 537: 125
Line 538: 125
Line 539: 125
Line 540: 125
Line 541: 125
Line 542: 125
Line 543: 125
Line 544: 125
Line 545: 125
Line 546: 125
Line 547: 125
Line 548: 125
Line 549: 125
Line 550: 125
Line 551: 125
Line 552: 125
Line 553: 125
Line 554: 125
Line 555: 125
Line 556: 125
Line 557: 125
Line 558: 125
Line 559: 125
Line 560: 125
Line 561: 125
Line 562: 125
Line 563: 125
Line 564: 125
Line 565: 125
Line 566: 125
Line 567: 125
Line 568: 124
Line 569: 125
Line 570: 125
Line 571: 125
Line 572: 125
Line 573: 125
Line 574: 124
Line 575: 125
Line 576: 125
Line 577: 125
Line 578: 125
Line 579: 125
Line 580: 125
Line 581: 125
Line 582: 125
Line 583: 125
Line 584: 125
Line 585: 126
Line 586: 125
Line 587: 125
Line 588: 125
Line 589: 125
Line 590: 125
Line 591: 126
Line 592: 125
Line 593: 125
Line 594: 125
Line 595: 124
Line 596: 125
Line 597: 125
Line 598: 125
Line 599: 125
received results
offset 600 count 100
Line 600: 125
Line 601: 124
Line 602: 125
Line 603: 125
Line 604: 125
Line 605: 125
Line 606: 125
Line 607: 125
Line 608: 125
Line 609: 125
Line 610: 125
Line 611: 125
Line 612: 125
Line 613: 125
Line 614: 125
Line 615: 125
Line 616: 125
Line 617: 125
Line 618: 125
Line 619: 125
Line 620: 125
Line 621: 125
Line 622: 125
Line 623: 125
Line 624: 125
Line 625: 125
Line 626: 125
Line 627: 125
Line 628: 125
Line 629: 125
Line 630: 125
Line 631: 125
Line 632: 125
Line 633: 125
Line 634: 125
Line 635: 125
Line 636: 125
Line 637: 125
Line 638: 125
Line 639: 125
Line 640: 125
Line 641: 125
Line 642: 125
Line 643: 124
Line 644: 125
Line 645: 125
Line 646: 125
Line 647: 125
Line 648: 125
Line 649: 125
Line 650: 125
Line 651: 125
Line 652: 125
Line 653: 125
Line 654: 125
Line 655: 125
Line 656: 125
Line 657: 125
Line 658: 125
Line 659: 125
Line 660: 125
Line 661: 125
Line 662: 125
Line 663: 125
Line 664: 125
Line 665: 125
Line 666: 125
Line 667: 125
Line 668: 125
Line 669: 125
Line 670: 125
Line 671: 125
Line 672: 125
Line 673: 125
Line 674: 125
Line 675: 125
Line 676: 124
Line 677: 125
Line 678: 125
Line 679: 125
Line 680: 125
Line 681: 125
Line 682: 125
Line 683: 125
Line 684: 125
Line 685: 125
Line 686: 125
Line 687: 125
Line 688: 125
Line 689: 125
Line 690: 125
Line 691: 125
Line 692: 124
Line 693: 125
Line 694: 125
Line 695: 125
Line 696: 124
Line 697: 125
Line 698: 125
Line 699: 125
received results
offset 700 count 100
Line 700: 125
Line 701: 125
Line 702: 125
Line 703: 125
Line 704: 125
Line 705: 125
Line 706: 125
Line 707: 125
Line 708: 125
Line 709: 125
Line 710: 125
Line 711: 125
Line 712: 125
Line 713: 125
Line 714: 125
Line 715: 125
Line 716: 125
Line 717: 125
Line 718: 125
Line 719: 125
Line 720: 125
Line 721: 125
Line 722: 125
Line 723: 125
Line 724: 125
Line 725: 125
Line 726: 125
Line 727: 125
Line 728: 125
Line 729: 125
Line 730: 125
Line 731: 125
Line 732: 125
Line 733: 125
Line 734: 125
Line 735: 125
Line 736: 125
Line 737: 125
Line 738: 125
Line 739: 125
Line 740: 125
Line 741: 125
Line 742: 125
Line 743: 125
Line 744: 125
Line 745: 125
Line 746: 125
Line 747: 125
Line 748: 125
Line 749: 125
Line 750: 125
Line 751: 125
Line 752: 124
Line 753: 125
Line 754: 125
Line 755: 124
Line 756: 125
Line 757: 125
Line 758: 125
Line 759: 125
Line 760: 125
Line 761: 125
Line 762: 125
Line 763: 125
Line 764: 125
Line 765: 124
Line 766: 125
Line 767: 126
Line 768: 125
Line 769: 125
Line 770: 125
Line 771: 125
Line 772: 125
Line 773: 125
Line 774: 125
Line 775: 124
Line 776: 125
Line 777: 124
Line 778: 125
Line 779: 125
Line 780: 125
Line 781: 125
Line 782: 125
Line 783: 125
Line 784: 125
Line 785: 125
Line 786: 125
Line 787: 125
Line 788: 125
Line 789: 125
Line 790: 125
Line 791: 125
Line 792: 125
Line 793: 125
Line 794: 125
Line 795: 125
Line 796: 125
Line 797: 125
Line 798: 125
Line 799: 125
received results
offset 800 count 100
Line 800: 124
Line 801: 126
Line 802: 125
Line 803: 125
Line 804: 125
Line 805: 125
Line 806: 125
Line 807: 125
Line 808: 125
Line 809: 124
Line 810: 125
Line 811: 125
Line 812: 125
Line 813: 125
Line 814: 126
Line 815: 125
Line 816: 125
Line 817: 125
Line 818: 125
Line 819: 125
Line 820: 125
Line 821: 125
Line 822: 125
Line 823: 125
Line 824: 125
Line 825: 125
Line 826: 125
Line 827: 125
Line 828: 124
Line 829: 125
Line 830: 125
Line 831: 125
Line 832: 125
Line 833: 125
Line 834: 124
Line 835: 125
Line 836: 125
Line 837: 126
Line 838: 125
Line 839: 125
Line 840: 125
Line 841: 125
Line 842: 125
Line 843: 125
Line 844: 125
Line 845: 124
Line 846: 125
Line 847: 125
Line 848: 125
Line 849: 126
Line 850: 125
Line 851: 125
Line 852: 125
Line 853: 125
Line 854: 125
Line 855: 124
Line 856: 125
Line 857: 125
Line 858: 125
Line 859: 125
Line 860: 125
Line 861: 125
Line 862: 125
Line 863: 125
Line 864: 125
Line 865: 125
Line 866: 125
Line 867: 125
Line 868: 125
Line 869: 125
Line 870: 125
Line 871: 125
Line 872: 125
Line 873: 125
Line 874: 125
Line 875: 125
Line 876: 125
Line 877: 125
Line 878: 125
Line 879: 125
Line 880: 125
Line 881: 125
Line 882: 125
Line 883: 125
Line 884: 124
Line 885: 125
Line 886: 125
Line 887: 125
Line 888: 125
Line 889: 125
Line 890: 125
Line 891: 125
Line 892: 125
Line 893: 125
Line 894: 125
Line 895: 125
Line 896: 125
Line 897: 125
Line 898: 125
Line 899: 125
received results
offset 900 count 100
Line 900: 125
Line 901: 125
Line 902: 125
Line 903: 125
Line 904: 125
Line 905: 125
Line 906: 125
Line 907: 125
Line 908: 125
Line 909: 125
Line 910: 125
Line 911: 125
Line 912: 125
Line 913: 125
Line 914: 124
Line 915: 124
Line 916: 125
Line 917: 125
Line 918: 125
Line 919: 124
Line 920: 125
Line 921: 125
Line 922: 125
Line 923: 125
Line 924: 125
Line 925: 125
Line 926: 125
Line 927: 125
Line 928: 125
Line 929: 125
Line 930: 125
Line 931: 125
Line 932: 125
Line 933: 125
Line 934: 125
Line 935: 125
Line 936: 125
Line 937: 125
Line 938: 125
Line 939: 125
Line 940: 125
Line 941: 125
Line 942: 125
Line 943: 125
Line 944: 125
Line 945: 125
Line 946: 125
Line 947: 125
Line 948: 125
Line 949: 125
Line 950: 125
Line 951: 125
Line 952: 125
Line 953: 125
Line 954: 125
Line 955: 125
Line 956: 125
Line 957: 125
Line 958: 125
Line 959: 125
Line 960: 125
Line 961: 125
Line 962: 125
Line 963: 125
Line 964: 125
Line 965: 125
Line 966: 125
Line 967: 125
Line 968: 125
Line 969: 125
Line 970: 125
Line 971: 124
Line 972: 126
Line 973: 124
Line 974: 125
Line 975: 125
Line 976: 125
Line 977: 125
Line 978: 125
Line 979: 125
Line 980: 125
Line 981: 125
Line 982: 125
Line 983: 125
Line 984: 125
Line 985: 125
Line 986: 125
Line 987: 124
Line 988: 125
Line 989: 125
Line 990: 125
Line 991: 125
Line 992: 125
Line 993: 125
Line 994: 125
Line 995: 125
Line 996: 125
Line 997: 125
Line 998: 125
Line 999: 125
Process 0 finished in 0.055 s
slurmstepd: error: *** JOB 21618700 ON hero01 CANCELLED AT 2025-04-27T19:02:35 DUE TO TIME LIMIT ***
--------------------------------------------------------------------------
ORTE has lost communication with a remote daemon.

  HNP daemon   : [[28788,0],0] on node hero01
  Remote daemon: [[28788,0],3] on node hero45

This is usually due to either a failure of the TCP network
connection to the node, or possibly an internal failure of
the daemon itself. We cannot recover from this failure, and
therefore will terminate the job.
--------------------------------------------------------------------------
