
The following have been reloaded with a version change:
  1) FFTW.MPI/3.3.10-gompi-2022a => FFTW.MPI/3.3.10-gompi-2023b
  2) FFTW/3.3.10-GCC-11.3.0 => FFTW/3.3.10-GCC-13.2.0
  3) FlexiBLAS/3.2.0-GCC-11.3.0 => FlexiBLAS/3.3.1-GCC-13.2.0
  4) GCC/11.3.0 => GCC/13.2.0
  5) GCCcore/11.3.0 => GCCcore/13.2.0
  6) OpenBLAS/0.3.20-GCC-11.3.0 => OpenBLAS/0.3.24-GCC-13.2.0
  7) OpenMPI/4.1.4-GCC-11.3.0 => OpenMPI/4.1.6-GCC-13.2.0
  8) PMIx/4.1.2-GCCcore-11.3.0 => PMIx/4.2.6-GCCcore-13.2.0
  9) ScaLAPACK/2.2.0-gompi-2022a-fb => ScaLAPACK/2.2.0-gompi-2023b-fb
 10) UCC/1.0.0-GCCcore-11.3.0 => UCC/1.2.0-GCCcore-13.2.0
 11) UCX/1.12.1-GCCcore-11.3.0 => UCX/1.15.0-GCCcore-13.2.0
 12) XZ/5.2.5-GCCcore-11.3.0 => XZ/5.4.4-GCCcore-13.2.0
 13) binutils/2.38-GCCcore-11.3.0 => binutils/2.40-GCCcore-13.2.0
 14) foss/2022a => foss/2023b
 15) gompi/2022a => gompi/2023b
 16) hwloc/2.7.1-GCCcore-11.3.0 => hwloc/2.9.2-GCCcore-13.2.0
 17) libevent/2.1.12-GCCcore-11.3.0 => libevent/2.1.12-GCCcore-13.2.0
 18) libfabric/1.15.1-GCCcore-11.3.0 => libfabric/1.19.0-GCCcore-13.2.0
 19) libpciaccess/0.16-GCCcore-11.3.0 => libpciaccess/0.17-GCCcore-13.2.0
 20) libxml2/2.9.13-GCCcore-11.3.0 => libxml2/2.11.5-GCCcore-13.2.0
 21) numactl/2.0.14-GCCcore-11.3.0 => numactl/2.0.16-GCCcore-13.2.0
 22) zlib/1.2.12-GCCcore-11.3.0 => zlib/1.2.13-GCCcore-13.2.0

[mole041:2177414:0:2177414] Caught signal 11 (Segmentation fault: address not mapped to object at address (nil))
[mole041:2177412:0:2177412] Caught signal 11 (Segmentation fault: address not mapped to object at address (nil))
[mole041:2177413:0:2177413] Caught signal 11 (Segmentation fault: address not mapped to object at address (nil))
my id is 0
done, my id is 0
my id is 1
my id is 2
my id is 3
my id is 4
my id is 5
my id is 6
my id is 7
[mole044:239359:0:239359] Caught signal 11 (Segmentation fault: address not mapped to object at address (nil))
[mole044:239360:0:239360] Caught signal 11 (Segmentation fault: address not mapped to object at address (nil))
[mole044:239361:0:239361] Caught signal 11 (Segmentation fault: address not mapped to object at address (nil))
[mole044:239362:0:239362] Caught signal 11 (Segmentation fault: address not mapped to object at address (nil))
==== backtrace (tid: 239360) ====
 0 0x000000000003e730 __GI___sigaction()  :0
 1 0x000000000040132c kernel()  ???:0
 2 0x000000000040150e main()  ???:0
 3 0x00000000000295d0 __libc_start_call_main()  ???:0
 4 0x0000000000029680 __libc_start_main_alias_2()  :0
 5 0x0000000000401155 _start()  ???:0
=================================
[mole044:239360] *** Process received signal ***
[mole044:239360] Signal: Segmentation fault (11)
[mole044:239360] Signal code:  (-6)
[mole044:239360] Failing at address: 0x12500003a700
[mole044:239360] [ 0] /lib64/libc.so.6(+0x3e730)[0x7fec60c3e730]
[mole044:239360] [ 1] /homes/sekabanj/CIS_520_P4/mpi_version[0x40132c]
[mole044:239360] [ 2] /homes/sekabanj/CIS_520_P4/mpi_version[0x40150e]
[mole044:239360] [ 3] /lib64/libc.so.6(+0x295d0)[0x7fec60c295d0]
[mole044:239360] [ 4] /lib64/libc.so.6(__libc_start_main+0x80)[0x7fec60c29680]
[mole044:239360] [ 5] /homes/sekabanj/CIS_520_P4/mpi_version[0x401155]
[mole044:239360] *** End of error message ***
==== backtrace (tid: 239362) ====
 0 0x000000000003e730 __GI___sigaction()  :0
 1 0x000000000040132c kernel()  ???:0
 2 0x000000000040150e main()  ???:0
 3 0x00000000000295d0 __libc_start_call_main()  ???:0
 4 0x0000000000029680 __libc_start_main_alias_2()  :0
 5 0x0000000000401155 _start()  ???:0
=================================
==== backtrace (tid: 239361) ====
==== backtrace (tid: 239359) ====
 0 0x000000000003e730 __GI___sigaction()  :0
 1 0x000000000040132c kernel()  ???:0
 2 0x000000000040150e main()  ???:0
 3 0x00000000000295d0 __libc_start_call_main()  ???:0
 4 0x0000000000029680 __libc_start_main_alias_2()  :0
 5 0x0000000000401155 _start()  ???:0
=================================
[mole044:239359] *** Process received signal ***
[mole044:239359] Signal: Segmentation fault (11)
[mole044:239359] Signal code:  (-6)
[mole044:239359] Failing at address: 0x12500003a6ff
[mole044:239359] [ 0] [mole044:239362] *** Process received signal ***
[mole044:239362] Signal: Segmentation fault (11)
[mole044:239362] Signal code:  (-6)
[mole044:239362] Failing at address: 0x12500003a702
[mole044:239362] [ 0] /lib64/libc.so.6(+0x3e730)[0x7feca203e730]
[mole044:239362] [ 1] /homes/sekabanj/CIS_520_P4/mpi_version[0x40132c]
[mole044:239362] [ 2] /homes/sekabanj/CIS_520_P4/mpi_version[0x40150e]
[mole044:239362] [ 3] /lib64/libc.so.6(+0x3e730)[0x7fc4dae3e730]
[mole044:239359] [ 1] /homes/sekabanj/CIS_520_P4/mpi_version[0x40132c]
[mole044:239359] [ 2] /homes/sekabanj/CIS_520_P4/mpi_version[0x40150e]
[mole044:239359] [ 3] /lib64/libc.so.6(+0x295d0)[0x7fc4dae295d0]
[mole044:239359] [ 4] /lib64/libc.so.6(__libc_start_main+0x80)[0x7fc4dae29680]
[mole044:239359] [ 5] /homes/sekabanj/CIS_520_P4/mpi_version[0x401155]
/lib64/libc.so.6(+0x295d0)[0x7feca20295d0]
[mole044:239362] [ 4] /lib64/libc.so.6(__libc_start_main+0x80)[0x7feca2029680]
[mole044:239362] [ 5] /homes/sekabanj/CIS_520_P4/mpi_version[0x401155]
[mole044:239362] *** End of error message ***
[mole044:239359] *** End of error message ***
 0 0x000000000003e730 __GI___sigaction()  :0
 1 0x000000000040132c kernel()  ???:0
 2 0x000000000040150e main()  ???:0
 3 0x00000000000295d0 __libc_start_call_main()  ???:0
 4 0x0000000000029680 __libc_start_main_alias_2()  :0
 5 0x0000000000401155 _start()  ???:0
=================================
[mole044:239361] *** Process received signal ***
[mole044:239361] Signal: Segmentation fault (11)
[mole044:239361] Signal code:  (-6)
[mole044:239361] Failing at address: 0x12500003a701
[mole044:239361] [ 0] /lib64/libc.so.6(+0x3e730)[0x7f1a7c03e730]
[mole044:239361] [ 1] /homes/sekabanj/CIS_520_P4/mpi_version[0x40132c]
[mole044:239361] [ 2] /homes/sekabanj/CIS_520_P4/mpi_version[0x40150e]
[mole044:239361] [ 3] /lib64/libc.so.6(+0x295d0)[0x7f1a7c0295d0]
[mole044:239361] [ 4] /lib64/libc.so.6(__libc_start_main+0x80)[0x7f1a7c029680]
[mole044:239361] [ 5] /homes/sekabanj/CIS_520_P4/mpi_version[0x401155]
[mole044:239361] *** End of error message ***
==== backtrace (tid:2177412) ====
 0 0x000000000003e730 __GI___sigaction()  :0
 1 0x000000000040132c kernel()  ???:0
 2 0x000000000040150e main()  ???:0
 3 0x00000000000295d0 __libc_start_call_main()  ???:0
 4 0x0000000000029680 __libc_start_main_alias_2()  :0
 5 0x0000000000401155 _start()  ???:0
=================================
[mole041:2177412] *** Process received signal ***
[mole041:2177412] Signal: Segmentation fault (11)
[mole041:2177412] Signal code:  (-6)
[mole041:2177412] Failing at address: 0x125000213984
[mole041:2177412] [ 0] /lib64/libc.so.6(+0x3e730)[0x7fe008e3e730]
==== backtrace (tid:2177414) ====
 0 0x000000000003e730 __GI___sigaction()  :0
 1 0x000000000040132c kernel()  ???:0
 2 0x000000000040150e main()  ???:0
 3 0x00000000000295d0 __libc_start_call_main()  ???:0
 4 0x0000000000029680 __libc_start_main_alias_2()  :0
 5 0x0000000000401155 _start()  ???:0
=================================
[mole041:2177412] [mole041:2177414] *** Process received signal ***
[mole041:2177414] Signal: Segmentation fault (11)
[mole041:2177414] Signal code:  (-6)
[mole041:2177414] Failing at address: 0x125000213986
[ 1] [mole041:2177414] [ 0] /homes/sekabanj/CIS_520_P4/mpi_version[0x40132c]
/lib64/libc.so.6(+0x3e730)[0x7f174243e730]
[mole041:2177414] [ 1] /homes/sekabanj/CIS_520_P4/mpi_version[0x40132c]
[mole041:2177414] [ 2] /homes/sekabanj/CIS_520_P4/mpi_version[0x40150e]
[mole041:2177414] [ 3] [mole041:2177412] /lib64/libc.so.6(+0x295d0)[0x7f17424295d0]
[mole041:2177414] [ 4] [ 2] /lib64/libc.so.6(__libc_start_main+0x80)[0x7f1742429680]
[mole041:2177414] [ 5] /homes/sekabanj/CIS_520_P4/mpi_version[0x401155]
[mole041:2177414] *** End of error message ***
/homes/sekabanj/CIS_520_P4/mpi_version[0x40150e]
[mole041:2177412] [ 3] /lib64/libc.so.6(+0x295d0)[0x7fe008e295d0]
[mole041:2177412] [ 4] /lib64/libc.so.6(__libc_start_main+0x80)[0x7fe008e29680]
[mole041:2177412] [ 5] /homes/sekabanj/CIS_520_P4/mpi_version[0x401155]
[mole041:2177412] *** End of error message ***
==== backtrace (tid:2177413) ====
 0 0x000000000003e730 __GI___sigaction()  :0
 1 0x000000000040132c kernel()  ???:0
 2 0x000000000040150e main()  ???:0
 3 0x00000000000295d0 __libc_start_call_main()  ???:0
 4 0x0000000000029680 __libc_start_main_alias_2()  :0
 5 0x0000000000401155 _start()  ???:0
=================================
[mole041:2177413] *** Process received signal ***
[mole041:2177413] Signal: Segmentation fault (11)
[mole041:2177413] Signal code:  (-6)
[mole041:2177413] Failing at address: 0x125000213985
[mole041:2177413] [ 0] /lib64/libc.so.6(+0x3e730)[0x7f755303e730]
[mole041:2177413] [ 1] /homes/sekabanj/CIS_520_P4/mpi_version[0x40132c]
[mole041:2177413] [ 2] /homes/sekabanj/CIS_520_P4/mpi_version[0x40150e]
[mole041:2177413] [ 3] /lib64/libc.so.6(+0x295d0)[0x7f75530295d0]
[mole041:2177413] [ 4] /lib64/libc.so.6(__libc_start_main+0x80)[0x7f7553029680]
[mole041:2177413] [ 5] /homes/sekabanj/CIS_520_P4/mpi_version[0x401155]
[mole041:2177413] *** End of error message ***
--------------------------------------------------------------------------
Primary job  terminated normally, but 1 process returned
a non-zero exit code. Per user-direction, the job has been aborted.
--------------------------------------------------------------------------
--------------------------------------------------------------------------
mpirun noticed that process rank 2 with PID 0 on node mole041 exited on signal 11 (Segmentation fault).
--------------------------------------------------------------------------
