
The following have been reloaded with a version change:
  1) FFTW.MPI/3.3.10-gompi-2022a => FFTW.MPI/3.3.10-gompi-2023b
  2) FFTW/3.3.10-GCC-11.3.0 => FFTW/3.3.10-GCC-13.2.0
  3) FlexiBLAS/3.2.0-GCC-11.3.0 => FlexiBLAS/3.3.1-GCC-13.2.0
  4) GCC/11.3.0 => GCC/13.2.0
  5) GCCcore/11.3.0 => GCCcore/13.2.0
  6) OpenBLAS/0.3.20-GCC-11.3.0 => OpenBLAS/0.3.24-GCC-13.2.0
  7) OpenMPI/4.1.4-GCC-11.3.0 => OpenMPI/4.1.6-GCC-13.2.0
  8) PMIx/4.1.2-GCCcore-11.3.0 => PMIx/4.2.6-GCCcore-13.2.0
  9) ScaLAPACK/2.2.0-gompi-2022a-fb => ScaLAPACK/2.2.0-gompi-2023b-fb
 10) UCC/1.0.0-GCCcore-11.3.0 => UCC/1.2.0-GCCcore-13.2.0
 11) UCX/1.12.1-GCCcore-11.3.0 => UCX/1.15.0-GCCcore-13.2.0
 12) XZ/5.2.5-GCCcore-11.3.0 => XZ/5.4.4-GCCcore-13.2.0
 13) binutils/2.38-GCCcore-11.3.0 => binutils/2.40-GCCcore-13.2.0
 14) foss/2022a => foss/2023b
 15) gompi/2022a => gompi/2023b
 16) hwloc/2.7.1-GCCcore-11.3.0 => hwloc/2.9.2-GCCcore-13.2.0
 17) libevent/2.1.12-GCCcore-11.3.0 => libevent/2.1.12-GCCcore-13.2.0
 18) libfabric/1.15.1-GCCcore-11.3.0 => libfabric/1.19.0-GCCcore-13.2.0
 19) libpciaccess/0.16-GCCcore-11.3.0 => libpciaccess/0.17-GCCcore-13.2.0
 20) libxml2/2.9.13-GCCcore-11.3.0 => libxml2/2.11.5-GCCcore-13.2.0
 21) numactl/2.0.14-GCCcore-11.3.0 => numactl/2.0.16-GCCcore-13.2.0
 22) zlib/1.2.12-GCCcore-11.3.0 => zlib/1.2.13-GCCcore-13.2.0

my id is 2
my id is 3
[mole041:2178267:0:2178267] Caught signal 11 (Segmentation fault: address not mapped to object at address (nil))
[mole041:2178266:0:2178266] Caught signal 11 (Segmentation fault: address not mapped to object at address (nil))
my id is 4
my id is 7
[mole044:240171:0:240171] Caught signal 11 (Segmentation fault: address not mapped to object at address (nil))
my id is 1
my id is 5
[mole041:2178265:0:2178265] Caught signal 11 (Segmentation fault: address not mapped to object at address (nil))
my id is 6
[mole044:240170:0:240170] Caught signal 11 (Segmentation fault: address not mapped to object at address (nil))
[mole044:240168:0:240168] Caught signal 11 (Segmentation fault: address not mapped to object at address (nil))
[mole044:240169:0:240169] Caught signal 11 (Segmentation fault: address not mapped to object at address (nil))
my id is 0
done, my id is 0
==== backtrace (tid:2178266) ====
 0 0x000000000003e730 __GI___sigaction()  :0
 1 0x0000000000401330 kernel()  ???:0
 2 0x0000000000401536 main()  ???:0
 3 0x00000000000295d0 __libc_start_call_main()  ???:0
 4 0x0000000000029680 __libc_start_main_alias_2()  :0
 5 0x0000000000401155 _start()  ???:0
=================================
[mole041:2178266] *** Process received signal ***
[mole041:2178266] Signal: Segmentation fault (11)
[mole041:2178266] Signal code:  (-6)
[mole041:2178266] Failing at address: 0x125000213cda
[mole041:2178266] [ 0] /lib64/libc.so.6(+0x3e730)[0x7f175583e730]
[mole041:2178266] [ 1] /homes/sekabanj/CIS_520_P4/mpi_version[0x401330]
[mole041:2178266] [ 2] /homes/sekabanj/CIS_520_P4/mpi_version[0x401536]
[mole041:2178266] [ 3] /lib64/libc.so.6(+0x295d0)[0x7f17558295d0]
[mole041:2178266] [ 4] /lib64/libc.so.6(__libc_start_main+0x80)[0x7f1755829680]
[mole041:2178266] [ 5] /homes/sekabanj/CIS_520_P4/mpi_version[0x401155]
[mole041:2178266] *** End of error message ***
==== backtrace (tid:2178265) ====
 0 0x000000000003e730 __GI___sigaction()  :0
 1 0x0000000000401330 kernel()  ???:0
 2 0x0000000000401536 main()  ???:0
 3 0x00000000000295d0 __libc_start_call_main()  ???:0
 4 0x0000000000029680 __libc_start_main_alias_2()  :0
 5 0x0000000000401155 _start()  ???:0
=================================
[mole041:2178265] *** Process received signal ***
[mole041:2178265] Signal: Segmentation fault (11)
[mole041:2178265] Signal code:  (-6)
[mole041:2178265] Failing at address: 0x125000213cd9
[mole041:2178265] [ 0] /lib64/libc.so.6(+0x3e730)[0x7f893c23e730]
[mole041:2178265] [ 1] /homes/sekabanj/CIS_520_P4/mpi_version[0x401330]
[mole041:2178265] [ 2] /homes/sekabanj/CIS_520_P4/mpi_version[0x401536]
[mole041:2178265] [ 3] /lib64/libc.so.6(+0x295d0)[0x7f893c2295d0]
[mole041:2178265] [ 4] /lib64/libc.so.6(__libc_start_main+0x80)[0x7f893c229680]
[mole041:2178265] [ 5] /homes/sekabanj/CIS_520_P4/mpi_version[0x401155]
[mole041:2178265] *** End of error message ***
==== backtrace (tid:2178267) ====
 0 0x000000000003e730 __GI___sigaction()  :0
 1 0x0000000000401330 kernel()  ???:0
 2 0x0000000000401536 main()  ???:0
 3 0x00000000000295d0 __libc_start_call_main()  ???:0
 4 0x0000000000029680 __libc_start_main_alias_2()  :0
 5 0x0000000000401155 _start()  ???:0
=================================
[mole041:2178267] *** Process received signal ***
[mole041:2178267] Signal: Segmentation fault (11)
[mole041:2178267] Signal code:  (-6)
[mole041:2178267] Failing at address: 0x125000213cdb
[mole041:2178267] [ 0] /lib64/libc.so.6(+0x3e730)[0x7f4f1483e730]
[mole041:2178267] [ 1] /homes/sekabanj/CIS_520_P4/mpi_version[0x401330]
[mole041:2178267] [ 2] /homes/sekabanj/CIS_520_P4/mpi_version[0x401536]
[mole041:2178267] [ 3] /lib64/libc.so.6(+0x295d0)[0x7f4f148295d0]
[mole041:2178267] [ 4] /lib64/libc.so.6(__libc_start_main+0x80)[0x7f4f14829680]
[mole041:2178267] [ 5] /homes/sekabanj/CIS_520_P4/mpi_version[0x401155]
[mole041:2178267] *** End of error message ***
==== backtrace (tid: 240169) ====
 0 0x000000000003e730 __GI___sigaction()  :0
 1 0x0000000000401330 kernel()  ???:0
 2 0x0000000000401536 main()  ???:0
 3 0x00000000000295d0 __libc_start_call_main()  ???:0
 4 0x0000000000029680 __libc_start_main_alias_2()  :0
 5 0x0000000000401155 _start()  ???:0
=================================
[mole044:240169] *** Process received signal ***
[mole044:240169] Signal: Segmentation fault (11)
[mole044:240169] Signal code:  (-6)
[mole044:240169] Failing at address: 0x12500003aa29
[mole044:240169] [ 0] /lib64/libc.so.6(+0x3e730)[0x7f4842c3e730]
[mole044:240169] [ 1] /homes/sekabanj/CIS_520_P4/mpi_version[0x401330]
[mole044:240169] [ 2] /homes/sekabanj/CIS_520_P4/mpi_version[0x401536]
[mole044:240169] [ 3] /lib64/libc.so.6(+0x295d0)[0x7f4842c295d0]
[mole044:240169] [ 4] /lib64/libc.so.6(__libc_start_main+0x80)[0x7f4842c29680]
[mole044:240169] [ 5] /homes/sekabanj/CIS_520_P4/mpi_version[0x401155]
[mole044:240169] *** End of error message ***
==== backtrace (tid: 240170) ====
 0 0x000000000003e730 __GI___sigaction()  :0
 1 0x0000000000401330 kernel()  ???:0
 2 0x0000000000401536 main()  ???:0
 3 0x00000000000295d0 __libc_start_call_main()  ???:0
 4 0x0000000000029680 __libc_start_main_alias_2()  :0
 5 0x0000000000401155 _start()  ???:0
=================================
==== backtrace (tid: 240168) ====
[mole044:240170] *** Process received signal ***
[mole044:240170] Signal: Segmentation fault (11)
[mole044:240170] Signal code:  (-6)
[mole044:240170] Failing at address: 0x12500003aa2a
[mole044:240170] [ 0] /lib64/libc.so.6(+0x3e730)[0x7fa33a03e730]
[mole044:240170] [ 1] /homes/sekabanj/CIS_520_P4/mpi_version[0x401330]
[mole044:240170] [ 2] /homes/sekabanj/CIS_520_P4/mpi_version[0x401536]
[mole044:240170] [ 3] /lib64/libc.so.6(+0x295d0)[0x7fa33a0295d0]
[mole044:240170] [ 4] ==== backtrace (tid: 240171) ====
 0 0x000000000003e730 __GI___sigaction()  :0
 1 0x0000000000401330 kernel()  ???:0
 2 0x0000000000401536 main()  ???:0
 3 0x00000000000295d0 __libc_start_call_main()  ???:0
 4 0x0000000000029680 __libc_start_main_alias_2()  :0
 5 0x0000000000401155 _start()  ???:0
=================================
/lib64/libc.so.6(__libc_start_main+0x80)[0x7fa33a029680]
[mole044:240170] [ 5] /homes/sekabanj/CIS_520_P4/mpi_version[0x401155]
[mole044:240170] *** End of error message ***
[mole044:240171] *** Process received signal ***
[mole044:240171] Signal: Segmentation fault (11)
[mole044:240171] Signal code:  (-6)
[mole044:240171] Failing at address: 0x12500003aa2b
[mole044:240171] [ 0] /lib64/libc.so.6(+0x3e730)[0x7eff3483e730]
[mole044:240171] [ 1] /homes/sekabanj/CIS_520_P4/mpi_version[0x401330]
[mole044:240171] [ 2] /homes/sekabanj/CIS_520_P4/mpi_version[0x401536]
[mole044:240171] [ 3] /lib64/libc.so.6(+0x295d0)[0x7eff348295d0]
[mole044:240171] [ 4] /lib64/libc.so.6(__libc_start_main+0x80)[0x7eff34829680]
[mole044:240171] [ 5] /homes/sekabanj/CIS_520_P4/mpi_version[0x401155]
[mole044:240171] *** End of error message ***
 0 0x000000000003e730 __GI___sigaction()  :0
 1 0x0000000000401330 kernel()  ???:0
 2 0x0000000000401536 main()  ???:0
 3 0x00000000000295d0 __libc_start_call_main()  ???:0
 4 0x0000000000029680 __libc_start_main_alias_2()  :0
 5 0x0000000000401155 _start()  ???:0
=================================
[mole044:240168] *** Process received signal ***
[mole044:240168] Signal: Segmentation fault (11)
[mole044:240168] Signal code:  (-6)
[mole044:240168] Failing at address: 0x12500003aa28
[mole044:240168] [ 0] /lib64/libc.so.6(+0x3e730)[0x7ffb4303e730]
[mole044:240168] [ 1] /homes/sekabanj/CIS_520_P4/mpi_version[0x401330]
[mole044:240168] [ 2] /homes/sekabanj/CIS_520_P4/mpi_version[0x401536]
[mole044:240168] [ 3] /lib64/libc.so.6(+0x295d0)[0x7ffb430295d0]
[mole044:240168] [ 4] /lib64/libc.so.6(__libc_start_main+0x80)[0x7ffb43029680]
[mole044:240168] [ 5] /homes/sekabanj/CIS_520_P4/mpi_version[0x401155]
[mole044:240168] *** End of error message ***
--------------------------------------------------------------------------
Primary job  terminated normally, but 1 process returned
a non-zero exit code. Per user-direction, the job has been aborted.
--------------------------------------------------------------------------
--------------------------------------------------------------------------
mpirun noticed that process rank 3 with PID 0 on node mole041 exited on signal 11 (Segmentation fault).
--------------------------------------------------------------------------
