
The following have been reloaded with a version change:
  1) FFTW.MPI/3.3.10-gompi-2022a => FFTW.MPI/3.3.10-gompi-2023b
  2) FFTW/3.3.10-GCC-11.3.0 => FFTW/3.3.10-GCC-13.2.0
  3) FlexiBLAS/3.2.0-GCC-11.3.0 => FlexiBLAS/3.3.1-GCC-13.2.0
  4) GCC/11.3.0 => GCC/13.2.0
  5) GCCcore/11.3.0 => GCCcore/13.2.0
  6) OpenBLAS/0.3.20-GCC-11.3.0 => OpenBLAS/0.3.24-GCC-13.2.0
  7) OpenMPI/4.1.4-GCC-11.3.0 => OpenMPI/4.1.6-GCC-13.2.0
  8) PMIx/4.1.2-GCCcore-11.3.0 => PMIx/4.2.6-GCCcore-13.2.0
  9) ScaLAPACK/2.2.0-gompi-2022a-fb => ScaLAPACK/2.2.0-gompi-2023b-fb
 10) UCC/1.0.0-GCCcore-11.3.0 => UCC/1.2.0-GCCcore-13.2.0
 11) UCX/1.12.1-GCCcore-11.3.0 => UCX/1.15.0-GCCcore-13.2.0
 12) XZ/5.2.5-GCCcore-11.3.0 => XZ/5.4.4-GCCcore-13.2.0
 13) binutils/2.38-GCCcore-11.3.0 => binutils/2.40-GCCcore-13.2.0
 14) foss/2022a => foss/2023b
 15) gompi/2022a => gompi/2023b
 16) hwloc/2.7.1-GCCcore-11.3.0 => hwloc/2.9.2-GCCcore-13.2.0
 17) libevent/2.1.12-GCCcore-11.3.0 => libevent/2.1.12-GCCcore-13.2.0
 18) libfabric/1.15.1-GCCcore-11.3.0 => libfabric/1.19.0-GCCcore-13.2.0
 19) libpciaccess/0.16-GCCcore-11.3.0 => libpciaccess/0.17-GCCcore-13.2.0
 20) libxml2/2.9.13-GCCcore-11.3.0 => libxml2/2.11.5-GCCcore-13.2.0
 21) numactl/2.0.14-GCCcore-11.3.0 => numactl/2.0.16-GCCcore-13.2.0
 22) zlib/1.2.12-GCCcore-11.3.0 => zlib/1.2.13-GCCcore-13.2.0

[mole041:2186327:0:2186327] Caught signal 11 (Segmentation fault: address not mapped to object at address (nil))
my id is 2
my id is 3
[mole041:2186326:0:2186326] Caught signal 11 (Segmentation fault: address not mapped to object at address (nil))
my id is 1
[mole041:2186325:0:2186325] Caught signal 11 (Segmentation fault: address not mapped to object at address (nil))
my id is 6
[mole044:247799:0:247799] Caught signal 11 (Segmentation fault: address not mapped to object at address (nil))
my id is 4
my id is 7
[mole044:247797:0:247797] Caught signal 11 (Segmentation fault: address not mapped to object at address (nil))
[mole044:247800:0:247800] Caught signal 11 (Segmentation fault: address not mapped to object at address (nil))
my id is 5
[mole044:247798:0:247798] Caught signal 11 (Segmentation fault: address not mapped to object at address (nil))
my id is 0
done finding max
done finding max
done finding max
done finding max
done finding max
done finding max
done finding max
done finding max
done finding max
done finding max
done finding max
done finding max
done finding max
done finding max
done finding max
done finding max
done finding max
done finding max
done finding max
done finding max
done finding max
done finding max
done finding max
done finding max
done finding max
done finding max
done finding max
done finding max
done finding max
done finding max
done finding max
done finding max
done finding max
done finding max
done finding max
done finding max
done finding max
done finding max
done finding max
done finding max
done finding max
done finding max
done finding max
done finding max
done finding max
done finding max
done finding max
done finding max
done finding max
done finding max
done finding max
done finding max
done finding max
done finding max
done finding max
done finding max
done finding max
done finding max
done finding max
done finding max
done finding max
done finding max
done finding max
done finding max
done finding max
done finding max
done finding max
done finding max
done finding max
done finding max
done finding max
done finding max
done finding max
done finding max
done finding max
done finding max
done finding max
done finding max
done finding max
done finding max
done finding max
done finding max
done finding max
done finding max
done finding max
done finding max
done finding max
done finding max
done finding max
done finding max
done finding max
done finding max
done finding max
done finding max
done finding max
done finding max
done finding max
done finding max
done finding max
done finding max
done, my id is 0
==== backtrace (tid:2186326) ====
 0 0x000000000003e730 __GI___sigaction()  :0
 1 0x000000000040134a kernel()  ???:0
 2 0x0000000000401550 main()  ???:0
 3 0x00000000000295d0 __libc_start_call_main()  ???:0
 4 0x0000000000029680 __libc_start_main_alias_2()  :0
 5 0x0000000000401165 _start()  ???:0
=================================
[mole041:2186326] *** Process received signal ***
[mole041:2186326] Signal: Segmentation fault (11)
[mole041:2186326] Signal code:  (-6)
[mole041:2186326] Failing at address: 0x125000215c56
[mole041:2186326] [ 0] /lib64/libc.so.6(+0x3e730)[0x7f93e063e730]
[mole041:2186326] [ 1] /homes/sekabanj/CIS_520_P4/mpi_version[0x40134a]
[mole041:2186326] [ 2] /homes/sekabanj/CIS_520_P4/mpi_version[0x401550]
[mole041:2186326] [ 3] /lib64/libc.so.6(+0x295d0)[0x7f93e06295d0]
[mole041:2186326] [ 4] /lib64/libc.so.6(__libc_start_main+0x80)[0x7f93e0629680]
[mole041:2186326] [ 5] /homes/sekabanj/CIS_520_P4/mpi_version[0x401165]
[mole041:2186326] *** End of error message ***
==== backtrace (tid: 247799) ====
 0 0x000000000003e730 __GI___sigaction()  :0
 1 0x000000000040134a kernel()  ???:0
 2 0x0000000000401550 main()  ???:0
 3 0x00000000000295d0 __libc_start_call_main()  ???:0
 4 0x0000000000029680 __libc_start_main_alias_2()  :0
 5 0x0000000000401165 _start()  ???:0
=================================
==== backtrace (tid: 247797) ====
 0 0x000000000003e730 __GI___sigaction()  :0
 1 0x000000000040134a kernel()  ???:0
 2 0x0000000000401550 main()  ???:0
 3 0x00000000000295d0 __libc_start_call_main()  ???:0
 4 0x0000000000029680 __libc_start_main_alias_2()  :0
 5 0x0000000000401165 _start()  ???:0
=================================
[mole044:247797] *** Process received signal ***
[mole044:247797] Signal: Segmentation fault (11)
[mole044:247797] Signal code:  (-6)
[mole044:247797] Failing at address: 0x12500003c7f5
[mole044:247799] *** Process received signal ***
[mole044:247799] Signal: Segmentation fault (11)
[mole044:247799] Signal code:  (-6)
[mole044:247799] Failing at address: 0x12500003c7f7
[mole044:247799] [ 0] [mole044:247797] [ 0] /lib64/libc.so.6(+0x3e730)[0x7f12ce23e730]
[mole044:247797] [ 1] /homes/sekabanj/CIS_520_P4/mpi_version[0x40134a]
[mole044:247797] [ 2] /homes/sekabanj/CIS_520_P4/mpi_version[0x401550]
[mole044:247797] [ 3] ==== backtrace (tid: 247798) ====
 0 0x000000000003e730 __GI___sigaction()  :0
 1 0x000000000040134a kernel()  ???:0
 2 0x0000000000401550 main()  ???:0
 3 0x00000000000295d0 __libc_start_call_main()  ???:0
 4 0x0000000000029680 __libc_start_main_alias_2()  :0
 5 0x0000000000401165 _start()  ???:0
=================================
[mole044:247798] *** Process received signal ***
[mole044:247798] Signal: Segmentation fault (11)
[mole044:247798] Signal code:  (-6)
[mole044:247798] Failing at address: 0x12500003c7f6
/lib64/libc.so.6(+0x295d0)[0x7f12ce2295d0]
[mole044:247797] [ 4] /lib64/libc.so.6(__libc_start_main+0x80)[0x7f12ce229680]
[mole044:247797] [ 5] /homes/sekabanj/CIS_520_P4/mpi_version[0x401165]
[mole044:247797] *** End of error message ***
/lib64/libc.so.6(+0x3e730)[0x7f6883a3e730]
[mole044:247799] [ 1] /homes/sekabanj/CIS_520_P4/mpi_version[0x40134a]
[mole044:247799] [ 2] /homes/sekabanj/CIS_520_P4/mpi_version[0x401550]
[mole044:247799] [ 3] /lib64/libc.so.6(+0x295d0)[0x7f6883a295d0]
[mole044:247799] [ 4] /lib64/libc.so.6(__libc_start_main+0x80)[0x7f6883a29680]
[mole044:247799] [ 5] /homes/sekabanj/CIS_520_P4/mpi_version[0x401165]
[mole044:247799] *** End of error message ***
==== backtrace (tid:2186325) ====
 0 0x000000000003e730 __GI___sigaction()  :0
 1 0x000000000040134a kernel()  ???:0
 2 0x0000000000401550 main()  ???:0
 3 0x00000000000295d0 __libc_start_call_main()  ???:0
 4 0x0000000000029680 __libc_start_main_alias_2()  :0
 5 0x0000000000401165 _start()  ???:0
=================================
[mole044:247798] [ 0] /lib64/libc.so.6(+0x3e730)[0x7fcb8543e730]
[mole044:247798] [ 1] ==== backtrace (tid:2186327) ====
 0 0x000000000003e730 __GI___sigaction()  :0
 1 0x000000000040134a kernel()  ???:0
 2 0x0000000000401550 main()  ???:0
 3 0x00000000000295d0 __libc_start_call_main()  ???:0
 4 0x0000000000029680 __libc_start_main_alias_2()  :0
 5 0x0000000000401165 _start()  ???:0
/homes/sekabanj/CIS_520_P4/mpi_version[0x40134a]
[mole044:247798] [ 2] /homes/sekabanj/CIS_520_P4/mpi_version[0x401550]
[mole044:247798] [ 3] /lib64/libc.so.6(+0x295d0)[0x7fcb854295d0]
[mole044:247798] [ 4] /lib64/libc.so.6(__libc_start_main+0x80)[0x7fcb85429680]
[mole044:247798] [ 5] /homes/sekabanj/CIS_520_P4/mpi_version[0x401165]
[mole044:247798] *** End of error message ***
=================================
==== backtrace (tid: 247800) ====
 0 0x000000000003e730 __GI___sigaction()  :0
 1 0x000000000040134a kernel()  ???:0
 2 0x0000000000401550 main()  ???:0
 3 0x00000000000295d0 __libc_start_call_main()  ???:0
 4 0x0000000000029680 __libc_start_main_alias_2()  :0
 5 0x0000000000401165 _start()  ???:0
=================================
[mole041:2186325] *** Process received signal ***
[mole041:2186325] Signal: Segmentation fault (11)
[mole041:2186325] Signal code:  (-6)
[mole041:2186325] Failing at address: 0x125000215c55
[mole041:2186325] [ 0] [mole044:247800] *** Process received signal ***
[mole044:247800] Signal: Segmentation fault (11)
[mole044:247800] Signal code:  (-6)
[mole044:247800] Failing at address: 0x12500003c7f8
[mole044:247800] [ 0] /lib64/libc.so.6(+0x3e730)[0x7fccff03e730]
[mole041:2186325] /lib64/libc.so.6(+0x3e730)[0x7f3626a3e730]
[mole044:247800] [ 1] [mole041:2186327] *** Process received signal ***
[mole041:2186327] Signal: Segmentation fault (11)
[mole041:2186327] Signal code:  (-6)
[mole041:2186327] Failing at address: 0x125000215c57
[ 1] /homes/sekabanj/CIS_520_P4/mpi_version[0x40134a]
[mole041:2186325] [ 2] /homes/sekabanj/CIS_520_P4/mpi_version[0x401550]
[mole041:2186325] [ 3] /lib64/libc.so.6(+0x295d0)[0x7fccff0295d0]
/homes/sekabanj/CIS_520_P4/mpi_version[0x40134a]
[mole044:247800] [ 2] /homes/sekabanj/CIS_520_P4/mpi_version[0x401550]
[mole044:247800] [ 3] [mole041:2186325] [ 4] /lib64/libc.so.6(+0x295d0)[0x7f3626a295d0]
[mole044:247800] [ 4] [mole041:2186327] [ 0] /lib64/libc.so.6(__libc_start_main+0x80)[0x7fccff029680]
[mole041:2186325] [ 5] /homes/sekabanj/CIS_520_P4/mpi_version[0x401165]
[mole041:2186325] *** End of error message ***
/lib64/libc.so.6(__libc_start_main+0x80)[0x7f3626a29680]
[mole044:247800] [ 5] /homes/sekabanj/CIS_520_P4/mpi_version[0x401165]
[mole044:247800] *** End of error message ***
/lib64/libc.so.6(+0x3e730)[0x7f137c83e730]
[mole041:2186327] [ 1] /homes/sekabanj/CIS_520_P4/mpi_version[0x40134a]
[mole041:2186327] [ 2] /homes/sekabanj/CIS_520_P4/mpi_version[0x401550]
[mole041:2186327] [ 3] /lib64/libc.so.6(+0x295d0)[0x7f137c8295d0]
[mole041:2186327] [ 4] /lib64/libc.so.6(__libc_start_main+0x80)[0x7f137c829680]
[mole041:2186327] [ 5] /homes/sekabanj/CIS_520_P4/mpi_version[0x401165]
[mole041:2186327] *** End of error message ***
--------------------------------------------------------------------------
Primary job  terminated normally, but 1 process returned
a non-zero exit code. Per user-direction, the job has been aborted.
--------------------------------------------------------------------------
--------------------------------------------------------------------------
mpirun noticed that process rank 5 with PID 247798 on node mole044 exited on signal 11 (Segmentation fault).
--------------------------------------------------------------------------
