
The following have been reloaded with a version change:
  1) FFTW.MPI/3.3.10-gompi-2022a => FFTW.MPI/3.3.10-gompi-2023b
  2) FFTW/3.3.10-GCC-11.3.0 => FFTW/3.3.10-GCC-13.2.0
  3) FlexiBLAS/3.2.0-GCC-11.3.0 => FlexiBLAS/3.3.1-GCC-13.2.0
  4) GCC/11.3.0 => GCC/13.2.0
  5) GCCcore/11.3.0 => GCCcore/13.2.0
  6) OpenBLAS/0.3.20-GCC-11.3.0 => OpenBLAS/0.3.24-GCC-13.2.0
  7) OpenMPI/4.1.4-GCC-11.3.0 => OpenMPI/4.1.6-GCC-13.2.0
  8) PMIx/4.1.2-GCCcore-11.3.0 => PMIx/4.2.6-GCCcore-13.2.0
  9) ScaLAPACK/2.2.0-gompi-2022a-fb => ScaLAPACK/2.2.0-gompi-2023b-fb
 10) UCC/1.0.0-GCCcore-11.3.0 => UCC/1.2.0-GCCcore-13.2.0
 11) UCX/1.12.1-GCCcore-11.3.0 => UCX/1.15.0-GCCcore-13.2.0
 12) XZ/5.2.5-GCCcore-11.3.0 => XZ/5.4.4-GCCcore-13.2.0
 13) binutils/2.38-GCCcore-11.3.0 => binutils/2.40-GCCcore-13.2.0
 14) foss/2022a => foss/2023b
 15) gompi/2022a => gompi/2023b
 16) hwloc/2.7.1-GCCcore-11.3.0 => hwloc/2.9.2-GCCcore-13.2.0
 17) libevent/2.1.12-GCCcore-11.3.0 => libevent/2.1.12-GCCcore-13.2.0
 18) libfabric/1.15.1-GCCcore-11.3.0 => libfabric/1.19.0-GCCcore-13.2.0
 19) libpciaccess/0.16-GCCcore-11.3.0 => libpciaccess/0.17-GCCcore-13.2.0
 20) libxml2/2.9.13-GCCcore-11.3.0 => libxml2/2.11.5-GCCcore-13.2.0
 21) numactl/2.0.14-GCCcore-11.3.0 => numactl/2.0.16-GCCcore-13.2.0
 22) zlib/1.2.12-GCCcore-11.3.0 => zlib/1.2.13-GCCcore-13.2.0

my id is 3
done, my id is 3
my id is 1
done, my id is 1
Process 1 finished in 0.000 s
Process 3 finished in 0.000 s
my id is 2
done, my id is 2
Process 2 finished in 0.000 s
my id is 6
done, my id is 6
my id is 7
done, my id is 7
my id is 5
done, my id is 5
Process 5 finished in 0.000 s
Process 7 finished in 0.000 s
Process 6 finished in 0.000 s
my id is 4
done, my id is 4
my id is 0
done, my id is 0
offset 0 count 800
Line 0: 0
Line 1: 0
Line 2: 0
Line 3: 0
Line 4: 0
Line 5: 0
Line 6: 0
Line 7: 0
Line 8: 0
Line 9: 0
Line 10: 4194368
Line 11: 0
Line 12: 56
Line 13: 0
Line 14: 13
Line 15: 0
Line 16: 4096
Line 17: 0
Line 18: -835665920
Line 19: 32743
Line 20: 0
Line 21: 0
Line 22: 0
Line 23: 0
Line 24: 0
Line 25: 0
Line 26: 1577482908
Line 27: 32767
Line 28: 4688
Line 29: 20
Line 30: 16781904
Line 31: 3
Line 32: 1
Line 33: 79
Line 34: 11001
Line 35: 0
Line 36: 1577482944
Line 37: 32767
Line 38: 64
Line 39: 0
Line 40: 1577482936
Line 41: 32767
Line 42: 789304
Line 43: 0
Line 44: 1
Line 45: 0
Line 46: -835570688
Line 47: 32743
Line 48: 0
Line 49: 0
Line 50: 32768
Process 4 finished in 0.011 s
Line 51: 0
Line 52: 26214400
Line 53: 0
Line 54: 26214400
Line 55: 0
Line 56: 3276800
Line 57: 0
Line 58: 2048
Line 59: 0
Line 60: 2048
Line 61: 0
Line 62: 8
Line 63: 0
Line 64: 64
Line 65: 0
Line 66: 8
Line 67: 0
Line 68: 262144
Line 69: 0
Line 70: -1
Line 71: -1
Line 72: 20
Line 73: 0
Line 74: 26214400
Line 75: 0
Line 76: 64
Line 77: 0
Line 78: 32768
Line 79: 0
Line 80: 6
Line 81: 79
Line 82: 8
Line 83: 0
Line 84: 26214400
Line 85: 0
Line 86: 1310720
Line 87: 0
Line 88: 0
Line 89: 0
Line 90: 10442816
Line 91: 0
Line 92: 1
Line 93: 0
Line 94: -840788528
Line 95: 32743
Line 96: 0
Line 97: 0
Line 98: 4199399
Line 99: 0
Line 100: 0
Line 101: 0
Line 102: 0
Line 103: 0
Line 104: 0
Line 105: 0
Line 106: 0
Line 107: 0
Line 108: 0
Line 109: 0
Line 110: 4194368
Line 111: 0
Line 112: 56
Line 113: 0
Line 114: 13
Line 115: 0
Line 116: 4096
Line 117: 0
Line 118: 362962944
Line 119: 32552
Line 120: 0
Line 121: 0
Line 122: 0
Line 123: 0
Line 124: 0
Line 125: 0
Line 126: -1528743332
Line 127: 32764
Line 128: 4688
Line 129: 20
Line 130: 16781904
Line 131: 3
Line 132: 1
Line 133: 79
Line 134: 11001
Line 135: 0
Line 136: -1528743296
Line 137: 32764
Line 138: 64
Line 139: 0
Line 140: -1528743304
Line 141: 32764
Line 142: 789304
Line 143: 0
Line 144: 1
Line 145: 0
Line 146: 363058176
Line 147: 32552
Line 148: 0
Line 149: 0
Line 150: 32768
Line 151: 0
Line 152: 26214400
Line 153: 0
Line 154: 26214400
Line 155: 0
Line 156: 3276800
Line 157: 0
Line 158: 2048
Line 159: 0
Line 160: 2048
Line 161: 0
Line 162: 8
Line 163: 0
Line 164: 64
Line 165: 0
Line 166: 8
Line 167: 0
Line 168: 262144
Line 169: 0
Line 170: -1
Line 171: -1
Line 172: 20
Line 173: 0
Line 174: 26214400
Line 175: 0
Line 176: 64
Line 177: 0
Line 178: 32768
Line 179: 0
Line 180: 6
Line 181: 79
Line 182: 8
Line 183: 1
Line 184: 26214400
Line 185: 0
Line 186: 1310720
Line 187: 0
Line 188: 0
Line 189: 0
Line 190: -1528699902
Line 191: 32764
Line 192: 1
Line 193: 0
Line 194: 358782416
Line 195: 32552
Line 196: 0
Line 197: 0
Line 198: 4199399
Line 199: 0
Line 200: 0
Line 201: 0
Line 202: 0
Line 203: 0
Line 204: 0
Line 205: 0
Line 206: 0
Line 207: 0
Line 208: 0
Line 209: 0
Line 210: 4194368
Line 211: 0
Line 212: 56
Line 213: 0
Line 214: 13
Line 215: 0
Line 216: 4096
Line 217: 0
Line 218: -243478528
Line 219: 32636
Line 220: 0
Line 221: 0
Line 222: 0
Line 223: 0
Line 224: 0
Line 225: 0
Line 226: -1048212724
Line 227: 32764
Line 228: 4688
Line 229: 20
Line 230: 16781904
Line 231: 3
Line 232: 1
Line 233: 79
Line 234: 11001
Line 235: 0
Line 236: -1048212688
Line 237: 32764
Line 238: 64
Line 239: 0
Line 240: -1048212696
Line 241: 32764
Line 242: 789304
Line 243: 0
Line 244: 1
Line 245: 0
Line 246: -243383296
Line 247: 32636
Line 248: 0
Line 249: 0
Line 250: 32768
Line 251: 0
Line 252: 26214400
Line 253: 0
Line 254: 26214400
Line 255: 0
Line 256: 3276800
Line 257: 0
Line 258: 2048
Line 259: 0
Line 260: 2048
Line 261: 0
Line 262: 8
Line 263: 0
Line 264: 64
Line 265: 0
Line 266: 8
Line 267: 0
Line 268: 262144
Line 269: 0
Line 270: -1
Line 271: -1
Line 272: 20
Line 273: 0
Line 274: 26214400
Line 275: 0
Line 276: 64
Line 277: 0
Line 278: 32768
Line 279: 0
Line 280: 6
Line 281: 79
Line 282: 8
Line 283: 2
Line 284: 26214400
Line 285: 0
Line 286: 1310720
Line 287: 0
Line 288: 0
Line 289: 0
Line 290: -1048169470
Line 291: 32764
Line 292: 1
Line 293: 0
Line 294: -247294512
Line 295: 32636
Line 296: 0
Line 297: 0
Line 298: 4199399
Line 299: 0
Line 300: 0
Line 301: 0
Line 302: 0
Line 303: 0
Line 304: 0
Line 305: 0
Line 306: 0
Line 307: 0
Line 308: 0
Line 309: 0
Line 310: 4194368
Line 311: 0
Line 312: 56
Line 313: 0
Line 314: 13
Line 315: 0
Line 316: 4096
Line 317: 0
Line 318: -1410891776
Line 319: 32730
Line 320: 0
Line 321: 0
Line 322: 0
Line 323: 0
Line 324: 0
Line 325: 0
Line 326: -722601044
Line 327: 32765
Line 328: 4688
Line 329: 20
Line 330: 16781904
Line 331: 3
Line 332: 1
Line 333: 79
Line 334: 11001
Line 335: 0
Line 336: -722601008
Line 337: 32765
Line 338: 64
Line 339: 0
Line 340: -722601016
Line 341: 32765
Line 342: 789304
Line 343: 0
Line 344: 1
Line 345: 0
Line 346: -1410796544
Line 347: 32730
Line 348: 0
Line 349: 0
Line 350: 32768
Line 351: 0
Line 352: 26214400
Line 353: 0
Line 354: 26214400
Line 355: 0
Line 356: 3276800
Line 357: 0
Line 358: 2048
Line 359: 0
Line 360: 2048
Line 361: 0
Line 362: 8
Line 363: 0
Line 364: 64
Line 365: 0
Line 366: 8
Line 367: 0
Line 368: 262144
Line 369: 0
Line 370: -1
Line 371: -1
Line 372: 20
Line 373: 0
Line 374: 26214400
Line 375: 0
Line 376: 64
Line 377: 0
Line 378: 32768
Line 379: 0
Line 380: 6
Line 381: 79
Line 382: 8
Line 383: 3
Line 384: 26214400
Line 385: 0
Line 386: 1310720
Line 387: 0
Line 388: 0
Line 389: 0
Line 390: -722562046
Line 391: 32765
Line 392: 1
Line 393: 0
Line 394: -1415408176
Line 395: 32730
Line 396: 0
Line 397: 0
Line 398: 4199399
Line 399: 0
Line 400: 0
Line 401: 0
Line 402: 0
Line 403: 0
Line 404: 0
Line 405: 0
Line 406: 0
Line 407: 0
Line 408: 0
Line 409: 0
Line 410: 4194368
Line 411: 0
Line 412: 56
Line 413: 0
Line 414: 13
Line 415: 0
Line 416: 4096
Line 417: 0
Line 418: -2044301312
Line 419: 32737
Line 420: 0
Line 421: 0
Line 422: 0
Line 423: 0
Line 424: 0
Line 425: 0
Line 426: -2135635988
Line 427: 32767
Line 428: 4688
Line 429: 20
Line 430: 16781904
Line 431: 3
Line 432: 1
Line 433: 79
Line 434: 11001
Line 435: 0
Line 436: -2135635952
Line 437: 32767
Line 438: 64
Line 439: 0
Line 440: -2135635960
Line 441: 32767
Line 442: 789304
Line 443: 0
Line 444: 1
Line 445: 0
Line 446: -2044206080
Line 447: 32737
Line 448: 0
Line 449: 0
Line 450: 32768
Line 451: 0
Line 452: 26214400
Line 453: 0
Line 454: 26214400
Line 455: 0
Line 456: 3276800
Line 457: 0
Line 458: 2048
Line 459: 0
Line 460: 2048
Line 461: 0
Line 462: 8
Line 463: 0
Line 464: 64
Line 465: 0
Line 466: 8
Line 467: 0
Line 468: 262144
Line 469: 0
Line 470: -1
Line 471: -1
Line 472: 20
Line 473: 0
Line 474: 26214400
Line 475: 0
Line 476: 64
Line 477: 0
Line 478: 32768
Line 479: 0
Line 480: 6
Line 481: 79
Line 482: 8
Line 483: 4
Line 484: 26214400
Line 485: 0
Line 486: 1310720
Line 487: 0
Line 488: 0
Line 489: 0
Line 490: -2135592539
Line 491: 32767
Line 492: 1
Line 493: 0
Line 494: -2048748080
Line 495: 32737
Line 496: 0
Line 497: 0
Line 498: 4199399
Line 499: 0
Line 500: 0
Line 501: 0
Line 502: 0
Line 503: 0
Line 504: 0
Line 505: 0
Line 506: 0
Line 507: 0
Line 508: 0
Line 509: 0
Line 510: 4194368
Line 511: 0
Line 512: 56
Line 513: 0
Line 514: 13
Line 515: 0
Line 516: 4096
Line 517: 0
Line 518: -1377685504
Line 519: 32726
Line 520: 0
Line 521: 0
Line 522: 0
Line 523: 0
Line 524: 0
Line 525: 0
Line 526: -501844292
Line 527: 32764
Line 528: 4688
Line 529: 20
Line 530: 16781904
Line 531: 3
Line 532: 1
Line 533: 79
Line 534: 11001
Line 535: 0
Line 536: -501844256
Line 537: 32764
Line 538: 64
Line 539: 0
Line 540: -501844264
Line 541: 32764
Line 542: 789304
Line 543: 0
Line 544: 1
Line 545: 0
Line 546: -1377590272
Line 547: 32726
Line 548: 0
Line 549: 0
Line 550: 32768
Line 551: 0
Line 552: 26214400
Line 553: 0
Line 554: 26214400
Line 555: 0
Line 556: 3276800
Line 557: 0
Line 558: 2048
Line 559: 0
Line 560: 2048
Line 561: 0
Line 562: 8
Line 563: 0
Line 564: 64
Line 565: 0
Line 566: 8
Line 567: 0
Line 568: 262144
Line 569: 0
Line 570: -1
Line 571: -1
Line 572: 20
Line 573: 0
Line 574: 26214400
Line 575: 0
Line 576: 64
Line 577: 0
Line 578: 32768
Line 579: 0
Line 580: 6
Line 581: 79
Line 582: 8
Line 583: 5
Line 584: 26214400
Line 585: 0
Line 586: 1310720
Line 587: 0
Line 588: 0
Line 589: 0
Line 590: -501800539
Line 591: 32764
Line 592: 1
Line 593: 0
Line 594: -1381853744
Line 595: 32726
Line 596: 0
Line 597: 0
Line 598: 4199399
Line 599: 0
Line 600: 0
Line 601: 0
Line 602: 0
Line 603: 0
Line 604: 0
Line 605: 0
Line 606: 0
Line 607: 0
Line 608: 0
Line 609: 0
Line 610: 4194368
Line 611: 0
Line 612: 56
Line 613: 0
Line 614: 13
Line 615: 0
Line 616: 4096
Line 617: 0
Line 618: 681029632
Line 619: 32637
Line 620: 0
Line 621: 0
Line 622: 0
Line 623: 0
Line 624: 0
Line 625: 0
Line 626: -535247924
Line 627: 32766
Line 628: 4688
Line 629: 20
Line 630: 16781904
Line 631: 3
Line 632: 1
Line 633: 79
Line 634: 11001
Line 635: 0
Line 636: -535247888
Line 637: 32766
Line 638: 64
Line 639: 0
Line 640: -535247896
Line 641: 32766
Line 642: 789304
Line 643: 0
Line 644: 1
Line 645: 0
Line 646: 681124864
Line 647: 32637
Line 648: 0
Line 649: 0
Line 650: 32768
Line 651: 0
Line 652: 26214400
Line 653: 0
Line 654: 26214400
Line 655: 0
Line 656: 3276800
Line 657: 0
Line 658: 2048
Line 659: 0
Line 660: 2048
Line 661: 0
Line 662: 8
Line 663: 0
Line 664: 64
Line 665: 0
Line 666: 8
Line 667: 0
Line 668: 262144
Line 669: 0
Line 670: -1
Line 671: -1
Line 672: 20
Line 673: 0
Line 674: 26214400
Line 675: 0
Line 676: 64
Line 677: 0
Line 678: 32768
Line 679: 0
Line 680: 6
Line 681: 79
Line 682: 8
Line 683: 6
Line 684: 26214400
Line 685: 0
Line 686: 1310720
Line 687: 0
Line 688: 0
Line 689: 0
Line 690: -535207515
Line 691: 32766
Line 692: 1
Line 693: 0
Line 694: 677549520
Line 695: 32637
Line 696: 0
Line 697: 0
Line 698: 4199399
Line 699: 0
Line 700: 0
Line 701: 0
Line 702: 0
Line 703: 0
Line 704: 0
Line 705: 0
Line 706: 0
Line 707: 0
Line 708: 0
Line 709: 0
Line 710: 4194368
Line 711: 0
Line 712: 56
Line 713: 0
Line 714: 13
Line 715: 0
Line 716: 4096
Line 717: 0
Line 718: 1228935168
Line 719: 32532
Line 720: 0
Line 721: 0
Line 722: 0
Line 723: 0
Line 724: 0
Line 725: 0
Line 726: -1904343764
Line 727: 32767
Line 728: 4688
Line 729: 20
Line 730: 16781904
Line 731: 3
Line 732: 1
Line 733: 79
Line 734: 11001
Line 735: 0
Line 736: -1904343728
Line 737: 32767
Line 738: 64
Line 739: 0
Line 740: -1904343736
Line 741: 32767
Line 742: 789304
Line 743: 0
Line 744: 1
Line 745: 0
Line 746: 1229030400
Line 747: 32532
Line 748: 0
Line 749: 0
Line 750: 32768
Line 751: 0
Line 752: 26214400
Line 753: 0
Line 754: 26214400
Line 755: 0
Line 756: 3276800
Line 757: 0
Line 758: 2048
Line 759: 0
Line 760: 2048
Line 761: 0
Line 762: 8
Line 763: 0
Line 764: 64
Line 765: 0
Line 766: 8
Line 767: 0
Line 768: 262144
Line 769: 0
Line 770: -1
Line 771: -1
Line 772: 20
Line 773: 0
Line 774: 26214400
Line 775: 0
Line 776: 64
Line 777: 0
Line 778: 32768
Line 779: 0
Line 780: 6
Line 781: 79
Line 782: 8
Line 783: 7
Line 784: 26214400
Line 785: 0
Line 786: 1310720
Line 787: 0
Line 788: 0
Line 789: 0
Line 790: -1904299611
Line 791: 32767
Line 792: 1
Line 793: 0
Line 794: 1224906192
Line 795: 32532
Line 796: 0
Line 797: 0
Line 798: 4199399
Line 799: 0
Process 0 finished in 0.010 s
