total lines 1000
[mole053:814665:0:814665] Caught signal 8 (Floating point exception: integer divide by zero)
==== backtrace (tid: 814665) ====
 0 0x000000000003e730 __GI___sigaction()  :0
 1 0x0000000000401708 main()  ???:0
 2 0x00000000000295d0 __libc_start_call_main()  ???:0
 3 0x0000000000029680 __libc_start_main_alias_2()  :0
 4 0x0000000000401175 _start()  ???:0
=================================
[mole053:814665] *** Process received signal ***
[mole053:814665] Signal: Floating point exception (8)
[mole053:814665] Signal code:  (-6)
[mole053:814665] Failing at address: 0x1447000c6e49
[mole053:814665] [ 0] /lib64/libc.so.6(+0x3e730)[0x7f083963e730]
[mole053:814665] [ 1] ./mpi/mpi-imp[0x401708]
[mole053:814665] [ 2] /lib64/libc.so.6(+0x295d0)[0x7f08396295d0]
[mole053:814665] [ 3] /lib64/libc.so.6(__libc_start_main+0x80)[0x7f0839629680]
[mole053:814665] [ 4] ./mpi/mpi-imp[0x401175]
[mole053:814665] *** End of error message ***
--------------------------------------------------------------------------
Primary job  terminated normally, but 1 process returned
a non-zero exit code. Per user-direction, the job has been aborted.
--------------------------------------------------------------------------
--------------------------------------------------------------------------
mpirun noticed that process rank 0 with PID 814665 on node mole053 exited on signal 8 (Floating point exception).
--------------------------------------------------------------------------
total lines 1000
[mole053:814702:0:814702] Caught signal 8 (Floating point exception: integer divide by zero)
==== backtrace (tid: 814702) ====
 0 0x000000000003e730 __GI___sigaction()  :0
 1 0x0000000000401708 main()  ???:0
 2 0x00000000000295d0 __libc_start_call_main()  ???:0
 3 0x0000000000029680 __libc_start_main_alias_2()  :0
 4 0x0000000000401175 _start()  ???:0
=================================
[mole053:814702] *** Process received signal ***
[mole053:814702] Signal: Floating point exception (8)
[mole053:814702] Signal code:  (-6)
[mole053:814702] Failing at address: 0x1447000c6e6e
[mole053:814702] [ 0] /lib64/libc.so.6(+0x3e730)[0x7f02d663e730]
[mole053:814702] [ 1] ./mpi/mpi-imp[0x401708]
[mole053:814702] [ 2] /lib64/libc.so.6(+0x295d0)[0x7f02d66295d0]
[mole053:814702] [ 3] /lib64/libc.so.6(__libc_start_main+0x80)[0x7f02d6629680]
[mole053:814702] [ 4] ./mpi/mpi-imp[0x401175]
[mole053:814702] *** End of error message ***
--------------------------------------------------------------------------
Primary job  terminated normally, but 1 process returned
a non-zero exit code. Per user-direction, the job has been aborted.
--------------------------------------------------------------------------
--------------------------------------------------------------------------
mpirun noticed that process rank 0 with PID 814702 on node mole053 exited on signal 8 (Floating point exception).
--------------------------------------------------------------------------
total lines 1000
[mole053:814731:0:814731] Caught signal 8 (Floating point exception: integer divide by zero)
==== backtrace (tid: 814731) ====
 0 0x000000000003e730 __GI___sigaction()  :0
 1 0x0000000000401708 main()  ???:0
 2 0x00000000000295d0 __libc_start_call_main()  ???:0
 3 0x0000000000029680 __libc_start_main_alias_2()  :0
 4 0x0000000000401175 _start()  ???:0
=================================
[mole053:814731] *** Process received signal ***
[mole053:814731] Signal: Floating point exception (8)
[mole053:814731] Signal code:  (-6)
[mole053:814731] Failing at address: 0x1447000c6e8b
[mole053:814731] [ 0] /lib64/libc.so.6(+0x3e730)[0x7f41ce23e730]
[mole053:814731] [ 1] ./mpi/mpi-imp[0x401708]
[mole053:814731] [ 2] /lib64/libc.so.6(+0x295d0)[0x7f41ce2295d0]
[mole053:814731] [ 3] /lib64/libc.so.6(__libc_start_main+0x80)[0x7f41ce229680]
[mole053:814731] [ 4] ./mpi/mpi-imp[0x401175]
[mole053:814731] *** End of error message ***
--------------------------------------------------------------------------
Primary job  terminated normally, but 1 process returned
a non-zero exit code. Per user-direction, the job has been aborted.
--------------------------------------------------------------------------
--------------------------------------------------------------------------
mpirun noticed that process rank 0 with PID 814731 on node mole053 exited on signal 8 (Floating point exception).
--------------------------------------------------------------------------
total lines 1000
[mole053:814759:0:814759] Caught signal 8 (Floating point exception: integer divide by zero)
==== backtrace (tid: 814759) ====
 0 0x000000000003e730 __GI___sigaction()  :0
 1 0x0000000000401708 main()  ???:0
 2 0x00000000000295d0 __libc_start_call_main()  ???:0
 3 0x0000000000029680 __libc_start_main_alias_2()  :0
 4 0x0000000000401175 _start()  ???:0
=================================
[mole053:814759] *** Process received signal ***
[mole053:814759] Signal: Floating point exception (8)
[mole053:814759] Signal code:  (-6)
[mole053:814759] Failing at address: 0x1447000c6ea7
[mole053:814759] [ 0] /lib64/libc.so.6(+0x3e730)[0x7f7e5dc3e730]
[mole053:814759] [ 1] ./mpi/mpi-imp[0x401708]
[mole053:814759] [ 2] /lib64/libc.so.6(+0x295d0)[0x7f7e5dc295d0]
[mole053:814759] [ 3] /lib64/libc.so.6(__libc_start_main+0x80)[0x7f7e5dc29680]
[mole053:814759] [ 4] ./mpi/mpi-imp[0x401175]
[mole053:814759] *** End of error message ***
--------------------------------------------------------------------------
Primary job  terminated normally, but 1 process returned
a non-zero exit code. Per user-direction, the job has been aborted.
--------------------------------------------------------------------------
--------------------------------------------------------------------------
mpirun noticed that process rank 0 with PID 814759 on node mole053 exited on signal 8 (Floating point exception).
--------------------------------------------------------------------------
total lines 1000
[mole053:814788:0:814788] Caught signal 8 (Floating point exception: integer divide by zero)
==== backtrace (tid: 814788) ====
 0 0x000000000003e730 __GI___sigaction()  :0
 1 0x0000000000401708 main()  ???:0
 2 0x00000000000295d0 __libc_start_call_main()  ???:0
 3 0x0000000000029680 __libc_start_main_alias_2()  :0
 4 0x0000000000401175 _start()  ???:0
=================================
[mole053:814788] *** Process received signal ***
[mole053:814788] Signal: Floating point exception (8)
[mole053:814788] Signal code:  (-6)
[mole053:814788] Failing at address: 0x1447000c6ec4
[mole053:814788] [ 0] /lib64/libc.so.6(+0x3e730)[0x7f9fc603e730]
[mole053:814788] [ 1] ./mpi/mpi-imp[0x401708]
[mole053:814788] [ 2] /lib64/libc.so.6(+0x295d0)[0x7f9fc60295d0]
[mole053:814788] [ 3] /lib64/libc.so.6(__libc_start_main+0x80)[0x7f9fc6029680]
[mole053:814788] [ 4] ./mpi/mpi-imp[0x401175]
[mole053:814788] *** End of error message ***
--------------------------------------------------------------------------
Primary job  terminated normally, but 1 process returned
a non-zero exit code. Per user-direction, the job has been aborted.
--------------------------------------------------------------------------
--------------------------------------------------------------------------
mpirun noticed that process rank 0 with PID 814788 on node mole053 exited on signal 8 (Floating point exception).
--------------------------------------------------------------------------
