
The following have been reloaded with a version change:
  1) FFTW.MPI/3.3.10-gompi-2022a => FFTW.MPI/3.3.10-gompi-2023b
  2) FFTW/3.3.10-GCC-11.3.0 => FFTW/3.3.10-GCC-13.2.0
  3) FlexiBLAS/3.2.0-GCC-11.3.0 => FlexiBLAS/3.3.1-GCC-13.2.0
  4) GCC/11.3.0 => GCC/13.2.0
  5) GCCcore/11.3.0 => GCCcore/13.2.0
  6) OpenBLAS/0.3.20-GCC-11.3.0 => OpenBLAS/0.3.24-GCC-13.2.0
  7) OpenMPI/4.1.4-GCC-11.3.0 => OpenMPI/4.1.6-GCC-13.2.0
  8) PMIx/4.1.2-GCCcore-11.3.0 => PMIx/4.2.6-GCCcore-13.2.0
  9) ScaLAPACK/2.2.0-gompi-2022a-fb => ScaLAPACK/2.2.0-gompi-2023b-fb
 10) UCC/1.0.0-GCCcore-11.3.0 => UCC/1.2.0-GCCcore-13.2.0
 11) UCX/1.12.1-GCCcore-11.3.0 => UCX/1.15.0-GCCcore-13.2.0
 12) XZ/5.2.5-GCCcore-11.3.0 => XZ/5.4.4-GCCcore-13.2.0
 13) binutils/2.38-GCCcore-11.3.0 => binutils/2.40-GCCcore-13.2.0
 14) foss/2022a => foss/2023b
 15) gompi/2022a => gompi/2023b
 16) hwloc/2.7.1-GCCcore-11.3.0 => hwloc/2.9.2-GCCcore-13.2.0
 17) libevent/2.1.12-GCCcore-11.3.0 => libevent/2.1.12-GCCcore-13.2.0
 18) libfabric/1.15.1-GCCcore-11.3.0 => libfabric/1.19.0-GCCcore-13.2.0
 19) libpciaccess/0.16-GCCcore-11.3.0 => libpciaccess/0.17-GCCcore-13.2.0
 20) libxml2/2.9.13-GCCcore-11.3.0 => libxml2/2.11.5-GCCcore-13.2.0
 21) numactl/2.0.14-GCCcore-11.3.0 => numactl/2.0.16-GCCcore-13.2.0
 22) zlib/1.2.12-GCCcore-11.3.0 => zlib/1.2.13-GCCcore-13.2.0

my id is 1
my id is 3
my id is 2
[mole041:2172915:0:2172915] Caught signal 11 (Segmentation fault: address not mapped to object at address (nil))
[mole041:2172917:0:2172917] Caught signal 11 (Segmentation fault: address not mapped to object at address (nil))
[mole041:2172916:0:2172916] Caught signal 11 (Segmentation fault: address not mapped to object at address (nil))
my id is 4
my id is 6
[mole044:234979:0:234979] Caught signal 11 (Segmentation fault: address not mapped to object at address (nil))
my id is 7
[mole044:234980:0:234980] Caught signal 11 (Segmentation fault: address not mapped to object at address (nil))
[mole044:234977:0:234977] Caught signal 11 (Segmentation fault: address not mapped to object at address (nil))
my id is 5
[mole044:234978:0:234978] Caught signal 11 (Segmentation fault: address not mapped to object at address (nil))
my id is 0
done, my id is 0
==== backtrace (tid:2172915) ====
 0 0x000000000003e730 __GI___sigaction()  :0
 1 0x000000000040132c kernel()  ???:0
 2 0x000000000040150e main()  ???:0
 3 0x00000000000295d0 __libc_start_call_main()  ???:0
 4 0x0000000000029680 __libc_start_main_alias_2()  :0
 5 0x0000000000401155 _start()  ???:0
=================================
[mole041:2172915] *** Process received signal ***
[mole041:2172915] Signal: Segmentation fault (11)
[mole041:2172915] Signal code:  (-6)
[mole041:2172915] Failing at address: 0x1250002127f3
[mole041:2172915] [ 0] /lib64/libc.so.6(+0x3e730)[0x7f1ea7c3e730]
[mole041:2172915] [ 1] /homes/sekabanj/CIS_520_P4/mpi_version[0x40132c]
[mole041:2172915] [ 2] /homes/sekabanj/CIS_520_P4/mpi_version[0x40150e]
[mole041:2172915] [ 3] /lib64/libc.so.6(+0x295d0)[0x7f1ea7c295d0]
[mole041:2172915] [ 4] /lib64/libc.so.6(__libc_start_main+0x80)[0x7f1ea7c29680]
[mole041:2172915] [ 5] /homes/sekabanj/CIS_520_P4/mpi_version[0x401155]
[mole041:2172915] *** End of error message ***
==== backtrace (tid:2172916) ====
 0 0x000000000003e730 __GI___sigaction()  :0
 1 0x000000000040132c kernel()  ???:0
 2 0x000000000040150e main()  ???:0
 3 0x00000000000295d0 __libc_start_call_main()  ???:0
 4 0x0000000000029680 __libc_start_main_alias_2()  :0
 5 0x0000000000401155 _start()  ???:0
=================================
[mole041:2172916] *** Process received signal ***
[mole041:2172916] Signal: Segmentation fault (11)
[mole041:2172916] Signal code:  (-6)
[mole041:2172916] Failing at address: 0x1250002127f4
[mole041:2172916] [ 0] /lib64/libc.so.6(+0x3e730)[0x7f05a2c3e730]
[mole041:2172916] [ 1] /homes/sekabanj/CIS_520_P4/mpi_version[0x40132c]
[mole041:2172916] [ 2] /homes/sekabanj/CIS_520_P4/mpi_version[0x40150e]
[mole041:2172916] [ 3] /lib64/libc.so.6(+0x295d0)[0x7f05a2c295d0]
[mole041:2172916] [ 4] /lib64/libc.so.6(__libc_start_main+0x80)[0x7f05a2c29680]
[mole041:2172916] [ 5] /homes/sekabanj/CIS_520_P4/mpi_version[0x401155]
[mole041:2172916] *** End of error message ***
==== backtrace (tid:2172917) ====
 0 0x000000000003e730 __GI___sigaction()  :0
 1 0x000000000040132c kernel()  ???:0
 2 0x000000000040150e main()  ???:0
 3 0x00000000000295d0 __libc_start_call_main()  ???:0
 4 0x0000000000029680 __libc_start_main_alias_2()  :0
 5 0x0000000000401155 _start()  ???:0
=================================
[mole041:2172917] *** Process received signal ***
[mole041:2172917] Signal: Segmentation fault (11)
[mole041:2172917] Signal code:  (-6)
[mole041:2172917] Failing at address: 0x1250002127f5
[mole041:2172917] [ 0] /lib64/libc.so.6(+0x3e730)[0x7f966883e730]
[mole041:2172917] [ 1] /homes/sekabanj/CIS_520_P4/mpi_version[0x40132c]
[mole041:2172917] [ 2] /homes/sekabanj/CIS_520_P4/mpi_version[0x40150e]
[mole041:2172917] [ 3] /lib64/libc.so.6(+0x295d0)[0x7f96688295d0]
[mole041:2172917] [ 4] /lib64/libc.so.6(__libc_start_main+0x80)[0x7f9668829680]
[mole041:2172917] [ 5] /homes/sekabanj/CIS_520_P4/mpi_version[0x401155]
[mole041:2172917] *** End of error message ***
==== backtrace (tid: 234977) ====
 0 0x000000000003e730 __GI___sigaction()  :0
 1 0x000000000040132c kernel()  ???:0
 2 0x000000000040150e main()  ???:0
 3 0x00000000000295d0 __libc_start_call_main()  ???:0
 4 0x0000000000029680 __libc_start_main_alias_2()  :0
 5 0x0000000000401155 _start()  ???:0
=================================
[mole044:234977] *** Process received signal ***
[mole044:234977] Signal: Segmentation fault (11)
[mole044:234977] Signal code:  (-6)
[mole044:234977] Failing at address: 0x1250000395e1
[mole044:234977] [ 0] /lib64/libc.so.6(+0x3e730)[0x7fb86743e730]
[mole044:234977] [ 1] /homes/sekabanj/CIS_520_P4/mpi_version[0x40132c]
[mole044:234977] [ 2] /homes/sekabanj/CIS_520_P4/mpi_version[0x40150e]
[mole044:234977] [ 3] /lib64/libc.so.6(+0x295d0)[0x7fb8674295d0]
[mole044:234977] [ 4] /lib64/libc.so.6(__libc_start_main+0x80)[0x7fb867429680]
[mole044:234977] [ 5] /homes/sekabanj/CIS_520_P4/mpi_version[0x401155]
[mole044:234977] *** End of error message ***
==== backtrace (tid: 234980) ====
 0 0x000000000003e730 __GI___sigaction()  :0
 1 0x000000000040132c kernel()  ???:0
 2 0x000000000040150e main()  ???:0
 3 0x00000000000295d0 __libc_start_call_main()  ???:0
 4 0x0000000000029680 __libc_start_main_alias_2()  :0
 5 0x0000000000401155 _start()  ???:0
=================================
[mole044:234980] *** Process received signal ***
[mole044:234980] Signal: Segmentation fault (11)
[mole044:234980] Signal code:  (-6)
[mole044:234980] Failing at address: 0x1250000395e4
[mole044:234980] [ 0] /lib64/libc.so.6(+0x3e730)[0x7ff816c3e730]
[mole044:234980] [ 1] /homes/sekabanj/CIS_520_P4/mpi_version[0x40132c]
[mole044:234980] [ 2] /homes/sekabanj/CIS_520_P4/mpi_version[0x40150e]
[mole044:234980] [ 3] /lib64/libc.so.6(+0x295d0)[0x7ff816c295d0]
[mole044:234980] [ 4] /lib64/libc.so.6(__libc_start_main+0x80)[0x7ff816c29680]
[mole044:234980] [ 5] /homes/sekabanj/CIS_520_P4/mpi_version[0x401155]
[mole044:234980] *** End of error message ***
==== backtrace (tid: 234979) ====
 0 0x000000000003e730 __GI___sigaction()  :0
 1 0x000000000040132c kernel()  ???:0
 2 0x000000000040150e main()  ???:0
 3 0x00000000000295d0 __libc_start_call_main()  ???:0
 4 0x0000000000029680 __libc_start_main_alias_2()  :0
==== backtrace (tid: 234978) ====
 0 0x000000000003e730 __GI___sigaction()  :0
 1 0x000000000040132c kernel()  ???:0
 2 0x000000000040150e main()  ???:0
 3 0x00000000000295d0 __libc_start_call_main()  ???:0
 4 0x0000000000029680 __libc_start_main_alias_2()  :0
 5 0x0000000000401155 _start()  ???:0
=================================
 5 0x0000000000401155 _start()  ???:0
[mole044:234978] *** Process received signal ***
[mole044:234978] Signal: Segmentation fault (11)
[mole044:234978] Signal code:  (-6)
[mole044:234978] Failing at address: 0x1250000395e2
[mole044:234978] [ 0] =================================
/lib64/libc.so.6(+0x3e730)[0x7fb55f03e730]
[mole044:234978] [ 1] /homes/sekabanj/CIS_520_P4/mpi_version[0x40132c]
[mole044:234978] [ 2] /homes/sekabanj/CIS_520_P4/mpi_version[0x40150e]
[mole044:234978] [ 3] /lib64/libc.so.6(+0x295d0)[0x7fb55f0295d0]
[mole044:234978] [ 4] /lib64/libc.so.6(__libc_start_main+0x80)[0x7fb55f029680]
[mole044:234978] [ 5] /homes/sekabanj/CIS_520_P4/mpi_version[0x401155]
[mole044:234978] *** End of error message ***
[mole044:234979] *** Process received signal ***
[mole044:234979] Signal: Segmentation fault (11)
[mole044:234979] Signal code:  (-6)
[mole044:234979] Failing at address: 0x1250000395e3
[mole044:234979] [ 0] /lib64/libc.so.6(+0x3e730)[0x7f505383e730]
[mole044:234979] [ 1] /homes/sekabanj/CIS_520_P4/mpi_version[0x40132c]
[mole044:234979] [ 2] /homes/sekabanj/CIS_520_P4/mpi_version[0x40150e]
[mole044:234979] [ 3] /lib64/libc.so.6(+0x295d0)[0x7f50538295d0]
[mole044:234979] [ 4] /lib64/libc.so.6(__libc_start_main+0x80)[0x7f5053829680]
[mole044:234979] [ 5] /homes/sekabanj/CIS_520_P4/mpi_version[0x401155]
[mole044:234979] *** End of error message ***
--------------------------------------------------------------------------
Primary job  terminated normally, but 1 process returned
a non-zero exit code. Per user-direction, the job has been aborted.
--------------------------------------------------------------------------
--------------------------------------------------------------------------
mpirun noticed that process rank 5 with PID 234978 on node mole044 exited on signal 11 (Segmentation fault).
--------------------------------------------------------------------------
