[mole053:814666:0:814666] Caught signal 8 (Floating point exception: integer divide by zero)
total lines 1000
==== backtrace (tid: 814666) ====
 0 0x000000000003e730 __GI___sigaction()  :0
 1 0x0000000000401708 main()  ???:0
 2 0x00000000000295d0 __libc_start_call_main()  ???:0
 3 0x0000000000029680 __libc_start_main_alias_2()  :0
 4 0x0000000000401175 _start()  ???:0
=================================
[mole053:814666] *** Process received signal ***
[mole053:814666] Signal: Floating point exception (8)
[mole053:814666] Signal code:  (-6)
[mole053:814666] Failing at address: 0x1447000c6e4a
[mole053:814666] [ 0] /lib64/libc.so.6(+0x3e730)[0x7f1561e3e730]
[mole053:814666] [ 1] ./mpi/mpi-imp[0x401708]
[mole053:814666] [ 2] /lib64/libc.so.6(+0x295d0)[0x7f1561e295d0]
[mole053:814666] [ 3] /lib64/libc.so.6(__libc_start_main+0x80)[0x7f1561e29680]
[mole053:814666] [ 4] ./mpi/mpi-imp[0x401175]
[mole053:814666] *** End of error message ***
--------------------------------------------------------------------------
Primary job  terminated normally, but 1 process returned
a non-zero exit code. Per user-direction, the job has been aborted.
--------------------------------------------------------------------------
--------------------------------------------------------------------------
mpirun noticed that process rank 0 with PID 814666 on node mole053 exited on signal 8 (Floating point exception).
--------------------------------------------------------------------------
total lines 1000
[mole053:814703:0:814703] Caught signal 8 (Floating point exception: integer divide by zero)
==== backtrace (tid: 814703) ====
 0 0x000000000003e730 __GI___sigaction()  :0
 1 0x0000000000401708 main()  ???:0
 2 0x00000000000295d0 __libc_start_call_main()  ???:0
 3 0x0000000000029680 __libc_start_main_alias_2()  :0
 4 0x0000000000401175 _start()  ???:0
=================================
[mole053:814703] *** Process received signal ***
[mole053:814703] Signal: Floating point exception (8)
[mole053:814703] Signal code:  (-6)
[mole053:814703] Failing at address: 0x1447000c6e6f
[mole053:814703] [ 0] /lib64/libc.so.6(+0x3e730)[0x7f9e2303e730]
[mole053:814703] [ 1] ./mpi/mpi-imp[0x401708]
[mole053:814703] [ 2] /lib64/libc.so.6(+0x295d0)[0x7f9e230295d0]
[mole053:814703] [ 3] /lib64/libc.so.6(__libc_start_main+0x80)[0x7f9e23029680]
[mole053:814703] [ 4] ./mpi/mpi-imp[0x401175]
[mole053:814703] *** End of error message ***
--------------------------------------------------------------------------
Primary job  terminated normally, but 1 process returned
a non-zero exit code. Per user-direction, the job has been aborted.
--------------------------------------------------------------------------
--------------------------------------------------------------------------
mpirun noticed that process rank 0 with PID 814703 on node mole053 exited on signal 8 (Floating point exception).
--------------------------------------------------------------------------
total lines 1000
[mole053:814732:0:814732] Caught signal 8 (Floating point exception: integer divide by zero)
==== backtrace (tid: 814732) ====
 0 0x000000000003e730 __GI___sigaction()  :0
 1 0x0000000000401708 main()  ???:0
 2 0x00000000000295d0 __libc_start_call_main()  ???:0
 3 0x0000000000029680 __libc_start_main_alias_2()  :0
 4 0x0000000000401175 _start()  ???:0
=================================
[mole053:814732] *** Process received signal ***
[mole053:814732] Signal: Floating point exception (8)
[mole053:814732] Signal code:  (-6)
[mole053:814732] Failing at address: 0x1447000c6e8c
[mole053:814732] [ 0] /lib64/libc.so.6(+0x3e730)[0x7f670663e730]
[mole053:814732] [ 1] ./mpi/mpi-imp[0x401708]
[mole053:814732] [ 2] /lib64/libc.so.6(+0x295d0)[0x7f67066295d0]
[mole053:814732] [ 3] /lib64/libc.so.6(__libc_start_main+0x80)[0x7f6706629680]
[mole053:814732] [ 4] ./mpi/mpi-imp[0x401175]
[mole053:814732] *** End of error message ***
--------------------------------------------------------------------------
Primary job  terminated normally, but 1 process returned
a non-zero exit code. Per user-direction, the job has been aborted.
--------------------------------------------------------------------------
--------------------------------------------------------------------------
mpirun noticed that process rank 0 with PID 814732 on node mole053 exited on signal 8 (Floating point exception).
--------------------------------------------------------------------------
[mole053:814764:0:814764] Caught signal 8 (Floating point exception: integer divide by zero)
total lines 1000
==== backtrace (tid: 814764) ====
 0 0x000000000003e730 __GI___sigaction()  :0
 1 0x0000000000401708 main()  ???:0
 2 0x00000000000295d0 __libc_start_call_main()  ???:0
 3 0x0000000000029680 __libc_start_main_alias_2()  :0
 4 0x0000000000401175 _start()  ???:0
=================================
[mole053:814764] *** Process received signal ***
[mole053:814764] Signal: Floating point exception (8)
[mole053:814764] Signal code:  (-6)
[mole053:814764] Failing at address: 0x1447000c6eac
[mole053:814764] [ 0] /lib64/libc.so.6(+0x3e730)[0x7fae6f03e730]
[mole053:814764] [ 1] ./mpi/mpi-imp[0x401708]
[mole053:814764] [ 2] /lib64/libc.so.6(+0x295d0)[0x7fae6f0295d0]
[mole053:814764] [ 3] /lib64/libc.so.6(__libc_start_main+0x80)[0x7fae6f029680]
[mole053:814764] [ 4] ./mpi/mpi-imp[0x401175]
[mole053:814764] *** End of error message ***
--------------------------------------------------------------------------
Primary job  terminated normally, but 1 process returned
a non-zero exit code. Per user-direction, the job has been aborted.
--------------------------------------------------------------------------
--------------------------------------------------------------------------
mpirun noticed that process rank 0 with PID 814764 on node mole053 exited on signal 8 (Floating point exception).
--------------------------------------------------------------------------
total lines 1000
[mole053:814789:0:814789] Caught signal 8 (Floating point exception: integer divide by zero)
==== backtrace (tid: 814789) ====
 0 0x000000000003e730 __GI___sigaction()  :0
 1 0x0000000000401708 main()  ???:0
 2 0x00000000000295d0 __libc_start_call_main()  ???:0
 3 0x0000000000029680 __libc_start_main_alias_2()  :0
 4 0x0000000000401175 _start()  ???:0
=================================
[mole053:814789] *** Process received signal ***
[mole053:814789] Signal: Floating point exception (8)
[mole053:814789] Signal code:  (-6)
[mole053:814789] Failing at address: 0x1447000c6ec5
[mole053:814789] [ 0] /lib64/libc.so.6(+0x3e730)[0x7fe898c3e730]
[mole053:814789] [ 1] ./mpi/mpi-imp[0x401708]
[mole053:814789] [ 2] /lib64/libc.so.6(+0x295d0)[0x7fe898c295d0]
[mole053:814789] [ 3] /lib64/libc.so.6(__libc_start_main+0x80)[0x7fe898c29680]
[mole053:814789] [ 4] ./mpi/mpi-imp[0x401175]
[mole053:814789] *** End of error message ***
--------------------------------------------------------------------------
Primary job  terminated normally, but 1 process returned
a non-zero exit code. Per user-direction, the job has been aborted.
--------------------------------------------------------------------------
--------------------------------------------------------------------------
mpirun noticed that process rank 0 with PID 814789 on node mole053 exited on signal 8 (Floating point exception).
--------------------------------------------------------------------------
