
The following have been reloaded with a version change:
  1) FFTW.MPI/3.3.10-gompi-2022a => FFTW.MPI/3.3.10-gompi-2023b
  2) FFTW/3.3.10-GCC-11.3.0 => FFTW/3.3.10-GCC-13.2.0
  3) FlexiBLAS/3.2.0-GCC-11.3.0 => FlexiBLAS/3.3.1-GCC-13.2.0
  4) GCC/11.3.0 => GCC/13.2.0
  5) GCCcore/11.3.0 => GCCcore/13.2.0
  6) OpenBLAS/0.3.20-GCC-11.3.0 => OpenBLAS/0.3.24-GCC-13.2.0
  7) OpenMPI/4.1.4-GCC-11.3.0 => OpenMPI/4.1.6-GCC-13.2.0
  8) PMIx/4.1.2-GCCcore-11.3.0 => PMIx/4.2.6-GCCcore-13.2.0
  9) ScaLAPACK/2.2.0-gompi-2022a-fb => ScaLAPACK/2.2.0-gompi-2023b-fb
 10) UCC/1.0.0-GCCcore-11.3.0 => UCC/1.2.0-GCCcore-13.2.0
 11) UCX/1.12.1-GCCcore-11.3.0 => UCX/1.15.0-GCCcore-13.2.0
 12) XZ/5.2.5-GCCcore-11.3.0 => XZ/5.4.4-GCCcore-13.2.0
 13) binutils/2.38-GCCcore-11.3.0 => binutils/2.40-GCCcore-13.2.0
 14) foss/2022a => foss/2023b
 15) gompi/2022a => gompi/2023b
 16) hwloc/2.7.1-GCCcore-11.3.0 => hwloc/2.9.2-GCCcore-13.2.0
 17) libevent/2.1.12-GCCcore-11.3.0 => libevent/2.1.12-GCCcore-13.2.0
 18) libfabric/1.15.1-GCCcore-11.3.0 => libfabric/1.19.0-GCCcore-13.2.0
 19) libpciaccess/0.16-GCCcore-11.3.0 => libpciaccess/0.17-GCCcore-13.2.0
 20) libxml2/2.9.13-GCCcore-11.3.0 => libxml2/2.11.5-GCCcore-13.2.0
 21) numactl/2.0.14-GCCcore-11.3.0 => numactl/2.0.16-GCCcore-13.2.0
 22) zlib/1.2.12-GCCcore-11.3.0 => zlib/1.2.13-GCCcore-13.2.0

my id is 2
my id is 1
[mole041:2183683:0:2183683] Caught signal 11 (Segmentation fault: address not mapped to object at address (nil))
my id is 3
[mole041:2183684:0:2183684] Caught signal 11 (Segmentation fault: address not mapped to object at address (nil))
[mole041:2183682:0:2183682] Caught signal 11 (Segmentation fault: address not mapped to object at address (nil))
my id is 7
my id is 6
[mole044:245398:0:245398] Caught signal 11 (Segmentation fault: address not mapped to object at address (nil))
[mole044:245399:0:245399] Caught signal 11 (Segmentation fault: address not mapped to object at address (nil))
my id is 5
[mole044:245397:0:245397] Caught signal 11 (Segmentation fault: address not mapped to object at address (nil))
my id is 4
[mole044:245396:0:245396] Caught signal 11 (Segmentation fault: address not mapped to object at address (nil))
my id is 0
done, my id is 0
==== backtrace (tid:2183684) ====
 0 0x000000000003e730 __GI___sigaction()  :0
 1 0x0000000000401330 kernel()  ???:0
 2 0x00000000004014f9 main()  ???:0
 3 0x00000000000295d0 __libc_start_call_main()  ???:0
 4 0x0000000000029680 __libc_start_main_alias_2()  :0
 5 0x0000000000401155 _start()  ???:0
=================================
[mole041:2183684] *** Process received signal ***
[mole041:2183684] Signal: Segmentation fault (11)
[mole041:2183684] Signal code:  (-6)
[mole041:2183684] Failing at address: 0x125000215204
==== backtrace (tid: 245397) ====
[mole041:2183684] [ 0] /lib64/libc.so.6(+0x3e730)[0x7f6b5d83e730]
[mole041:2183684] [ 1] /homes/sekabanj/CIS_520_P4/mpi_version[0x401330]
[mole041:2183684] [ 2] /homes/sekabanj/CIS_520_P4/mpi_version[0x4014f9]
[mole041:2183684] [ 3] /lib64/libc.so.6(+0x295d0)[0x7f6b5d8295d0]
[mole041:2183684] [ 4]  0 0x000000000003e730 __GI___sigaction()  :0
/lib64/libc.so.6(__libc_start_main+0x80)[0x7f6b5d829680]
[mole041:2183684] [ 5] /homes/sekabanj/CIS_520_P4/mpi_version[0x401155]
[mole041:2183684] *** End of error message ***
 1 0x0000000000401330 kernel()  ???:0
 2 0x00000000004014f9 main()  ???:0
 3 0x00000000000295d0 __libc_start_call_main()  ???:0
 4 0x0000000000029680 __libc_start_main_alias_2()  :0
 5 0x0000000000401155 _start()  ???:0
=================================
[mole044:245397] *** Process received signal ***
[mole044:245397] Signal: Segmentation fault (11)
[mole044:245397] Signal code:  (-6)
[mole044:245397] Failing at address: 0x12500003be95
[mole044:245397] [ 0] /lib64/libc.so.6(+0x3e730)[0x7f52fc83e730]
[mole044:245397] [ 1] /homes/sekabanj/CIS_520_P4/mpi_version[0x401330]
[mole044:245397] [ 2] /homes/sekabanj/CIS_520_P4/mpi_version[0x4014f9]
[mole044:245397] [ 3] /lib64/libc.so.6(+0x295d0)[0x7f52fc8295d0]
[mole044:245397] [ 4] /lib64/libc.so.6(__libc_start_main+0x80)[0x7f52fc829680]
[mole044:245397] [ 5] /homes/sekabanj/CIS_520_P4/mpi_version[0x401155]
[mole044:245397] *** End of error message ***
==== backtrace (tid:2183683) ====
 0 0x000000000003e730 __GI___sigaction()  :0
 1 0x0000000000401330 kernel()  ???:0
 2 0x00000000004014f9 main()  ???:0
 3 0x00000000000295d0 __libc_start_call_main()  ???:0
 4 0x0000000000029680 __libc_start_main_alias_2()  :0
 5 0x0000000000401155 _start()  ???:0
=================================
[mole041:2183683] *** Process received signal ***
[mole041:2183683] Signal: Segmentation fault (11)
[mole041:2183683] Signal code:  (-6)
[mole041:2183683] Failing at address: 0x125000215203
[mole041:2183683] [ 0] /lib64/libc.so.6(+0x3e730)[0x7f5453e3e730]
[mole041:2183683] [ 1] /homes/sekabanj/CIS_520_P4/mpi_version[0x401330]
[mole041:2183683] [ 2] /homes/sekabanj/CIS_520_P4/mpi_version[0x4014f9]
[mole041:2183683] [ 3] /lib64/libc.so.6(+0x295d0)[0x7f5453e295d0]
[mole041:2183683] [ 4] /lib64/libc.so.6(__libc_start_main+0x80)[0x7f5453e29680]
[mole041:2183683] [ 5] /homes/sekabanj/CIS_520_P4/mpi_version[0x401155]
[mole041:2183683] *** End of error message ***
==== backtrace (tid:2183682) ====
 0 0x000000000003e730 __GI___sigaction()  :0
 1 0x0000000000401330 kernel()  ???:0
 2 0x00000000004014f9 main()  ???:0
 3 0x00000000000295d0 __libc_start_call_main()  ???:0
 4 0x0000000000029680 __libc_start_main_alias_2()  :0
 5 0x0000000000401155 _start()  ???:0
=================================
[mole041:2183682] *** Process received signal ***
[mole041:2183682] Signal: Segmentation fault (11)
[mole041:2183682] Signal code:  (-6)
[mole041:2183682] Failing at address: 0x125000215202
[mole041:2183682] [ 0] /lib64/libc.so.6(+0x3e730)[0x7fe3e443e730]
[mole041:2183682] [ 1] /homes/sekabanj/CIS_520_P4/mpi_version[0x401330]
[mole041:2183682] [ 2] /homes/sekabanj/CIS_520_P4/mpi_version[0x4014f9]
[mole041:2183682] [ 3] /lib64/libc.so.6(+0x295d0)[0x7fe3e44295d0]
[mole041:2183682] [ 4] /lib64/libc.so.6(__libc_start_main+0x80)[0x7fe3e4429680]
[mole041:2183682] [ 5] /homes/sekabanj/CIS_520_P4/mpi_version[0x401155]
[mole041:2183682] *** End of error message ***
==== backtrace (tid: 245396) ====
 0 0x000000000003e730 __GI___sigaction()  :0
 1 0x0000000000401330 kernel()  ???:0
 2 0x00000000004014f9 main()  ???:0
 3 0x00000000000295d0 __libc_start_call_main()  ???:0
 4 0x0000000000029680 __libc_start_main_alias_2()  :0
 5 0x0000000000401155 _start()  ???:0
=================================
==== backtrace (tid: 245399) ====
==== backtrace (tid: 245398) ====
 0 0x000000000003e730 __GI___sigaction()  :0
 1 0x0000000000401330 kernel()  ???:0
 2 0x00000000004014f9 main()  ???:0
 3 0x00000000000295d0 __libc_start_call_main()  ???:0
 4 0x0000000000029680 __libc_start_main_alias_2()  :0
 5 0x0000000000401155 _start()  ???:0
=================================
[mole044:245398] *** Process received signal ***
[mole044:245398] Signal: Segmentation fault (11)
[mole044:245398] Signal code:  (-6)
[mole044:245398] Failing at address: 0x12500003be96
[mole044:245398] [ 0] [mole044:245396] *** Process received signal ***
[mole044:245396] Signal: Segmentation fault (11)
[mole044:245396] Signal code:  (-6)
[mole044:245396] Failing at address: 0x12500003be94
[mole044:245396] [ 0] /lib64/libc.so.6(+0x3e730)[0x7fa9ab83e730]
[mole044:245396] [ 1] /homes/sekabanj/CIS_520_P4/mpi_version[0x401330]
[mole044:245396] [ 2] /homes/sekabanj/CIS_520_P4/mpi_version[0x4014f9]
[mole044:245396] [ 3] /lib64/libc.so.6(+0x3e730)[0x7f738523e730]
[mole044:245398] [ 1] /homes/sekabanj/CIS_520_P4/mpi_version[0x401330]
[mole044:245398] [ 2] /homes/sekabanj/CIS_520_P4/mpi_version[0x4014f9]
[mole044:245398] [ 3] /lib64/libc.so.6(+0x295d0)[0x7f73852295d0]
[mole044:245398] [ 4] /lib64/libc.so.6(__libc_start_main+0x80)[0x7f7385229680]
[mole044:245398] [ 5] /lib64/libc.so.6(+0x295d0)[0x7fa9ab8295d0]
[mole044:245396] [ 4] /lib64/libc.so.6(__libc_start_main+0x80)[0x7fa9ab829680]
[mole044:245396] [ 5] /homes/sekabanj/CIS_520_P4/mpi_version[0x401155]
[mole044:245396] *** End of error message ***
/homes/sekabanj/CIS_520_P4/mpi_version[0x401155]
[mole044:245398] *** End of error message ***
 0 0x000000000003e730 __GI___sigaction()  :0
 1 0x0000000000401330 kernel()  ???:0
 2 0x00000000004014f9 main()  ???:0
 3 0x00000000000295d0 __libc_start_call_main()  ???:0
 4 0x0000000000029680 __libc_start_main_alias_2()  :0
 5 0x0000000000401155 _start()  ???:0
=================================
[mole044:245399] *** Process received signal ***
[mole044:245399] Signal: Segmentation fault (11)
[mole044:245399] Signal code:  (-6)
[mole044:245399] Failing at address: 0x12500003be97
[mole044:245399] [ 0] /lib64/libc.so.6(+0x3e730)[0x7fe4d5a3e730]
[mole044:245399] [ 1] /homes/sekabanj/CIS_520_P4/mpi_version[0x401330]
[mole044:245399] [ 2] /homes/sekabanj/CIS_520_P4/mpi_version[0x4014f9]
[mole044:245399] [ 3] /lib64/libc.so.6(+0x295d0)[0x7fe4d5a295d0]
[mole044:245399] [ 4] /lib64/libc.so.6(__libc_start_main+0x80)[0x7fe4d5a29680]
[mole044:245399] [ 5] /homes/sekabanj/CIS_520_P4/mpi_version[0x401155]
[mole044:245399] *** End of error message ***
--------------------------------------------------------------------------
Primary job  terminated normally, but 1 process returned
a non-zero exit code. Per user-direction, the job has been aborted.
--------------------------------------------------------------------------
--------------------------------------------------------------------------
mpirun noticed that process rank 2 with PID 0 on node mole041 exited on signal 11 (Segmentation fault).
--------------------------------------------------------------------------
