
The following have been reloaded with a version change:
  1) FFTW.MPI/3.3.10-gompi-2022a => FFTW.MPI/3.3.10-gompi-2023b
  2) FFTW/3.3.10-GCC-11.3.0 => FFTW/3.3.10-GCC-13.2.0
  3) FlexiBLAS/3.2.0-GCC-11.3.0 => FlexiBLAS/3.3.1-GCC-13.2.0
  4) GCC/11.3.0 => GCC/13.2.0
  5) GCCcore/11.3.0 => GCCcore/13.2.0
  6) OpenBLAS/0.3.20-GCC-11.3.0 => OpenBLAS/0.3.24-GCC-13.2.0
  7) OpenMPI/4.1.4-GCC-11.3.0 => OpenMPI/4.1.6-GCC-13.2.0
  8) PMIx/4.1.2-GCCcore-11.3.0 => PMIx/4.2.6-GCCcore-13.2.0
  9) ScaLAPACK/2.2.0-gompi-2022a-fb => ScaLAPACK/2.2.0-gompi-2023b-fb
 10) UCC/1.0.0-GCCcore-11.3.0 => UCC/1.2.0-GCCcore-13.2.0
 11) UCX/1.12.1-GCCcore-11.3.0 => UCX/1.15.0-GCCcore-13.2.0
 12) XZ/5.2.5-GCCcore-11.3.0 => XZ/5.4.4-GCCcore-13.2.0
 13) binutils/2.38-GCCcore-11.3.0 => binutils/2.40-GCCcore-13.2.0
 14) foss/2022a => foss/2023b
 15) gompi/2022a => gompi/2023b
 16) hwloc/2.7.1-GCCcore-11.3.0 => hwloc/2.9.2-GCCcore-13.2.0
 17) libevent/2.1.12-GCCcore-11.3.0 => libevent/2.1.12-GCCcore-13.2.0
 18) libfabric/1.15.1-GCCcore-11.3.0 => libfabric/1.19.0-GCCcore-13.2.0
 19) libpciaccess/0.16-GCCcore-11.3.0 => libpciaccess/0.17-GCCcore-13.2.0
 20) libxml2/2.9.13-GCCcore-11.3.0 => libxml2/2.11.5-GCCcore-13.2.0
 21) numactl/2.0.14-GCCcore-11.3.0 => numactl/2.0.16-GCCcore-13.2.0
 22) zlib/1.2.12-GCCcore-11.3.0 => zlib/1.2.13-GCCcore-13.2.0


The following have been reloaded with a version change:
  1) FFTW.MPI/3.3.10-gompi-2023b => FFTW.MPI/3.3.10-gompi-2022a
  2) FFTW/3.3.10-GCC-13.2.0 => FFTW/3.3.10-GCC-11.3.0
  3) FlexiBLAS/3.3.1-GCC-13.2.0 => FlexiBLAS/3.2.0-GCC-11.3.0
  4) GCC/13.2.0 => GCC/11.3.0
  5) GCCcore/13.2.0 => GCCcore/11.3.0
  6) OpenBLAS/0.3.24-GCC-13.2.0 => OpenBLAS/0.3.20-GCC-11.3.0
  7) OpenMPI/4.1.6-GCC-13.2.0 => OpenMPI/4.1.4-GCC-11.3.0
  8) PMIx/4.2.6-GCCcore-13.2.0 => PMIx/4.1.2-GCCcore-11.3.0
  9) ScaLAPACK/2.2.0-gompi-2023b-fb => ScaLAPACK/2.2.0-gompi-2022a-fb
 10) UCC/1.2.0-GCCcore-13.2.0 => UCC/1.0.0-GCCcore-11.3.0
 11) UCX/1.15.0-GCCcore-13.2.0 => UCX/1.12.1-GCCcore-11.3.0
 12) XZ/5.4.4-GCCcore-13.2.0 => XZ/5.2.5-GCCcore-11.3.0
 13) binutils/2.40-GCCcore-13.2.0 => binutils/2.38-GCCcore-11.3.0
 14) foss/2023b => foss/2022a
 15) gompi/2023b => gompi/2022a
 16) hwloc/2.9.2-GCCcore-13.2.0 => hwloc/2.7.1-GCCcore-11.3.0
 17) libevent/2.1.12-GCCcore-13.2.0 => libevent/2.1.12-GCCcore-11.3.0
 18) libfabric/1.19.0-GCCcore-13.2.0 => libfabric/1.15.1-GCCcore-11.3.0
 19) libpciaccess/0.17-GCCcore-13.2.0 => libpciaccess/0.16-GCCcore-11.3.0
 20) libxml2/2.11.5-GCCcore-13.2.0 => libxml2/2.9.13-GCCcore-11.3.0
 21) numactl/2.0.16-GCCcore-13.2.0 => numactl/2.0.14-GCCcore-11.3.0
 22) zlib/1.2.13-GCCcore-13.2.0 => zlib/1.2.12-GCCcore-11.3.0

[warlock10:4131309:0:4131309]       ud_ep.c:268  Fatal: UD endpoint 0x20f7820 to <no debug data>: unhandled timeout error
==== backtrace (tid:4131309) ====
 0 0x00000000000538bf uct_ud_ep_deferred_timeout_handler()  /tmp/easybuild/UCX/1.12.1/GCCcore-11.3.0/ucx-1.12.1/src/uct/ib/ud/base/ud_ep.c:268
 1 0x00000000000202d7 ucs_callbackq_slow_proxy()  /tmp/easybuild/UCX/1.12.1/GCCcore-11.3.0/ucx-1.12.1/src/ucs/datastruct/callbackq.c:404
 2 0x0000000000037b8a ucs_callbackq_dispatch()  /tmp/easybuild/UCX/1.12.1/GCCcore-11.3.0/ucx-1.12.1/src/ucs/datastruct/callbackq.h:211
 3 0x0000000000037b8a uct_worker_progress()  /tmp/easybuild/UCX/1.12.1/GCCcore-11.3.0/ucx-1.12.1/src/uct/api/uct.h:2589
 4 0x0000000000037b8a ucp_worker_progress()  /tmp/easybuild/UCX/1.12.1/GCCcore-11.3.0/ucx-1.12.1/src/ucp/core/ucp_worker.c:2636
 5 0x0000000000006bbe mca_pml_ucx_send()  ???:0
 6 0x0000000000087643 MPI_Send()  ???:0
 7 0x000000000040156c main()  ???:0
 8 0x00000000000295d0 __libc_start_call_main()  ???:0
 9 0x0000000000029680 __libc_start_main_alias_2()  :0
10 0x0000000000401155 _start()  ???:0
=================================
[warlock10:4131309] *** Process received signal ***
[warlock10:4131309] Signal: Aborted (6)
[warlock10:4131309] Signal code:  (-6)
[warlock10:4131309] [ 0] /lib64/libc.so.6(+0x3e730)[0x7ff74ee3e730]
[warlock10:4131309] [ 1] /lib64/libc.so.6(+0x8b52c)[0x7ff74ee8b52c]
[warlock10:4131309] [ 2] /lib64/libc.so.6(raise+0x16)[0x7ff74ee3e686]
[warlock10:4131309] [ 3] /lib64/libc.so.6(abort+0xd3)[0x7ff74ee28833]
[warlock10:4131309] [ 4] /opt/software/software/UCX/1.12.1-GCCcore-11.3.0/lib/libucs.so.0(+0x2633b)[0x7ff74c38633b]
[warlock10:4131309] [ 5] /opt/software/software/UCX/1.12.1-GCCcore-11.3.0/lib/libucs.so.0(+0x26411)[0x7ff74c386411]
[warlock10:4131309] [ 6] /opt/software/software/UCX/1.12.1-GCCcore-11.3.0/lib/ucx/libuct_ib.so.0(+0x538bf)[0x7ff74c1678bf]
[warlock10:4131309] [ 7] /opt/software/software/UCX/1.12.1-GCCcore-11.3.0/lib/libucs.so.0(+0x202d7)[0x7ff74c3802d7]
[warlock10:4131309] [ 8] /opt/software/software/UCX/1.12.1-GCCcore-11.3.0/lib/libucp.so.0(ucp_worker_progress+0x5a)[0x7ff74c427b8a]
[warlock10:4131309] [ 9] /opt/software/software/OpenMPI/4.1.4-GCC-11.3.0/lib/openmpi/mca_pml_ucx.so(mca_pml_ucx_send+0x14e)[0x7ff74c4a5bbe]
[warlock10:4131309] [10] /opt/software/software/OpenMPI/4.1.4-GCC-11.3.0/lib/libmpi.so.40(PMPI_Send+0x123)[0x7ff74f27c643]
[warlock10:4131309] [11] /homes/sekabanj/CIS_520_P4/mpi_version/mpi_version[0x40156c]
[warlock10:4131309] [12] /lib64/libc.so.6(+0x295d0)[0x7ff74ee295d0]
[warlock10:4131309] [13] /lib64/libc.so.6(__libc_start_main+0x80)[0x7ff74ee29680]
[warlock10:4131309] [14] /homes/sekabanj/CIS_520_P4/mpi_version/mpi_version[0x401155]
[warlock10:4131309] *** End of error message ***
--------------------------------------------------------------------------
Primary job  terminated normally, but 1 process returned
a non-zero exit code. Per user-direction, the job has been aborted.
--------------------------------------------------------------------------
--------------------------------------------------------------------------
mpirun noticed that process rank 0 with PID 0 on node warlock10 exited on signal 6 (Aborted).
--------------------------------------------------------------------------
[warlock10:4140574:0:4140574]       ud_ep.c:268  Fatal: UD endpoint 0x652820 to <no debug data>: unhandled timeout error
==== backtrace (tid:4140574) ====
 0 0x00000000000538bf uct_ud_ep_deferred_timeout_handler()  /tmp/easybuild/UCX/1.12.1/GCCcore-11.3.0/ucx-1.12.1/src/uct/ib/ud/base/ud_ep.c:268
 1 0x00000000000202d7 ucs_callbackq_slow_proxy()  /tmp/easybuild/UCX/1.12.1/GCCcore-11.3.0/ucx-1.12.1/src/ucs/datastruct/callbackq.c:404
 2 0x0000000000037b8a ucs_callbackq_dispatch()  /tmp/easybuild/UCX/1.12.1/GCCcore-11.3.0/ucx-1.12.1/src/ucs/datastruct/callbackq.h:211
 3 0x0000000000037b8a uct_worker_progress()  /tmp/easybuild/UCX/1.12.1/GCCcore-11.3.0/ucx-1.12.1/src/uct/api/uct.h:2589
 4 0x0000000000037b8a ucp_worker_progress()  /tmp/easybuild/UCX/1.12.1/GCCcore-11.3.0/ucx-1.12.1/src/ucp/core/ucp_worker.c:2636
 5 0x0000000000006bbe mca_pml_ucx_send()  ???:0
 6 0x0000000000087643 MPI_Send()  ???:0
 7 0x000000000040156c main()  ???:0
 8 0x00000000000295d0 __libc_start_call_main()  ???:0
 9 0x0000000000029680 __libc_start_main_alias_2()  :0
10 0x0000000000401155 _start()  ???:0
=================================
[warlock10:4140574] *** Process received signal ***
[warlock10:4140574] Signal: Aborted (6)
[warlock10:4140574] Signal code:  (-6)
[warlock10:4140574] [ 0] /lib64/libc.so.6(+0x3e730)[0x7fa9ac63e730]
[warlock10:4140574] [ 1] /lib64/libc.so.6(+0x8b52c)[0x7fa9ac68b52c]
[warlock10:4140574] [ 2] /lib64/libc.so.6(raise+0x16)[0x7fa9ac63e686]
[warlock10:4140574] [ 3] /lib64/libc.so.6(abort+0xd3)[0x7fa9ac628833]
[warlock10:4140574] [ 4] /opt/software/software/UCX/1.12.1-GCCcore-11.3.0/lib/libucs.so.0(+0x2633b)[0x7fa9a825d33b]
[warlock10:4140574] [ 5] /opt/software/software/UCX/1.12.1-GCCcore-11.3.0/lib/libucs.so.0(+0x26411)[0x7fa9a825d411]
[warlock10:4140574] [ 6] /opt/software/software/UCX/1.12.1-GCCcore-11.3.0/lib/ucx/libuct_ib.so.0(+0x538bf)[0x7fa9a3baf8bf]
[warlock10:4140574] [ 7] /opt/software/software/UCX/1.12.1-GCCcore-11.3.0/lib/libucs.so.0(+0x202d7)[0x7fa9a82572d7]
[warlock10:4140574] [ 8] /opt/software/software/UCX/1.12.1-GCCcore-11.3.0/lib/libucp.so.0(ucp_worker_progress+0x5a)[0x7fa9a82feb8a]
[warlock10:4140574] [ 9] /opt/software/software/OpenMPI/4.1.4-GCC-11.3.0/lib/openmpi/mca_pml_ucx.so(mca_pml_ucx_send+0x14e)[0x7fa9a837cbbe]
[warlock10:4140574] [10] /opt/software/software/OpenMPI/4.1.4-GCC-11.3.0/lib/libmpi.so.40(PMPI_Send+0x123)[0x7fa9ac8ae643]
[warlock10:4140574] [11] /homes/sekabanj/CIS_520_P4/mpi_version/mpi_version[0x40156c]
[warlock10:4140574] [12] /lib64/libc.so.6(+0x295d0)[0x7fa9ac6295d0]
[warlock10:4140574] [13] /lib64/libc.so.6(__libc_start_main+0x80)[0x7fa9ac629680]
[warlock10:4140574] [14] /homes/sekabanj/CIS_520_P4/mpi_version/mpi_version[0x401155]
[warlock10:4140574] *** End of error message ***
--------------------------------------------------------------------------
Primary job  terminated normally, but 1 process returned
a non-zero exit code. Per user-direction, the job has been aborted.
--------------------------------------------------------------------------
--------------------------------------------------------------------------
mpirun noticed that process rank 0 with PID 0 on node warlock10 exited on signal 6 (Aborted).
--------------------------------------------------------------------------
[warlock10:4149309:0:4149309]       ud_ep.c:268  Fatal: UD endpoint 0x2cbaef0 to <no debug data>: unhandled timeout error
==== backtrace (tid:4149309) ====
 0 0x00000000000538bf uct_ud_ep_deferred_timeout_handler()  /tmp/easybuild/UCX/1.12.1/GCCcore-11.3.0/ucx-1.12.1/src/uct/ib/ud/base/ud_ep.c:268
 1 0x00000000000202d7 ucs_callbackq_slow_proxy()  /tmp/easybuild/UCX/1.12.1/GCCcore-11.3.0/ucx-1.12.1/src/ucs/datastruct/callbackq.c:404
 2 0x0000000000037b8a ucs_callbackq_dispatch()  /tmp/easybuild/UCX/1.12.1/GCCcore-11.3.0/ucx-1.12.1/src/ucs/datastruct/callbackq.h:211
 3 0x0000000000037b8a uct_worker_progress()  /tmp/easybuild/UCX/1.12.1/GCCcore-11.3.0/ucx-1.12.1/src/uct/api/uct.h:2589
 4 0x0000000000037b8a ucp_worker_progress()  /tmp/easybuild/UCX/1.12.1/GCCcore-11.3.0/ucx-1.12.1/src/ucp/core/ucp_worker.c:2636
 5 0x0000000000006bbe mca_pml_ucx_send()  ???:0
 6 0x0000000000087643 MPI_Send()  ???:0
 7 0x000000000040156c main()  ???:0
 8 0x00000000000295d0 __libc_start_call_main()  ???:0
 9 0x0000000000029680 __libc_start_main_alias_2()  :0
10 0x0000000000401155 _start()  ???:0
=================================
[warlock10:4149309] *** Process received signal ***
[warlock10:4149309] Signal: Aborted (6)
[warlock10:4149309] Signal code:  (-6)
[warlock10:4149309] [ 0] /lib64/libc.so.6(+0x3e730)[0x7f23eb43e730]
[warlock10:4149309] [ 1] /lib64/libc.so.6(+0x8b52c)[0x7f23eb48b52c]
[warlock10:4149309] [ 2] /lib64/libc.so.6(raise+0x16)[0x7f23eb43e686]
[warlock10:4149309] [ 3] /lib64/libc.so.6(abort+0xd3)[0x7f23eb428833]
[warlock10:4149309] [ 4] /opt/software/software/UCX/1.12.1-GCCcore-11.3.0/lib/libucs.so.0(+0x2633b)[0x7f23e898733b]
[warlock10:4149309] [ 5] /opt/software/software/UCX/1.12.1-GCCcore-11.3.0/lib/libucs.so.0(+0x26411)[0x7f23e8987411]
[warlock10:4149309] [ 6] /opt/software/software/UCX/1.12.1-GCCcore-11.3.0/lib/ucx/libuct_ib.so.0(+0x538bf)[0x7f23e87688bf]
[warlock10:4149309] [ 7] /opt/software/software/UCX/1.12.1-GCCcore-11.3.0/lib/libucs.so.0(+0x202d7)[0x7f23e89812d7]
[warlock10:4149309] [ 8] /opt/software/software/UCX/1.12.1-GCCcore-11.3.0/lib/libucp.so.0(ucp_worker_progress+0x5a)[0x7f23e8a28b8a]
[warlock10:4149309] [ 9] /opt/software/software/OpenMPI/4.1.4-GCC-11.3.0/lib/openmpi/mca_pml_ucx.so(mca_pml_ucx_send+0x14e)[0x7f23e8aa6bbe]
[warlock10:4149309] [10] /opt/software/software/OpenMPI/4.1.4-GCC-11.3.0/lib/libmpi.so.40(PMPI_Send+0x123)[0x7f23eb881643]
[warlock10:4149309] [11] /homes/sekabanj/CIS_520_P4/mpi_version/mpi_version[0x40156c]
[warlock10:4149309] [12] /lib64/libc.so.6(+0x295d0)[0x7f23eb4295d0]
[warlock10:4149309] [13] /lib64/libc.so.6(__libc_start_main+0x80)[0x7f23eb429680]
[warlock10:4149309] [14] /homes/sekabanj/CIS_520_P4/mpi_version/mpi_version[0x401155]
[warlock10:4149309] *** End of error message ***
--------------------------------------------------------------------------
Primary job  terminated normally, but 1 process returned
a non-zero exit code. Per user-direction, the job has been aborted.
--------------------------------------------------------------------------
--------------------------------------------------------------------------
mpirun noticed that process rank 0 with PID 0 on node warlock10 exited on signal 6 (Aborted).
--------------------------------------------------------------------------
[warlock10:4157203:0:4157203]       ud_ep.c:268  Fatal: UD endpoint 0x2020800 to <no debug data>: unhandled timeout error
==== backtrace (tid:4157203) ====
 0 0x00000000000538bf uct_ud_ep_deferred_timeout_handler()  /tmp/easybuild/UCX/1.12.1/GCCcore-11.3.0/ucx-1.12.1/src/uct/ib/ud/base/ud_ep.c:268
 1 0x00000000000202d7 ucs_callbackq_slow_proxy()  /tmp/easybuild/UCX/1.12.1/GCCcore-11.3.0/ucx-1.12.1/src/ucs/datastruct/callbackq.c:404
 2 0x0000000000037b8a ucs_callbackq_dispatch()  /tmp/easybuild/UCX/1.12.1/GCCcore-11.3.0/ucx-1.12.1/src/ucs/datastruct/callbackq.h:211
 3 0x0000000000037b8a uct_worker_progress()  /tmp/easybuild/UCX/1.12.1/GCCcore-11.3.0/ucx-1.12.1/src/uct/api/uct.h:2589
 4 0x0000000000037b8a ucp_worker_progress()  /tmp/easybuild/UCX/1.12.1/GCCcore-11.3.0/ucx-1.12.1/src/ucp/core/ucp_worker.c:2636
 5 0x0000000000006bbe mca_pml_ucx_send()  ???:0
 6 0x0000000000087643 MPI_Send()  ???:0
 7 0x000000000040156c main()  ???:0
 8 0x00000000000295d0 __libc_start_call_main()  ???:0
 9 0x0000000000029680 __libc_start_main_alias_2()  :0
10 0x0000000000401155 _start()  ???:0
=================================
[warlock10:4157203] *** Process received signal ***
[warlock10:4157203] Signal: Aborted (6)
[warlock10:4157203] Signal code:  (-6)
[warlock10:4157203] [ 0] /lib64/libc.so.6(+0x3e730)[0x7fc69f03e730]
[warlock10:4157203] [ 1] /lib64/libc.so.6(+0x8b52c)[0x7fc69f08b52c]
[warlock10:4157203] [ 2] /lib64/libc.so.6(raise+0x16)[0x7fc69f03e686]
[warlock10:4157203] [ 3] /lib64/libc.so.6(abort+0xd3)[0x7fc69f028833]
[warlock10:4157203] [ 4] /opt/software/software/UCX/1.12.1-GCCcore-11.3.0/lib/libucs.so.0(+0x2633b)[0x7fc69c3cb33b]
[warlock10:4157203] [ 5] /opt/software/software/UCX/1.12.1-GCCcore-11.3.0/lib/libucs.so.0(+0x26411)[0x7fc69c3cb411]
[warlock10:4157203] [ 6] /opt/software/software/UCX/1.12.1-GCCcore-11.3.0/lib/ucx/libuct_ib.so.0(+0x538bf)[0x7fc69c1ac8bf]
[warlock10:4157203] [ 7] /opt/software/software/UCX/1.12.1-GCCcore-11.3.0/lib/libucs.so.0(+0x202d7)[0x7fc69c3c52d7]
[warlock10:4157203] [ 8] /opt/software/software/UCX/1.12.1-GCCcore-11.3.0/lib/libucp.so.0(ucp_worker_progress+0x5a)[0x7fc69c46cb8a]
[warlock10:4157203] [ 9] /opt/software/software/OpenMPI/4.1.4-GCC-11.3.0/lib/openmpi/mca_pml_ucx.so(mca_pml_ucx_send+0x14e)[0x7fc69c4eabbe]
[warlock10:4157203] [10] /opt/software/software/OpenMPI/4.1.4-GCC-11.3.0/lib/libmpi.so.40(PMPI_Send+0x123)[0x7fc69f2c1643]
[warlock10:4157203] [11] /homes/sekabanj/CIS_520_P4/mpi_version/mpi_version[0x40156c]
[warlock10:4157203] [12] /lib64/libc.so.6(+0x295d0)[0x7fc69f0295d0]
[warlock10:4157203] [13] /lib64/libc.so.6(__libc_start_main+0x80)[0x7fc69f029680]
[warlock10:4157203] [14] /homes/sekabanj/CIS_520_P4/mpi_version/mpi_version[0x401155]
[warlock10:4157203] *** End of error message ***
--------------------------------------------------------------------------
Primary job  terminated normally, but 1 process returned
a non-zero exit code. Per user-direction, the job has been aborted.
--------------------------------------------------------------------------
--------------------------------------------------------------------------
mpirun noticed that process rank 0 with PID 0 on node warlock10 exited on signal 6 (Aborted).
--------------------------------------------------------------------------
[warlock10:4165750:0:4165750]       ud_ep.c:268  Fatal: UD endpoint 0x10464b0 to <no debug data>: unhandled timeout error
==== backtrace (tid:4165750) ====
 0 0x00000000000538bf uct_ud_ep_deferred_timeout_handler()  /tmp/easybuild/UCX/1.12.1/GCCcore-11.3.0/ucx-1.12.1/src/uct/ib/ud/base/ud_ep.c:268
 1 0x00000000000202d7 ucs_callbackq_slow_proxy()  /tmp/easybuild/UCX/1.12.1/GCCcore-11.3.0/ucx-1.12.1/src/ucs/datastruct/callbackq.c:404
 2 0x0000000000037b8a ucs_callbackq_dispatch()  /tmp/easybuild/UCX/1.12.1/GCCcore-11.3.0/ucx-1.12.1/src/ucs/datastruct/callbackq.h:211
 3 0x0000000000037b8a uct_worker_progress()  /tmp/easybuild/UCX/1.12.1/GCCcore-11.3.0/ucx-1.12.1/src/uct/api/uct.h:2589
 4 0x0000000000037b8a ucp_worker_progress()  /tmp/easybuild/UCX/1.12.1/GCCcore-11.3.0/ucx-1.12.1/src/ucp/core/ucp_worker.c:2636
 5 0x0000000000006bbe mca_pml_ucx_send()  ???:0
 6 0x0000000000087643 MPI_Send()  ???:0
 7 0x000000000040156c main()  ???:0
 8 0x00000000000295d0 __libc_start_call_main()  ???:0
 9 0x0000000000029680 __libc_start_main_alias_2()  :0
10 0x0000000000401155 _start()  ???:0
=================================
[warlock10:4165750] *** Process received signal ***
[warlock10:4165750] Signal: Aborted (6)
[warlock10:4165750] Signal code:  (-6)
[warlock10:4165750] [ 0] /lib64/libc.so.6(+0x3e730)[0x7f823063e730]
[warlock10:4165750] [ 1] /lib64/libc.so.6(+0x8b52c)[0x7f823068b52c]
[warlock10:4165750] [ 2] /lib64/libc.so.6(raise+0x16)[0x7f823063e686]
[warlock10:4165750] [ 3] /lib64/libc.so.6(abort+0xd3)[0x7f8230628833]
[warlock10:4165750] [ 4] /opt/software/software/UCX/1.12.1-GCCcore-11.3.0/lib/libucs.so.0(+0x2633b)[0x7f822c27833b]
[warlock10:4165750] [ 5] /opt/software/software/UCX/1.12.1-GCCcore-11.3.0/lib/libucs.so.0(+0x26411)[0x7f822c278411]
[warlock10:4165750] [ 6] /opt/software/software/UCX/1.12.1-GCCcore-11.3.0/lib/ucx/libuct_ib.so.0(+0x538bf)[0x7f822c05f8bf]
[warlock10:4165750] [ 7] /opt/software/software/UCX/1.12.1-GCCcore-11.3.0/lib/libucs.so.0(+0x202d7)[0x7f822c2722d7]
[warlock10:4165750] [ 8] /opt/software/software/UCX/1.12.1-GCCcore-11.3.0/lib/libucp.so.0(ucp_worker_progress+0x5a)[0x7f822c319b8a]
[warlock10:4165750] [ 9] /opt/software/software/OpenMPI/4.1.4-GCC-11.3.0/lib/openmpi/mca_pml_ucx.so(mca_pml_ucx_send+0x14e)[0x7f822e397bbe]
[warlock10:4165750] [10] /opt/software/software/OpenMPI/4.1.4-GCC-11.3.0/lib/libmpi.so.40(PMPI_Send+0x123)[0x7f82308d3643]
[warlock10:4165750] [11] /homes/sekabanj/CIS_520_P4/mpi_version/mpi_version[0x40156c]
[warlock10:4165750] [12] /lib64/libc.so.6(+0x295d0)[0x7f82306295d0]
[warlock10:4165750] [13] /lib64/libc.so.6(__libc_start_main+0x80)[0x7f8230629680]
[warlock10:4165750] [14] /homes/sekabanj/CIS_520_P4/mpi_version/mpi_version[0x401155]
[warlock10:4165750] *** End of error message ***
--------------------------------------------------------------------------
Primary job  terminated normally, but 1 process returned
a non-zero exit code. Per user-direction, the job has been aborted.
--------------------------------------------------------------------------
--------------------------------------------------------------------------
mpirun noticed that process rank 0 with PID 0 on node warlock10 exited on signal 6 (Aborted).
--------------------------------------------------------------------------
[warlock10:4174776:0:4174776]       ud_ep.c:268  Fatal: UD endpoint 0x1fbf4a0 to <no debug data>: unhandled timeout error
==== backtrace (tid:4174776) ====
 0 0x00000000000538bf uct_ud_ep_deferred_timeout_handler()  /tmp/easybuild/UCX/1.12.1/GCCcore-11.3.0/ucx-1.12.1/src/uct/ib/ud/base/ud_ep.c:268
 1 0x00000000000202d7 ucs_callbackq_slow_proxy()  /tmp/easybuild/UCX/1.12.1/GCCcore-11.3.0/ucx-1.12.1/src/ucs/datastruct/callbackq.c:404
 2 0x0000000000037b8a ucs_callbackq_dispatch()  /tmp/easybuild/UCX/1.12.1/GCCcore-11.3.0/ucx-1.12.1/src/ucs/datastruct/callbackq.h:211
 3 0x0000000000037b8a uct_worker_progress()  /tmp/easybuild/UCX/1.12.1/GCCcore-11.3.0/ucx-1.12.1/src/uct/api/uct.h:2589
 4 0x0000000000037b8a ucp_worker_progress()  /tmp/easybuild/UCX/1.12.1/GCCcore-11.3.0/ucx-1.12.1/src/ucp/core/ucp_worker.c:2636
 5 0x0000000000006bbe mca_pml_ucx_send()  ???:0
 6 0x0000000000087643 MPI_Send()  ???:0
 7 0x000000000040156c main()  ???:0
 8 0x00000000000295d0 __libc_start_call_main()  ???:0
 9 0x0000000000029680 __libc_start_main_alias_2()  :0
10 0x0000000000401155 _start()  ???:0
=================================
[warlock10:4174776] *** Process received signal ***
[warlock10:4174776] Signal: Aborted (6)
[warlock10:4174776] Signal code:  (-6)
[warlock10:4174776] [ 0] /lib64/libc.so.6(+0x3e730)[0x7fdb8483e730]
[warlock10:4174776] [ 1] /lib64/libc.so.6(+0x8b52c)[0x7fdb8488b52c]
[warlock10:4174776] [ 2] /lib64/libc.so.6(raise+0x16)[0x7fdb8483e686]
[warlock10:4174776] [ 3] /lib64/libc.so.6(abort+0xd3)[0x7fdb84828833]
[warlock10:4174776] [ 4] /opt/software/software/UCX/1.12.1-GCCcore-11.3.0/lib/libucs.so.0(+0x2633b)[0x7fdb800c833b]
[warlock10:4174776] [ 5] /opt/software/software/UCX/1.12.1-GCCcore-11.3.0/lib/libucs.so.0(+0x26411)[0x7fdb800c8411]
[warlock10:4174776] [ 6] /opt/software/software/UCX/1.12.1-GCCcore-11.3.0/lib/ucx/libuct_ib.so.0(+0x538bf)[0x7fdb7be928bf]
[warlock10:4174776] [ 7] /opt/software/software/UCX/1.12.1-GCCcore-11.3.0/lib/libucs.so.0(+0x202d7)[0x7fdb800c22d7]
[warlock10:4174776] [ 8] /opt/software/software/UCX/1.12.1-GCCcore-11.3.0/lib/libucp.so.0(ucp_worker_progress+0x5a)[0x7fdb80169b8a]
[warlock10:4174776] [ 9] /opt/software/software/OpenMPI/4.1.4-GCC-11.3.0/lib/openmpi/mca_pml_ucx.so(mca_pml_ucx_send+0x14e)[0x7fdb825abbbe]
[warlock10:4174776] [10] /opt/software/software/OpenMPI/4.1.4-GCC-11.3.0/lib/libmpi.so.40(PMPI_Send+0x123)[0x7fdb84b5b643]
[warlock10:4174776] [11] /homes/sekabanj/CIS_520_P4/mpi_version/mpi_version[0x40156c]
[warlock10:4174776] [12] /lib64/libc.so.6(+0x295d0)[0x7fdb848295d0]
[warlock10:4174776] [13] /lib64/libc.so.6(__libc_start_main+0x80)[0x7fdb84829680]
[warlock10:4174776] [14] /homes/sekabanj/CIS_520_P4/mpi_version/mpi_version[0x401155]
[warlock10:4174776] *** End of error message ***
--------------------------------------------------------------------------
Primary job  terminated normally, but 1 process returned
a non-zero exit code. Per user-direction, the job has been aborted.
--------------------------------------------------------------------------
--------------------------------------------------------------------------
mpirun noticed that process rank 0 with PID 0 on node warlock10 exited on signal 6 (Aborted).
--------------------------------------------------------------------------
[warlock10:4182557:0:4182557]       ud_ep.c:268  Fatal: UD endpoint 0x953780 to <no debug data>: unhandled timeout error
==== backtrace (tid:4182557) ====
 0 0x00000000000538bf uct_ud_ep_deferred_timeout_handler()  /tmp/easybuild/UCX/1.12.1/GCCcore-11.3.0/ucx-1.12.1/src/uct/ib/ud/base/ud_ep.c:268
 1 0x00000000000202d7 ucs_callbackq_slow_proxy()  /tmp/easybuild/UCX/1.12.1/GCCcore-11.3.0/ucx-1.12.1/src/ucs/datastruct/callbackq.c:404
 2 0x0000000000037b8a ucs_callbackq_dispatch()  /tmp/easybuild/UCX/1.12.1/GCCcore-11.3.0/ucx-1.12.1/src/ucs/datastruct/callbackq.h:211
 3 0x0000000000037b8a uct_worker_progress()  /tmp/easybuild/UCX/1.12.1/GCCcore-11.3.0/ucx-1.12.1/src/uct/api/uct.h:2589
 4 0x0000000000037b8a ucp_worker_progress()  /tmp/easybuild/UCX/1.12.1/GCCcore-11.3.0/ucx-1.12.1/src/ucp/core/ucp_worker.c:2636
 5 0x0000000000006bbe mca_pml_ucx_send()  ???:0
 6 0x0000000000087643 MPI_Send()  ???:0
 7 0x000000000040156c main()  ???:0
 8 0x00000000000295d0 __libc_start_call_main()  ???:0
 9 0x0000000000029680 __libc_start_main_alias_2()  :0
10 0x0000000000401155 _start()  ???:0
=================================
[warlock10:4182557] *** Process received signal ***
[warlock10:4182557] Signal: Aborted (6)
[warlock10:4182557] Signal code:  (-6)
[warlock10:4182557] [ 0] /lib64/libc.so.6(+0x3e730)[0x7fa00563e730]
[warlock10:4182557] [ 1] /lib64/libc.so.6(+0x8b52c)[0x7fa00568b52c]
[warlock10:4182557] [ 2] /lib64/libc.so.6(raise+0x16)[0x7fa00563e686]
[warlock10:4182557] [ 3] /lib64/libc.so.6(abort+0xd3)[0x7fa005628833]
[warlock10:4182557] [ 4] /opt/software/software/UCX/1.12.1-GCCcore-11.3.0/lib/libucs.so.0(+0x2633b)[0x7f9fff6af33b]
[warlock10:4182557] [ 5] /opt/software/software/UCX/1.12.1-GCCcore-11.3.0/lib/libucs.so.0(+0x26411)[0x7f9fff6af411]
[warlock10:4182557] [ 6] /opt/software/software/UCX/1.12.1-GCCcore-11.3.0/lib/ucx/libuct_ib.so.0(+0x538bf)[0x7f9ffcc6b8bf]
[warlock10:4182557] [ 7] /opt/software/software/UCX/1.12.1-GCCcore-11.3.0/lib/libucs.so.0(+0x202d7)[0x7f9fff6a92d7]
[warlock10:4182557] [ 8] /opt/software/software/UCX/1.12.1-GCCcore-11.3.0/lib/libucp.so.0(ucp_worker_progress+0x5a)[0x7f9fff750b8a]
[warlock10:4182557] [ 9] /opt/software/software/OpenMPI/4.1.4-GCC-11.3.0/lib/openmpi/mca_pml_ucx.so(mca_pml_ucx_send+0x14e)[0x7f9fff7cebbe]
[warlock10:4182557] [10] /opt/software/software/OpenMPI/4.1.4-GCC-11.3.0/lib/libmpi.so.40(PMPI_Send+0x123)[0x7fa005985643]
[warlock10:4182557] [11] /homes/sekabanj/CIS_520_P4/mpi_version/mpi_version[0x40156c]
[warlock10:4182557] [12] /lib64/libc.so.6(+0x295d0)[0x7fa0056295d0]
[warlock10:4182557] [13] /lib64/libc.so.6(__libc_start_main+0x80)[0x7fa005629680]
[warlock10:4182557] [14] /homes/sekabanj/CIS_520_P4/mpi_version/mpi_version[0x401155]
[warlock10:4182557] *** End of error message ***
--------------------------------------------------------------------------
Primary job  terminated normally, but 1 process returned
a non-zero exit code. Per user-direction, the job has been aborted.
--------------------------------------------------------------------------
--------------------------------------------------------------------------
mpirun noticed that process rank 0 with PID 0 on node warlock10 exited on signal 6 (Aborted).
--------------------------------------------------------------------------
slurmstepd: error: *** JOB 21763029 ON warlock10 CANCELLED AT 2025-05-04T22:35:56 DUE TO TIME LIMIT ***
