
The following have been reloaded with a version change:
  1) FFTW.MPI/3.3.10-gompi-2022a => FFTW.MPI/3.3.10-gompi-2023b
  2) FFTW/3.3.10-GCC-11.3.0 => FFTW/3.3.10-GCC-13.2.0
  3) FlexiBLAS/3.2.0-GCC-11.3.0 => FlexiBLAS/3.3.1-GCC-13.2.0
  4) GCC/11.3.0 => GCC/13.2.0
  5) GCCcore/11.3.0 => GCCcore/13.2.0
  6) OpenBLAS/0.3.20-GCC-11.3.0 => OpenBLAS/0.3.24-GCC-13.2.0
  7) OpenMPI/4.1.4-GCC-11.3.0 => OpenMPI/4.1.6-GCC-13.2.0
  8) PMIx/4.1.2-GCCcore-11.3.0 => PMIx/4.2.6-GCCcore-13.2.0
  9) ScaLAPACK/2.2.0-gompi-2022a-fb => ScaLAPACK/2.2.0-gompi-2023b-fb
 10) UCC/1.0.0-GCCcore-11.3.0 => UCC/1.2.0-GCCcore-13.2.0
 11) UCX/1.12.1-GCCcore-11.3.0 => UCX/1.15.0-GCCcore-13.2.0
 12) XZ/5.2.5-GCCcore-11.3.0 => XZ/5.4.4-GCCcore-13.2.0
 13) binutils/2.38-GCCcore-11.3.0 => binutils/2.40-GCCcore-13.2.0
 14) foss/2022a => foss/2023b
 15) gompi/2022a => gompi/2023b
 16) hwloc/2.7.1-GCCcore-11.3.0 => hwloc/2.9.2-GCCcore-13.2.0
 17) libevent/2.1.12-GCCcore-11.3.0 => libevent/2.1.12-GCCcore-13.2.0
 18) libfabric/1.15.1-GCCcore-11.3.0 => libfabric/1.19.0-GCCcore-13.2.0
 19) libpciaccess/0.16-GCCcore-11.3.0 => libpciaccess/0.17-GCCcore-13.2.0
 20) libxml2/2.9.13-GCCcore-11.3.0 => libxml2/2.11.5-GCCcore-13.2.0
 21) numactl/2.0.14-GCCcore-11.3.0 => numactl/2.0.16-GCCcore-13.2.0
 22) zlib/1.2.12-GCCcore-11.3.0 => zlib/1.2.13-GCCcore-13.2.0


The following have been reloaded with a version change:
  1) FFTW.MPI/3.3.10-gompi-2023b => FFTW.MPI/3.3.10-gompi-2022a
  2) FFTW/3.3.10-GCC-13.2.0 => FFTW/3.3.10-GCC-11.3.0
  3) FlexiBLAS/3.3.1-GCC-13.2.0 => FlexiBLAS/3.2.0-GCC-11.3.0
  4) GCC/13.2.0 => GCC/11.3.0
  5) GCCcore/13.2.0 => GCCcore/11.3.0
  6) OpenBLAS/0.3.24-GCC-13.2.0 => OpenBLAS/0.3.20-GCC-11.3.0
  7) OpenMPI/4.1.6-GCC-13.2.0 => OpenMPI/4.1.4-GCC-11.3.0
  8) PMIx/4.2.6-GCCcore-13.2.0 => PMIx/4.1.2-GCCcore-11.3.0
  9) ScaLAPACK/2.2.0-gompi-2023b-fb => ScaLAPACK/2.2.0-gompi-2022a-fb
 10) UCC/1.2.0-GCCcore-13.2.0 => UCC/1.0.0-GCCcore-11.3.0
 11) UCX/1.15.0-GCCcore-13.2.0 => UCX/1.12.1-GCCcore-11.3.0
 12) XZ/5.4.4-GCCcore-13.2.0 => XZ/5.2.5-GCCcore-11.3.0
 13) binutils/2.40-GCCcore-13.2.0 => binutils/2.38-GCCcore-11.3.0
 14) foss/2023b => foss/2022a
 15) gompi/2023b => gompi/2022a
 16) hwloc/2.9.2-GCCcore-13.2.0 => hwloc/2.7.1-GCCcore-11.3.0
 17) libevent/2.1.12-GCCcore-13.2.0 => libevent/2.1.12-GCCcore-11.3.0
 18) libfabric/1.19.0-GCCcore-13.2.0 => libfabric/1.15.1-GCCcore-11.3.0
 19) libpciaccess/0.17-GCCcore-13.2.0 => libpciaccess/0.16-GCCcore-11.3.0
 20) libxml2/2.11.5-GCCcore-13.2.0 => libxml2/2.9.13-GCCcore-11.3.0
 21) numactl/2.0.16-GCCcore-13.2.0 => numactl/2.0.14-GCCcore-11.3.0
 22) zlib/1.2.13-GCCcore-13.2.0 => zlib/1.2.12-GCCcore-11.3.0

[dwarf34:1035684:0:1035684]       ud_ep.c:268  Fatal: UD endpoint 0x114c850 to <no debug data>: unhandled timeout error
==== backtrace (tid:1035684) ====
 0 0x0000000000052dcf uct_ud_ep_deferred_timeout_handler()  /tmp/easybuild/UCX/1.12.1/GCCcore-11.3.0/ucx-1.12.1/src/uct/ib/ud/base/ud_ep.c:268
 1 0x0000000000020563 ucs_callbackq_slow_proxy()  /tmp/easybuild/UCX/1.12.1/GCCcore-11.3.0/ucx-1.12.1/src/ucs/datastruct/callbackq.c:404
 2 0x000000000003789a ucs_callbackq_dispatch()  /tmp/easybuild/UCX/1.12.1/GCCcore-11.3.0/ucx-1.12.1/src/ucs/datastruct/callbackq.h:211
 3 0x000000000003789a uct_worker_progress()  /tmp/easybuild/UCX/1.12.1/GCCcore-11.3.0/ucx-1.12.1/src/uct/api/uct.h:2589
 4 0x000000000003789a ucp_worker_progress()  /tmp/easybuild/UCX/1.12.1/GCCcore-11.3.0/ucx-1.12.1/src/ucp/core/ucp_worker.c:2636
 5 0x0000000000006aae mca_pml_ucx_send()  ???:0
 6 0x0000000000087c7b MPI_Send()  ???:0
 7 0x000000000040156c main()  ???:0
 8 0x00000000000295d0 __libc_start_call_main()  ???:0
 9 0x0000000000029680 __libc_start_main_alias_2()  :0
10 0x0000000000401155 _start()  ???:0
=================================
[dwarf34:1035684] *** Process received signal ***
[dwarf34:1035684] Signal: Aborted (6)
[dwarf34:1035684] Signal code:  (-6)
[dwarf34:1035684] [ 0] /lib64/libc.so.6(+0x3e730)[0x7f83c083e730]
[dwarf34:1035684] [ 1] /lib64/libc.so.6(+0x8b52c)[0x7f83c088b52c]
[dwarf34:1035684] [ 2] /lib64/libc.so.6(raise+0x16)[0x7f83c083e686]
[dwarf34:1035684] [ 3] /lib64/libc.so.6(abort+0xd3)[0x7f83c0828833]
[dwarf34:1035684] [ 4] /opt/software/software/UCX/1.12.1-GCCcore-11.3.0/lib/libucs.so.0(+0x2648b)[0x7f83bc0c048b]
[dwarf34:1035684] [ 5] /opt/software/software/UCX/1.12.1-GCCcore-11.3.0/lib/libucs.so.0(+0x26561)[0x7f83bc0c0561]
[dwarf34:1035684] [ 6] /opt/software/software/UCX/1.12.1-GCCcore-11.3.0/lib/ucx/libuct_ib.so.0(+0x52dcf)[0x7f83b7e94dcf]
[dwarf34:1035684] [ 7] /opt/software/software/UCX/1.12.1-GCCcore-11.3.0/lib/libucs.so.0(+0x20563)[0x7f83bc0ba563]
[dwarf34:1035684] [ 8] /opt/software/software/UCX/1.12.1-GCCcore-11.3.0/lib/libucp.so.0(ucp_worker_progress+0x5a)[0x7f83bc16089a]
[dwarf34:1035684] [ 9] /opt/software/software/OpenMPI/4.1.4-GCC-11.3.0/lib/openmpi/mca_pml_ucx.so(mca_pml_ucx_send+0x14e)[0x7f83bc1d4aae]
[dwarf34:1035684] [10] /opt/software/software/OpenMPI/4.1.4-GCC-11.3.0/lib/libmpi.so.40(PMPI_Send+0x11b)[0x7f83c0be6c7b]
[dwarf34:1035684] [11] /homes/sekabanj/CIS_520_P4/mpi_version/mpi_version[0x40156c]
[dwarf34:1035684] [12] /lib64/libc.so.6(+0x295d0)[0x7f83c08295d0]
[dwarf34:1035684] [13] /lib64/libc.so.6(__libc_start_main+0x80)[0x7f83c0829680]
[dwarf34:1035684] [14] /homes/sekabanj/CIS_520_P4/mpi_version/mpi_version[0x401155]
[dwarf34:1035684] *** End of error message ***
--------------------------------------------------------------------------
Primary job  terminated normally, but 1 process returned
a non-zero exit code. Per user-direction, the job has been aborted.
--------------------------------------------------------------------------
--------------------------------------------------------------------------
mpirun noticed that process rank 0 with PID 0 on node dwarf34 exited on signal 6 (Aborted).
--------------------------------------------------------------------------
[dwarf34:1058383:0:1058383]       ud_ep.c:268  Fatal: UD endpoint 0xa05830 to <no debug data>: unhandled timeout error
==== backtrace (tid:1058383) ====
 0 0x0000000000052dcf uct_ud_ep_deferred_timeout_handler()  /tmp/easybuild/UCX/1.12.1/GCCcore-11.3.0/ucx-1.12.1/src/uct/ib/ud/base/ud_ep.c:268
 1 0x0000000000020563 ucs_callbackq_slow_proxy()  /tmp/easybuild/UCX/1.12.1/GCCcore-11.3.0/ucx-1.12.1/src/ucs/datastruct/callbackq.c:404
 2 0x000000000003789a ucs_callbackq_dispatch()  /tmp/easybuild/UCX/1.12.1/GCCcore-11.3.0/ucx-1.12.1/src/ucs/datastruct/callbackq.h:211
 3 0x000000000003789a uct_worker_progress()  /tmp/easybuild/UCX/1.12.1/GCCcore-11.3.0/ucx-1.12.1/src/uct/api/uct.h:2589
 4 0x000000000003789a ucp_worker_progress()  /tmp/easybuild/UCX/1.12.1/GCCcore-11.3.0/ucx-1.12.1/src/ucp/core/ucp_worker.c:2636
 5 0x0000000000006aae mca_pml_ucx_send()  ???:0
 6 0x0000000000087c7b MPI_Send()  ???:0
 7 0x000000000040156c main()  ???:0
 8 0x00000000000295d0 __libc_start_call_main()  ???:0
 9 0x0000000000029680 __libc_start_main_alias_2()  :0
10 0x0000000000401155 _start()  ???:0
=================================
[dwarf34:1058383] *** Process received signal ***
[dwarf34:1058383] Signal: Aborted (6)
[dwarf34:1058383] Signal code:  (-6)
[dwarf34:1058383] [ 0] /lib64/libc.so.6(+0x3e730)[0x7f8bf7c3e730]
[dwarf34:1058383] [ 1] /lib64/libc.so.6(+0x8b52c)[0x7f8bf7c8b52c]
[dwarf34:1058383] [ 2] /lib64/libc.so.6(raise+0x16)[0x7f8bf7c3e686]
[dwarf34:1058383] [ 3] /lib64/libc.so.6(abort+0xd3)[0x7f8bf7c28833]
[dwarf34:1058383] [ 4] /opt/software/software/UCX/1.12.1-GCCcore-11.3.0/lib/libucs.so.0(+0x2648b)[0x7f8bf508548b]
[dwarf34:1058383] [ 5] /opt/software/software/UCX/1.12.1-GCCcore-11.3.0/lib/libucs.so.0(+0x26561)[0x7f8bf5085561]
[dwarf34:1058383] [ 6] /opt/software/software/UCX/1.12.1-GCCcore-11.3.0/lib/ucx/libuct_ib.so.0(+0x52dcf)[0x7f8bf4e9bdcf]
[dwarf34:1058383] [ 7] /opt/software/software/UCX/1.12.1-GCCcore-11.3.0/lib/libucs.so.0(+0x20563)[0x7f8bf507f563]
[dwarf34:1058383] [ 8] /opt/software/software/UCX/1.12.1-GCCcore-11.3.0/lib/libucp.so.0(ucp_worker_progress+0x5a)[0x7f8bf512589a]
[dwarf34:1058383] [ 9] /opt/software/software/OpenMPI/4.1.4-GCC-11.3.0/lib/openmpi/mca_pml_ucx.so(mca_pml_ucx_send+0x14e)[0x7f8bf51a1aae]
[dwarf34:1058383] [10] /opt/software/software/OpenMPI/4.1.4-GCC-11.3.0/lib/libmpi.so.40(PMPI_Send+0x11b)[0x7f8bf8030c7b]
[dwarf34:1058383] [11] /homes/sekabanj/CIS_520_P4/mpi_version/mpi_version[0x40156c]
[dwarf34:1058383] [12] /lib64/libc.so.6(+0x295d0)[0x7f8bf7c295d0]
[dwarf34:1058383] [13] /lib64/libc.so.6(__libc_start_main+0x80)[0x7f8bf7c29680]
[dwarf34:1058383] [14] /homes/sekabanj/CIS_520_P4/mpi_version/mpi_version[0x401155]
[dwarf34:1058383] *** End of error message ***
--------------------------------------------------------------------------
Primary job  terminated normally, but 1 process returned
a non-zero exit code. Per user-direction, the job has been aborted.
--------------------------------------------------------------------------
--------------------------------------------------------------------------
mpirun noticed that process rank 0 with PID 0 on node dwarf34 exited on signal 6 (Aborted).
--------------------------------------------------------------------------
[dwarf34:1081933:0:1081933]       ud_ep.c:268  Fatal: UD endpoint 0x85c830 to <no debug data>: unhandled timeout error
==== backtrace (tid:1081933) ====
 0 0x0000000000052dcf uct_ud_ep_deferred_timeout_handler()  /tmp/easybuild/UCX/1.12.1/GCCcore-11.3.0/ucx-1.12.1/src/uct/ib/ud/base/ud_ep.c:268
 1 0x0000000000020563 ucs_callbackq_slow_proxy()  /tmp/easybuild/UCX/1.12.1/GCCcore-11.3.0/ucx-1.12.1/src/ucs/datastruct/callbackq.c:404
 2 0x000000000003789a ucs_callbackq_dispatch()  /tmp/easybuild/UCX/1.12.1/GCCcore-11.3.0/ucx-1.12.1/src/ucs/datastruct/callbackq.h:211
 3 0x000000000003789a uct_worker_progress()  /tmp/easybuild/UCX/1.12.1/GCCcore-11.3.0/ucx-1.12.1/src/uct/api/uct.h:2589
 4 0x000000000003789a ucp_worker_progress()  /tmp/easybuild/UCX/1.12.1/GCCcore-11.3.0/ucx-1.12.1/src/ucp/core/ucp_worker.c:2636
 5 0x0000000000006aae mca_pml_ucx_send()  ???:0
 6 0x0000000000087c7b MPI_Send()  ???:0
 7 0x000000000040156c main()  ???:0
 8 0x00000000000295d0 __libc_start_call_main()  ???:0
 9 0x0000000000029680 __libc_start_main_alias_2()  :0
10 0x0000000000401155 _start()  ???:0
=================================
[dwarf34:1081933] *** Process received signal ***
[dwarf34:1081933] Signal: Aborted (6)
[dwarf34:1081933] Signal code:  (-6)
[dwarf34:1081933] [ 0] /lib64/libc.so.6(+0x3e730)[0x7f829d43e730]
[dwarf34:1081933] [ 1] /lib64/libc.so.6(+0x8b52c)[0x7f829d48b52c]
[dwarf34:1081933] [ 2] /lib64/libc.so.6(raise+0x16)[0x7f829d43e686]
[dwarf34:1081933] [ 3] /lib64/libc.so.6(abort+0xd3)[0x7f829d428833]
[dwarf34:1081933] [ 4] /opt/software/software/UCX/1.12.1-GCCcore-11.3.0/lib/libucs.so.0(+0x2648b)[0x7f8294d2948b]
[dwarf34:1081933] [ 5] /opt/software/software/UCX/1.12.1-GCCcore-11.3.0/lib/libucs.so.0(+0x26561)[0x7f8294d29561]
[dwarf34:1081933] [ 6] /opt/software/software/UCX/1.12.1-GCCcore-11.3.0/lib/ucx/libuct_ib.so.0(+0x52dcf)[0x7f8294b59dcf]
[dwarf34:1081933] [ 7] /opt/software/software/UCX/1.12.1-GCCcore-11.3.0/lib/libucs.so.0(+0x20563)[0x7f8294d23563]
[dwarf34:1081933] [ 8] /opt/software/software/UCX/1.12.1-GCCcore-11.3.0/lib/libucp.so.0(ucp_worker_progress+0x5a)[0x7f8294d9189a]
[dwarf34:1081933] [ 9] /opt/software/software/OpenMPI/4.1.4-GCC-11.3.0/lib/openmpi/mca_pml_ucx.so(mca_pml_ucx_send+0x14e)[0x7f829761aaae]
[dwarf34:1081933] [10] /opt/software/software/OpenMPI/4.1.4-GCC-11.3.0/lib/libmpi.so.40(PMPI_Send+0x11b)[0x7f829d882c7b]
[dwarf34:1081933] [11] /homes/sekabanj/CIS_520_P4/mpi_version/mpi_version[0x40156c]
[dwarf34:1081933] [12] /lib64/libc.so.6(+0x295d0)[0x7f829d4295d0]
[dwarf34:1081933] [13] /lib64/libc.so.6(__libc_start_main+0x80)[0x7f829d429680]
[dwarf34:1081933] [14] /homes/sekabanj/CIS_520_P4/mpi_version/mpi_version[0x401155]
[dwarf34:1081933] *** End of error message ***
--------------------------------------------------------------------------
Primary job  terminated normally, but 1 process returned
a non-zero exit code. Per user-direction, the job has been aborted.
--------------------------------------------------------------------------
--------------------------------------------------------------------------
mpirun noticed that process rank 0 with PID 0 on node dwarf34 exited on signal 6 (Aborted).
--------------------------------------------------------------------------
[dwarf34:1103775:0:1103775]       ud_ep.c:268  Fatal: UD endpoint 0xd3de80 to <no debug data>: unhandled timeout error
==== backtrace (tid:1103775) ====
 0 0x0000000000052dcf uct_ud_ep_deferred_timeout_handler()  /tmp/easybuild/UCX/1.12.1/GCCcore-11.3.0/ucx-1.12.1/src/uct/ib/ud/base/ud_ep.c:268
 1 0x0000000000020563 ucs_callbackq_slow_proxy()  /tmp/easybuild/UCX/1.12.1/GCCcore-11.3.0/ucx-1.12.1/src/ucs/datastruct/callbackq.c:404
 2 0x000000000003789a ucs_callbackq_dispatch()  /tmp/easybuild/UCX/1.12.1/GCCcore-11.3.0/ucx-1.12.1/src/ucs/datastruct/callbackq.h:211
 3 0x000000000003789a uct_worker_progress()  /tmp/easybuild/UCX/1.12.1/GCCcore-11.3.0/ucx-1.12.1/src/uct/api/uct.h:2589
 4 0x000000000003789a ucp_worker_progress()  /tmp/easybuild/UCX/1.12.1/GCCcore-11.3.0/ucx-1.12.1/src/ucp/core/ucp_worker.c:2636
 5 0x0000000000006aae mca_pml_ucx_send()  ???:0
 6 0x0000000000087c7b MPI_Send()  ???:0
 7 0x000000000040156c main()  ???:0
 8 0x00000000000295d0 __libc_start_call_main()  ???:0
 9 0x0000000000029680 __libc_start_main_alias_2()  :0
10 0x0000000000401155 _start()  ???:0
=================================
[dwarf34:1103775] *** Process received signal ***
[dwarf34:1103775] Signal: Aborted (6)
[dwarf34:1103775] Signal code:  (-6)
[dwarf34:1103775] [ 0] /lib64/libc.so.6(+0x3e730)[0x7ff27603e730]
[dwarf34:1103775] [ 1] /lib64/libc.so.6(+0x8b52c)[0x7ff27608b52c]
[dwarf34:1103775] [ 2] /lib64/libc.so.6(raise+0x16)[0x7ff27603e686]
[dwarf34:1103775] [ 3] /lib64/libc.so.6(abort+0xd3)[0x7ff276028833]
[dwarf34:1103775] [ 4] /opt/software/software/UCX/1.12.1-GCCcore-11.3.0/lib/libucs.so.0(+0x2648b)[0x7ff26d92948b]
[dwarf34:1103775] [ 5] /opt/software/software/UCX/1.12.1-GCCcore-11.3.0/lib/libucs.so.0(+0x26561)[0x7ff26d929561]
[dwarf34:1103775] [ 6] /opt/software/software/UCX/1.12.1-GCCcore-11.3.0/lib/ucx/libuct_ib.so.0(+0x52dcf)[0x7ff26d769dcf]
[dwarf34:1103775] [ 7] /opt/software/software/UCX/1.12.1-GCCcore-11.3.0/lib/libucs.so.0(+0x20563)[0x7ff26d923563]
[dwarf34:1103775] [ 8] /opt/software/software/UCX/1.12.1-GCCcore-11.3.0/lib/libucp.so.0(ucp_worker_progress+0x5a)[0x7ff26d99189a]
[dwarf34:1103775] [ 9] /opt/software/software/OpenMPI/4.1.4-GCC-11.3.0/lib/openmpi/mca_pml_ucx.so(mca_pml_ucx_send+0x14e)[0x7ff26f9ebaae]
[dwarf34:1103775] [10] /opt/software/software/OpenMPI/4.1.4-GCC-11.3.0/lib/libmpi.so.40(PMPI_Send+0x11b)[0x7ff276477c7b]
[dwarf34:1103775] [11] /homes/sekabanj/CIS_520_P4/mpi_version/mpi_version[0x40156c]
[dwarf34:1103775] [12] /lib64/libc.so.6(+0x295d0)[0x7ff2760295d0]
[dwarf34:1103775] [13] /lib64/libc.so.6(__libc_start_main+0x80)[0x7ff276029680]
[dwarf34:1103775] [14] /homes/sekabanj/CIS_520_P4/mpi_version/mpi_version[0x401155]
[dwarf34:1103775] *** End of error message ***
--------------------------------------------------------------------------
Primary job  terminated normally, but 1 process returned
a non-zero exit code. Per user-direction, the job has been aborted.
--------------------------------------------------------------------------
--------------------------------------------------------------------------
mpirun noticed that process rank 0 with PID 0 on node dwarf34 exited on signal 6 (Aborted).
--------------------------------------------------------------------------
[dwarf34:1124678:0:1124678]       ud_ep.c:268  Fatal: UD endpoint 0x1512f10 to <no debug data>: unhandled timeout error
==== backtrace (tid:1124678) ====
 0 0x0000000000052dcf uct_ud_ep_deferred_timeout_handler()  /tmp/easybuild/UCX/1.12.1/GCCcore-11.3.0/ucx-1.12.1/src/uct/ib/ud/base/ud_ep.c:268
 1 0x0000000000020563 ucs_callbackq_slow_proxy()  /tmp/easybuild/UCX/1.12.1/GCCcore-11.3.0/ucx-1.12.1/src/ucs/datastruct/callbackq.c:404
 2 0x000000000003789a ucs_callbackq_dispatch()  /tmp/easybuild/UCX/1.12.1/GCCcore-11.3.0/ucx-1.12.1/src/ucs/datastruct/callbackq.h:211
 3 0x000000000003789a uct_worker_progress()  /tmp/easybuild/UCX/1.12.1/GCCcore-11.3.0/ucx-1.12.1/src/uct/api/uct.h:2589
 4 0x000000000003789a ucp_worker_progress()  /tmp/easybuild/UCX/1.12.1/GCCcore-11.3.0/ucx-1.12.1/src/ucp/core/ucp_worker.c:2636
 5 0x0000000000006aae mca_pml_ucx_send()  ???:0
 6 0x0000000000087c7b MPI_Send()  ???:0
 7 0x000000000040156c main()  ???:0
 8 0x00000000000295d0 __libc_start_call_main()  ???:0
 9 0x0000000000029680 __libc_start_main_alias_2()  :0
10 0x0000000000401155 _start()  ???:0
=================================
[dwarf34:1124678] *** Process received signal ***
[dwarf34:1124678] Signal: Aborted (6)
[dwarf34:1124678] Signal code:  (-6)
[dwarf34:1124678] [ 0] /lib64/libc.so.6(+0x3e730)[0x7fd57343e730]
[dwarf34:1124678] [ 1] /lib64/libc.so.6(+0x8b52c)[0x7fd57348b52c]
[dwarf34:1124678] [ 2] /lib64/libc.so.6(raise+0x16)[0x7fd57343e686]
[dwarf34:1124678] [ 3] /lib64/libc.so.6(abort+0xd3)[0x7fd573428833]
[dwarf34:1124678] [ 4] /opt/software/software/UCX/1.12.1-GCCcore-11.3.0/lib/libucs.so.0(+0x2648b)[0x7fd5708a448b]
[dwarf34:1124678] [ 5] /opt/software/software/UCX/1.12.1-GCCcore-11.3.0/lib/libucs.so.0(+0x26561)[0x7fd5708a4561]
[dwarf34:1124678] [ 6] /opt/software/software/UCX/1.12.1-GCCcore-11.3.0/lib/ucx/libuct_ib.so.0(+0x52dcf)[0x7fd5706badcf]
[dwarf34:1124678] [ 7] /opt/software/software/UCX/1.12.1-GCCcore-11.3.0/lib/libucs.so.0(+0x20563)[0x7fd57089e563]
[dwarf34:1124678] [ 8] /opt/software/software/UCX/1.12.1-GCCcore-11.3.0/lib/libucp.so.0(ucp_worker_progress+0x5a)[0x7fd57094489a]
[dwarf34:1124678] [ 9] /opt/software/software/OpenMPI/4.1.4-GCC-11.3.0/lib/openmpi/mca_pml_ucx.so(mca_pml_ucx_send+0x14e)[0x7fd5709c0aae]
[dwarf34:1124678] [10] /opt/software/software/OpenMPI/4.1.4-GCC-11.3.0/lib/libmpi.so.40(PMPI_Send+0x11b)[0x7fd57384ec7b]
[dwarf34:1124678] [11] /homes/sekabanj/CIS_520_P4/mpi_version/mpi_version[0x40156c]
[dwarf34:1124678] [12] /lib64/libc.so.6(+0x295d0)[0x7fd5734295d0]
[dwarf34:1124678] [13] /lib64/libc.so.6(__libc_start_main+0x80)[0x7fd573429680]
[dwarf34:1124678] [14] /homes/sekabanj/CIS_520_P4/mpi_version/mpi_version[0x401155]
[dwarf34:1124678] *** End of error message ***
--------------------------------------------------------------------------
Primary job  terminated normally, but 1 process returned
a non-zero exit code. Per user-direction, the job has been aborted.
--------------------------------------------------------------------------
--------------------------------------------------------------------------
mpirun noticed that process rank 0 with PID 0 on node dwarf34 exited on signal 6 (Aborted).
--------------------------------------------------------------------------
[dwarf34:1144595:0:1144595]       ud_ep.c:268  Fatal: UD endpoint 0xb89ba0 to <no debug data>: unhandled timeout error
==== backtrace (tid:1144595) ====
 0 0x0000000000052dcf uct_ud_ep_deferred_timeout_handler()  /tmp/easybuild/UCX/1.12.1/GCCcore-11.3.0/ucx-1.12.1/src/uct/ib/ud/base/ud_ep.c:268
 1 0x0000000000020563 ucs_callbackq_slow_proxy()  /tmp/easybuild/UCX/1.12.1/GCCcore-11.3.0/ucx-1.12.1/src/ucs/datastruct/callbackq.c:404
 2 0x000000000003789a ucs_callbackq_dispatch()  /tmp/easybuild/UCX/1.12.1/GCCcore-11.3.0/ucx-1.12.1/src/ucs/datastruct/callbackq.h:211
 3 0x000000000003789a uct_worker_progress()  /tmp/easybuild/UCX/1.12.1/GCCcore-11.3.0/ucx-1.12.1/src/uct/api/uct.h:2589
 4 0x000000000003789a ucp_worker_progress()  /tmp/easybuild/UCX/1.12.1/GCCcore-11.3.0/ucx-1.12.1/src/ucp/core/ucp_worker.c:2636
 5 0x0000000000006aae mca_pml_ucx_send()  ???:0
 6 0x0000000000087c7b MPI_Send()  ???:0
 7 0x000000000040156c main()  ???:0
 8 0x00000000000295d0 __libc_start_call_main()  ???:0
 9 0x0000000000029680 __libc_start_main_alias_2()  :0
10 0x0000000000401155 _start()  ???:0
=================================
[dwarf34:1144595] *** Process received signal ***
[dwarf34:1144595] Signal: Aborted (6)
[dwarf34:1144595] Signal code:  (-6)
[dwarf34:1144595] [ 0] /lib64/libc.so.6(+0x3e730)[0x7fc09e63e730]
[dwarf34:1144595] [ 1] /lib64/libc.so.6(+0x8b52c)[0x7fc09e68b52c]
[dwarf34:1144595] [ 2] /lib64/libc.so.6(raise+0x16)[0x7fc09e63e686]
[dwarf34:1144595] [ 3] /lib64/libc.so.6(abort+0xd3)[0x7fc09e628833]
[dwarf34:1144595] [ 4] /opt/software/software/UCX/1.12.1-GCCcore-11.3.0/lib/libucs.so.0(+0x2648b)[0x7fc09c1e148b]
[dwarf34:1144595] [ 5] /opt/software/software/UCX/1.12.1-GCCcore-11.3.0/lib/libucs.so.0(+0x26561)[0x7fc09c1e1561]
[dwarf34:1144595] [ 6] /opt/software/software/UCX/1.12.1-GCCcore-11.3.0/lib/ucx/libuct_ib.so.0(+0x52dcf)[0x7fc095bd4dcf]
[dwarf34:1144595] [ 7] /opt/software/software/UCX/1.12.1-GCCcore-11.3.0/lib/libucs.so.0(+0x20563)[0x7fc09c1db563]
[dwarf34:1144595] [ 8] /opt/software/software/UCX/1.12.1-GCCcore-11.3.0/lib/libucp.so.0(ucp_worker_progress+0x5a)[0x7fc09c28189a]
[dwarf34:1144595] [ 9] /opt/software/software/OpenMPI/4.1.4-GCC-11.3.0/lib/openmpi/mca_pml_ucx.so(mca_pml_ucx_send+0x14e)[0x7fc09c2fdaae]
[dwarf34:1144595] [10] /opt/software/software/OpenMPI/4.1.4-GCC-11.3.0/lib/libmpi.so.40(PMPI_Send+0x11b)[0x7fc09e966c7b]
[dwarf34:1144595] [11] /homes/sekabanj/CIS_520_P4/mpi_version/mpi_version[0x40156c]
[dwarf34:1144595] [12] /lib64/libc.so.6(+0x295d0)[0x7fc09e6295d0]
[dwarf34:1144595] [13] /lib64/libc.so.6(__libc_start_main+0x80)[0x7fc09e629680]
[dwarf34:1144595] [14] /homes/sekabanj/CIS_520_P4/mpi_version/mpi_version[0x401155]
[dwarf34:1144595] *** End of error message ***
--------------------------------------------------------------------------
Primary job  terminated normally, but 1 process returned
a non-zero exit code. Per user-direction, the job has been aborted.
--------------------------------------------------------------------------
--------------------------------------------------------------------------
mpirun noticed that process rank 0 with PID 0 on node dwarf34 exited on signal 6 (Aborted).
--------------------------------------------------------------------------
