
The following have been reloaded with a version change:
  1) FFTW.MPI/3.3.10-gompi-2022a => FFTW.MPI/3.3.10-gompi-2023b
  2) FFTW/3.3.10-GCC-11.3.0 => FFTW/3.3.10-GCC-13.2.0
  3) FlexiBLAS/3.2.0-GCC-11.3.0 => FlexiBLAS/3.3.1-GCC-13.2.0
  4) GCC/11.3.0 => GCC/13.2.0
  5) GCCcore/11.3.0 => GCCcore/13.2.0
  6) OpenBLAS/0.3.20-GCC-11.3.0 => OpenBLAS/0.3.24-GCC-13.2.0
  7) OpenMPI/4.1.4-GCC-11.3.0 => OpenMPI/4.1.6-GCC-13.2.0
  8) PMIx/4.1.2-GCCcore-11.3.0 => PMIx/4.2.6-GCCcore-13.2.0
  9) ScaLAPACK/2.2.0-gompi-2022a-fb => ScaLAPACK/2.2.0-gompi-2023b-fb
 10) UCC/1.0.0-GCCcore-11.3.0 => UCC/1.2.0-GCCcore-13.2.0
 11) UCX/1.12.1-GCCcore-11.3.0 => UCX/1.15.0-GCCcore-13.2.0
 12) XZ/5.2.5-GCCcore-11.3.0 => XZ/5.4.4-GCCcore-13.2.0
 13) binutils/2.38-GCCcore-11.3.0 => binutils/2.40-GCCcore-13.2.0
 14) foss/2022a => foss/2023b
 15) gompi/2022a => gompi/2023b
 16) hwloc/2.7.1-GCCcore-11.3.0 => hwloc/2.9.2-GCCcore-13.2.0
 17) libevent/2.1.12-GCCcore-11.3.0 => libevent/2.1.12-GCCcore-13.2.0
 18) libfabric/1.15.1-GCCcore-11.3.0 => libfabric/1.19.0-GCCcore-13.2.0
 19) libpciaccess/0.16-GCCcore-11.3.0 => libpciaccess/0.17-GCCcore-13.2.0
 20) libxml2/2.9.13-GCCcore-11.3.0 => libxml2/2.11.5-GCCcore-13.2.0
 21) numactl/2.0.14-GCCcore-11.3.0 => numactl/2.0.16-GCCcore-13.2.0
 22) zlib/1.2.12-GCCcore-11.3.0 => zlib/1.2.13-GCCcore-13.2.0


The following have been reloaded with a version change:
  1) FFTW.MPI/3.3.10-gompi-2023b => FFTW.MPI/3.3.10-gompi-2022a
  2) FFTW/3.3.10-GCC-13.2.0 => FFTW/3.3.10-GCC-11.3.0
  3) FlexiBLAS/3.3.1-GCC-13.2.0 => FlexiBLAS/3.2.0-GCC-11.3.0
  4) GCC/13.2.0 => GCC/11.3.0
  5) GCCcore/13.2.0 => GCCcore/11.3.0
  6) OpenBLAS/0.3.24-GCC-13.2.0 => OpenBLAS/0.3.20-GCC-11.3.0
  7) OpenMPI/4.1.6-GCC-13.2.0 => OpenMPI/4.1.4-GCC-11.3.0
  8) PMIx/4.2.6-GCCcore-13.2.0 => PMIx/4.1.2-GCCcore-11.3.0
  9) ScaLAPACK/2.2.0-gompi-2023b-fb => ScaLAPACK/2.2.0-gompi-2022a-fb
 10) UCC/1.2.0-GCCcore-13.2.0 => UCC/1.0.0-GCCcore-11.3.0
 11) UCX/1.15.0-GCCcore-13.2.0 => UCX/1.12.1-GCCcore-11.3.0
 12) XZ/5.4.4-GCCcore-13.2.0 => XZ/5.2.5-GCCcore-11.3.0
 13) binutils/2.40-GCCcore-13.2.0 => binutils/2.38-GCCcore-11.3.0
 14) foss/2023b => foss/2022a
 15) gompi/2023b => gompi/2022a
 16) hwloc/2.9.2-GCCcore-13.2.0 => hwloc/2.7.1-GCCcore-11.3.0
 17) libevent/2.1.12-GCCcore-13.2.0 => libevent/2.1.12-GCCcore-11.3.0
 18) libfabric/1.19.0-GCCcore-13.2.0 => libfabric/1.15.1-GCCcore-11.3.0
 19) libpciaccess/0.17-GCCcore-13.2.0 => libpciaccess/0.16-GCCcore-11.3.0
 20) libxml2/2.11.5-GCCcore-13.2.0 => libxml2/2.9.13-GCCcore-11.3.0
 21) numactl/2.0.16-GCCcore-13.2.0 => numactl/2.0.14-GCCcore-11.3.0
 22) zlib/1.2.13-GCCcore-13.2.0 => zlib/1.2.12-GCCcore-11.3.0

[warlock05:2792451:0:2792451]       ud_ep.c:268  Fatal: UD endpoint 0x15fc9f0 to <no debug data>: unhandled timeout error
==== backtrace (tid:2792451) ====
 0 0x00000000000538bf uct_ud_ep_deferred_timeout_handler()  /tmp/easybuild/UCX/1.12.1/GCCcore-11.3.0/ucx-1.12.1/src/uct/ib/ud/base/ud_ep.c:268
 1 0x00000000000202d7 ucs_callbackq_slow_proxy()  /tmp/easybuild/UCX/1.12.1/GCCcore-11.3.0/ucx-1.12.1/src/ucs/datastruct/callbackq.c:404
 2 0x0000000000037b8a ucs_callbackq_dispatch()  /tmp/easybuild/UCX/1.12.1/GCCcore-11.3.0/ucx-1.12.1/src/ucs/datastruct/callbackq.h:211
 3 0x0000000000037b8a uct_worker_progress()  /tmp/easybuild/UCX/1.12.1/GCCcore-11.3.0/ucx-1.12.1/src/uct/api/uct.h:2589
 4 0x0000000000037b8a ucp_worker_progress()  /tmp/easybuild/UCX/1.12.1/GCCcore-11.3.0/ucx-1.12.1/src/ucp/core/ucp_worker.c:2636
 5 0x0000000000006bbe mca_pml_ucx_send()  ???:0
 6 0x0000000000087643 MPI_Send()  ???:0
 7 0x000000000040156c main()  ???:0
 8 0x00000000000295d0 __libc_start_call_main()  ???:0
 9 0x0000000000029680 __libc_start_main_alias_2()  :0
10 0x0000000000401155 _start()  ???:0
=================================
[warlock05:2792451] *** Process received signal ***
[warlock05:2792451] Signal: Aborted (6)
[warlock05:2792451] Signal code:  (-6)
[warlock05:2792451] [ 0] /lib64/libc.so.6(+0x3e730)[0x7f2ac5e3e730]
[warlock05:2792451] [ 1] /lib64/libc.so.6(+0x8b52c)[0x7f2ac5e8b52c]
[warlock05:2792451] [ 2] /lib64/libc.so.6(raise+0x16)[0x7f2ac5e3e686]
[warlock05:2792451] [ 3] /lib64/libc.so.6(abort+0xd3)[0x7f2ac5e28833]
[warlock05:2792451] [ 4] /opt/software/software/UCX/1.12.1-GCCcore-11.3.0/lib/libucs.so.0(+0x2633b)[0x7f2abfeef33b]
[warlock05:2792451] [ 5] /opt/software/software/UCX/1.12.1-GCCcore-11.3.0/lib/libucs.so.0(+0x26411)[0x7f2abfeef411]
[warlock05:2792451] [ 6] /opt/software/software/UCX/1.12.1-GCCcore-11.3.0/lib/ucx/libuct_ib.so.0(+0x538bf)[0x7f2abf9d58bf]
[warlock05:2792451] [ 7] /opt/software/software/UCX/1.12.1-GCCcore-11.3.0/lib/libucs.so.0(+0x202d7)[0x7f2abfee92d7]
[warlock05:2792451] [ 8] /opt/software/software/UCX/1.12.1-GCCcore-11.3.0/lib/libucp.so.0(ucp_worker_progress+0x5a)[0x7f2abff90b8a]
[warlock05:2792451] [ 9] /opt/software/software/OpenMPI/4.1.4-GCC-11.3.0/lib/openmpi/mca_pml_ucx.so(mca_pml_ucx_send+0x14e)[0x7f2ac4038bbe]
[warlock05:2792451] [10] /opt/software/software/OpenMPI/4.1.4-GCC-11.3.0/lib/libmpi.so.40(PMPI_Send+0x123)[0x7f2ac6292643]
[warlock05:2792451] [11] /homes/sekabanj/CIS_520_P4/mpi_version/mpi_version[0x40156c]
[warlock05:2792451] [12] /lib64/libc.so.6(+0x295d0)[0x7f2ac5e295d0]
[warlock05:2792451] [13] /lib64/libc.so.6(__libc_start_main+0x80)[0x7f2ac5e29680]
[warlock05:2792451] [14] /homes/sekabanj/CIS_520_P4/mpi_version/mpi_version[0x401155]
[warlock05:2792451] *** End of error message ***
--------------------------------------------------------------------------
Primary job  terminated normally, but 1 process returned
a non-zero exit code. Per user-direction, the job has been aborted.
--------------------------------------------------------------------------
--------------------------------------------------------------------------
mpirun noticed that process rank 0 with PID 0 on node warlock05 exited on signal 6 (Aborted).
--------------------------------------------------------------------------
[warlock05:2805328:0:2805328]       ud_ep.c:268  Fatal: UD endpoint 0x23c7340 to <no debug data>: unhandled timeout error
==== backtrace (tid:2805328) ====
 0 0x00000000000538bf uct_ud_ep_deferred_timeout_handler()  /tmp/easybuild/UCX/1.12.1/GCCcore-11.3.0/ucx-1.12.1/src/uct/ib/ud/base/ud_ep.c:268
 1 0x00000000000202d7 ucs_callbackq_slow_proxy()  /tmp/easybuild/UCX/1.12.1/GCCcore-11.3.0/ucx-1.12.1/src/ucs/datastruct/callbackq.c:404
 2 0x0000000000037b8a ucs_callbackq_dispatch()  /tmp/easybuild/UCX/1.12.1/GCCcore-11.3.0/ucx-1.12.1/src/ucs/datastruct/callbackq.h:211
 3 0x0000000000037b8a uct_worker_progress()  /tmp/easybuild/UCX/1.12.1/GCCcore-11.3.0/ucx-1.12.1/src/uct/api/uct.h:2589
 4 0x0000000000037b8a ucp_worker_progress()  /tmp/easybuild/UCX/1.12.1/GCCcore-11.3.0/ucx-1.12.1/src/ucp/core/ucp_worker.c:2636
 5 0x0000000000006bbe mca_pml_ucx_send()  ???:0
 6 0x0000000000087643 MPI_Send()  ???:0
 7 0x000000000040156c main()  ???:0
 8 0x00000000000295d0 __libc_start_call_main()  ???:0
 9 0x0000000000029680 __libc_start_main_alias_2()  :0
10 0x0000000000401155 _start()  ???:0
=================================
[warlock05:2805328] *** Process received signal ***
[warlock05:2805328] Signal: Aborted (6)
[warlock05:2805328] Signal code:  (-6)
[warlock05:2805328] [ 0] /lib64/libc.so.6(+0x3e730)[0x7f9688c3e730]
[warlock05:2805328] [ 1] /lib64/libc.so.6(+0x8b52c)[0x7f9688c8b52c]
[warlock05:2805328] [ 2] /lib64/libc.so.6(raise+0x16)[0x7f9688c3e686]
[warlock05:2805328] [ 3] /lib64/libc.so.6(abort+0xd3)[0x7f9688c28833]
[warlock05:2805328] [ 4] /opt/software/software/UCX/1.12.1-GCCcore-11.3.0/lib/libucs.so.0(+0x2633b)[0x7f96843c733b]
[warlock05:2805328] [ 5] /opt/software/software/UCX/1.12.1-GCCcore-11.3.0/lib/libucs.so.0(+0x26411)[0x7f96843c7411]
[warlock05:2805328] [ 6] /opt/software/software/UCX/1.12.1-GCCcore-11.3.0/lib/ucx/libuct_ib.so.0(+0x538bf)[0x7f96841a88bf]
[warlock05:2805328] [ 7] /opt/software/software/UCX/1.12.1-GCCcore-11.3.0/lib/libucs.so.0(+0x202d7)[0x7f96843c12d7]
[warlock05:2805328] [ 8] /opt/software/software/UCX/1.12.1-GCCcore-11.3.0/lib/libucp.so.0(ucp_worker_progress+0x5a)[0x7f9684468b8a]
[warlock05:2805328] [ 9] /opt/software/software/OpenMPI/4.1.4-GCC-11.3.0/lib/openmpi/mca_pml_ucx.so(mca_pml_ucx_send+0x14e)[0x7f96844e6bbe]
[warlock05:2805328] [10] /opt/software/software/OpenMPI/4.1.4-GCC-11.3.0/lib/libmpi.so.40(PMPI_Send+0x123)[0x7f9688ee2643]
[warlock05:2805328] [11] /homes/sekabanj/CIS_520_P4/mpi_version/mpi_version[0x40156c]
[warlock05:2805328] [12] /lib64/libc.so.6(+0x295d0)[0x7f9688c295d0]
[warlock05:2805328] [13] /lib64/libc.so.6(__libc_start_main+0x80)[0x7f9688c29680]
[warlock05:2805328] [14] /homes/sekabanj/CIS_520_P4/mpi_version/mpi_version[0x401155]
[warlock05:2805328] *** End of error message ***
--------------------------------------------------------------------------
Primary job  terminated normally, but 1 process returned
a non-zero exit code. Per user-direction, the job has been aborted.
--------------------------------------------------------------------------
--------------------------------------------------------------------------
mpirun noticed that process rank 0 with PID 0 on node warlock05 exited on signal 6 (Aborted).
--------------------------------------------------------------------------
[warlock05:2813330:0:2813330]       ud_ep.c:268  Fatal: UD endpoint 0x20db950 to <no debug data>: unhandled timeout error
==== backtrace (tid:2813330) ====
 0 0x00000000000538bf uct_ud_ep_deferred_timeout_handler()  /tmp/easybuild/UCX/1.12.1/GCCcore-11.3.0/ucx-1.12.1/src/uct/ib/ud/base/ud_ep.c:268
 1 0x00000000000202d7 ucs_callbackq_slow_proxy()  /tmp/easybuild/UCX/1.12.1/GCCcore-11.3.0/ucx-1.12.1/src/ucs/datastruct/callbackq.c:404
 2 0x0000000000037b8a ucs_callbackq_dispatch()  /tmp/easybuild/UCX/1.12.1/GCCcore-11.3.0/ucx-1.12.1/src/ucs/datastruct/callbackq.h:211
 3 0x0000000000037b8a uct_worker_progress()  /tmp/easybuild/UCX/1.12.1/GCCcore-11.3.0/ucx-1.12.1/src/uct/api/uct.h:2589
 4 0x0000000000037b8a ucp_worker_progress()  /tmp/easybuild/UCX/1.12.1/GCCcore-11.3.0/ucx-1.12.1/src/ucp/core/ucp_worker.c:2636
 5 0x0000000000006bbe mca_pml_ucx_send()  ???:0
 6 0x0000000000087643 MPI_Send()  ???:0
 7 0x000000000040156c main()  ???:0
 8 0x00000000000295d0 __libc_start_call_main()  ???:0
 9 0x0000000000029680 __libc_start_main_alias_2()  :0
10 0x0000000000401155 _start()  ???:0
=================================
[warlock05:2813330] *** Process received signal ***
[warlock05:2813330] Signal: Aborted (6)
[warlock05:2813330] Signal code:  (-6)
[warlock05:2813330] [ 0] /lib64/libc.so.6(+0x3e730)[0x7f780903e730]
[warlock05:2813330] [ 1] /lib64/libc.so.6(+0x8b52c)[0x7f780908b52c]
[warlock05:2813330] [ 2] /lib64/libc.so.6(raise+0x16)[0x7f780903e686]
[warlock05:2813330] [ 3] /lib64/libc.so.6(abort+0xd3)[0x7f7809028833]
[warlock05:2813330] [ 4] /opt/software/software/UCX/1.12.1-GCCcore-11.3.0/lib/libucs.so.0(+0x2633b)[0x7f7802bcf33b]
[warlock05:2813330] [ 5] /opt/software/software/UCX/1.12.1-GCCcore-11.3.0/lib/libucs.so.0(+0x26411)[0x7f7802bcf411]
[warlock05:2813330] [ 6] /opt/software/software/UCX/1.12.1-GCCcore-11.3.0/lib/ucx/libuct_ib.so.0(+0x538bf)[0x7f78006478bf]
[warlock05:2813330] [ 7] /opt/software/software/UCX/1.12.1-GCCcore-11.3.0/lib/libucs.so.0(+0x202d7)[0x7f7802bc92d7]
[warlock05:2813330] [ 8] /opt/software/software/UCX/1.12.1-GCCcore-11.3.0/lib/libucp.so.0(ucp_worker_progress+0x5a)[0x7f78030b3b8a]
[warlock05:2813330] [ 9] /opt/software/software/OpenMPI/4.1.4-GCC-11.3.0/lib/openmpi/mca_pml_ucx.so(mca_pml_ucx_send+0x14e)[0x7f7803131bbe]
[warlock05:2813330] [10] /opt/software/software/OpenMPI/4.1.4-GCC-11.3.0/lib/libmpi.so.40(PMPI_Send+0x123)[0x7f780938b643]
[warlock05:2813330] [11] /homes/sekabanj/CIS_520_P4/mpi_version/mpi_version[0x40156c]
[warlock05:2813330] [12] /lib64/libc.so.6(+0x295d0)[0x7f78090295d0]
[warlock05:2813330] [13] /lib64/libc.so.6(__libc_start_main+0x80)[0x7f7809029680]
[warlock05:2813330] [14] /homes/sekabanj/CIS_520_P4/mpi_version/mpi_version[0x401155]
[warlock05:2813330] *** End of error message ***
--------------------------------------------------------------------------
Primary job  terminated normally, but 1 process returned
a non-zero exit code. Per user-direction, the job has been aborted.
--------------------------------------------------------------------------
--------------------------------------------------------------------------
mpirun noticed that process rank 0 with PID 0 on node warlock05 exited on signal 6 (Aborted).
--------------------------------------------------------------------------
[warlock05:2822470:0:2822470]       ud_ep.c:268  Fatal: UD endpoint 0xfc1fb0 to <no debug data>: unhandled timeout error
==== backtrace (tid:2822470) ====
 0 0x00000000000538bf uct_ud_ep_deferred_timeout_handler()  /tmp/easybuild/UCX/1.12.1/GCCcore-11.3.0/ucx-1.12.1/src/uct/ib/ud/base/ud_ep.c:268
 1 0x00000000000202d7 ucs_callbackq_slow_proxy()  /tmp/easybuild/UCX/1.12.1/GCCcore-11.3.0/ucx-1.12.1/src/ucs/datastruct/callbackq.c:404
 2 0x0000000000037b8a ucs_callbackq_dispatch()  /tmp/easybuild/UCX/1.12.1/GCCcore-11.3.0/ucx-1.12.1/src/ucs/datastruct/callbackq.h:211
 3 0x0000000000037b8a uct_worker_progress()  /tmp/easybuild/UCX/1.12.1/GCCcore-11.3.0/ucx-1.12.1/src/uct/api/uct.h:2589
 4 0x0000000000037b8a ucp_worker_progress()  /tmp/easybuild/UCX/1.12.1/GCCcore-11.3.0/ucx-1.12.1/src/ucp/core/ucp_worker.c:2636
 5 0x0000000000006bbe mca_pml_ucx_send()  ???:0
 6 0x0000000000087643 MPI_Send()  ???:0
 7 0x000000000040156c main()  ???:0
 8 0x00000000000295d0 __libc_start_call_main()  ???:0
 9 0x0000000000029680 __libc_start_main_alias_2()  :0
10 0x0000000000401155 _start()  ???:0
=================================
[warlock05:2822470] *** Process received signal ***
[warlock05:2822470] Signal: Aborted (6)
[warlock05:2822470] Signal code:  (-6)
[warlock05:2822470] [ 0] /lib64/libc.so.6(+0x3e730)[0x7fb46463e730]
[warlock05:2822470] [ 1] /lib64/libc.so.6(+0x8b52c)[0x7fb46468b52c]
[warlock05:2822470] [ 2] /lib64/libc.so.6(raise+0x16)[0x7fb46463e686]
[warlock05:2822470] [ 3] /lib64/libc.so.6(abort+0xd3)[0x7fb464628833]
[warlock05:2822470] [ 4] /opt/software/software/UCX/1.12.1-GCCcore-11.3.0/lib/libucs.so.0(+0x2633b)[0x7fb46032733b]
[warlock05:2822470] [ 5] /opt/software/software/UCX/1.12.1-GCCcore-11.3.0/lib/libucs.so.0(+0x26411)[0x7fb460327411]
[warlock05:2822470] [ 6] /opt/software/software/UCX/1.12.1-GCCcore-11.3.0/lib/ucx/libuct_ib.so.0(+0x538bf)[0x7fb4601328bf]
[warlock05:2822470] [ 7] /opt/software/software/UCX/1.12.1-GCCcore-11.3.0/lib/libucs.so.0(+0x202d7)[0x7fb4603212d7]
[warlock05:2822470] [ 8] /opt/software/software/UCX/1.12.1-GCCcore-11.3.0/lib/libucp.so.0(ucp_worker_progress+0x5a)[0x7fb46038fb8a]
[warlock05:2822470] [ 9] /opt/software/software/OpenMPI/4.1.4-GCC-11.3.0/lib/openmpi/mca_pml_ucx.so(mca_pml_ucx_send+0x14e)[0x7fb4623efbbe]
[warlock05:2822470] [10] /opt/software/software/OpenMPI/4.1.4-GCC-11.3.0/lib/libmpi.so.40(PMPI_Send+0x123)[0x7fb464a49643]
[warlock05:2822470] [11] /homes/sekabanj/CIS_520_P4/mpi_version/mpi_version[0x40156c]
[warlock05:2822470] [12] /lib64/libc.so.6(+0x295d0)[0x7fb4646295d0]
[warlock05:2822470] [13] /lib64/libc.so.6(__libc_start_main+0x80)[0x7fb464629680]
[warlock05:2822470] [14] /homes/sekabanj/CIS_520_P4/mpi_version/mpi_version[0x401155]
[warlock05:2822470] *** End of error message ***
--------------------------------------------------------------------------
Primary job  terminated normally, but 1 process returned
a non-zero exit code. Per user-direction, the job has been aborted.
--------------------------------------------------------------------------
--------------------------------------------------------------------------
mpirun noticed that process rank 0 with PID 0 on node warlock05 exited on signal 6 (Aborted).
--------------------------------------------------------------------------
[warlock05:2830869:0:2830869]       ud_ep.c:268  Fatal: UD endpoint 0x14efb90 to <no debug data>: unhandled timeout error
==== backtrace (tid:2830869) ====
 0 0x00000000000538bf uct_ud_ep_deferred_timeout_handler()  /tmp/easybuild/UCX/1.12.1/GCCcore-11.3.0/ucx-1.12.1/src/uct/ib/ud/base/ud_ep.c:268
 1 0x00000000000202d7 ucs_callbackq_slow_proxy()  /tmp/easybuild/UCX/1.12.1/GCCcore-11.3.0/ucx-1.12.1/src/ucs/datastruct/callbackq.c:404
 2 0x0000000000037b8a ucs_callbackq_dispatch()  /tmp/easybuild/UCX/1.12.1/GCCcore-11.3.0/ucx-1.12.1/src/ucs/datastruct/callbackq.h:211
 3 0x0000000000037b8a uct_worker_progress()  /tmp/easybuild/UCX/1.12.1/GCCcore-11.3.0/ucx-1.12.1/src/uct/api/uct.h:2589
 4 0x0000000000037b8a ucp_worker_progress()  /tmp/easybuild/UCX/1.12.1/GCCcore-11.3.0/ucx-1.12.1/src/ucp/core/ucp_worker.c:2636
 5 0x0000000000006bbe mca_pml_ucx_send()  ???:0
 6 0x0000000000087643 MPI_Send()  ???:0
 7 0x000000000040156c main()  ???:0
 8 0x00000000000295d0 __libc_start_call_main()  ???:0
 9 0x0000000000029680 __libc_start_main_alias_2()  :0
10 0x0000000000401155 _start()  ???:0
=================================
[warlock05:2830869] *** Process received signal ***
[warlock05:2830869] Signal: Aborted (6)
[warlock05:2830869] Signal code:  (-6)
[warlock05:2830869] [ 0] /lib64/libc.so.6(+0x3e730)[0x7f68e443e730]
[warlock05:2830869] [ 1] /lib64/libc.so.6(+0x8b52c)[0x7f68e448b52c]
[warlock05:2830869] [ 2] /lib64/libc.so.6(raise+0x16)[0x7f68e443e686]
[warlock05:2830869] [ 3] /lib64/libc.so.6(abort+0xd3)[0x7f68e4428833]
[warlock05:2830869] [ 4] /opt/software/software/UCX/1.12.1-GCCcore-11.3.0/lib/libucs.so.0(+0x2633b)[0x7f68e009f33b]
[warlock05:2830869] [ 5] /opt/software/software/UCX/1.12.1-GCCcore-11.3.0/lib/libucs.so.0(+0x26411)[0x7f68e009f411]
[warlock05:2830869] [ 6] /opt/software/software/UCX/1.12.1-GCCcore-11.3.0/lib/ucx/libuct_ib.so.0(+0x538bf)[0x7f68dba6c8bf]
[warlock05:2830869] [ 7] /opt/software/software/UCX/1.12.1-GCCcore-11.3.0/lib/libucs.so.0(+0x202d7)[0x7f68e00992d7]
[warlock05:2830869] [ 8] /opt/software/software/UCX/1.12.1-GCCcore-11.3.0/lib/libucp.so.0(ucp_worker_progress+0x5a)[0x7f68e0107b8a]
[warlock05:2830869] [ 9] /opt/software/software/OpenMPI/4.1.4-GCC-11.3.0/lib/openmpi/mca_pml_ucx.so(mca_pml_ucx_send+0x14e)[0x7f68e21ecbbe]
[warlock05:2830869] [10] /opt/software/software/OpenMPI/4.1.4-GCC-11.3.0/lib/libmpi.so.40(PMPI_Send+0x123)[0x7f68e47be643]
[warlock05:2830869] [11] /homes/sekabanj/CIS_520_P4/mpi_version/mpi_version[0x40156c]
[warlock05:2830869] [12] /lib64/libc.so.6(+0x295d0)[0x7f68e44295d0]
[warlock05:2830869] [13] /lib64/libc.so.6(__libc_start_main+0x80)[0x7f68e4429680]
[warlock05:2830869] [14] /homes/sekabanj/CIS_520_P4/mpi_version/mpi_version[0x401155]
[warlock05:2830869] *** End of error message ***
--------------------------------------------------------------------------
Primary job  terminated normally, but 1 process returned
a non-zero exit code. Per user-direction, the job has been aborted.
--------------------------------------------------------------------------
--------------------------------------------------------------------------
mpirun noticed that process rank 0 with PID 0 on node warlock05 exited on signal 6 (Aborted).
--------------------------------------------------------------------------
[warlock05:2839701:0:2839701]       ud_ep.c:268  Fatal: UD endpoint 0x17a1e00 to <no debug data>: unhandled timeout error
==== backtrace (tid:2839701) ====
 0 0x00000000000538bf uct_ud_ep_deferred_timeout_handler()  /tmp/easybuild/UCX/1.12.1/GCCcore-11.3.0/ucx-1.12.1/src/uct/ib/ud/base/ud_ep.c:268
 1 0x00000000000202d7 ucs_callbackq_slow_proxy()  /tmp/easybuild/UCX/1.12.1/GCCcore-11.3.0/ucx-1.12.1/src/ucs/datastruct/callbackq.c:404
 2 0x0000000000037b8a ucs_callbackq_dispatch()  /tmp/easybuild/UCX/1.12.1/GCCcore-11.3.0/ucx-1.12.1/src/ucs/datastruct/callbackq.h:211
 3 0x0000000000037b8a uct_worker_progress()  /tmp/easybuild/UCX/1.12.1/GCCcore-11.3.0/ucx-1.12.1/src/uct/api/uct.h:2589
 4 0x0000000000037b8a ucp_worker_progress()  /tmp/easybuild/UCX/1.12.1/GCCcore-11.3.0/ucx-1.12.1/src/ucp/core/ucp_worker.c:2636
 5 0x0000000000006bbe mca_pml_ucx_send()  ???:0
 6 0x0000000000087643 MPI_Send()  ???:0
 7 0x000000000040156c main()  ???:0
 8 0x00000000000295d0 __libc_start_call_main()  ???:0
 9 0x0000000000029680 __libc_start_main_alias_2()  :0
10 0x0000000000401155 _start()  ???:0
=================================
[warlock05:2839701] *** Process received signal ***
[warlock05:2839701] Signal: Aborted (6)
[warlock05:2839701] Signal code:  (-6)
[warlock05:2839701] [ 0] /lib64/libc.so.6(+0x3e730)[0x7f7c6303e730]
[warlock05:2839701] [ 1] /lib64/libc.so.6(+0x8b52c)[0x7f7c6308b52c]
[warlock05:2839701] [ 2] /lib64/libc.so.6(raise+0x16)[0x7f7c6303e686]
[warlock05:2839701] [ 3] /lib64/libc.so.6(abort+0xd3)[0x7f7c63028833]
[warlock05:2839701] [ 4] /opt/software/software/UCX/1.12.1-GCCcore-11.3.0/lib/libucs.so.0(+0x2633b)[0x7f7c604d233b]
[warlock05:2839701] [ 5] /opt/software/software/UCX/1.12.1-GCCcore-11.3.0/lib/libucs.so.0(+0x26411)[0x7f7c604d2411]
[warlock05:2839701] [ 6] /opt/software/software/UCX/1.12.1-GCCcore-11.3.0/lib/ucx/libuct_ib.so.0(+0x538bf)[0x7f7c602b38bf]
[warlock05:2839701] [ 7] /opt/software/software/UCX/1.12.1-GCCcore-11.3.0/lib/libucs.so.0(+0x202d7)[0x7f7c604cc2d7]
[warlock05:2839701] [ 8] /opt/software/software/UCX/1.12.1-GCCcore-11.3.0/lib/libucp.so.0(ucp_worker_progress+0x5a)[0x7f7c60573b8a]
[warlock05:2839701] [ 9] /opt/software/software/OpenMPI/4.1.4-GCC-11.3.0/lib/openmpi/mca_pml_ucx.so(mca_pml_ucx_send+0x14e)[0x7f7c605f1bbe]
[warlock05:2839701] [10] /opt/software/software/OpenMPI/4.1.4-GCC-11.3.0/lib/libmpi.so.40(PMPI_Send+0x123)[0x7f7c63472643]
[warlock05:2839701] [11] /homes/sekabanj/CIS_520_P4/mpi_version/mpi_version[0x40156c]
[warlock05:2839701] [12] /lib64/libc.so.6(+0x295d0)[0x7f7c630295d0]
[warlock05:2839701] [13] /lib64/libc.so.6(__libc_start_main+0x80)[0x7f7c63029680]
[warlock05:2839701] [14] /homes/sekabanj/CIS_520_P4/mpi_version/mpi_version[0x401155]
[warlock05:2839701] *** End of error message ***
--------------------------------------------------------------------------
Primary job  terminated normally, but 1 process returned
a non-zero exit code. Per user-direction, the job has been aborted.
--------------------------------------------------------------------------
--------------------------------------------------------------------------
mpirun noticed that process rank 0 with PID 0 on node warlock05 exited on signal 6 (Aborted).
--------------------------------------------------------------------------
[warlock05:2848779:0:2848779]       ud_ep.c:268  Fatal: UD endpoint 0x121eee0 to <no debug data>: unhandled timeout error
==== backtrace (tid:2848779) ====
 0 0x00000000000538bf uct_ud_ep_deferred_timeout_handler()  /tmp/easybuild/UCX/1.12.1/GCCcore-11.3.0/ucx-1.12.1/src/uct/ib/ud/base/ud_ep.c:268
 1 0x00000000000202d7 ucs_callbackq_slow_proxy()  /tmp/easybuild/UCX/1.12.1/GCCcore-11.3.0/ucx-1.12.1/src/ucs/datastruct/callbackq.c:404
 2 0x0000000000037b8a ucs_callbackq_dispatch()  /tmp/easybuild/UCX/1.12.1/GCCcore-11.3.0/ucx-1.12.1/src/ucs/datastruct/callbackq.h:211
 3 0x0000000000037b8a uct_worker_progress()  /tmp/easybuild/UCX/1.12.1/GCCcore-11.3.0/ucx-1.12.1/src/uct/api/uct.h:2589
 4 0x0000000000037b8a ucp_worker_progress()  /tmp/easybuild/UCX/1.12.1/GCCcore-11.3.0/ucx-1.12.1/src/ucp/core/ucp_worker.c:2636
 5 0x0000000000006bbe mca_pml_ucx_send()  ???:0
 6 0x0000000000087643 MPI_Send()  ???:0
 7 0x000000000040156c main()  ???:0
 8 0x00000000000295d0 __libc_start_call_main()  ???:0
 9 0x0000000000029680 __libc_start_main_alias_2()  :0
10 0x0000000000401155 _start()  ???:0
=================================
[warlock05:2848779] *** Process received signal ***
[warlock05:2848779] Signal: Aborted (6)
[warlock05:2848779] Signal code:  (-6)
[warlock05:2848779] [ 0] /lib64/libc.so.6(+0x3e730)[0x7fb54fa3e730]
[warlock05:2848779] [ 1] /lib64/libc.so.6(+0x8b52c)[0x7fb54fa8b52c]
[warlock05:2848779] [ 2] /lib64/libc.so.6(raise+0x16)[0x7fb54fa3e686]
[warlock05:2848779] [ 3] /lib64/libc.so.6(abort+0xd3)[0x7fb54fa28833]
[warlock05:2848779] [ 4] /opt/software/software/UCX/1.12.1-GCCcore-11.3.0/lib/libucs.so.0(+0x2633b)[0x7fb54ce1433b]
[warlock05:2848779] [ 5] /opt/software/software/UCX/1.12.1-GCCcore-11.3.0/lib/libucs.so.0(+0x26411)[0x7fb54ce14411]
[warlock05:2848779] [ 6] /opt/software/software/UCX/1.12.1-GCCcore-11.3.0/lib/ucx/libuct_ib.so.0(+0x538bf)[0x7fb54cbf58bf]
[warlock05:2848779] [ 7] /opt/software/software/UCX/1.12.1-GCCcore-11.3.0/lib/libucs.so.0(+0x202d7)[0x7fb54ce0e2d7]
[warlock05:2848779] [ 8] /opt/software/software/UCX/1.12.1-GCCcore-11.3.0/lib/libucp.so.0(ucp_worker_progress+0x5a)[0x7fb54ceb5b8a]
[warlock05:2848779] [ 9] /opt/software/software/OpenMPI/4.1.4-GCC-11.3.0/lib/openmpi/mca_pml_ucx.so(mca_pml_ucx_send+0x14e)[0x7fb54cf33bbe]
[warlock05:2848779] [10] /opt/software/software/OpenMPI/4.1.4-GCC-11.3.0/lib/libmpi.so.40(PMPI_Send+0x123)[0x7fb54fdb4643]
[warlock05:2848779] [11] /homes/sekabanj/CIS_520_P4/mpi_version/mpi_version[0x40156c]
[warlock05:2848779] [12] /lib64/libc.so.6(+0x295d0)[0x7fb54fa295d0]
[warlock05:2848779] [13] /lib64/libc.so.6(__libc_start_main+0x80)[0x7fb54fa29680]
[warlock05:2848779] [14] /homes/sekabanj/CIS_520_P4/mpi_version/mpi_version[0x401155]
[warlock05:2848779] *** End of error message ***
--------------------------------------------------------------------------
Primary job  terminated normally, but 1 process returned
a non-zero exit code. Per user-direction, the job has been aborted.
--------------------------------------------------------------------------
--------------------------------------------------------------------------
mpirun noticed that process rank 0 with PID 0 on node warlock05 exited on signal 6 (Aborted).
--------------------------------------------------------------------------
[warlock05:2856760:0:2856760]       ud_ep.c:268  Fatal: UD endpoint 0x12cda30 to <no debug data>: unhandled timeout error
==== backtrace (tid:2856760) ====
 0 0x00000000000538bf uct_ud_ep_deferred_timeout_handler()  /tmp/easybuild/UCX/1.12.1/GCCcore-11.3.0/ucx-1.12.1/src/uct/ib/ud/base/ud_ep.c:268
 1 0x00000000000202d7 ucs_callbackq_slow_proxy()  /tmp/easybuild/UCX/1.12.1/GCCcore-11.3.0/ucx-1.12.1/src/ucs/datastruct/callbackq.c:404
 2 0x0000000000037b8a ucs_callbackq_dispatch()  /tmp/easybuild/UCX/1.12.1/GCCcore-11.3.0/ucx-1.12.1/src/ucs/datastruct/callbackq.h:211
 3 0x0000000000037b8a uct_worker_progress()  /tmp/easybuild/UCX/1.12.1/GCCcore-11.3.0/ucx-1.12.1/src/uct/api/uct.h:2589
 4 0x0000000000037b8a ucp_worker_progress()  /tmp/easybuild/UCX/1.12.1/GCCcore-11.3.0/ucx-1.12.1/src/ucp/core/ucp_worker.c:2636
 5 0x0000000000006bbe mca_pml_ucx_send()  ???:0
 6 0x0000000000087643 MPI_Send()  ???:0
 7 0x000000000040156c main()  ???:0
 8 0x00000000000295d0 __libc_start_call_main()  ???:0
 9 0x0000000000029680 __libc_start_main_alias_2()  :0
10 0x0000000000401155 _start()  ???:0
=================================
[warlock05:2856760] *** Process received signal ***
[warlock05:2856760] Signal: Aborted (6)
[warlock05:2856760] Signal code:  (-6)
[warlock05:2856760] [ 0] /lib64/libc.so.6(+0x3e730)[0x7fa2dcc3e730]
[warlock05:2856760] [ 1] /lib64/libc.so.6(+0x8b52c)[0x7fa2dcc8b52c]
[warlock05:2856760] [ 2] /lib64/libc.so.6(raise+0x16)[0x7fa2dcc3e686]
[warlock05:2856760] [ 3] /lib64/libc.so.6(abort+0xd3)[0x7fa2dcc28833]
[warlock05:2856760] [ 4] /opt/software/software/UCX/1.12.1-GCCcore-11.3.0/lib/libucs.so.0(+0x2633b)[0x7fa2d69ad33b]
[warlock05:2856760] [ 5] /opt/software/software/UCX/1.12.1-GCCcore-11.3.0/lib/libucs.so.0(+0x26411)[0x7fa2d69ad411]
[warlock05:2856760] [ 6] /opt/software/software/UCX/1.12.1-GCCcore-11.3.0/lib/ucx/libuct_ib.so.0(+0x538bf)[0x7fa2d433f8bf]
[warlock05:2856760] [ 7] /opt/software/software/UCX/1.12.1-GCCcore-11.3.0/lib/libucs.so.0(+0x202d7)[0x7fa2d69a72d7]
[warlock05:2856760] [ 8] /opt/software/software/UCX/1.12.1-GCCcore-11.3.0/lib/libucp.so.0(ucp_worker_progress+0x5a)[0x7fa2d4569b8a]
[warlock05:2856760] [ 9] /opt/software/software/OpenMPI/4.1.4-GCC-11.3.0/lib/openmpi/mca_pml_ucx.so(mca_pml_ucx_send+0x14e)[0x7fa2d6a25bbe]
[warlock05:2856760] [10] /opt/software/software/OpenMPI/4.1.4-GCC-11.3.0/lib/libmpi.so.40(PMPI_Send+0x123)[0x7fa2dd07f643]
[warlock05:2856760] [11] /homes/sekabanj/CIS_520_P4/mpi_version/mpi_version[0x40156c]
[warlock05:2856760] [12] /lib64/libc.so.6(+0x295d0)[0x7fa2dcc295d0]
[warlock05:2856760] [13] /lib64/libc.so.6(__libc_start_main+0x80)[0x7fa2dcc29680]
[warlock05:2856760] [14] /homes/sekabanj/CIS_520_P4/mpi_version/mpi_version[0x401155]
[warlock05:2856760] *** End of error message ***
--------------------------------------------------------------------------
Primary job  terminated normally, but 1 process returned
a non-zero exit code. Per user-direction, the job has been aborted.
--------------------------------------------------------------------------
--------------------------------------------------------------------------
mpirun noticed that process rank 0 with PID 0 on node warlock05 exited on signal 6 (Aborted).
--------------------------------------------------------------------------
slurmstepd: error: *** JOB 21762980 ON warlock05 CANCELLED AT 2025-05-04T22:33:25 DUE TO TIME LIMIT ***
--------------------------------------------------------------------------
ORTE has lost communication with a remote daemon.

  HNP daemon   : [[56841,0],0] on node warlock05
  Remote daemon: [[56841,0],2] on node warlock07

This is usually due to either a failure of the TCP network
connection to the node, or possibly an internal failure of
the daemon itself. We cannot recover from this failure, and
therefore will terminate the job.
--------------------------------------------------------------------------
