
The following have been reloaded with a version change:
  1) FFTW.MPI/3.3.10-gompi-2022a => FFTW.MPI/3.3.10-gompi-2023b
  2) FFTW/3.3.10-GCC-11.3.0 => FFTW/3.3.10-GCC-13.2.0
  3) FlexiBLAS/3.2.0-GCC-11.3.0 => FlexiBLAS/3.3.1-GCC-13.2.0
  4) GCC/11.3.0 => GCC/13.2.0
  5) GCCcore/11.3.0 => GCCcore/13.2.0
  6) OpenBLAS/0.3.20-GCC-11.3.0 => OpenBLAS/0.3.24-GCC-13.2.0
  7) OpenMPI/4.1.4-GCC-11.3.0 => OpenMPI/4.1.6-GCC-13.2.0
  8) PMIx/4.1.2-GCCcore-11.3.0 => PMIx/4.2.6-GCCcore-13.2.0
  9) ScaLAPACK/2.2.0-gompi-2022a-fb => ScaLAPACK/2.2.0-gompi-2023b-fb
 10) UCC/1.0.0-GCCcore-11.3.0 => UCC/1.2.0-GCCcore-13.2.0
 11) UCX/1.12.1-GCCcore-11.3.0 => UCX/1.15.0-GCCcore-13.2.0
 12) XZ/5.2.5-GCCcore-11.3.0 => XZ/5.4.4-GCCcore-13.2.0
 13) binutils/2.38-GCCcore-11.3.0 => binutils/2.40-GCCcore-13.2.0
 14) foss/2022a => foss/2023b
 15) gompi/2022a => gompi/2023b
 16) hwloc/2.7.1-GCCcore-11.3.0 => hwloc/2.9.2-GCCcore-13.2.0
 17) libevent/2.1.12-GCCcore-11.3.0 => libevent/2.1.12-GCCcore-13.2.0
 18) libfabric/1.15.1-GCCcore-11.3.0 => libfabric/1.19.0-GCCcore-13.2.0
 19) libpciaccess/0.16-GCCcore-11.3.0 => libpciaccess/0.17-GCCcore-13.2.0
 20) libxml2/2.9.13-GCCcore-11.3.0 => libxml2/2.11.5-GCCcore-13.2.0
 21) numactl/2.0.14-GCCcore-11.3.0 => numactl/2.0.16-GCCcore-13.2.0
 22) zlib/1.2.12-GCCcore-11.3.0 => zlib/1.2.13-GCCcore-13.2.0


The following have been reloaded with a version change:
  1) FFTW.MPI/3.3.10-gompi-2023b => FFTW.MPI/3.3.10-gompi-2022a
  2) FFTW/3.3.10-GCC-13.2.0 => FFTW/3.3.10-GCC-11.3.0
  3) FlexiBLAS/3.3.1-GCC-13.2.0 => FlexiBLAS/3.2.0-GCC-11.3.0
  4) GCC/13.2.0 => GCC/11.3.0
  5) GCCcore/13.2.0 => GCCcore/11.3.0
  6) OpenBLAS/0.3.24-GCC-13.2.0 => OpenBLAS/0.3.20-GCC-11.3.0
  7) OpenMPI/4.1.6-GCC-13.2.0 => OpenMPI/4.1.4-GCC-11.3.0
  8) PMIx/4.2.6-GCCcore-13.2.0 => PMIx/4.1.2-GCCcore-11.3.0
  9) ScaLAPACK/2.2.0-gompi-2023b-fb => ScaLAPACK/2.2.0-gompi-2022a-fb
 10) UCC/1.2.0-GCCcore-13.2.0 => UCC/1.0.0-GCCcore-11.3.0
 11) UCX/1.15.0-GCCcore-13.2.0 => UCX/1.12.1-GCCcore-11.3.0
 12) XZ/5.4.4-GCCcore-13.2.0 => XZ/5.2.5-GCCcore-11.3.0
 13) binutils/2.40-GCCcore-13.2.0 => binutils/2.38-GCCcore-11.3.0
 14) foss/2023b => foss/2022a
 15) gompi/2023b => gompi/2022a
 16) hwloc/2.9.2-GCCcore-13.2.0 => hwloc/2.7.1-GCCcore-11.3.0
 17) libevent/2.1.12-GCCcore-13.2.0 => libevent/2.1.12-GCCcore-11.3.0
 18) libfabric/1.19.0-GCCcore-13.2.0 => libfabric/1.15.1-GCCcore-11.3.0
 19) libpciaccess/0.17-GCCcore-13.2.0 => libpciaccess/0.16-GCCcore-11.3.0
 20) libxml2/2.11.5-GCCcore-13.2.0 => libxml2/2.9.13-GCCcore-11.3.0
 21) numactl/2.0.16-GCCcore-13.2.0 => numactl/2.0.14-GCCcore-11.3.0
 22) zlib/1.2.13-GCCcore-13.2.0 => zlib/1.2.12-GCCcore-11.3.0

[warlock05:2793282:0:2793282]       ud_ep.c:268  Fatal: UD endpoint 0x24c6e10 to <no debug data>: unhandled timeout error
==== backtrace (tid:2793282) ====
 0 0x00000000000538bf uct_ud_ep_deferred_timeout_handler()  /tmp/easybuild/UCX/1.12.1/GCCcore-11.3.0/ucx-1.12.1/src/uct/ib/ud/base/ud_ep.c:268
 1 0x00000000000202d7 ucs_callbackq_slow_proxy()  /tmp/easybuild/UCX/1.12.1/GCCcore-11.3.0/ucx-1.12.1/src/ucs/datastruct/callbackq.c:404
 2 0x0000000000037b8a ucs_callbackq_dispatch()  /tmp/easybuild/UCX/1.12.1/GCCcore-11.3.0/ucx-1.12.1/src/ucs/datastruct/callbackq.h:211
 3 0x0000000000037b8a uct_worker_progress()  /tmp/easybuild/UCX/1.12.1/GCCcore-11.3.0/ucx-1.12.1/src/uct/api/uct.h:2589
 4 0x0000000000037b8a ucp_worker_progress()  /tmp/easybuild/UCX/1.12.1/GCCcore-11.3.0/ucx-1.12.1/src/ucp/core/ucp_worker.c:2636
 5 0x0000000000006bbe mca_pml_ucx_send()  ???:0
 6 0x0000000000087643 MPI_Send()  ???:0
 7 0x000000000040156c main()  ???:0
 8 0x00000000000295d0 __libc_start_call_main()  ???:0
 9 0x0000000000029680 __libc_start_main_alias_2()  :0
10 0x0000000000401155 _start()  ???:0
=================================
[warlock05:2793282] *** Process received signal ***
[warlock05:2793282] Signal: Aborted (6)
[warlock05:2793282] Signal code:  (-6)
[warlock05:2793282] [ 0] /lib64/libc.so.6(+0x3e730)[0x7f1e03c3e730]
[warlock05:2793282] [ 1] /lib64/libc.so.6(+0x8b52c)[0x7f1e03c8b52c]
[warlock05:2793282] [ 2] /lib64/libc.so.6(raise+0x16)[0x7f1e03c3e686]
[warlock05:2793282] [ 3] /lib64/libc.so.6(abort+0xd3)[0x7f1e03c28833]
[warlock05:2793282] [ 4] /opt/software/software/UCX/1.12.1-GCCcore-11.3.0/lib/libucs.so.0(+0x2633b)[0x7f1e00f8433b]
[warlock05:2793282] [ 5] /opt/software/software/UCX/1.12.1-GCCcore-11.3.0/lib/libucs.so.0(+0x26411)[0x7f1e00f84411]
[warlock05:2793282] [ 6] /opt/software/software/UCX/1.12.1-GCCcore-11.3.0/lib/ucx/libuct_ib.so.0(+0x538bf)[0x7f1e00d658bf]
[warlock05:2793282] [ 7] /opt/software/software/UCX/1.12.1-GCCcore-11.3.0/lib/libucs.so.0(+0x202d7)[0x7f1e00f7e2d7]
[warlock05:2793282] [ 8] /opt/software/software/UCX/1.12.1-GCCcore-11.3.0/lib/libucp.so.0(ucp_worker_progress+0x5a)[0x7f1e01025b8a]
[warlock05:2793282] [ 9] /opt/software/software/OpenMPI/4.1.4-GCC-11.3.0/lib/openmpi/mca_pml_ucx.so(mca_pml_ucx_send+0x14e)[0x7f1e010a3bbe]
[warlock05:2793282] [10] /opt/software/software/OpenMPI/4.1.4-GCC-11.3.0/lib/libmpi.so.40(PMPI_Send+0x123)[0x7f1e03f24643]
[warlock05:2793282] [11] /homes/sekabanj/CIS_520_P4/mpi_version/mpi_version[0x40156c]
[warlock05:2793282] [12] /lib64/libc.so.6(+0x295d0)[0x7f1e03c295d0]
[warlock05:2793282] [13] /lib64/libc.so.6(__libc_start_main+0x80)[0x7f1e03c29680]
[warlock05:2793282] [14] /homes/sekabanj/CIS_520_P4/mpi_version/mpi_version[0x401155]
[warlock05:2793282] *** End of error message ***
--------------------------------------------------------------------------
Primary job  terminated normally, but 1 process returned
a non-zero exit code. Per user-direction, the job has been aborted.
--------------------------------------------------------------------------
--------------------------------------------------------------------------
mpirun noticed that process rank 0 with PID 0 on node warlock05 exited on signal 6 (Aborted).
--------------------------------------------------------------------------
[warlock05:2805687:0:2805687]       ud_ep.c:268  Fatal: UD endpoint 0xd10b40 to <no debug data>: unhandled timeout error
==== backtrace (tid:2805687) ====
 0 0x00000000000538bf uct_ud_ep_deferred_timeout_handler()  /tmp/easybuild/UCX/1.12.1/GCCcore-11.3.0/ucx-1.12.1/src/uct/ib/ud/base/ud_ep.c:268
 1 0x00000000000202d7 ucs_callbackq_slow_proxy()  /tmp/easybuild/UCX/1.12.1/GCCcore-11.3.0/ucx-1.12.1/src/ucs/datastruct/callbackq.c:404
 2 0x0000000000037b8a ucs_callbackq_dispatch()  /tmp/easybuild/UCX/1.12.1/GCCcore-11.3.0/ucx-1.12.1/src/ucs/datastruct/callbackq.h:211
 3 0x0000000000037b8a uct_worker_progress()  /tmp/easybuild/UCX/1.12.1/GCCcore-11.3.0/ucx-1.12.1/src/uct/api/uct.h:2589
 4 0x0000000000037b8a ucp_worker_progress()  /tmp/easybuild/UCX/1.12.1/GCCcore-11.3.0/ucx-1.12.1/src/ucp/core/ucp_worker.c:2636
 5 0x0000000000006bbe mca_pml_ucx_send()  ???:0
 6 0x0000000000087643 MPI_Send()  ???:0
 7 0x000000000040156c main()  ???:0
 8 0x00000000000295d0 __libc_start_call_main()  ???:0
 9 0x0000000000029680 __libc_start_main_alias_2()  :0
10 0x0000000000401155 _start()  ???:0
=================================
[warlock05:2805687] *** Process received signal ***
[warlock05:2805687] Signal: Aborted (6)
[warlock05:2805687] Signal code:  (-6)
[warlock05:2805687] [ 0] /lib64/libc.so.6(+0x3e730)[0x7ff5e343e730]
[warlock05:2805687] [ 1] /lib64/libc.so.6(+0x8b52c)[0x7ff5e348b52c]
[warlock05:2805687] [ 2] /lib64/libc.so.6(raise+0x16)[0x7ff5e343e686]
[warlock05:2805687] [ 3] /lib64/libc.so.6(abort+0xd3)[0x7ff5e3428833]
[warlock05:2805687] [ 4] /opt/software/software/UCX/1.12.1-GCCcore-11.3.0/lib/libucs.so.0(+0x2633b)[0x7ff5e0a5233b]
[warlock05:2805687] [ 5] /opt/software/software/UCX/1.12.1-GCCcore-11.3.0/lib/libucs.so.0(+0x26411)[0x7ff5e0a52411]
[warlock05:2805687] [ 6] /opt/software/software/UCX/1.12.1-GCCcore-11.3.0/lib/ucx/libuct_ib.so.0(+0x538bf)[0x7ff5e08338bf]
[warlock05:2805687] [ 7] /opt/software/software/UCX/1.12.1-GCCcore-11.3.0/lib/libucs.so.0(+0x202d7)[0x7ff5e0a4c2d7]
[warlock05:2805687] [ 8] /opt/software/software/UCX/1.12.1-GCCcore-11.3.0/lib/libucp.so.0(ucp_worker_progress+0x5a)[0x7ff5e0af3b8a]
[warlock05:2805687] [ 9] /opt/software/software/OpenMPI/4.1.4-GCC-11.3.0/lib/openmpi/mca_pml_ucx.so(mca_pml_ucx_send+0x14e)[0x7ff5e0b71bbe]
[warlock05:2805687] [10] /opt/software/software/OpenMPI/4.1.4-GCC-11.3.0/lib/libmpi.so.40(PMPI_Send+0x123)[0x7ff5e37e1643]
[warlock05:2805687] [11] /homes/sekabanj/CIS_520_P4/mpi_version/mpi_version[0x40156c]
[warlock05:2805687] [12] /lib64/libc.so.6(+0x295d0)[0x7ff5e34295d0]
[warlock05:2805687] [13] /lib64/libc.so.6(__libc_start_main+0x80)[0x7ff5e3429680]
[warlock05:2805687] [14] /homes/sekabanj/CIS_520_P4/mpi_version/mpi_version[0x401155]
[warlock05:2805687] *** End of error message ***
--------------------------------------------------------------------------
Primary job  terminated normally, but 1 process returned
a non-zero exit code. Per user-direction, the job has been aborted.
--------------------------------------------------------------------------
--------------------------------------------------------------------------
mpirun noticed that process rank 0 with PID 0 on node warlock05 exited on signal 6 (Aborted).
--------------------------------------------------------------------------
[warlock05:2814849:0:2814849]       ud_ep.c:268  Fatal: UD endpoint 0x12321e0 to <no debug data>: unhandled timeout error
==== backtrace (tid:2814849) ====
 0 0x00000000000538bf uct_ud_ep_deferred_timeout_handler()  /tmp/easybuild/UCX/1.12.1/GCCcore-11.3.0/ucx-1.12.1/src/uct/ib/ud/base/ud_ep.c:268
 1 0x00000000000202d7 ucs_callbackq_slow_proxy()  /tmp/easybuild/UCX/1.12.1/GCCcore-11.3.0/ucx-1.12.1/src/ucs/datastruct/callbackq.c:404
 2 0x0000000000037b8a ucs_callbackq_dispatch()  /tmp/easybuild/UCX/1.12.1/GCCcore-11.3.0/ucx-1.12.1/src/ucs/datastruct/callbackq.h:211
 3 0x0000000000037b8a uct_worker_progress()  /tmp/easybuild/UCX/1.12.1/GCCcore-11.3.0/ucx-1.12.1/src/uct/api/uct.h:2589
 4 0x0000000000037b8a ucp_worker_progress()  /tmp/easybuild/UCX/1.12.1/GCCcore-11.3.0/ucx-1.12.1/src/ucp/core/ucp_worker.c:2636
 5 0x0000000000006bbe mca_pml_ucx_send()  ???:0
 6 0x0000000000087643 MPI_Send()  ???:0
 7 0x000000000040156c main()  ???:0
 8 0x00000000000295d0 __libc_start_call_main()  ???:0
 9 0x0000000000029680 __libc_start_main_alias_2()  :0
10 0x0000000000401155 _start()  ???:0
=================================
[warlock05:2814849] *** Process received signal ***
[warlock05:2814849] Signal: Aborted (6)
[warlock05:2814849] Signal code:  (-6)
[warlock05:2814849] [ 0] /lib64/libc.so.6(+0x3e730)[0x7f7a7883e730]
[warlock05:2814849] [ 1] /lib64/libc.so.6(+0x8b52c)[0x7f7a7888b52c]
[warlock05:2814849] [ 2] /lib64/libc.so.6(raise+0x16)[0x7f7a7883e686]
[warlock05:2814849] [ 3] /lib64/libc.so.6(abort+0xd3)[0x7f7a78828833]
[warlock05:2814849] [ 4] /opt/software/software/UCX/1.12.1-GCCcore-11.3.0/lib/libucs.so.0(+0x2633b)[0x7f7a740c833b]
[warlock05:2814849] [ 5] /opt/software/software/UCX/1.12.1-GCCcore-11.3.0/lib/libucs.so.0(+0x26411)[0x7f7a740c8411]
[warlock05:2814849] [ 6] /opt/software/software/UCX/1.12.1-GCCcore-11.3.0/lib/ucx/libuct_ib.so.0(+0x538bf)[0x7f7a6fe928bf]
[warlock05:2814849] [ 7] /opt/software/software/UCX/1.12.1-GCCcore-11.3.0/lib/libucs.so.0(+0x202d7)[0x7f7a740c22d7]
[warlock05:2814849] [ 8] /opt/software/software/UCX/1.12.1-GCCcore-11.3.0/lib/libucp.so.0(ucp_worker_progress+0x5a)[0x7f7a74169b8a]
[warlock05:2814849] [ 9] /opt/software/software/OpenMPI/4.1.4-GCC-11.3.0/lib/openmpi/mca_pml_ucx.so(mca_pml_ucx_send+0x14e)[0x7f7a7659dbbe]
[warlock05:2814849] [10] /opt/software/software/OpenMPI/4.1.4-GCC-11.3.0/lib/libmpi.so.40(PMPI_Send+0x123)[0x7f7a78bf7643]
[warlock05:2814849] [11] /homes/sekabanj/CIS_520_P4/mpi_version/mpi_version[0x40156c]
[warlock05:2814849] [12] /lib64/libc.so.6(+0x295d0)[0x7f7a788295d0]
[warlock05:2814849] [13] /lib64/libc.so.6(__libc_start_main+0x80)[0x7f7a78829680]
[warlock05:2814849] [14] /homes/sekabanj/CIS_520_P4/mpi_version/mpi_version[0x401155]
[warlock05:2814849] *** End of error message ***
--------------------------------------------------------------------------
Primary job  terminated normally, but 1 process returned
a non-zero exit code. Per user-direction, the job has been aborted.
--------------------------------------------------------------------------
--------------------------------------------------------------------------
mpirun noticed that process rank 0 with PID 0 on node warlock05 exited on signal 6 (Aborted).
--------------------------------------------------------------------------
[warlock05:2822800:0:2822800]       ud_ep.c:268  Fatal: UD endpoint 0x284ea30 to <no debug data>: unhandled timeout error
==== backtrace (tid:2822800) ====
 0 0x00000000000538bf uct_ud_ep_deferred_timeout_handler()  /tmp/easybuild/UCX/1.12.1/GCCcore-11.3.0/ucx-1.12.1/src/uct/ib/ud/base/ud_ep.c:268
 1 0x00000000000202d7 ucs_callbackq_slow_proxy()  /tmp/easybuild/UCX/1.12.1/GCCcore-11.3.0/ucx-1.12.1/src/ucs/datastruct/callbackq.c:404
 2 0x0000000000037b8a ucs_callbackq_dispatch()  /tmp/easybuild/UCX/1.12.1/GCCcore-11.3.0/ucx-1.12.1/src/ucs/datastruct/callbackq.h:211
 3 0x0000000000037b8a uct_worker_progress()  /tmp/easybuild/UCX/1.12.1/GCCcore-11.3.0/ucx-1.12.1/src/uct/api/uct.h:2589
 4 0x0000000000037b8a ucp_worker_progress()  /tmp/easybuild/UCX/1.12.1/GCCcore-11.3.0/ucx-1.12.1/src/ucp/core/ucp_worker.c:2636
 5 0x0000000000006bbe mca_pml_ucx_send()  ???:0
 6 0x0000000000087643 MPI_Send()  ???:0
 7 0x000000000040156c main()  ???:0
 8 0x00000000000295d0 __libc_start_call_main()  ???:0
 9 0x0000000000029680 __libc_start_main_alias_2()  :0
10 0x0000000000401155 _start()  ???:0
=================================
[warlock05:2822800] *** Process received signal ***
[warlock05:2822800] Signal: Aborted (6)
[warlock05:2822800] Signal code:  (-6)
[warlock05:2822800] [ 0] /lib64/libc.so.6(+0x3e730)[0x7f67fea3e730]
[warlock05:2822800] [ 1] /lib64/libc.so.6(+0x8b52c)[0x7f67fea8b52c]
[warlock05:2822800] [ 2] /lib64/libc.so.6(raise+0x16)[0x7f67fea3e686]
[warlock05:2822800] [ 3] /lib64/libc.so.6(abort+0xd3)[0x7f67fea28833]
[warlock05:2822800] [ 4] /opt/software/software/UCX/1.12.1-GCCcore-11.3.0/lib/libucs.so.0(+0x2633b)[0x7f67fc1c533b]
[warlock05:2822800] [ 5] /opt/software/software/UCX/1.12.1-GCCcore-11.3.0/lib/libucs.so.0(+0x26411)[0x7f67fc1c5411]
[warlock05:2822800] [ 6] /opt/software/software/UCX/1.12.1-GCCcore-11.3.0/lib/ucx/libuct_ib.so.0(+0x538bf)[0x7f67f5faf8bf]
[warlock05:2822800] [ 7] /opt/software/software/UCX/1.12.1-GCCcore-11.3.0/lib/libucs.so.0(+0x202d7)[0x7f67fc1bf2d7]
[warlock05:2822800] [ 8] /opt/software/software/UCX/1.12.1-GCCcore-11.3.0/lib/libucp.so.0(ucp_worker_progress+0x5a)[0x7f67fc266b8a]
[warlock05:2822800] [ 9] /opt/software/software/OpenMPI/4.1.4-GCC-11.3.0/lib/openmpi/mca_pml_ucx.so(mca_pml_ucx_send+0x14e)[0x7f67fc2e4bbe]
[warlock05:2822800] [10] /opt/software/software/OpenMPI/4.1.4-GCC-11.3.0/lib/libmpi.so.40(PMPI_Send+0x123)[0x7f67fed41643]
[warlock05:2822800] [11] /homes/sekabanj/CIS_520_P4/mpi_version/mpi_version[0x40156c]
[warlock05:2822800] [12] /lib64/libc.so.6(+0x295d0)[0x7f67fea295d0]
[warlock05:2822800] [13] /lib64/libc.so.6(__libc_start_main+0x80)[0x7f67fea29680]
[warlock05:2822800] [14] /homes/sekabanj/CIS_520_P4/mpi_version/mpi_version[0x401155]
[warlock05:2822800] *** End of error message ***
--------------------------------------------------------------------------
Primary job  terminated normally, but 1 process returned
a non-zero exit code. Per user-direction, the job has been aborted.
--------------------------------------------------------------------------
--------------------------------------------------------------------------
mpirun noticed that process rank 0 with PID 0 on node warlock05 exited on signal 6 (Aborted).
--------------------------------------------------------------------------
[warlock05:2831941:0:2831941]       ud_ep.c:268  Fatal: UD endpoint 0x1cb9800 to <no debug data>: unhandled timeout error
==== backtrace (tid:2831941) ====
 0 0x00000000000538bf uct_ud_ep_deferred_timeout_handler()  /tmp/easybuild/UCX/1.12.1/GCCcore-11.3.0/ucx-1.12.1/src/uct/ib/ud/base/ud_ep.c:268
 1 0x00000000000202d7 ucs_callbackq_slow_proxy()  /tmp/easybuild/UCX/1.12.1/GCCcore-11.3.0/ucx-1.12.1/src/ucs/datastruct/callbackq.c:404
 2 0x0000000000037b8a ucs_callbackq_dispatch()  /tmp/easybuild/UCX/1.12.1/GCCcore-11.3.0/ucx-1.12.1/src/ucs/datastruct/callbackq.h:211
 3 0x0000000000037b8a uct_worker_progress()  /tmp/easybuild/UCX/1.12.1/GCCcore-11.3.0/ucx-1.12.1/src/uct/api/uct.h:2589
 4 0x0000000000037b8a ucp_worker_progress()  /tmp/easybuild/UCX/1.12.1/GCCcore-11.3.0/ucx-1.12.1/src/ucp/core/ucp_worker.c:2636
 5 0x0000000000006bbe mca_pml_ucx_send()  ???:0
 6 0x0000000000087643 MPI_Send()  ???:0
 7 0x000000000040156c main()  ???:0
 8 0x00000000000295d0 __libc_start_call_main()  ???:0
 9 0x0000000000029680 __libc_start_main_alias_2()  :0
10 0x0000000000401155 _start()  ???:0
=================================
[warlock05:2831941] *** Process received signal ***
[warlock05:2831941] Signal: Aborted (6)
[warlock05:2831941] Signal code:  (-6)
[warlock05:2831941] [ 0] /lib64/libc.so.6(+0x3e730)[0x7f6a8383e730]
[warlock05:2831941] [ 1] /lib64/libc.so.6(+0x8b52c)[0x7f6a8388b52c]
[warlock05:2831941] [ 2] /lib64/libc.so.6(raise+0x16)[0x7f6a8383e686]
[warlock05:2831941] [ 3] /lib64/libc.so.6(abort+0xd3)[0x7f6a83828833]
[warlock05:2831941] [ 4] /opt/software/software/UCX/1.12.1-GCCcore-11.3.0/lib/libucs.so.0(+0x2633b)[0x7f6a80b9833b]
[warlock05:2831941] [ 5] /opt/software/software/UCX/1.12.1-GCCcore-11.3.0/lib/libucs.so.0(+0x26411)[0x7f6a80b98411]
[warlock05:2831941] [ 6] /opt/software/software/UCX/1.12.1-GCCcore-11.3.0/lib/ucx/libuct_ib.so.0(+0x538bf)[0x7f6a809798bf]
[warlock05:2831941] [ 7] /opt/software/software/UCX/1.12.1-GCCcore-11.3.0/lib/libucs.so.0(+0x202d7)[0x7f6a80b922d7]
[warlock05:2831941] [ 8] /opt/software/software/UCX/1.12.1-GCCcore-11.3.0/lib/libucp.so.0(ucp_worker_progress+0x5a)[0x7f6a80c39b8a]
[warlock05:2831941] [ 9] /opt/software/software/OpenMPI/4.1.4-GCC-11.3.0/lib/openmpi/mca_pml_ucx.so(mca_pml_ucx_send+0x14e)[0x7f6a80cb7bbe]
[warlock05:2831941] [10] /opt/software/software/OpenMPI/4.1.4-GCC-11.3.0/lib/libmpi.so.40(PMPI_Send+0x123)[0x7f6a83b38643]
[warlock05:2831941] [11] /homes/sekabanj/CIS_520_P4/mpi_version/mpi_version[0x40156c]
[warlock05:2831941] [12] /lib64/libc.so.6(+0x295d0)[0x7f6a838295d0]
[warlock05:2831941] [13] /lib64/libc.so.6(__libc_start_main+0x80)[0x7f6a83829680]
[warlock05:2831941] [14] /homes/sekabanj/CIS_520_P4/mpi_version/mpi_version[0x401155]
[warlock05:2831941] *** End of error message ***
--------------------------------------------------------------------------
Primary job  terminated normally, but 1 process returned
a non-zero exit code. Per user-direction, the job has been aborted.
--------------------------------------------------------------------------
--------------------------------------------------------------------------
mpirun noticed that process rank 0 with PID 0 on node warlock05 exited on signal 6 (Aborted).
--------------------------------------------------------------------------
[warlock05:2841240:0:2841240]       ud_ep.c:268  Fatal: UD endpoint 0x154f160 to <no debug data>: unhandled timeout error
==== backtrace (tid:2841240) ====
 0 0x00000000000538bf uct_ud_ep_deferred_timeout_handler()  /tmp/easybuild/UCX/1.12.1/GCCcore-11.3.0/ucx-1.12.1/src/uct/ib/ud/base/ud_ep.c:268
 1 0x00000000000202d7 ucs_callbackq_slow_proxy()  /tmp/easybuild/UCX/1.12.1/GCCcore-11.3.0/ucx-1.12.1/src/ucs/datastruct/callbackq.c:404
 2 0x0000000000037b8a ucs_callbackq_dispatch()  /tmp/easybuild/UCX/1.12.1/GCCcore-11.3.0/ucx-1.12.1/src/ucs/datastruct/callbackq.h:211
 3 0x0000000000037b8a uct_worker_progress()  /tmp/easybuild/UCX/1.12.1/GCCcore-11.3.0/ucx-1.12.1/src/uct/api/uct.h:2589
 4 0x0000000000037b8a ucp_worker_progress()  /tmp/easybuild/UCX/1.12.1/GCCcore-11.3.0/ucx-1.12.1/src/ucp/core/ucp_worker.c:2636
 5 0x0000000000006bbe mca_pml_ucx_send()  ???:0
 6 0x0000000000087643 MPI_Send()  ???:0
 7 0x000000000040156c main()  ???:0
 8 0x00000000000295d0 __libc_start_call_main()  ???:0
 9 0x0000000000029680 __libc_start_main_alias_2()  :0
10 0x0000000000401155 _start()  ???:0
=================================
[warlock05:2841240] *** Process received signal ***
[warlock05:2841240] Signal: Aborted (6)
[warlock05:2841240] Signal code:  (-6)
[warlock05:2841240] [ 0] /lib64/libc.so.6(+0x3e730)[0x7f1877a3e730]
[warlock05:2841240] [ 1] /lib64/libc.so.6(+0x8b52c)[0x7f1877a8b52c]
[warlock05:2841240] [ 2] /lib64/libc.so.6(raise+0x16)[0x7f1877a3e686]
[warlock05:2841240] [ 3] /lib64/libc.so.6(abort+0xd3)[0x7f1877a28833]
[warlock05:2841240] [ 4] /opt/software/software/UCX/1.12.1-GCCcore-11.3.0/lib/libucs.so.0(+0x2633b)[0x7f1874e5333b]
[warlock05:2841240] [ 5] /opt/software/software/UCX/1.12.1-GCCcore-11.3.0/lib/libucs.so.0(+0x26411)[0x7f1874e53411]
[warlock05:2841240] [ 6] /opt/software/software/UCX/1.12.1-GCCcore-11.3.0/lib/ucx/libuct_ib.so.0(+0x538bf)[0x7f1874c348bf]
[warlock05:2841240] [ 7] /opt/software/software/UCX/1.12.1-GCCcore-11.3.0/lib/libucs.so.0(+0x202d7)[0x7f1874e4d2d7]
[warlock05:2841240] [ 8] /opt/software/software/UCX/1.12.1-GCCcore-11.3.0/lib/libucp.so.0(ucp_worker_progress+0x5a)[0x7f1874ef4b8a]
[warlock05:2841240] [ 9] /opt/software/software/OpenMPI/4.1.4-GCC-11.3.0/lib/openmpi/mca_pml_ucx.so(mca_pml_ucx_send+0x14e)[0x7f1874f72bbe]
[warlock05:2841240] [10] /opt/software/software/OpenMPI/4.1.4-GCC-11.3.0/lib/libmpi.so.40(PMPI_Send+0x123)[0x7f1877df3643]
[warlock05:2841240] [11] /homes/sekabanj/CIS_520_P4/mpi_version/mpi_version[0x40156c]
[warlock05:2841240] [12] /lib64/libc.so.6(+0x295d0)[0x7f1877a295d0]
[warlock05:2841240] [13] /lib64/libc.so.6(__libc_start_main+0x80)[0x7f1877a29680]
[warlock05:2841240] [14] /homes/sekabanj/CIS_520_P4/mpi_version/mpi_version[0x401155]
[warlock05:2841240] *** End of error message ***
--------------------------------------------------------------------------
Primary job  terminated normally, but 1 process returned
a non-zero exit code. Per user-direction, the job has been aborted.
--------------------------------------------------------------------------
--------------------------------------------------------------------------
mpirun noticed that process rank 0 with PID 0 on node warlock05 exited on signal 6 (Aborted).
--------------------------------------------------------------------------
[warlock05:2849213:0:2849213]       ud_ep.c:268  Fatal: UD endpoint 0x20008a0 to <no debug data>: unhandled timeout error
==== backtrace (tid:2849213) ====
 0 0x00000000000538bf uct_ud_ep_deferred_timeout_handler()  /tmp/easybuild/UCX/1.12.1/GCCcore-11.3.0/ucx-1.12.1/src/uct/ib/ud/base/ud_ep.c:268
 1 0x00000000000202d7 ucs_callbackq_slow_proxy()  /tmp/easybuild/UCX/1.12.1/GCCcore-11.3.0/ucx-1.12.1/src/ucs/datastruct/callbackq.c:404
 2 0x0000000000037b8a ucs_callbackq_dispatch()  /tmp/easybuild/UCX/1.12.1/GCCcore-11.3.0/ucx-1.12.1/src/ucs/datastruct/callbackq.h:211
 3 0x0000000000037b8a uct_worker_progress()  /tmp/easybuild/UCX/1.12.1/GCCcore-11.3.0/ucx-1.12.1/src/uct/api/uct.h:2589
 4 0x0000000000037b8a ucp_worker_progress()  /tmp/easybuild/UCX/1.12.1/GCCcore-11.3.0/ucx-1.12.1/src/ucp/core/ucp_worker.c:2636
 5 0x0000000000006bbe mca_pml_ucx_send()  ???:0
 6 0x0000000000087643 MPI_Send()  ???:0
 7 0x000000000040156c main()  ???:0
 8 0x00000000000295d0 __libc_start_call_main()  ???:0
 9 0x0000000000029680 __libc_start_main_alias_2()  :0
10 0x0000000000401155 _start()  ???:0
=================================
[warlock05:2849213] *** Process received signal ***
[warlock05:2849213] Signal: Aborted (6)
[warlock05:2849213] Signal code:  (-6)
[warlock05:2849213] [ 0] /lib64/libc.so.6(+0x3e730)[0x7fa72603e730]
[warlock05:2849213] [ 1] /lib64/libc.so.6(+0x8b52c)[0x7fa72608b52c]
[warlock05:2849213] [ 2] /lib64/libc.so.6(raise+0x16)[0x7fa72603e686]
[warlock05:2849213] [ 3] /lib64/libc.so.6(abort+0xd3)[0x7fa726028833]
[warlock05:2849213] [ 4] /opt/software/software/UCX/1.12.1-GCCcore-11.3.0/lib/libucs.so.0(+0x2633b)[0x7fa71ffcf33b]
[warlock05:2849213] [ 5] /opt/software/software/UCX/1.12.1-GCCcore-11.3.0/lib/libucs.so.0(+0x26411)[0x7fa71ffcf411]
[warlock05:2849213] [ 6] /opt/software/software/UCX/1.12.1-GCCcore-11.3.0/lib/ucx/libuct_ib.so.0(+0x538bf)[0x7fa71d5ae8bf]
[warlock05:2849213] [ 7] /opt/software/software/UCX/1.12.1-GCCcore-11.3.0/lib/libucs.so.0(+0x202d7)[0x7fa71ffc92d7]
[warlock05:2849213] [ 8] /opt/software/software/UCX/1.12.1-GCCcore-11.3.0/lib/libucp.so.0(ucp_worker_progress+0x5a)[0x7fa724080b8a]
[warlock05:2849213] [ 9] /opt/software/software/OpenMPI/4.1.4-GCC-11.3.0/lib/openmpi/mca_pml_ucx.so(mca_pml_ucx_send+0x14e)[0x7fa7240febbe]
[warlock05:2849213] [10] /opt/software/software/OpenMPI/4.1.4-GCC-11.3.0/lib/libmpi.so.40(PMPI_Send+0x123)[0x7fa726358643]
[warlock05:2849213] [11] /homes/sekabanj/CIS_520_P4/mpi_version/mpi_version[0x40156c]
[warlock05:2849213] [12] /lib64/libc.so.6(+0x295d0)[0x7fa7260295d0]
[warlock05:2849213] [13] /lib64/libc.so.6(__libc_start_main+0x80)[0x7fa726029680]
[warlock05:2849213] [14] /homes/sekabanj/CIS_520_P4/mpi_version/mpi_version[0x401155]
[warlock05:2849213] *** End of error message ***
--------------------------------------------------------------------------
Primary job  terminated normally, but 1 process returned
a non-zero exit code. Per user-direction, the job has been aborted.
--------------------------------------------------------------------------
--------------------------------------------------------------------------
mpirun noticed that process rank 0 with PID 0 on node warlock05 exited on signal 6 (Aborted).
--------------------------------------------------------------------------
[warlock05:2858218:0:2858218]       ud_ep.c:268  Fatal: UD endpoint 0x2753540 to <no debug data>: unhandled timeout error
==== backtrace (tid:2858218) ====
 0 0x00000000000538bf uct_ud_ep_deferred_timeout_handler()  /tmp/easybuild/UCX/1.12.1/GCCcore-11.3.0/ucx-1.12.1/src/uct/ib/ud/base/ud_ep.c:268
 1 0x00000000000202d7 ucs_callbackq_slow_proxy()  /tmp/easybuild/UCX/1.12.1/GCCcore-11.3.0/ucx-1.12.1/src/ucs/datastruct/callbackq.c:404
 2 0x0000000000037b8a ucs_callbackq_dispatch()  /tmp/easybuild/UCX/1.12.1/GCCcore-11.3.0/ucx-1.12.1/src/ucs/datastruct/callbackq.h:211
 3 0x0000000000037b8a uct_worker_progress()  /tmp/easybuild/UCX/1.12.1/GCCcore-11.3.0/ucx-1.12.1/src/uct/api/uct.h:2589
 4 0x0000000000037b8a ucp_worker_progress()  /tmp/easybuild/UCX/1.12.1/GCCcore-11.3.0/ucx-1.12.1/src/ucp/core/ucp_worker.c:2636
 5 0x0000000000006bbe mca_pml_ucx_send()  ???:0
 6 0x0000000000087643 MPI_Send()  ???:0
 7 0x000000000040156c main()  ???:0
 8 0x00000000000295d0 __libc_start_call_main()  ???:0
 9 0x0000000000029680 __libc_start_main_alias_2()  :0
10 0x0000000000401155 _start()  ???:0
=================================
[warlock05:2858218] *** Process received signal ***
[warlock05:2858218] Signal: Aborted (6)
[warlock05:2858218] Signal code:  (-6)
[warlock05:2858218] [ 0] /lib64/libc.so.6(+0x3e730)[0x7fe887e3e730]
[warlock05:2858218] [ 1] /lib64/libc.so.6(+0x8b52c)[0x7fe887e8b52c]
[warlock05:2858218] [ 2] /lib64/libc.so.6(raise+0x16)[0x7fe887e3e686]
[warlock05:2858218] [ 3] /lib64/libc.so.6(abort+0xd3)[0x7fe887e28833]
[warlock05:2858218] [ 4] /opt/software/software/UCX/1.12.1-GCCcore-11.3.0/lib/libucs.so.0(+0x2633b)[0x7fe88524a33b]
[warlock05:2858218] [ 5] /opt/software/software/UCX/1.12.1-GCCcore-11.3.0/lib/libucs.so.0(+0x26411)[0x7fe88524a411]
[warlock05:2858218] [ 6] /opt/software/software/UCX/1.12.1-GCCcore-11.3.0/lib/ucx/libuct_ib.so.0(+0x538bf)[0x7fe88502b8bf]
[warlock05:2858218] [ 7] /opt/software/software/UCX/1.12.1-GCCcore-11.3.0/lib/libucs.so.0(+0x202d7)[0x7fe8852442d7]
[warlock05:2858218] [ 8] /opt/software/software/UCX/1.12.1-GCCcore-11.3.0/lib/libucp.so.0(ucp_worker_progress+0x5a)[0x7fe8852ebb8a]
[warlock05:2858218] [ 9] /opt/software/software/OpenMPI/4.1.4-GCC-11.3.0/lib/openmpi/mca_pml_ucx.so(mca_pml_ucx_send+0x14e)[0x7fe885369bbe]
[warlock05:2858218] [10] /opt/software/software/OpenMPI/4.1.4-GCC-11.3.0/lib/libmpi.so.40(PMPI_Send+0x123)[0x7fe8881ea643]
[warlock05:2858218] [11] /homes/sekabanj/CIS_520_P4/mpi_version/mpi_version[0x40156c]
[warlock05:2858218] [12] /lib64/libc.so.6(+0x295d0)[0x7fe887e295d0]
[warlock05:2858218] [13] /lib64/libc.so.6(__libc_start_main+0x80)[0x7fe887e29680]
[warlock05:2858218] [14] /homes/sekabanj/CIS_520_P4/mpi_version/mpi_version[0x401155]
[warlock05:2858218] *** End of error message ***
--------------------------------------------------------------------------
Primary job  terminated normally, but 1 process returned
a non-zero exit code. Per user-direction, the job has been aborted.
--------------------------------------------------------------------------
--------------------------------------------------------------------------
mpirun noticed that process rank 0 with PID 0 on node warlock05 exited on signal 6 (Aborted).
--------------------------------------------------------------------------
slurmstepd: error: *** JOB 21762990 ON warlock05 CANCELLED AT 2025-05-04T22:33:55 DUE TO TIME LIMIT ***
--------------------------------------------------------------------------
ORTE has lost communication with a remote daemon.

  HNP daemon   : [[57218,0],0] on node warlock05
  Remote daemon: [[57218,0],3] on node warlock08

This is usually due to either a failure of the TCP network
connection to the node, or possibly an internal failure of
the daemon itself. We cannot recover from this failure, and
therefore will terminate the job.
--------------------------------------------------------------------------
