
The following have been reloaded with a version change:
  1) FFTW.MPI/3.3.10-gompi-2022a => FFTW.MPI/3.3.10-gompi-2023b
  2) FFTW/3.3.10-GCC-11.3.0 => FFTW/3.3.10-GCC-13.2.0
  3) FlexiBLAS/3.2.0-GCC-11.3.0 => FlexiBLAS/3.3.1-GCC-13.2.0
  4) GCC/11.3.0 => GCC/13.2.0
  5) GCCcore/11.3.0 => GCCcore/13.2.0
  6) OpenBLAS/0.3.20-GCC-11.3.0 => OpenBLAS/0.3.24-GCC-13.2.0
  7) OpenMPI/4.1.4-GCC-11.3.0 => OpenMPI/4.1.6-GCC-13.2.0
  8) PMIx/4.1.2-GCCcore-11.3.0 => PMIx/4.2.6-GCCcore-13.2.0
  9) ScaLAPACK/2.2.0-gompi-2022a-fb => ScaLAPACK/2.2.0-gompi-2023b-fb
 10) UCC/1.0.0-GCCcore-11.3.0 => UCC/1.2.0-GCCcore-13.2.0
 11) UCX/1.12.1-GCCcore-11.3.0 => UCX/1.15.0-GCCcore-13.2.0
 12) XZ/5.2.5-GCCcore-11.3.0 => XZ/5.4.4-GCCcore-13.2.0
 13) binutils/2.38-GCCcore-11.3.0 => binutils/2.40-GCCcore-13.2.0
 14) foss/2022a => foss/2023b
 15) gompi/2022a => gompi/2023b
 16) hwloc/2.7.1-GCCcore-11.3.0 => hwloc/2.9.2-GCCcore-13.2.0
 17) libevent/2.1.12-GCCcore-11.3.0 => libevent/2.1.12-GCCcore-13.2.0
 18) libfabric/1.15.1-GCCcore-11.3.0 => libfabric/1.19.0-GCCcore-13.2.0
 19) libpciaccess/0.16-GCCcore-11.3.0 => libpciaccess/0.17-GCCcore-13.2.0
 20) libxml2/2.9.13-GCCcore-11.3.0 => libxml2/2.11.5-GCCcore-13.2.0
 21) numactl/2.0.14-GCCcore-11.3.0 => numactl/2.0.16-GCCcore-13.2.0
 22) zlib/1.2.12-GCCcore-11.3.0 => zlib/1.2.13-GCCcore-13.2.0


The following have been reloaded with a version change:
  1) FFTW.MPI/3.3.10-gompi-2023b => FFTW.MPI/3.3.10-gompi-2022a
  2) FFTW/3.3.10-GCC-13.2.0 => FFTW/3.3.10-GCC-11.3.0
  3) FlexiBLAS/3.3.1-GCC-13.2.0 => FlexiBLAS/3.2.0-GCC-11.3.0
  4) GCC/13.2.0 => GCC/11.3.0
  5) GCCcore/13.2.0 => GCCcore/11.3.0
  6) OpenBLAS/0.3.24-GCC-13.2.0 => OpenBLAS/0.3.20-GCC-11.3.0
  7) OpenMPI/4.1.6-GCC-13.2.0 => OpenMPI/4.1.4-GCC-11.3.0
  8) PMIx/4.2.6-GCCcore-13.2.0 => PMIx/4.1.2-GCCcore-11.3.0
  9) ScaLAPACK/2.2.0-gompi-2023b-fb => ScaLAPACK/2.2.0-gompi-2022a-fb
 10) UCC/1.2.0-GCCcore-13.2.0 => UCC/1.0.0-GCCcore-11.3.0
 11) UCX/1.15.0-GCCcore-13.2.0 => UCX/1.12.1-GCCcore-11.3.0
 12) XZ/5.4.4-GCCcore-13.2.0 => XZ/5.2.5-GCCcore-11.3.0
 13) binutils/2.40-GCCcore-13.2.0 => binutils/2.38-GCCcore-11.3.0
 14) foss/2023b => foss/2022a
 15) gompi/2023b => gompi/2022a
 16) hwloc/2.9.2-GCCcore-13.2.0 => hwloc/2.7.1-GCCcore-11.3.0
 17) libevent/2.1.12-GCCcore-13.2.0 => libevent/2.1.12-GCCcore-11.3.0
 18) libfabric/1.19.0-GCCcore-13.2.0 => libfabric/1.15.1-GCCcore-11.3.0
 19) libpciaccess/0.17-GCCcore-13.2.0 => libpciaccess/0.16-GCCcore-11.3.0
 20) libxml2/2.11.5-GCCcore-13.2.0 => libxml2/2.9.13-GCCcore-11.3.0
 21) numactl/2.0.16-GCCcore-13.2.0 => numactl/2.0.14-GCCcore-11.3.0
 22) zlib/1.2.13-GCCcore-13.2.0 => zlib/1.2.12-GCCcore-11.3.0

[warlock05:2795979:0:2795979]       ud_ep.c:268  Fatal: UD endpoint 0x219e160 to <no debug data>: unhandled timeout error
==== backtrace (tid:2795979) ====
 0 0x00000000000538bf uct_ud_ep_deferred_timeout_handler()  /tmp/easybuild/UCX/1.12.1/GCCcore-11.3.0/ucx-1.12.1/src/uct/ib/ud/base/ud_ep.c:268
 1 0x00000000000202d7 ucs_callbackq_slow_proxy()  /tmp/easybuild/UCX/1.12.1/GCCcore-11.3.0/ucx-1.12.1/src/ucs/datastruct/callbackq.c:404
 2 0x0000000000037b8a ucs_callbackq_dispatch()  /tmp/easybuild/UCX/1.12.1/GCCcore-11.3.0/ucx-1.12.1/src/ucs/datastruct/callbackq.h:211
 3 0x0000000000037b8a uct_worker_progress()  /tmp/easybuild/UCX/1.12.1/GCCcore-11.3.0/ucx-1.12.1/src/uct/api/uct.h:2589
 4 0x0000000000037b8a ucp_worker_progress()  /tmp/easybuild/UCX/1.12.1/GCCcore-11.3.0/ucx-1.12.1/src/ucp/core/ucp_worker.c:2636
 5 0x0000000000006bbe mca_pml_ucx_send()  ???:0
 6 0x0000000000087643 MPI_Send()  ???:0
 7 0x000000000040156c main()  ???:0
 8 0x00000000000295d0 __libc_start_call_main()  ???:0
 9 0x0000000000029680 __libc_start_main_alias_2()  :0
10 0x0000000000401155 _start()  ???:0
=================================
[warlock05:2795979] *** Process received signal ***
[warlock05:2795979] Signal: Aborted (6)
[warlock05:2795979] Signal code:  (-6)
[warlock05:2795979] [ 0] /lib64/libc.so.6(+0x3e730)[0x7fa81123e730]
[warlock05:2795979] [ 1] /lib64/libc.so.6(+0x8b52c)[0x7fa81128b52c]
[warlock05:2795979] [ 2] /lib64/libc.so.6(raise+0x16)[0x7fa81123e686]
[warlock05:2795979] [ 3] /lib64/libc.so.6(abort+0xd3)[0x7fa811228833]
[warlock05:2795979] [ 4] /opt/software/software/UCX/1.12.1-GCCcore-11.3.0/lib/libucs.so.0(+0x2633b)[0x7fa80b6ee33b]
[warlock05:2795979] [ 5] /opt/software/software/UCX/1.12.1-GCCcore-11.3.0/lib/libucs.so.0(+0x26411)[0x7fa80b6ee411]
[warlock05:2795979] [ 6] /opt/software/software/UCX/1.12.1-GCCcore-11.3.0/lib/ucx/libuct_ib.so.0(+0x538bf)[0x7fa80b0928bf]
[warlock05:2795979] [ 7] /opt/software/software/UCX/1.12.1-GCCcore-11.3.0/lib/libucs.so.0(+0x202d7)[0x7fa80b6e82d7]
[warlock05:2795979] [ 8] /opt/software/software/UCX/1.12.1-GCCcore-11.3.0/lib/libucp.so.0(ucp_worker_progress+0x5a)[0x7fa80b78fb8a]
[warlock05:2795979] [ 9] /opt/software/software/OpenMPI/4.1.4-GCC-11.3.0/lib/openmpi/mca_pml_ucx.so(mca_pml_ucx_send+0x14e)[0x7fa810044bbe]
[warlock05:2795979] [10] /opt/software/software/OpenMPI/4.1.4-GCC-11.3.0/lib/libmpi.so.40(PMPI_Send+0x123)[0x7fa81169d643]
[warlock05:2795979] [11] /homes/sekabanj/CIS_520_P4/mpi_version/mpi_version[0x40156c]
[warlock05:2795979] [12] /lib64/libc.so.6(+0x295d0)[0x7fa8112295d0]
[warlock05:2795979] [13] /lib64/libc.so.6(__libc_start_main+0x80)[0x7fa811229680]
[warlock05:2795979] [14] /homes/sekabanj/CIS_520_P4/mpi_version/mpi_version[0x401155]
[warlock05:2795979] *** End of error message ***
--------------------------------------------------------------------------
Primary job  terminated normally, but 1 process returned
a non-zero exit code. Per user-direction, the job has been aborted.
--------------------------------------------------------------------------
--------------------------------------------------------------------------
mpirun noticed that process rank 0 with PID 0 on node warlock05 exited on signal 6 (Aborted).
--------------------------------------------------------------------------
[warlock05:2806038:0:2806038]       ud_ep.c:268  Fatal: UD endpoint 0xd3e1b0 to <no debug data>: unhandled timeout error
==== backtrace (tid:2806038) ====
 0 0x00000000000538bf uct_ud_ep_deferred_timeout_handler()  /tmp/easybuild/UCX/1.12.1/GCCcore-11.3.0/ucx-1.12.1/src/uct/ib/ud/base/ud_ep.c:268
 1 0x00000000000202d7 ucs_callbackq_slow_proxy()  /tmp/easybuild/UCX/1.12.1/GCCcore-11.3.0/ucx-1.12.1/src/ucs/datastruct/callbackq.c:404
 2 0x0000000000037b8a ucs_callbackq_dispatch()  /tmp/easybuild/UCX/1.12.1/GCCcore-11.3.0/ucx-1.12.1/src/ucs/datastruct/callbackq.h:211
 3 0x0000000000037b8a uct_worker_progress()  /tmp/easybuild/UCX/1.12.1/GCCcore-11.3.0/ucx-1.12.1/src/uct/api/uct.h:2589
 4 0x0000000000037b8a ucp_worker_progress()  /tmp/easybuild/UCX/1.12.1/GCCcore-11.3.0/ucx-1.12.1/src/ucp/core/ucp_worker.c:2636
 5 0x0000000000006bbe mca_pml_ucx_send()  ???:0
 6 0x0000000000087643 MPI_Send()  ???:0
 7 0x000000000040156c main()  ???:0
 8 0x00000000000295d0 __libc_start_call_main()  ???:0
 9 0x0000000000029680 __libc_start_main_alias_2()  :0
10 0x0000000000401155 _start()  ???:0
=================================
[warlock05:2806038] *** Process received signal ***
[warlock05:2806038] Signal: Aborted (6)
[warlock05:2806038] Signal code:  (-6)
[warlock05:2806038] [ 0] /lib64/libc.so.6(+0x3e730)[0x7f50ea23e730]
[warlock05:2806038] [ 1] /lib64/libc.so.6(+0x8b52c)[0x7f50ea28b52c]
[warlock05:2806038] [ 2] /lib64/libc.so.6(raise+0x16)[0x7f50ea23e686]
[warlock05:2806038] [ 3] /lib64/libc.so.6(abort+0xd3)[0x7f50ea228833]
[warlock05:2806038] [ 4] /opt/software/software/UCX/1.12.1-GCCcore-11.3.0/lib/libucs.so.0(+0x2633b)[0x7f50e1a7933b]
[warlock05:2806038] [ 5] /opt/software/software/UCX/1.12.1-GCCcore-11.3.0/lib/libucs.so.0(+0x26411)[0x7f50e1a79411]
[warlock05:2806038] [ 6] /opt/software/software/UCX/1.12.1-GCCcore-11.3.0/lib/ucx/libuct_ib.so.0(+0x538bf)[0x7f50e18698bf]
[warlock05:2806038] [ 7] /opt/software/software/UCX/1.12.1-GCCcore-11.3.0/lib/libucs.so.0(+0x202d7)[0x7f50e1a732d7]
[warlock05:2806038] [ 8] /opt/software/software/UCX/1.12.1-GCCcore-11.3.0/lib/libucp.so.0(ucp_worker_progress+0x5a)[0x7f50e1ae1b8a]
[warlock05:2806038] [ 9] /opt/software/software/OpenMPI/4.1.4-GCC-11.3.0/lib/openmpi/mca_pml_ucx.so(mca_pml_ucx_send+0x14e)[0x7f50e3fd6bbe]
[warlock05:2806038] [10] /opt/software/software/OpenMPI/4.1.4-GCC-11.3.0/lib/libmpi.so.40(PMPI_Send+0x123)[0x7f50ea5a8643]
[warlock05:2806038] [11] /homes/sekabanj/CIS_520_P4/mpi_version/mpi_version[0x40156c]
[warlock05:2806038] [12] /lib64/libc.so.6(+0x295d0)[0x7f50ea2295d0]
[warlock05:2806038] [13] /lib64/libc.so.6(__libc_start_main+0x80)[0x7f50ea229680]
[warlock05:2806038] [14] /homes/sekabanj/CIS_520_P4/mpi_version/mpi_version[0x401155]
[warlock05:2806038] *** End of error message ***
--------------------------------------------------------------------------
Primary job  terminated normally, but 1 process returned
a non-zero exit code. Per user-direction, the job has been aborted.
--------------------------------------------------------------------------
--------------------------------------------------------------------------
mpirun noticed that process rank 0 with PID 0 on node warlock05 exited on signal 6 (Aborted).
--------------------------------------------------------------------------
[warlock05:2815477:0:2815477]       ud_ep.c:268  Fatal: UD endpoint 0x22739b0 to <no debug data>: unhandled timeout error
==== backtrace (tid:2815477) ====
 0 0x00000000000538bf uct_ud_ep_deferred_timeout_handler()  /tmp/easybuild/UCX/1.12.1/GCCcore-11.3.0/ucx-1.12.1/src/uct/ib/ud/base/ud_ep.c:268
 1 0x00000000000202d7 ucs_callbackq_slow_proxy()  /tmp/easybuild/UCX/1.12.1/GCCcore-11.3.0/ucx-1.12.1/src/ucs/datastruct/callbackq.c:404
 2 0x0000000000037b8a ucs_callbackq_dispatch()  /tmp/easybuild/UCX/1.12.1/GCCcore-11.3.0/ucx-1.12.1/src/ucs/datastruct/callbackq.h:211
 3 0x0000000000037b8a uct_worker_progress()  /tmp/easybuild/UCX/1.12.1/GCCcore-11.3.0/ucx-1.12.1/src/uct/api/uct.h:2589
 4 0x0000000000037b8a ucp_worker_progress()  /tmp/easybuild/UCX/1.12.1/GCCcore-11.3.0/ucx-1.12.1/src/ucp/core/ucp_worker.c:2636
 5 0x0000000000006bbe mca_pml_ucx_send()  ???:0
 6 0x0000000000087643 MPI_Send()  ???:0
 7 0x000000000040156c main()  ???:0
 8 0x00000000000295d0 __libc_start_call_main()  ???:0
 9 0x0000000000029680 __libc_start_main_alias_2()  :0
10 0x0000000000401155 _start()  ???:0
=================================
[warlock05:2815477] *** Process received signal ***
[warlock05:2815477] Signal: Aborted (6)
[warlock05:2815477] Signal code:  (-6)
[warlock05:2815477] [ 0] /lib64/libc.so.6(+0x3e730)[0x7f712423e730]
[warlock05:2815477] [ 1] /lib64/libc.so.6(+0x8b52c)[0x7f712428b52c]
[warlock05:2815477] [ 2] /lib64/libc.so.6(raise+0x16)[0x7f712423e686]
[warlock05:2815477] [ 3] /lib64/libc.so.6(abort+0xd3)[0x7f7124228833]
[warlock05:2815477] [ 4] /opt/software/software/UCX/1.12.1-GCCcore-11.3.0/lib/libucs.so.0(+0x2633b)[0x7f712032833b]
[warlock05:2815477] [ 5] /opt/software/software/UCX/1.12.1-GCCcore-11.3.0/lib/libucs.so.0(+0x26411)[0x7f7120328411]
[warlock05:2815477] [ 6] /opt/software/software/UCX/1.12.1-GCCcore-11.3.0/lib/ucx/libuct_ib.so.0(+0x538bf)[0x7f71201278bf]
[warlock05:2815477] [ 7] /opt/software/software/UCX/1.12.1-GCCcore-11.3.0/lib/libucs.so.0(+0x202d7)[0x7f71203222d7]
[warlock05:2815477] [ 8] /opt/software/software/UCX/1.12.1-GCCcore-11.3.0/lib/libucp.so.0(ucp_worker_progress+0x5a)[0x7f7120390b8a]
[warlock05:2815477] [ 9] /opt/software/software/OpenMPI/4.1.4-GCC-11.3.0/lib/openmpi/mca_pml_ucx.so(mca_pml_ucx_send+0x14e)[0x7f7121fe9bbe]
[warlock05:2815477] [10] /opt/software/software/OpenMPI/4.1.4-GCC-11.3.0/lib/libmpi.so.40(PMPI_Send+0x123)[0x7f7124643643]
[warlock05:2815477] [11] /homes/sekabanj/CIS_520_P4/mpi_version/mpi_version[0x40156c]
[warlock05:2815477] [12] /lib64/libc.so.6(+0x295d0)[0x7f71242295d0]
[warlock05:2815477] [13] /lib64/libc.so.6(__libc_start_main+0x80)[0x7f7124229680]
[warlock05:2815477] [14] /homes/sekabanj/CIS_520_P4/mpi_version/mpi_version[0x401155]
[warlock05:2815477] *** End of error message ***
--------------------------------------------------------------------------
Primary job  terminated normally, but 1 process returned
a non-zero exit code. Per user-direction, the job has been aborted.
--------------------------------------------------------------------------
--------------------------------------------------------------------------
mpirun noticed that process rank 0 with PID 0 on node warlock05 exited on signal 6 (Aborted).
--------------------------------------------------------------------------
[warlock05:2824773:0:2824773]       ud_ep.c:268  Fatal: UD endpoint 0x205dbb0 to <no debug data>: unhandled timeout error
==== backtrace (tid:2824773) ====
 0 0x00000000000538bf uct_ud_ep_deferred_timeout_handler()  /tmp/easybuild/UCX/1.12.1/GCCcore-11.3.0/ucx-1.12.1/src/uct/ib/ud/base/ud_ep.c:268
 1 0x00000000000202d7 ucs_callbackq_slow_proxy()  /tmp/easybuild/UCX/1.12.1/GCCcore-11.3.0/ucx-1.12.1/src/ucs/datastruct/callbackq.c:404
 2 0x0000000000037b8a ucs_callbackq_dispatch()  /tmp/easybuild/UCX/1.12.1/GCCcore-11.3.0/ucx-1.12.1/src/ucs/datastruct/callbackq.h:211
 3 0x0000000000037b8a uct_worker_progress()  /tmp/easybuild/UCX/1.12.1/GCCcore-11.3.0/ucx-1.12.1/src/uct/api/uct.h:2589
 4 0x0000000000037b8a ucp_worker_progress()  /tmp/easybuild/UCX/1.12.1/GCCcore-11.3.0/ucx-1.12.1/src/ucp/core/ucp_worker.c:2636
 5 0x0000000000006bbe mca_pml_ucx_send()  ???:0
 6 0x0000000000087643 MPI_Send()  ???:0
 7 0x000000000040156c main()  ???:0
 8 0x00000000000295d0 __libc_start_call_main()  ???:0
 9 0x0000000000029680 __libc_start_main_alias_2()  :0
10 0x0000000000401155 _start()  ???:0
=================================
[warlock05:2824773] *** Process received signal ***
[warlock05:2824773] Signal: Aborted (6)
[warlock05:2824773] Signal code:  (-6)
[warlock05:2824773] [ 0] /lib64/libc.so.6(+0x3e730)[0x7feb8763e730]
[warlock05:2824773] [ 1] /lib64/libc.so.6(+0x8b52c)[0x7feb8768b52c]
[warlock05:2824773] [ 2] /lib64/libc.so.6(raise+0x16)[0x7feb8763e686]
[warlock05:2824773] [ 3] /lib64/libc.so.6(abort+0xd3)[0x7feb87628833]
[warlock05:2824773] [ 4] /opt/software/software/UCX/1.12.1-GCCcore-11.3.0/lib/libucs.so.0(+0x2633b)[0x7feb8495333b]
[warlock05:2824773] [ 5] /opt/software/software/UCX/1.12.1-GCCcore-11.3.0/lib/libucs.so.0(+0x26411)[0x7feb84953411]
[warlock05:2824773] [ 6] /opt/software/software/UCX/1.12.1-GCCcore-11.3.0/lib/ucx/libuct_ib.so.0(+0x538bf)[0x7feb847348bf]
[warlock05:2824773] [ 7] /opt/software/software/UCX/1.12.1-GCCcore-11.3.0/lib/libucs.so.0(+0x202d7)[0x7feb8494d2d7]
[warlock05:2824773] [ 8] /opt/software/software/UCX/1.12.1-GCCcore-11.3.0/lib/libucp.so.0(ucp_worker_progress+0x5a)[0x7feb849f4b8a]
[warlock05:2824773] [ 9] /opt/software/software/OpenMPI/4.1.4-GCC-11.3.0/lib/openmpi/mca_pml_ucx.so(mca_pml_ucx_send+0x14e)[0x7feb84a72bbe]
[warlock05:2824773] [10] /opt/software/software/OpenMPI/4.1.4-GCC-11.3.0/lib/libmpi.so.40(PMPI_Send+0x123)[0x7feb878f3643]
[warlock05:2824773] [11] /homes/sekabanj/CIS_520_P4/mpi_version/mpi_version[0x40156c]
[warlock05:2824773] [12] /lib64/libc.so.6(+0x295d0)[0x7feb876295d0]
[warlock05:2824773] [13] /lib64/libc.so.6(__libc_start_main+0x80)[0x7feb87629680]
[warlock05:2824773] [14] /homes/sekabanj/CIS_520_P4/mpi_version/mpi_version[0x401155]
[warlock05:2824773] *** End of error message ***
--------------------------------------------------------------------------
Primary job  terminated normally, but 1 process returned
a non-zero exit code. Per user-direction, the job has been aborted.
--------------------------------------------------------------------------
--------------------------------------------------------------------------
mpirun noticed that process rank 0 with PID 0 on node warlock05 exited on signal 6 (Aborted).
--------------------------------------------------------------------------
[warlock05:2833888:0:2833888]       ud_ep.c:268  Fatal: UD endpoint 0x1dfdea0 to <no debug data>: unhandled timeout error
==== backtrace (tid:2833888) ====
 0 0x00000000000538bf uct_ud_ep_deferred_timeout_handler()  /tmp/easybuild/UCX/1.12.1/GCCcore-11.3.0/ucx-1.12.1/src/uct/ib/ud/base/ud_ep.c:268
 1 0x00000000000202d7 ucs_callbackq_slow_proxy()  /tmp/easybuild/UCX/1.12.1/GCCcore-11.3.0/ucx-1.12.1/src/ucs/datastruct/callbackq.c:404
 2 0x0000000000037b8a ucs_callbackq_dispatch()  /tmp/easybuild/UCX/1.12.1/GCCcore-11.3.0/ucx-1.12.1/src/ucs/datastruct/callbackq.h:211
 3 0x0000000000037b8a uct_worker_progress()  /tmp/easybuild/UCX/1.12.1/GCCcore-11.3.0/ucx-1.12.1/src/uct/api/uct.h:2589
 4 0x0000000000037b8a ucp_worker_progress()  /tmp/easybuild/UCX/1.12.1/GCCcore-11.3.0/ucx-1.12.1/src/ucp/core/ucp_worker.c:2636
 5 0x0000000000006bbe mca_pml_ucx_send()  ???:0
 6 0x0000000000087643 MPI_Send()  ???:0
 7 0x000000000040156c main()  ???:0
 8 0x00000000000295d0 __libc_start_call_main()  ???:0
 9 0x0000000000029680 __libc_start_main_alias_2()  :0
10 0x0000000000401155 _start()  ???:0
=================================
[warlock05:2833888] *** Process received signal ***
[warlock05:2833888] Signal: Aborted (6)
[warlock05:2833888] Signal code:  (-6)
[warlock05:2833888] [ 0] /lib64/libc.so.6(+0x3e730)[0x7fecb0e3e730]
[warlock05:2833888] [ 1] /lib64/libc.so.6(+0x8b52c)[0x7fecb0e8b52c]
[warlock05:2833888] [ 2] /lib64/libc.so.6(raise+0x16)[0x7fecb0e3e686]
[warlock05:2833888] [ 3] /lib64/libc.so.6(abort+0xd3)[0x7fecb0e28833]
[warlock05:2833888] [ 4] /opt/software/software/UCX/1.12.1-GCCcore-11.3.0/lib/libucs.so.0(+0x2633b)[0x7feca870133b]
[warlock05:2833888] [ 5] /opt/software/software/UCX/1.12.1-GCCcore-11.3.0/lib/libucs.so.0(+0x26411)[0x7feca8701411]
[warlock05:2833888] [ 6] /opt/software/software/UCX/1.12.1-GCCcore-11.3.0/lib/ucx/libuct_ib.so.0(+0x538bf)[0x7feca85128bf]
[warlock05:2833888] [ 7] /opt/software/software/UCX/1.12.1-GCCcore-11.3.0/lib/libucs.so.0(+0x202d7)[0x7feca86fb2d7]
[warlock05:2833888] [ 8] /opt/software/software/UCX/1.12.1-GCCcore-11.3.0/lib/libucp.so.0(ucp_worker_progress+0x5a)[0x7feca8769b8a]
[warlock05:2833888] [ 9] /opt/software/software/OpenMPI/4.1.4-GCC-11.3.0/lib/openmpi/mca_pml_ucx.so(mca_pml_ucx_send+0x14e)[0x7fecaabf8bbe]
[warlock05:2833888] [10] /opt/software/software/OpenMPI/4.1.4-GCC-11.3.0/lib/libmpi.so.40(PMPI_Send+0x123)[0x7fecb1254643]
[warlock05:2833888] [11] /homes/sekabanj/CIS_520_P4/mpi_version/mpi_version[0x40156c]
[warlock05:2833888] [12] /lib64/libc.so.6(+0x295d0)[0x7fecb0e295d0]
[warlock05:2833888] [13] /lib64/libc.so.6(__libc_start_main+0x80)[0x7fecb0e29680]
[warlock05:2833888] [14] /homes/sekabanj/CIS_520_P4/mpi_version/mpi_version[0x401155]
[warlock05:2833888] *** End of error message ***
--------------------------------------------------------------------------
Primary job  terminated normally, but 1 process returned
a non-zero exit code. Per user-direction, the job has been aborted.
--------------------------------------------------------------------------
--------------------------------------------------------------------------
mpirun noticed that process rank 0 with PID 0 on node warlock05 exited on signal 6 (Aborted).
--------------------------------------------------------------------------
[warlock05:2842979:0:2842979]       ud_ep.c:268  Fatal: UD endpoint 0x1a1a7b0 to <no debug data>: unhandled timeout error
==== backtrace (tid:2842979) ====
 0 0x00000000000538bf uct_ud_ep_deferred_timeout_handler()  /tmp/easybuild/UCX/1.12.1/GCCcore-11.3.0/ucx-1.12.1/src/uct/ib/ud/base/ud_ep.c:268
 1 0x00000000000202d7 ucs_callbackq_slow_proxy()  /tmp/easybuild/UCX/1.12.1/GCCcore-11.3.0/ucx-1.12.1/src/ucs/datastruct/callbackq.c:404
 2 0x0000000000037b8a ucs_callbackq_dispatch()  /tmp/easybuild/UCX/1.12.1/GCCcore-11.3.0/ucx-1.12.1/src/ucs/datastruct/callbackq.h:211
 3 0x0000000000037b8a uct_worker_progress()  /tmp/easybuild/UCX/1.12.1/GCCcore-11.3.0/ucx-1.12.1/src/uct/api/uct.h:2589
 4 0x0000000000037b8a ucp_worker_progress()  /tmp/easybuild/UCX/1.12.1/GCCcore-11.3.0/ucx-1.12.1/src/ucp/core/ucp_worker.c:2636
 5 0x0000000000006bbe mca_pml_ucx_send()  ???:0
 6 0x0000000000087643 MPI_Send()  ???:0
 7 0x000000000040156c main()  ???:0
 8 0x00000000000295d0 __libc_start_call_main()  ???:0
 9 0x0000000000029680 __libc_start_main_alias_2()  :0
10 0x0000000000401155 _start()  ???:0
=================================
[warlock05:2842979] *** Process received signal ***
[warlock05:2842979] Signal: Aborted (6)
[warlock05:2842979] Signal code:  (-6)
[warlock05:2842979] [ 0] /lib64/libc.so.6(+0x3e730)[0x7fb46423e730]
[warlock05:2842979] [ 1] /lib64/libc.so.6(+0x8b52c)[0x7fb46428b52c]
[warlock05:2842979] [ 2] /lib64/libc.so.6(raise+0x16)[0x7fb46423e686]
[warlock05:2842979] [ 3] /lib64/libc.so.6(abort+0xd3)[0x7fb464228833]
[warlock05:2842979] [ 4] /opt/software/software/UCX/1.12.1-GCCcore-11.3.0/lib/libucs.so.0(+0x2633b)[0x7fb46025f33b]
[warlock05:2842979] [ 5] /opt/software/software/UCX/1.12.1-GCCcore-11.3.0/lib/libucs.so.0(+0x26411)[0x7fb46025f411]
[warlock05:2842979] [ 6] /opt/software/software/UCX/1.12.1-GCCcore-11.3.0/lib/ucx/libuct_ib.so.0(+0x538bf)[0x7fb45b7ae8bf]
[warlock05:2842979] [ 7] /opt/software/software/UCX/1.12.1-GCCcore-11.3.0/lib/libucs.so.0(+0x202d7)[0x7fb4602592d7]
[warlock05:2842979] [ 8] /opt/software/software/UCX/1.12.1-GCCcore-11.3.0/lib/libucp.so.0(ucp_worker_progress+0x5a)[0x7fb460300b8a]
[warlock05:2842979] [ 9] /opt/software/software/OpenMPI/4.1.4-GCC-11.3.0/lib/openmpi/mca_pml_ucx.so(mca_pml_ucx_send+0x14e)[0x7fb461f82bbe]
[warlock05:2842979] [10] /opt/software/software/OpenMPI/4.1.4-GCC-11.3.0/lib/libmpi.so.40(PMPI_Send+0x123)[0x7fb464554643]
[warlock05:2842979] [11] /homes/sekabanj/CIS_520_P4/mpi_version/mpi_version[0x40156c]
[warlock05:2842979] [12] /lib64/libc.so.6(+0x295d0)[0x7fb4642295d0]
[warlock05:2842979] [13] /lib64/libc.so.6(__libc_start_main+0x80)[0x7fb464229680]
[warlock05:2842979] [14] /homes/sekabanj/CIS_520_P4/mpi_version/mpi_version[0x401155]
[warlock05:2842979] *** End of error message ***
--------------------------------------------------------------------------
Primary job  terminated normally, but 1 process returned
a non-zero exit code. Per user-direction, the job has been aborted.
--------------------------------------------------------------------------
--------------------------------------------------------------------------
mpirun noticed that process rank 0 with PID 0 on node warlock05 exited on signal 6 (Aborted).
--------------------------------------------------------------------------
[warlock05:2851030:0:2851030]       ud_ep.c:268  Fatal: UD endpoint 0x1609fc0 to <no debug data>: unhandled timeout error
==== backtrace (tid:2851030) ====
 0 0x00000000000538bf uct_ud_ep_deferred_timeout_handler()  /tmp/easybuild/UCX/1.12.1/GCCcore-11.3.0/ucx-1.12.1/src/uct/ib/ud/base/ud_ep.c:268
 1 0x00000000000202d7 ucs_callbackq_slow_proxy()  /tmp/easybuild/UCX/1.12.1/GCCcore-11.3.0/ucx-1.12.1/src/ucs/datastruct/callbackq.c:404
 2 0x0000000000037b8a ucs_callbackq_dispatch()  /tmp/easybuild/UCX/1.12.1/GCCcore-11.3.0/ucx-1.12.1/src/ucs/datastruct/callbackq.h:211
 3 0x0000000000037b8a uct_worker_progress()  /tmp/easybuild/UCX/1.12.1/GCCcore-11.3.0/ucx-1.12.1/src/uct/api/uct.h:2589
 4 0x0000000000037b8a ucp_worker_progress()  /tmp/easybuild/UCX/1.12.1/GCCcore-11.3.0/ucx-1.12.1/src/ucp/core/ucp_worker.c:2636
 5 0x0000000000006bbe mca_pml_ucx_send()  ???:0
 6 0x0000000000087643 MPI_Send()  ???:0
 7 0x000000000040156c main()  ???:0
 8 0x00000000000295d0 __libc_start_call_main()  ???:0
 9 0x0000000000029680 __libc_start_main_alias_2()  :0
10 0x0000000000401155 _start()  ???:0
=================================
[warlock05:2851030] *** Process received signal ***
[warlock05:2851030] Signal: Aborted (6)
[warlock05:2851030] Signal code:  (-6)
[warlock05:2851030] [ 0] /lib64/libc.so.6(+0x3e730)[0x7ff002e3e730]
[warlock05:2851030] [ 1] /lib64/libc.so.6(+0x8b52c)[0x7ff002e8b52c]
[warlock05:2851030] [ 2] /lib64/libc.so.6(raise+0x16)[0x7ff002e3e686]
[warlock05:2851030] [ 3] /lib64/libc.so.6(abort+0xd3)[0x7ff002e28833]
[warlock05:2851030] [ 4] /opt/software/software/UCX/1.12.1-GCCcore-11.3.0/lib/libucs.so.0(+0x2633b)[0x7ff0002a933b]
[warlock05:2851030] [ 5] /opt/software/software/UCX/1.12.1-GCCcore-11.3.0/lib/libucs.so.0(+0x26411)[0x7ff0002a9411]
[warlock05:2851030] [ 6] /opt/software/software/UCX/1.12.1-GCCcore-11.3.0/lib/ucx/libuct_ib.so.0(+0x538bf)[0x7ff00008a8bf]
[warlock05:2851030] [ 7] /opt/software/software/UCX/1.12.1-GCCcore-11.3.0/lib/libucs.so.0(+0x202d7)[0x7ff0002a32d7]
[warlock05:2851030] [ 8] /opt/software/software/UCX/1.12.1-GCCcore-11.3.0/lib/libucp.so.0(ucp_worker_progress+0x5a)[0x7ff00034ab8a]
[warlock05:2851030] [ 9] /opt/software/software/OpenMPI/4.1.4-GCC-11.3.0/lib/openmpi/mca_pml_ucx.so(mca_pml_ucx_send+0x14e)[0x7ff0003c8bbe]
[warlock05:2851030] [10] /opt/software/software/OpenMPI/4.1.4-GCC-11.3.0/lib/libmpi.so.40(PMPI_Send+0x123)[0x7ff003249643]
[warlock05:2851030] [11] /homes/sekabanj/CIS_520_P4/mpi_version/mpi_version[0x40156c]
[warlock05:2851030] [12] /lib64/libc.so.6(+0x295d0)[0x7ff002e295d0]
[warlock05:2851030] [13] /lib64/libc.so.6(__libc_start_main+0x80)[0x7ff002e29680]
[warlock05:2851030] [14] /homes/sekabanj/CIS_520_P4/mpi_version/mpi_version[0x401155]
[warlock05:2851030] *** End of error message ***
--------------------------------------------------------------------------
Primary job  terminated normally, but 1 process returned
a non-zero exit code. Per user-direction, the job has been aborted.
--------------------------------------------------------------------------
--------------------------------------------------------------------------
mpirun noticed that process rank 0 with PID 0 on node warlock05 exited on signal 6 (Aborted).
--------------------------------------------------------------------------
[warlock05:2860068:0:2860068]       ud_ep.c:268  Fatal: UD endpoint 0x205f9b0 to <no debug data>: unhandled timeout error
==== backtrace (tid:2860068) ====
 0 0x00000000000538bf uct_ud_ep_deferred_timeout_handler()  /tmp/easybuild/UCX/1.12.1/GCCcore-11.3.0/ucx-1.12.1/src/uct/ib/ud/base/ud_ep.c:268
 1 0x00000000000202d7 ucs_callbackq_slow_proxy()  /tmp/easybuild/UCX/1.12.1/GCCcore-11.3.0/ucx-1.12.1/src/ucs/datastruct/callbackq.c:404
 2 0x0000000000037b8a ucs_callbackq_dispatch()  /tmp/easybuild/UCX/1.12.1/GCCcore-11.3.0/ucx-1.12.1/src/ucs/datastruct/callbackq.h:211
 3 0x0000000000037b8a uct_worker_progress()  /tmp/easybuild/UCX/1.12.1/GCCcore-11.3.0/ucx-1.12.1/src/uct/api/uct.h:2589
 4 0x0000000000037b8a ucp_worker_progress()  /tmp/easybuild/UCX/1.12.1/GCCcore-11.3.0/ucx-1.12.1/src/ucp/core/ucp_worker.c:2636
 5 0x0000000000006bbe mca_pml_ucx_send()  ???:0
 6 0x0000000000087643 MPI_Send()  ???:0
 7 0x000000000040156c main()  ???:0
 8 0x00000000000295d0 __libc_start_call_main()  ???:0
 9 0x0000000000029680 __libc_start_main_alias_2()  :0
10 0x0000000000401155 _start()  ???:0
=================================
[warlock05:2860068] *** Process received signal ***
[warlock05:2860068] Signal: Aborted (6)
[warlock05:2860068] Signal code:  (-6)
[warlock05:2860068] [ 0] /lib64/libc.so.6(+0x3e730)[0x7fa10323e730]
[warlock05:2860068] [ 1] /lib64/libc.so.6(+0x8b52c)[0x7fa10328b52c]
[warlock05:2860068] [ 2] /lib64/libc.so.6(raise+0x16)[0x7fa10323e686]
[warlock05:2860068] [ 3] /lib64/libc.so.6(abort+0xd3)[0x7fa103228833]
[warlock05:2860068] [ 4] /opt/software/software/UCX/1.12.1-GCCcore-11.3.0/lib/libucs.so.0(+0x2633b)[0x7fa1005c933b]
[warlock05:2860068] [ 5] /opt/software/software/UCX/1.12.1-GCCcore-11.3.0/lib/libucs.so.0(+0x26411)[0x7fa1005c9411]
[warlock05:2860068] [ 6] /opt/software/software/UCX/1.12.1-GCCcore-11.3.0/lib/ucx/libuct_ib.so.0(+0x538bf)[0x7fa1003aa8bf]
[warlock05:2860068] [ 7] /opt/software/software/UCX/1.12.1-GCCcore-11.3.0/lib/libucs.so.0(+0x202d7)[0x7fa1005c32d7]
[warlock05:2860068] [ 8] /opt/software/software/UCX/1.12.1-GCCcore-11.3.0/lib/libucp.so.0(ucp_worker_progress+0x5a)[0x7fa10066ab8a]
[warlock05:2860068] [ 9] /opt/software/software/OpenMPI/4.1.4-GCC-11.3.0/lib/openmpi/mca_pml_ucx.so(mca_pml_ucx_send+0x14e)[0x7fa1006e8bbe]
[warlock05:2860068] [10] /opt/software/software/OpenMPI/4.1.4-GCC-11.3.0/lib/libmpi.so.40(PMPI_Send+0x123)[0x7fa103569643]
[warlock05:2860068] [11] /homes/sekabanj/CIS_520_P4/mpi_version/mpi_version[0x40156c]
[warlock05:2860068] [12] /lib64/libc.so.6(+0x295d0)[0x7fa1032295d0]
[warlock05:2860068] [13] /lib64/libc.so.6(__libc_start_main+0x80)[0x7fa103229680]
[warlock05:2860068] [14] /homes/sekabanj/CIS_520_P4/mpi_version/mpi_version[0x401155]
[warlock05:2860068] *** End of error message ***
--------------------------------------------------------------------------
Primary job  terminated normally, but 1 process returned
a non-zero exit code. Per user-direction, the job has been aborted.
--------------------------------------------------------------------------
--------------------------------------------------------------------------
mpirun noticed that process rank 0 with PID 0 on node warlock05 exited on signal 6 (Aborted).
--------------------------------------------------------------------------
--------------------------------------------------------------------------
ORTE has lost communication with a remote daemon.

  HNP daemon   : [[42665,0],0] on node warlock05
  Remote daemon: [[42665,0],3] on node warlock09

This is usually due to either a failure of the TCP network
connection to the node, or possibly an internal failure of
the daemon itself. We cannot recover from this failure, and
therefore will terminate the job.
--------------------------------------------------------------------------
slurmstepd: error: *** JOB 21763007 ON warlock05 CANCELLED AT 2025-05-04T22:34:25 DUE TO TIME LIMIT ***
