
The following have been reloaded with a version change:
  1) FFTW.MPI/3.3.10-gompi-2022a => FFTW.MPI/3.3.10-gompi-2023b
  2) FFTW/3.3.10-GCC-11.3.0 => FFTW/3.3.10-GCC-13.2.0
  3) FlexiBLAS/3.2.0-GCC-11.3.0 => FlexiBLAS/3.3.1-GCC-13.2.0
  4) GCC/11.3.0 => GCC/13.2.0
  5) GCCcore/11.3.0 => GCCcore/13.2.0
  6) OpenBLAS/0.3.20-GCC-11.3.0 => OpenBLAS/0.3.24-GCC-13.2.0
  7) OpenMPI/4.1.4-GCC-11.3.0 => OpenMPI/4.1.6-GCC-13.2.0
  8) PMIx/4.1.2-GCCcore-11.3.0 => PMIx/4.2.6-GCCcore-13.2.0
  9) ScaLAPACK/2.2.0-gompi-2022a-fb => ScaLAPACK/2.2.0-gompi-2023b-fb
 10) UCC/1.0.0-GCCcore-11.3.0 => UCC/1.2.0-GCCcore-13.2.0
 11) UCX/1.12.1-GCCcore-11.3.0 => UCX/1.15.0-GCCcore-13.2.0
 12) XZ/5.2.5-GCCcore-11.3.0 => XZ/5.4.4-GCCcore-13.2.0
 13) binutils/2.38-GCCcore-11.3.0 => binutils/2.40-GCCcore-13.2.0
 14) foss/2022a => foss/2023b
 15) gompi/2022a => gompi/2023b
 16) hwloc/2.7.1-GCCcore-11.3.0 => hwloc/2.9.2-GCCcore-13.2.0
 17) libevent/2.1.12-GCCcore-11.3.0 => libevent/2.1.12-GCCcore-13.2.0
 18) libfabric/1.15.1-GCCcore-11.3.0 => libfabric/1.19.0-GCCcore-13.2.0
 19) libpciaccess/0.16-GCCcore-11.3.0 => libpciaccess/0.17-GCCcore-13.2.0
 20) libxml2/2.9.13-GCCcore-11.3.0 => libxml2/2.11.5-GCCcore-13.2.0
 21) numactl/2.0.14-GCCcore-11.3.0 => numactl/2.0.16-GCCcore-13.2.0
 22) zlib/1.2.12-GCCcore-11.3.0 => zlib/1.2.13-GCCcore-13.2.0


The following have been reloaded with a version change:
  1) FFTW.MPI/3.3.10-gompi-2023b => FFTW.MPI/3.3.10-gompi-2022a
  2) FFTW/3.3.10-GCC-13.2.0 => FFTW/3.3.10-GCC-11.3.0
  3) FlexiBLAS/3.3.1-GCC-13.2.0 => FlexiBLAS/3.2.0-GCC-11.3.0
  4) GCC/13.2.0 => GCC/11.3.0
  5) GCCcore/13.2.0 => GCCcore/11.3.0
  6) OpenBLAS/0.3.24-GCC-13.2.0 => OpenBLAS/0.3.20-GCC-11.3.0
  7) OpenMPI/4.1.6-GCC-13.2.0 => OpenMPI/4.1.4-GCC-11.3.0
  8) PMIx/4.2.6-GCCcore-13.2.0 => PMIx/4.1.2-GCCcore-11.3.0
  9) ScaLAPACK/2.2.0-gompi-2023b-fb => ScaLAPACK/2.2.0-gompi-2022a-fb
 10) UCC/1.2.0-GCCcore-13.2.0 => UCC/1.0.0-GCCcore-11.3.0
 11) UCX/1.15.0-GCCcore-13.2.0 => UCX/1.12.1-GCCcore-11.3.0
 12) XZ/5.4.4-GCCcore-13.2.0 => XZ/5.2.5-GCCcore-11.3.0
 13) binutils/2.40-GCCcore-13.2.0 => binutils/2.38-GCCcore-11.3.0
 14) foss/2023b => foss/2022a
 15) gompi/2023b => gompi/2022a
 16) hwloc/2.9.2-GCCcore-13.2.0 => hwloc/2.7.1-GCCcore-11.3.0
 17) libevent/2.1.12-GCCcore-13.2.0 => libevent/2.1.12-GCCcore-11.3.0
 18) libfabric/1.19.0-GCCcore-13.2.0 => libfabric/1.15.1-GCCcore-11.3.0
 19) libpciaccess/0.17-GCCcore-13.2.0 => libpciaccess/0.16-GCCcore-11.3.0
 20) libxml2/2.11.5-GCCcore-13.2.0 => libxml2/2.9.13-GCCcore-11.3.0
 21) numactl/2.0.16-GCCcore-13.2.0 => numactl/2.0.14-GCCcore-11.3.0
 22) zlib/1.2.13-GCCcore-13.2.0 => zlib/1.2.12-GCCcore-11.3.0

[warlock05:2795617:0:2795617]       ud_ep.c:268  Fatal: UD endpoint 0x12f59b0 to <no debug data>: unhandled timeout error
==== backtrace (tid:2795617) ====
 0 0x00000000000538bf uct_ud_ep_deferred_timeout_handler()  /tmp/easybuild/UCX/1.12.1/GCCcore-11.3.0/ucx-1.12.1/src/uct/ib/ud/base/ud_ep.c:268
 1 0x00000000000202d7 ucs_callbackq_slow_proxy()  /tmp/easybuild/UCX/1.12.1/GCCcore-11.3.0/ucx-1.12.1/src/ucs/datastruct/callbackq.c:404
 2 0x0000000000037b8a ucs_callbackq_dispatch()  /tmp/easybuild/UCX/1.12.1/GCCcore-11.3.0/ucx-1.12.1/src/ucs/datastruct/callbackq.h:211
 3 0x0000000000037b8a uct_worker_progress()  /tmp/easybuild/UCX/1.12.1/GCCcore-11.3.0/ucx-1.12.1/src/uct/api/uct.h:2589
 4 0x0000000000037b8a ucp_worker_progress()  /tmp/easybuild/UCX/1.12.1/GCCcore-11.3.0/ucx-1.12.1/src/ucp/core/ucp_worker.c:2636
 5 0x0000000000006bbe mca_pml_ucx_send()  ???:0
 6 0x0000000000087643 MPI_Send()  ???:0
 7 0x000000000040156c main()  ???:0
 8 0x00000000000295d0 __libc_start_call_main()  ???:0
 9 0x0000000000029680 __libc_start_main_alias_2()  :0
10 0x0000000000401155 _start()  ???:0
=================================
[warlock05:2795617] *** Process received signal ***
[warlock05:2795617] Signal: Aborted (6)
[warlock05:2795617] Signal code:  (-6)
[warlock05:2795617] [ 0] /lib64/libc.so.6(+0x3e730)[0x7fa01643e730]
[warlock05:2795617] [ 1] /lib64/libc.so.6(+0x8b52c)[0x7fa01648b52c]
[warlock05:2795617] [ 2] /lib64/libc.so.6(raise+0x16)[0x7fa01643e686]
[warlock05:2795617] [ 3] /lib64/libc.so.6(abort+0xd3)[0x7fa016428833]
[warlock05:2795617] [ 4] /opt/software/software/UCX/1.12.1-GCCcore-11.3.0/lib/libucs.so.0(+0x2633b)[0x7fa01408733b]
[warlock05:2795617] [ 5] /opt/software/software/UCX/1.12.1-GCCcore-11.3.0/lib/libucs.so.0(+0x26411)[0x7fa014087411]
[warlock05:2795617] [ 6] /opt/software/software/UCX/1.12.1-GCCcore-11.3.0/lib/ucx/libuct_ib.so.0(+0x538bf)[0x7fa00da6b8bf]
[warlock05:2795617] [ 7] /opt/software/software/UCX/1.12.1-GCCcore-11.3.0/lib/libucs.so.0(+0x202d7)[0x7fa0140812d7]
[warlock05:2795617] [ 8] /opt/software/software/UCX/1.12.1-GCCcore-11.3.0/lib/libucp.so.0(ucp_worker_progress+0x5a)[0x7fa014128b8a]
[warlock05:2795617] [ 9] /opt/software/software/OpenMPI/4.1.4-GCC-11.3.0/lib/openmpi/mca_pml_ucx.so(mca_pml_ucx_send+0x14e)[0x7fa0141a6bbe]
[warlock05:2795617] [10] /opt/software/software/OpenMPI/4.1.4-GCC-11.3.0/lib/libmpi.so.40(PMPI_Send+0x123)[0x7fa016800643]
[warlock05:2795617] [11] /homes/sekabanj/CIS_520_P4/mpi_version/mpi_version[0x40156c]
[warlock05:2795617] [12] /lib64/libc.so.6(+0x295d0)[0x7fa0164295d0]
[warlock05:2795617] [13] /lib64/libc.so.6(__libc_start_main+0x80)[0x7fa016429680]
[warlock05:2795617] [14] /homes/sekabanj/CIS_520_P4/mpi_version/mpi_version[0x401155]
[warlock05:2795617] *** End of error message ***
--------------------------------------------------------------------------
Primary job  terminated normally, but 1 process returned
a non-zero exit code. Per user-direction, the job has been aborted.
--------------------------------------------------------------------------
--------------------------------------------------------------------------
mpirun noticed that process rank 0 with PID 0 on node warlock05 exited on signal 6 (Aborted).
--------------------------------------------------------------------------
[warlock05:2806044:0:2806044]       ud_ep.c:268  Fatal: UD endpoint 0xf73820 to <no debug data>: unhandled timeout error
==== backtrace (tid:2806044) ====
 0 0x00000000000538bf uct_ud_ep_deferred_timeout_handler()  /tmp/easybuild/UCX/1.12.1/GCCcore-11.3.0/ucx-1.12.1/src/uct/ib/ud/base/ud_ep.c:268
 1 0x00000000000202d7 ucs_callbackq_slow_proxy()  /tmp/easybuild/UCX/1.12.1/GCCcore-11.3.0/ucx-1.12.1/src/ucs/datastruct/callbackq.c:404
 2 0x0000000000037b8a ucs_callbackq_dispatch()  /tmp/easybuild/UCX/1.12.1/GCCcore-11.3.0/ucx-1.12.1/src/ucs/datastruct/callbackq.h:211
 3 0x0000000000037b8a uct_worker_progress()  /tmp/easybuild/UCX/1.12.1/GCCcore-11.3.0/ucx-1.12.1/src/uct/api/uct.h:2589
 4 0x0000000000037b8a ucp_worker_progress()  /tmp/easybuild/UCX/1.12.1/GCCcore-11.3.0/ucx-1.12.1/src/ucp/core/ucp_worker.c:2636
 5 0x0000000000006bbe mca_pml_ucx_send()  ???:0
 6 0x0000000000087643 MPI_Send()  ???:0
 7 0x000000000040156c main()  ???:0
 8 0x00000000000295d0 __libc_start_call_main()  ???:0
 9 0x0000000000029680 __libc_start_main_alias_2()  :0
10 0x0000000000401155 _start()  ???:0
=================================
[warlock05:2806044] *** Process received signal ***
[warlock05:2806044] Signal: Aborted (6)
[warlock05:2806044] Signal code:  (-6)
[warlock05:2806044] [ 0] /lib64/libc.so.6(+0x3e730)[0x7f0ade23e730]
[warlock05:2806044] [ 1] /lib64/libc.so.6(+0x8b52c)[0x7f0ade28b52c]
[warlock05:2806044] [ 2] /lib64/libc.so.6(raise+0x16)[0x7f0ade23e686]
[warlock05:2806044] [ 3] /lib64/libc.so.6(abort+0xd3)[0x7f0ade228833]
[warlock05:2806044] [ 4] /opt/software/software/UCX/1.12.1-GCCcore-11.3.0/lib/libucs.so.0(+0x2633b)[0x7f0ad59ac33b]
[warlock05:2806044] [ 5] /opt/software/software/UCX/1.12.1-GCCcore-11.3.0/lib/libucs.so.0(+0x26411)[0x7f0ad59ac411]
[warlock05:2806044] [ 6] /opt/software/software/UCX/1.12.1-GCCcore-11.3.0/lib/ucx/libuct_ib.so.0(+0x538bf)[0x7f0ad578d8bf]
[warlock05:2806044] [ 7] /opt/software/software/UCX/1.12.1-GCCcore-11.3.0/lib/libucs.so.0(+0x202d7)[0x7f0ad59a62d7]
[warlock05:2806044] [ 8] /opt/software/software/UCX/1.12.1-GCCcore-11.3.0/lib/libucp.so.0(ucp_worker_progress+0x5a)[0x7f0ad5a4db8a]
[warlock05:2806044] [ 9] /opt/software/software/OpenMPI/4.1.4-GCC-11.3.0/lib/openmpi/mca_pml_ucx.so(mca_pml_ucx_send+0x14e)[0x7f0ad5ac3bbe]
[warlock05:2806044] [10] /opt/software/software/OpenMPI/4.1.4-GCC-11.3.0/lib/libmpi.so.40(PMPI_Send+0x123)[0x7f0ade4ca643]
[warlock05:2806044] [11] /homes/sekabanj/CIS_520_P4/mpi_version/mpi_version[0x40156c]
[warlock05:2806044] [12] /lib64/libc.so.6(+0x295d0)[0x7f0ade2295d0]
[warlock05:2806044] [13] /lib64/libc.so.6(__libc_start_main+0x80)[0x7f0ade229680]
[warlock05:2806044] [14] /homes/sekabanj/CIS_520_P4/mpi_version/mpi_version[0x401155]
[warlock05:2806044] *** End of error message ***
--------------------------------------------------------------------------
Primary job  terminated normally, but 1 process returned
a non-zero exit code. Per user-direction, the job has been aborted.
--------------------------------------------------------------------------
--------------------------------------------------------------------------
mpirun noticed that process rank 0 with PID 0 on node warlock05 exited on signal 6 (Aborted).
--------------------------------------------------------------------------
[warlock05:2815404:0:2815404]       ud_ep.c:268  Fatal: UD endpoint 0x1540820 to <no debug data>: unhandled timeout error
==== backtrace (tid:2815404) ====
 0 0x00000000000538bf uct_ud_ep_deferred_timeout_handler()  /tmp/easybuild/UCX/1.12.1/GCCcore-11.3.0/ucx-1.12.1/src/uct/ib/ud/base/ud_ep.c:268
 1 0x00000000000202d7 ucs_callbackq_slow_proxy()  /tmp/easybuild/UCX/1.12.1/GCCcore-11.3.0/ucx-1.12.1/src/ucs/datastruct/callbackq.c:404
 2 0x0000000000037b8a ucs_callbackq_dispatch()  /tmp/easybuild/UCX/1.12.1/GCCcore-11.3.0/ucx-1.12.1/src/ucs/datastruct/callbackq.h:211
 3 0x0000000000037b8a uct_worker_progress()  /tmp/easybuild/UCX/1.12.1/GCCcore-11.3.0/ucx-1.12.1/src/uct/api/uct.h:2589
 4 0x0000000000037b8a ucp_worker_progress()  /tmp/easybuild/UCX/1.12.1/GCCcore-11.3.0/ucx-1.12.1/src/ucp/core/ucp_worker.c:2636
 5 0x0000000000006bbe mca_pml_ucx_send()  ???:0
 6 0x0000000000087643 MPI_Send()  ???:0
 7 0x000000000040156c main()  ???:0
 8 0x00000000000295d0 __libc_start_call_main()  ???:0
 9 0x0000000000029680 __libc_start_main_alias_2()  :0
10 0x0000000000401155 _start()  ???:0
=================================
[warlock05:2815404] *** Process received signal ***
[warlock05:2815404] Signal: Aborted (6)
[warlock05:2815404] Signal code:  (-6)
[warlock05:2815404] [ 0] /lib64/libc.so.6(+0x3e730)[0x7fc2f823e730]
[warlock05:2815404] [ 1] /lib64/libc.so.6(+0x8b52c)[0x7fc2f828b52c]
[warlock05:2815404] [ 2] /lib64/libc.so.6(raise+0x16)[0x7fc2f823e686]
[warlock05:2815404] [ 3] /lib64/libc.so.6(abort+0xd3)[0x7fc2f8228833]
[warlock05:2815404] [ 4] /opt/software/software/UCX/1.12.1-GCCcore-11.3.0/lib/libucs.so.0(+0x2633b)[0x7fc2f42ef33b]
[warlock05:2815404] [ 5] /opt/software/software/UCX/1.12.1-GCCcore-11.3.0/lib/libucs.so.0(+0x26411)[0x7fc2f42ef411]
[warlock05:2815404] [ 6] /opt/software/software/UCX/1.12.1-GCCcore-11.3.0/lib/ucx/libuct_ib.so.0(+0x538bf)[0x7fc2f40ee8bf]
[warlock05:2815404] [ 7] /opt/software/software/UCX/1.12.1-GCCcore-11.3.0/lib/libucs.so.0(+0x202d7)[0x7fc2f42e92d7]
[warlock05:2815404] [ 8] /opt/software/software/UCX/1.12.1-GCCcore-11.3.0/lib/libucp.so.0(ucp_worker_progress+0x5a)[0x7fc2f4390b8a]
[warlock05:2815404] [ 9] /opt/software/software/OpenMPI/4.1.4-GCC-11.3.0/lib/openmpi/mca_pml_ucx.so(mca_pml_ucx_send+0x14e)[0x7fc2f5faabbe]
[warlock05:2815404] [10] /opt/software/software/OpenMPI/4.1.4-GCC-11.3.0/lib/libmpi.so.40(PMPI_Send+0x123)[0x7fc2f8604643]
[warlock05:2815404] [11] /homes/sekabanj/CIS_520_P4/mpi_version/mpi_version[0x40156c]
[warlock05:2815404] [12] /lib64/libc.so.6(+0x295d0)[0x7fc2f82295d0]
[warlock05:2815404] [13] /lib64/libc.so.6(__libc_start_main+0x80)[0x7fc2f8229680]
[warlock05:2815404] [14] /homes/sekabanj/CIS_520_P4/mpi_version/mpi_version[0x401155]
[warlock05:2815404] *** End of error message ***
--------------------------------------------------------------------------
Primary job  terminated normally, but 1 process returned
a non-zero exit code. Per user-direction, the job has been aborted.
--------------------------------------------------------------------------
--------------------------------------------------------------------------
mpirun noticed that process rank 0 with PID 0 on node warlock05 exited on signal 6 (Aborted).
--------------------------------------------------------------------------
[warlock05:2824550:0:2824550]       ud_ep.c:268  Fatal: UD endpoint 0xf8cb30 to <no debug data>: unhandled timeout error
==== backtrace (tid:2824550) ====
 0 0x00000000000538bf uct_ud_ep_deferred_timeout_handler()  /tmp/easybuild/UCX/1.12.1/GCCcore-11.3.0/ucx-1.12.1/src/uct/ib/ud/base/ud_ep.c:268
 1 0x00000000000202d7 ucs_callbackq_slow_proxy()  /tmp/easybuild/UCX/1.12.1/GCCcore-11.3.0/ucx-1.12.1/src/ucs/datastruct/callbackq.c:404
 2 0x0000000000037b8a ucs_callbackq_dispatch()  /tmp/easybuild/UCX/1.12.1/GCCcore-11.3.0/ucx-1.12.1/src/ucs/datastruct/callbackq.h:211
 3 0x0000000000037b8a uct_worker_progress()  /tmp/easybuild/UCX/1.12.1/GCCcore-11.3.0/ucx-1.12.1/src/uct/api/uct.h:2589
 4 0x0000000000037b8a ucp_worker_progress()  /tmp/easybuild/UCX/1.12.1/GCCcore-11.3.0/ucx-1.12.1/src/ucp/core/ucp_worker.c:2636
 5 0x0000000000006bbe mca_pml_ucx_send()  ???:0
 6 0x0000000000087643 MPI_Send()  ???:0
 7 0x000000000040156c main()  ???:0
 8 0x00000000000295d0 __libc_start_call_main()  ???:0
 9 0x0000000000029680 __libc_start_main_alias_2()  :0
10 0x0000000000401155 _start()  ???:0
=================================
[warlock05:2824550] *** Process received signal ***
[warlock05:2824550] Signal: Aborted (6)
[warlock05:2824550] Signal code:  (-6)
[warlock05:2824550] [ 0] /lib64/libc.so.6(+0x3e730)[0x7fc6ee23e730]
[warlock05:2824550] [ 1] /lib64/libc.so.6(+0x8b52c)[0x7fc6ee28b52c]
[warlock05:2824550] [ 2] /lib64/libc.so.6(raise+0x16)[0x7fc6ee23e686]
[warlock05:2824550] [ 3] /lib64/libc.so.6(abort+0xd3)[0x7fc6ee228833]
[warlock05:2824550] [ 4] /opt/software/software/UCX/1.12.1-GCCcore-11.3.0/lib/libucs.so.0(+0x2633b)[0x7fc6e59ec33b]
[warlock05:2824550] [ 5] /opt/software/software/UCX/1.12.1-GCCcore-11.3.0/lib/libucs.so.0(+0x26411)[0x7fc6e59ec411]
[warlock05:2824550] [ 6] /opt/software/software/UCX/1.12.1-GCCcore-11.3.0/lib/ucx/libuct_ib.so.0(+0x538bf)[0x7fc6e57cd8bf]
[warlock05:2824550] [ 7] /opt/software/software/UCX/1.12.1-GCCcore-11.3.0/lib/libucs.so.0(+0x202d7)[0x7fc6e59e62d7]
[warlock05:2824550] [ 8] /opt/software/software/UCX/1.12.1-GCCcore-11.3.0/lib/libucp.so.0(ucp_worker_progress+0x5a)[0x7fc6e5a8db8a]
[warlock05:2824550] [ 9] /opt/software/software/OpenMPI/4.1.4-GCC-11.3.0/lib/openmpi/mca_pml_ucx.so(mca_pml_ucx_send+0x14e)[0x7fc6e5b0bbbe]
[warlock05:2824550] [10] /opt/software/software/OpenMPI/4.1.4-GCC-11.3.0/lib/libmpi.so.40(PMPI_Send+0x123)[0x7fc6ee507643]
[warlock05:2824550] [11] /homes/sekabanj/CIS_520_P4/mpi_version/mpi_version[0x40156c]
[warlock05:2824550] [12] /lib64/libc.so.6(+0x295d0)[0x7fc6ee2295d0]
[warlock05:2824550] [13] /lib64/libc.so.6(__libc_start_main+0x80)[0x7fc6ee229680]
[warlock05:2824550] [14] /homes/sekabanj/CIS_520_P4/mpi_version/mpi_version[0x401155]
[warlock05:2824550] *** End of error message ***
--------------------------------------------------------------------------
Primary job  terminated normally, but 1 process returned
a non-zero exit code. Per user-direction, the job has been aborted.
--------------------------------------------------------------------------
--------------------------------------------------------------------------
mpirun noticed that process rank 0 with PID 0 on node warlock05 exited on signal 6 (Aborted).
--------------------------------------------------------------------------
[warlock05:2832409:0:2832409]       ud_ep.c:268  Fatal: UD endpoint 0xa07ba0 to <no debug data>: unhandled timeout error
==== backtrace (tid:2832409) ====
 0 0x00000000000538bf uct_ud_ep_deferred_timeout_handler()  /tmp/easybuild/UCX/1.12.1/GCCcore-11.3.0/ucx-1.12.1/src/uct/ib/ud/base/ud_ep.c:268
 1 0x00000000000202d7 ucs_callbackq_slow_proxy()  /tmp/easybuild/UCX/1.12.1/GCCcore-11.3.0/ucx-1.12.1/src/ucs/datastruct/callbackq.c:404
 2 0x0000000000037b8a ucs_callbackq_dispatch()  /tmp/easybuild/UCX/1.12.1/GCCcore-11.3.0/ucx-1.12.1/src/ucs/datastruct/callbackq.h:211
 3 0x0000000000037b8a uct_worker_progress()  /tmp/easybuild/UCX/1.12.1/GCCcore-11.3.0/ucx-1.12.1/src/uct/api/uct.h:2589
 4 0x0000000000037b8a ucp_worker_progress()  /tmp/easybuild/UCX/1.12.1/GCCcore-11.3.0/ucx-1.12.1/src/ucp/core/ucp_worker.c:2636
 5 0x0000000000006bbe mca_pml_ucx_send()  ???:0
 6 0x0000000000087643 MPI_Send()  ???:0
 7 0x000000000040156c main()  ???:0
 8 0x00000000000295d0 __libc_start_call_main()  ???:0
 9 0x0000000000029680 __libc_start_main_alias_2()  :0
10 0x0000000000401155 _start()  ???:0
=================================
[warlock05:2832409] *** Process received signal ***
[warlock05:2832409] Signal: Aborted (6)
[warlock05:2832409] Signal code:  (-6)
[warlock05:2832409] [ 0] /lib64/libc.so.6(+0x3e730)[0x7f902663e730]
[warlock05:2832409] [ 1] /lib64/libc.so.6(+0x8b52c)[0x7f902668b52c]
[warlock05:2832409] [ 2] /lib64/libc.so.6(raise+0x16)[0x7f902663e686]
[warlock05:2832409] [ 3] /lib64/libc.so.6(abort+0xd3)[0x7f9026628833]
[warlock05:2832409] [ 4] /opt/software/software/UCX/1.12.1-GCCcore-11.3.0/lib/libucs.so.0(+0x2633b)[0x7f901de7a33b]
[warlock05:2832409] [ 5] /opt/software/software/UCX/1.12.1-GCCcore-11.3.0/lib/libucs.so.0(+0x26411)[0x7f901de7a411]
[warlock05:2832409] [ 6] /opt/software/software/UCX/1.12.1-GCCcore-11.3.0/lib/ucx/libuct_ib.so.0(+0x538bf)[0x7f901dc8b8bf]
[warlock05:2832409] [ 7] /opt/software/software/UCX/1.12.1-GCCcore-11.3.0/lib/libucs.so.0(+0x202d7)[0x7f901de742d7]
[warlock05:2832409] [ 8] /opt/software/software/UCX/1.12.1-GCCcore-11.3.0/lib/libucp.so.0(ucp_worker_progress+0x5a)[0x7f901dee2b8a]
[warlock05:2832409] [ 9] /opt/software/software/OpenMPI/4.1.4-GCC-11.3.0/lib/openmpi/mca_pml_ucx.so(mca_pml_ucx_send+0x14e)[0x7f901fff8bbe]
[warlock05:2832409] [10] /opt/software/software/OpenMPI/4.1.4-GCC-11.3.0/lib/libmpi.so.40(PMPI_Send+0x123)[0x7f90269ce643]
[warlock05:2832409] [11] /homes/sekabanj/CIS_520_P4/mpi_version/mpi_version[0x40156c]
[warlock05:2832409] [12] /lib64/libc.so.6(+0x295d0)[0x7f90266295d0]
[warlock05:2832409] [13] /lib64/libc.so.6(__libc_start_main+0x80)[0x7f9026629680]
[warlock05:2832409] [14] /homes/sekabanj/CIS_520_P4/mpi_version/mpi_version[0x401155]
[warlock05:2832409] *** End of error message ***
--------------------------------------------------------------------------
Primary job  terminated normally, but 1 process returned
a non-zero exit code. Per user-direction, the job has been aborted.
--------------------------------------------------------------------------
--------------------------------------------------------------------------
mpirun noticed that process rank 0 with PID 0 on node warlock05 exited on signal 6 (Aborted).
--------------------------------------------------------------------------
[warlock05:2841443:0:2841443]       ud_ep.c:268  Fatal: UD endpoint 0x128a2e0 to <no debug data>: unhandled timeout error
==== backtrace (tid:2841443) ====
 0 0x00000000000538bf uct_ud_ep_deferred_timeout_handler()  /tmp/easybuild/UCX/1.12.1/GCCcore-11.3.0/ucx-1.12.1/src/uct/ib/ud/base/ud_ep.c:268
 1 0x00000000000202d7 ucs_callbackq_slow_proxy()  /tmp/easybuild/UCX/1.12.1/GCCcore-11.3.0/ucx-1.12.1/src/ucs/datastruct/callbackq.c:404
 2 0x0000000000037b8a ucs_callbackq_dispatch()  /tmp/easybuild/UCX/1.12.1/GCCcore-11.3.0/ucx-1.12.1/src/ucs/datastruct/callbackq.h:211
 3 0x0000000000037b8a uct_worker_progress()  /tmp/easybuild/UCX/1.12.1/GCCcore-11.3.0/ucx-1.12.1/src/uct/api/uct.h:2589
 4 0x0000000000037b8a ucp_worker_progress()  /tmp/easybuild/UCX/1.12.1/GCCcore-11.3.0/ucx-1.12.1/src/ucp/core/ucp_worker.c:2636
 5 0x0000000000006bbe mca_pml_ucx_send()  ???:0
 6 0x0000000000087643 MPI_Send()  ???:0
 7 0x000000000040156c main()  ???:0
 8 0x00000000000295d0 __libc_start_call_main()  ???:0
 9 0x0000000000029680 __libc_start_main_alias_2()  :0
10 0x0000000000401155 _start()  ???:0
=================================
[warlock05:2841443] *** Process received signal ***
[warlock05:2841443] Signal: Aborted (6)
[warlock05:2841443] Signal code:  (-6)
[warlock05:2841443] [ 0] /lib64/libc.so.6(+0x3e730)[0x7fc24683e730]
[warlock05:2841443] [ 1] /lib64/libc.so.6(+0x8b52c)[0x7fc24688b52c]
[warlock05:2841443] [ 2] /lib64/libc.so.6(raise+0x16)[0x7fc24683e686]
[warlock05:2841443] [ 3] /lib64/libc.so.6(abort+0xd3)[0x7fc246828833]
[warlock05:2841443] [ 4] /opt/software/software/UCX/1.12.1-GCCcore-11.3.0/lib/libucs.so.0(+0x2633b)[0x7fc24408433b]
[warlock05:2841443] [ 5] /opt/software/software/UCX/1.12.1-GCCcore-11.3.0/lib/libucs.so.0(+0x26411)[0x7fc244084411]
[warlock05:2841443] [ 6] /opt/software/software/UCX/1.12.1-GCCcore-11.3.0/lib/ucx/libuct_ib.so.0(+0x538bf)[0x7fc23de6c8bf]
[warlock05:2841443] [ 7] /opt/software/software/UCX/1.12.1-GCCcore-11.3.0/lib/libucs.so.0(+0x202d7)[0x7fc24407e2d7]
[warlock05:2841443] [ 8] /opt/software/software/UCX/1.12.1-GCCcore-11.3.0/lib/libucp.so.0(ucp_worker_progress+0x5a)[0x7fc244125b8a]
[warlock05:2841443] [ 9] /opt/software/software/OpenMPI/4.1.4-GCC-11.3.0/lib/openmpi/mca_pml_ucx.so(mca_pml_ucx_send+0x14e)[0x7fc2441a3bbe]
[warlock05:2841443] [10] /opt/software/software/OpenMPI/4.1.4-GCC-11.3.0/lib/libmpi.so.40(PMPI_Send+0x123)[0x7fc246bfe643]
[warlock05:2841443] [11] /homes/sekabanj/CIS_520_P4/mpi_version/mpi_version[0x40156c]
[warlock05:2841443] [12] /lib64/libc.so.6(+0x295d0)[0x7fc2468295d0]
[warlock05:2841443] [13] /lib64/libc.so.6(__libc_start_main+0x80)[0x7fc246829680]
[warlock05:2841443] [14] /homes/sekabanj/CIS_520_P4/mpi_version/mpi_version[0x401155]
[warlock05:2841443] *** End of error message ***
--------------------------------------------------------------------------
Primary job  terminated normally, but 1 process returned
a non-zero exit code. Per user-direction, the job has been aborted.
--------------------------------------------------------------------------
--------------------------------------------------------------------------
mpirun noticed that process rank 0 with PID 0 on node warlock05 exited on signal 6 (Aborted).
--------------------------------------------------------------------------
[warlock05:2849501:0:2849501]       ud_ep.c:268  Fatal: UD endpoint 0x28f7770 to <no debug data>: unhandled timeout error
==== backtrace (tid:2849501) ====
 0 0x00000000000538bf uct_ud_ep_deferred_timeout_handler()  /tmp/easybuild/UCX/1.12.1/GCCcore-11.3.0/ucx-1.12.1/src/uct/ib/ud/base/ud_ep.c:268
 1 0x00000000000202d7 ucs_callbackq_slow_proxy()  /tmp/easybuild/UCX/1.12.1/GCCcore-11.3.0/ucx-1.12.1/src/ucs/datastruct/callbackq.c:404
 2 0x0000000000037b8a ucs_callbackq_dispatch()  /tmp/easybuild/UCX/1.12.1/GCCcore-11.3.0/ucx-1.12.1/src/ucs/datastruct/callbackq.h:211
 3 0x0000000000037b8a uct_worker_progress()  /tmp/easybuild/UCX/1.12.1/GCCcore-11.3.0/ucx-1.12.1/src/uct/api/uct.h:2589
 4 0x0000000000037b8a ucp_worker_progress()  /tmp/easybuild/UCX/1.12.1/GCCcore-11.3.0/ucx-1.12.1/src/ucp/core/ucp_worker.c:2636
 5 0x0000000000006bbe mca_pml_ucx_send()  ???:0
 6 0x0000000000087643 MPI_Send()  ???:0
 7 0x000000000040156c main()  ???:0
 8 0x00000000000295d0 __libc_start_call_main()  ???:0
 9 0x0000000000029680 __libc_start_main_alias_2()  :0
10 0x0000000000401155 _start()  ???:0
=================================
[warlock05:2849501] *** Process received signal ***
[warlock05:2849501] Signal: Aborted (6)
[warlock05:2849501] Signal code:  (-6)
[warlock05:2849501] [ 0] /lib64/libc.so.6(+0x3e730)[0x7f9d5a03e730]
[warlock05:2849501] [ 1] /lib64/libc.so.6(+0x8b52c)[0x7f9d5a08b52c]
[warlock05:2849501] [ 2] /lib64/libc.so.6(raise+0x16)[0x7f9d5a03e686]
[warlock05:2849501] [ 3] /lib64/libc.so.6(abort+0xd3)[0x7f9d5a028833]
[warlock05:2849501] [ 4] /opt/software/software/UCX/1.12.1-GCCcore-11.3.0/lib/libucs.so.0(+0x2633b)[0x7f9d518c833b]
[warlock05:2849501] [ 5] /opt/software/software/UCX/1.12.1-GCCcore-11.3.0/lib/libucs.so.0(+0x26411)[0x7f9d518c8411]
[warlock05:2849501] [ 6] /opt/software/software/UCX/1.12.1-GCCcore-11.3.0/lib/ucx/libuct_ib.so.0(+0x538bf)[0x7f9d516af8bf]
[warlock05:2849501] [ 7] /opt/software/software/UCX/1.12.1-GCCcore-11.3.0/lib/libucs.so.0(+0x202d7)[0x7f9d518c22d7]
[warlock05:2849501] [ 8] /opt/software/software/UCX/1.12.1-GCCcore-11.3.0/lib/libucp.so.0(ucp_worker_progress+0x5a)[0x7f9d51969b8a]
[warlock05:2849501] [ 9] /opt/software/software/OpenMPI/4.1.4-GCC-11.3.0/lib/openmpi/mca_pml_ucx.so(mca_pml_ucx_send+0x14e)[0x7f9d53d97bbe]
[warlock05:2849501] [10] /opt/software/software/OpenMPI/4.1.4-GCC-11.3.0/lib/libmpi.so.40(PMPI_Send+0x123)[0x7f9d5a3f1643]
[warlock05:2849501] [11] /homes/sekabanj/CIS_520_P4/mpi_version/mpi_version[0x40156c]
[warlock05:2849501] [12] /lib64/libc.so.6(+0x295d0)[0x7f9d5a0295d0]
[warlock05:2849501] [13] /lib64/libc.so.6(__libc_start_main+0x80)[0x7f9d5a029680]
[warlock05:2849501] [14] /homes/sekabanj/CIS_520_P4/mpi_version/mpi_version[0x401155]
[warlock05:2849501] *** End of error message ***
--------------------------------------------------------------------------
Primary job  terminated normally, but 1 process returned
a non-zero exit code. Per user-direction, the job has been aborted.
--------------------------------------------------------------------------
--------------------------------------------------------------------------
mpirun noticed that process rank 0 with PID 0 on node warlock05 exited on signal 6 (Aborted).
--------------------------------------------------------------------------
[warlock05:2858595:0:2858595]       ud_ep.c:268  Fatal: UD endpoint 0x1f202e0 to <no debug data>: unhandled timeout error
==== backtrace (tid:2858595) ====
 0 0x00000000000538bf uct_ud_ep_deferred_timeout_handler()  /tmp/easybuild/UCX/1.12.1/GCCcore-11.3.0/ucx-1.12.1/src/uct/ib/ud/base/ud_ep.c:268
 1 0x00000000000202d7 ucs_callbackq_slow_proxy()  /tmp/easybuild/UCX/1.12.1/GCCcore-11.3.0/ucx-1.12.1/src/ucs/datastruct/callbackq.c:404
 2 0x0000000000037b8a ucs_callbackq_dispatch()  /tmp/easybuild/UCX/1.12.1/GCCcore-11.3.0/ucx-1.12.1/src/ucs/datastruct/callbackq.h:211
 3 0x0000000000037b8a uct_worker_progress()  /tmp/easybuild/UCX/1.12.1/GCCcore-11.3.0/ucx-1.12.1/src/uct/api/uct.h:2589
 4 0x0000000000037b8a ucp_worker_progress()  /tmp/easybuild/UCX/1.12.1/GCCcore-11.3.0/ucx-1.12.1/src/ucp/core/ucp_worker.c:2636
 5 0x0000000000006bbe mca_pml_ucx_send()  ???:0
 6 0x0000000000087643 MPI_Send()  ???:0
 7 0x000000000040156c main()  ???:0
 8 0x00000000000295d0 __libc_start_call_main()  ???:0
 9 0x0000000000029680 __libc_start_main_alias_2()  :0
10 0x0000000000401155 _start()  ???:0
=================================
[warlock05:2858595] *** Process received signal ***
[warlock05:2858595] Signal: Aborted (6)
[warlock05:2858595] Signal code:  (-6)
[warlock05:2858595] [ 0] /lib64/libc.so.6(+0x3e730)[0x7ff43a23e730]
[warlock05:2858595] [ 1] /lib64/libc.so.6(+0x8b52c)[0x7ff43a28b52c]
[warlock05:2858595] [ 2] /lib64/libc.so.6(raise+0x16)[0x7ff43a23e686]
[warlock05:2858595] [ 3] /lib64/libc.so.6(abort+0xd3)[0x7ff43a228833]
[warlock05:2858595] [ 4] /opt/software/software/UCX/1.12.1-GCCcore-11.3.0/lib/libucs.so.0(+0x2633b)[0x7ff431a3033b]
[warlock05:2858595] [ 5] /opt/software/software/UCX/1.12.1-GCCcore-11.3.0/lib/libucs.so.0(+0x26411)[0x7ff431a30411]
[warlock05:2858595] [ 6] /opt/software/software/UCX/1.12.1-GCCcore-11.3.0/lib/ucx/libuct_ib.so.0(+0x538bf)[0x7ff4318118bf]
[warlock05:2858595] [ 7] /opt/software/software/UCX/1.12.1-GCCcore-11.3.0/lib/libucs.so.0(+0x202d7)[0x7ff431a2a2d7]
[warlock05:2858595] [ 8] /opt/software/software/UCX/1.12.1-GCCcore-11.3.0/lib/libucp.so.0(ucp_worker_progress+0x5a)[0x7ff431ad1b8a]
[warlock05:2858595] [ 9] /opt/software/software/OpenMPI/4.1.4-GCC-11.3.0/lib/openmpi/mca_pml_ucx.so(mca_pml_ucx_send+0x14e)[0x7ff433f82bbe]
[warlock05:2858595] [10] /opt/software/software/OpenMPI/4.1.4-GCC-11.3.0/lib/libmpi.so.40(PMPI_Send+0x123)[0x7ff43a551643]
[warlock05:2858595] [11] /homes/sekabanj/CIS_520_P4/mpi_version/mpi_version[0x40156c]
[warlock05:2858595] [12] /lib64/libc.so.6(+0x295d0)[0x7ff43a2295d0]
[warlock05:2858595] [13] /lib64/libc.so.6(__libc_start_main+0x80)[0x7ff43a229680]
[warlock05:2858595] [14] /homes/sekabanj/CIS_520_P4/mpi_version/mpi_version[0x401155]
[warlock05:2858595] *** End of error message ***
--------------------------------------------------------------------------
Primary job  terminated normally, but 1 process returned
a non-zero exit code. Per user-direction, the job has been aborted.
--------------------------------------------------------------------------
--------------------------------------------------------------------------
mpirun noticed that process rank 0 with PID 0 on node warlock05 exited on signal 6 (Aborted).
--------------------------------------------------------------------------
slurmstepd: error: *** JOB 21763005 ON warlock05 CANCELLED AT 2025-05-04T22:34:25 DUE TO TIME LIMIT ***
--------------------------------------------------------------------------
ORTE has lost communication with a remote daemon.

  HNP daemon   : [[42263,0],0] on node warlock05
  Remote daemon: [[42263,0],3] on node warlock09

This is usually due to either a failure of the TCP network
connection to the node, or possibly an internal failure of
the daemon itself. We cannot recover from this failure, and
therefore will terminate the job.
--------------------------------------------------------------------------
